2023-11-29 09:14:04,210 INFO o.h.v.i.u.Version [background-preinit] HV000001: Hibernate Validator 6.2.0.Final
2023-11-29 09:14:04,240 INFO o.s.b.StartupInfoLogger [main] Starting TimekeepingAuthApplication using Java 17.0.4 on PC-PHONG with PID 16576 (C:\Users\phong\Downloads\rikkeichamcong\TimekeepingAuth\timekeeping-auth\target\classes started by phong in C:\Users\phong\Downloads\rikkeichamcong\TimekeepingCommon\timekeeping-common)
2023-11-29 09:14:04,245 INFO o.s.b.SpringApplication [main] No active profile set, falling back to default profiles: default
2023-11-29 09:14:04,907 INFO o.s.d.r.c.RepositoryConfigurationDelegate [main] Multiple Spring Data modules found, entering strict repository configuration mode!
2023-11-29 09:14:04,907 INFO o.s.d.r.c.RepositoryConfigurationDelegate [main] Bootstrapping Spring Data JPA repositories in DEFAULT mode.
2023-11-29 09:14:05,366 INFO o.s.d.r.c.RepositoryConfigurationDelegate [main] Finished Spring Data repository scanning in 449 ms. Found 7 JPA repository interfaces.
2023-11-29 09:14:06,086 INFO o.s.d.r.c.RepositoryConfigurationDelegate [main] Multiple Spring Data modules found, entering strict repository configuration mode!
2023-11-29 09:14:06,088 INFO o.s.d.r.c.RepositoryConfigurationDelegate [main] Bootstrapping Spring Data Redis repositories in DEFAULT mode.
2023-11-29 09:14:06,124 INFO o.s.d.r.c.RepositoryConfigurationDelegate [main] Finished Spring Data repository scanning in 14 ms. Found 0 Redis repository interfaces.
2023-11-29 09:14:06,842 INFO o.s.c.s.PostProcessorRegistrationDelegate$BeanPostProcessorChecker [main] Bean 'org.springframework.security.access.expression.method.DefaultMethodSecurityExpressionHandler@4ea1aa52' of type [org.springframework.security.access.expression.method.DefaultMethodSecurityExpressionHandler] is not eligible for getting processed by all BeanPostProcessors (for example: not eligible for auto-proxying)
2023-11-29 09:14:06,849 INFO o.s.c.s.PostProcessorRegistrationDelegate$BeanPostProcessorChecker [main] Bean 'methodSecurityMetadataSource' of type [org.springframework.security.access.method.DelegatingMethodSecurityMetadataSource] is not eligible for getting processed by all BeanPostProcessors (for example: not eligible for auto-proxying)
2023-11-29 09:14:07,472 INFO o.s.b.w.e.t.TomcatWebServer [main] Tomcat initialized with port(s): 8082 (http)
2023-11-29 09:14:07,878 INFO o.s.b.w.s.c.ServletWebServerApplicationContext [main] Root WebApplicationContext: initialization completed in 3584 ms
2023-11-29 09:14:08,268 WARN o.s.b.a.o.j.JpaBaseConfiguration$JpaWebConfiguration [main] spring.jpa.open-in-view is enabled by default. Therefore, database queries may be performed during view rendering. Explicitly configure spring.jpa.open-in-view to disable this warning
2023-11-29 09:14:18,236 INFO o.h.j.i.u.LogHelper [main] HHH000204: Processing PersistenceUnitInfo [name: default]
2023-11-29 09:14:18,377 INFO o.h.Version [main] HHH000412: Hibernate ORM core version 5.4.32.Final
2023-11-29 09:14:18,720 INFO o.h.a.c.r.j.JavaReflectionManager [main] HCANN000001: Hibernate Commons Annotations {5.1.2.Final}
2023-11-29 09:14:19,070 INFO o.h.d.Dialect [main] HHH000400: Using dialect: org.hibernate.dialect.SQLServer2012Dialect
2023-11-29 09:14:20,508 INFO o.h.e.t.j.p.i.JtaPlatformInitiator [main] HHH000490: Using JtaPlatform implementation: [org.hibernate.engine.transaction.jta.platform.internal.NoJtaPlatform]
2023-11-29 09:14:20,525 INFO o.s.o.j.AbstractEntityManagerFactoryBean [main] Initialized JPA EntityManagerFactory for persistence unit 'default'
2023-11-29 09:14:24,000 INFO o.s.s.w.DefaultSecurityFilterChain [main] Will secure Ant [pattern='/api-docs/**'] with []
2023-11-29 09:14:24,001 INFO o.s.s.w.DefaultSecurityFilterChain [main] Will secure Ant [pattern='/swagger-ui/**'] with []
2023-11-29 09:14:24,001 INFO o.s.s.w.DefaultSecurityFilterChain [main] Will secure Ant [pattern='/swagger-ui.html'] with []
2023-11-29 09:14:24,001 INFO o.s.s.w.DefaultSecurityFilterChain [main] Will secure Ant [pattern='/account-managers/login'] with []
2023-11-29 09:14:24,001 INFO o.s.s.w.DefaultSecurityFilterChain [main] Will secure Ant [pattern='/account-managers/login-facebook'] with []
2023-11-29 09:14:24,002 INFO o.s.s.w.DefaultSecurityFilterChain [main] Will secure Ant [pattern='/account-managers/login-google'] with []
2023-11-29 09:14:24,002 INFO o.s.s.w.DefaultSecurityFilterChain [main] Will secure Ant [pattern='/users/authorization'] with []
2023-11-29 09:14:24,002 INFO o.s.s.w.DefaultSecurityFilterChain [main] Will secure Ant [pattern='/users/login-facebook'] with []
2023-11-29 09:14:24,003 INFO o.s.s.w.DefaultSecurityFilterChain [main] Will secure Ant [pattern='/users/login-google'] with []
2023-11-29 09:14:24,003 INFO o.s.s.w.DefaultSecurityFilterChain [main] Will secure Ant [pattern='/users/login-apple'] with []
2023-11-29 09:14:24,003 INFO o.s.s.w.DefaultSecurityFilterChain [main] Will secure Ant [pattern='/users/change-password'] with []
2023-11-29 09:14:24,004 INFO o.s.s.w.DefaultSecurityFilterChain [main] Will secure Ant [pattern='/browser-setting'] with []
2023-11-29 09:14:24,004 INFO o.s.s.w.DefaultSecurityFilterChain [main] Will secure Ant [pattern='/get-file-types'] with []
2023-11-29 09:14:24,090 INFO o.s.s.w.DefaultSecurityFilterChain [main] Will secure any request with [org.springframework.security.web.context.request.async.WebAsyncManagerIntegrationFilter@4273c8be, org.springframework.security.web.context.SecurityContextPersistenceFilter@7a76e1b9, org.springframework.security.web.header.HeaderWriterFilter@ccba99, org.springframework.security.web.authentication.logout.LogoutFilter@7aafcef3, com.timekeeping.auth.filter.JwtAuthenticationFilter@7908e69e, org.springframework.security.web.savedrequest.RequestCacheAwareFilter@70f0a3a3, org.springframework.security.web.servletapi.SecurityContextHolderAwareRequestFilter@29fe45a3, org.springframework.security.web.authentication.AnonymousAuthenticationFilter@76b11572, org.springframework.security.web.session.SessionManagementFilter@77ea06bb, org.springframework.security.web.access.ExceptionTranslationFilter@73ae7ce4, org.springframework.security.web.access.intercept.FilterSecurityInterceptor@4daf3b31]
2023-11-29 09:14:26,482 INFO o.s.b.a.e.w.EndpointLinksResolver [main] Exposing 1 endpoint(s) beneath base path '/actuator'
2023-11-29 09:14:26,603 INFO o.s.b.w.e.t.TomcatWebServer [main] Tomcat started on port(s): 8082 (http) with context path '/api/auth'
2023-11-29 09:14:26,634 INFO o.s.b.StartupInfoLogger [main] Started TimekeepingAuthApplication in 22.719 seconds (JVM running for 24.145)
2023-11-29 09:14:26,997 INFO o.s.w.s.FrameworkServlet [RMI TCP Connection(25)-192.168.1.8] Initializing Servlet 'dispatcherServlet'
2023-11-29 09:14:26,999 INFO o.s.w.s.FrameworkServlet [RMI TCP Connection(25)-192.168.1.8] Completed initialization in 2 ms
