2023-12-01 09:13:34,631 INFO o.h.v.i.u.Version [background-preinit] HV000001: Hibernate Validator 6.2.0.Final
2023-12-01 09:13:34,668 INFO o.s.b.StartupInfoLogger [main] Starting TimekeepingManagementApplication using Java 17.0.4 on PC-PHONG with PID 5652 (C:\Users\phong\Downloads\rikkeichamcong\TimekeepingManagement\timekeeping-management\target\classes started by phong in C:\Users\phong\Downloads\rikkeichamcong\TimekeepingCommon\timekeeping-common)
2023-12-01 09:13:34,673 INFO o.s.b.SpringApplication [main] No active profile set, falling back to default profiles: default
2023-12-01 09:13:35,243 INFO o.s.d.r.c.RepositoryConfigurationDelegate [main] Multiple Spring Data modules found, entering strict repository configuration mode!
2023-12-01 09:13:35,243 INFO o.s.d.r.c.RepositoryConfigurationDelegate [main] Bootstrapping Spring Data JPA repositories in DEFAULT mode.
2023-12-01 09:13:35,575 INFO o.s.d.r.c.RepositoryConfigurationDelegate [main] Finished Spring Data repository scanning in 323 ms. Found 7 JPA repository interfaces.
2023-12-01 09:13:35,836 INFO o.s.d.r.c.RepositoryConfigurationDelegate [main] Multiple Spring Data modules found, entering strict repository configuration mode!
2023-12-01 09:13:35,837 INFO o.s.d.r.c.RepositoryConfigurationDelegate [main] Bootstrapping Spring Data Redis repositories in DEFAULT mode.
2023-12-01 09:13:35,849 INFO o.s.d.r.c.RepositoryConfigurationDelegate [main] Finished Spring Data repository scanning in 5 ms. Found 0 Redis repository interfaces.
2023-12-01 09:13:36,100 INFO o.s.c.s.PostProcessorRegistrationDelegate$BeanPostProcessorChecker [main] Bean 'org.springframework.security.access.expression.method.DefaultMethodSecurityExpressionHandler@1304e0d7' of type [org.springframework.security.access.expression.method.DefaultMethodSecurityExpressionHandler] is not eligible for getting processed by all BeanPostProcessors (for example: not eligible for auto-proxying)
2023-12-01 09:13:36,103 INFO o.s.c.s.PostProcessorRegistrationDelegate$BeanPostProcessorChecker [main] Bean 'methodSecurityMetadataSource' of type [org.springframework.security.access.method.DelegatingMethodSecurityMetadataSource] is not eligible for getting processed by all BeanPostProcessors (for example: not eligible for auto-proxying)
2023-12-01 09:13:36,286 INFO o.s.b.w.e.t.TomcatWebServer [main] Tomcat initialized with port(s): 8083 (http)
2023-12-01 09:13:36,439 INFO o.s.b.w.s.c.ServletWebServerApplicationContext [main] Root WebApplicationContext: initialization completed in 1731 ms
2023-12-01 09:13:36,806 WARN o.s.b.a.o.j.JpaBaseConfiguration$JpaWebConfiguration [main] spring.jpa.open-in-view is enabled by default. Therefore, database queries may be performed during view rendering. Explicitly configure spring.jpa.open-in-view to disable this warning
2023-12-01 09:13:47,706 INFO o.h.j.i.u.LogHelper [main] HHH000204: Processing PersistenceUnitInfo [name: default]
2023-12-01 09:13:47,869 INFO o.h.Version [main] HHH000412: Hibernate ORM core version 5.4.32.Final
2023-12-01 09:13:48,225 INFO o.h.a.c.r.j.JavaReflectionManager [main] HCANN000001: Hibernate Commons Annotations {5.1.2.Final}
2023-12-01 09:13:48,589 INFO o.h.d.Dialect [main] HHH000400: Using dialect: org.hibernate.dialect.SQLServer2012Dialect
2023-12-01 09:13:50,057 INFO o.h.e.t.j.p.i.JtaPlatformInitiator [main] HHH000490: Using JtaPlatform implementation: [org.hibernate.engine.transaction.jta.platform.internal.NoJtaPlatform]
2023-12-01 09:13:50,077 INFO o.s.o.j.AbstractEntityManagerFactoryBean [main] Initialized JPA EntityManagerFactory for persistence unit 'default'
2023-12-01 09:13:53,542 INFO o.s.s.w.DefaultSecurityFilterChain [main] Will secure Ant [pattern='/api-docs/**'] with []
2023-12-01 09:13:53,543 INFO o.s.s.w.DefaultSecurityFilterChain [main] Will secure Ant [pattern='/swagger-ui/**'] with []
2023-12-01 09:13:53,543 INFO o.s.s.w.DefaultSecurityFilterChain [main] Will secure Ant [pattern='/swagger-ui.html'] with []
2023-12-01 09:13:53,543 INFO o.s.s.w.DefaultSecurityFilterChain [main] Will secure Ant [pattern='/account-managers/login'] with []
2023-12-01 09:13:53,544 INFO o.s.s.w.DefaultSecurityFilterChain [main] Will secure Ant [pattern='/account-managers/login-facebook'] with []
2023-12-01 09:13:53,544 INFO o.s.s.w.DefaultSecurityFilterChain [main] Will secure Ant [pattern='/account-managers/login-google'] with []
2023-12-01 09:13:53,544 INFO o.s.s.w.DefaultSecurityFilterChain [main] Will secure Ant [pattern='/users/authorization'] with []
2023-12-01 09:13:53,544 INFO o.s.s.w.DefaultSecurityFilterChain [main] Will secure Ant [pattern='/users/login-facebook'] with []
2023-12-01 09:13:53,545 INFO o.s.s.w.DefaultSecurityFilterChain [main] Will secure Ant [pattern='/users/login-google'] with []
2023-12-01 09:13:53,545 INFO o.s.s.w.DefaultSecurityFilterChain [main] Will secure Ant [pattern='/users/login-apple'] with []
2023-12-01 09:13:53,545 INFO o.s.s.w.DefaultSecurityFilterChain [main] Will secure Ant [pattern='/users/change-password'] with []
2023-12-01 09:13:53,545 INFO o.s.s.w.DefaultSecurityFilterChain [main] Will secure Ant [pattern='/browser-setting'] with []
2023-12-01 09:13:53,546 INFO o.s.s.w.DefaultSecurityFilterChain [main] Will secure Ant [pattern='/get-file-types'] with []
2023-12-01 09:13:53,628 INFO o.s.s.w.DefaultSecurityFilterChain [main] Will secure any request with [org.springframework.security.web.context.request.async.WebAsyncManagerIntegrationFilter@137b9be1, org.springframework.security.web.context.SecurityContextPersistenceFilter@309d298, org.springframework.security.web.header.HeaderWriterFilter@5979cd9d, org.springframework.security.web.authentication.logout.LogoutFilter@3f7a48a1, com.timekeeping.management.filter.JwtAuthenticationFilter@53f7759c, org.springframework.security.web.savedrequest.RequestCacheAwareFilter@7da298aa, org.springframework.security.web.servletapi.SecurityContextHolderAwareRequestFilter@4b16671e, org.springframework.security.web.authentication.AnonymousAuthenticationFilter@2e4a0669, org.springframework.security.web.session.SessionManagementFilter@4d5dc037, org.springframework.security.web.access.ExceptionTranslationFilter@23b085ab, org.springframework.security.web.access.intercept.FilterSecurityInterceptor@17a364]
2023-12-01 09:13:56,091 INFO o.s.b.a.e.w.EndpointLinksResolver [main] Exposing 1 endpoint(s) beneath base path '/actuator'
2023-12-01 09:13:56,192 INFO o.s.b.w.e.t.TomcatWebServer [main] Tomcat started on port(s): 8083 (http) with context path '/api/management'
2023-12-01 09:13:56,222 INFO o.s.b.StartupInfoLogger [main] Started TimekeepingManagementApplication in 21.873 seconds (JVM running for 22.801)
2023-12-01 09:13:56,455 INFO o.s.w.s.FrameworkServlet [RMI TCP Connection(2)-192.168.1.8] Initializing Servlet 'dispatcherServlet'
2023-12-01 09:13:56,456 INFO o.s.w.s.FrameworkServlet [RMI TCP Connection(2)-192.168.1.8] Completed initialization in 1 ms
2023-12-01 14:43:32,385 INFO o.s.o.j.AbstractEntityManagerFactoryBean [SpringApplicationShutdownHook] Closing JPA EntityManagerFactory for persistence unit 'default'
2023-12-01 14:43:45,502 INFO o.h.v.i.u.Version [background-preinit] HV000001: Hibernate Validator 6.2.0.Final
2023-12-01 14:43:45,623 INFO o.s.b.StartupInfoLogger [main] Starting TimekeepingManagementApplication using Java 17.0.4 on PC-PHONG with PID 15336 (C:\Users\phong\Downloads\rikkeichamcong\TimekeepingManagement\timekeeping-management\target\classes started by phong in C:\Users\phong\Downloads\rikkeichamcong\TimekeepingCommon\timekeeping-common)
2023-12-01 14:43:45,640 INFO o.s.b.SpringApplication [main] No active profile set, falling back to default profiles: default
2023-12-01 14:43:47,471 INFO o.s.d.r.c.RepositoryConfigurationDelegate [main] Multiple Spring Data modules found, entering strict repository configuration mode!
2023-12-01 14:43:47,471 INFO o.s.d.r.c.RepositoryConfigurationDelegate [main] Bootstrapping Spring Data JPA repositories in DEFAULT mode.
2023-12-01 14:43:48,421 INFO o.s.d.r.c.RepositoryConfigurationDelegate [main] Finished Spring Data repository scanning in 924 ms. Found 7 JPA repository interfaces.
2023-12-01 14:43:49,319 INFO o.s.d.r.c.RepositoryConfigurationDelegate [main] Multiple Spring Data modules found, entering strict repository configuration mode!
2023-12-01 14:43:49,322 INFO o.s.d.r.c.RepositoryConfigurationDelegate [main] Bootstrapping Spring Data Redis repositories in DEFAULT mode.
2023-12-01 14:43:49,356 INFO o.s.d.r.c.RepositoryConfigurationDelegate [main] Finished Spring Data repository scanning in 15 ms. Found 0 Redis repository interfaces.
2023-12-01 14:43:50,030 INFO o.s.c.s.PostProcessorRegistrationDelegate$BeanPostProcessorChecker [main] Bean 'org.springframework.security.access.expression.method.DefaultMethodSecurityExpressionHandler@40d96578' of type [org.springframework.security.access.expression.method.DefaultMethodSecurityExpressionHandler] is not eligible for getting processed by all BeanPostProcessors (for example: not eligible for auto-proxying)
2023-12-01 14:43:50,037 INFO o.s.c.s.PostProcessorRegistrationDelegate$BeanPostProcessorChecker [main] Bean 'methodSecurityMetadataSource' of type [org.springframework.security.access.method.DelegatingMethodSecurityMetadataSource] is not eligible for getting processed by all BeanPostProcessors (for example: not eligible for auto-proxying)
2023-12-01 14:43:50,461 INFO o.s.b.w.e.t.TomcatWebServer [main] Tomcat initialized with port(s): 8083 (http)
2023-12-01 14:43:50,688 INFO o.s.b.w.s.c.ServletWebServerApplicationContext [main] Root WebApplicationContext: initialization completed in 4909 ms
2023-12-01 14:43:50,945 WARN o.s.b.a.o.j.JpaBaseConfiguration$JpaWebConfiguration [main] spring.jpa.open-in-view is enabled by default. Therefore, database queries may be performed during view rendering. Explicitly configure spring.jpa.open-in-view to disable this warning
2023-12-01 14:43:57,366 INFO o.h.j.i.u.LogHelper [main] HHH000204: Processing PersistenceUnitInfo [name: default]
2023-12-01 14:43:57,489 INFO o.h.Version [main] HHH000412: Hibernate ORM core version 5.4.32.Final
2023-12-01 14:43:57,718 INFO o.h.a.c.r.j.JavaReflectionManager [main] HCANN000001: Hibernate Commons Annotations {5.1.2.Final}
2023-12-01 14:43:58,016 INFO o.h.d.Dialect [main] HHH000400: Using dialect: org.hibernate.dialect.SQLServer2012Dialect
2023-12-01 14:43:59,013 INFO o.h.e.t.j.p.i.JtaPlatformInitiator [main] HHH000490: Using JtaPlatform implementation: [org.hibernate.engine.transaction.jta.platform.internal.NoJtaPlatform]
2023-12-01 14:43:59,026 INFO o.s.o.j.AbstractEntityManagerFactoryBean [main] Initialized JPA EntityManagerFactory for persistence unit 'default'
2023-12-01 14:44:03,905 INFO o.s.s.w.DefaultSecurityFilterChain [main] Will secure Ant [pattern='/api-docs/**'] with []
2023-12-01 14:44:03,905 INFO o.s.s.w.DefaultSecurityFilterChain [main] Will secure Ant [pattern='/swagger-ui/**'] with []
2023-12-01 14:44:03,905 INFO o.s.s.w.DefaultSecurityFilterChain [main] Will secure Ant [pattern='/swagger-ui.html'] with []
2023-12-01 14:44:03,906 INFO o.s.s.w.DefaultSecurityFilterChain [main] Will secure Ant [pattern='/account-managers/login'] with []
2023-12-01 14:44:03,906 INFO o.s.s.w.DefaultSecurityFilterChain [main] Will secure Ant [pattern='/account-managers/login-facebook'] with []
2023-12-01 14:44:03,906 INFO o.s.s.w.DefaultSecurityFilterChain [main] Will secure Ant [pattern='/account-managers/login-google'] with []
2023-12-01 14:44:03,906 INFO o.s.s.w.DefaultSecurityFilterChain [main] Will secure Ant [pattern='/users/authorization'] with []
2023-12-01 14:44:03,906 INFO o.s.s.w.DefaultSecurityFilterChain [main] Will secure Ant [pattern='/users/login-facebook'] with []
2023-12-01 14:44:03,907 INFO o.s.s.w.DefaultSecurityFilterChain [main] Will secure Ant [pattern='/users/login-google'] with []
2023-12-01 14:44:03,907 INFO o.s.s.w.DefaultSecurityFilterChain [main] Will secure Ant [pattern='/users/login-apple'] with []
2023-12-01 14:44:03,907 INFO o.s.s.w.DefaultSecurityFilterChain [main] Will secure Ant [pattern='/users/change-password'] with []
2023-12-01 14:44:03,907 INFO o.s.s.w.DefaultSecurityFilterChain [main] Will secure Ant [pattern='/browser-setting'] with []
2023-12-01 14:44:03,908 INFO o.s.s.w.DefaultSecurityFilterChain [main] Will secure Ant [pattern='/get-file-types'] with []
2023-12-01 14:44:04,055 INFO o.s.s.w.DefaultSecurityFilterChain [main] Will secure any request with [org.springframework.security.web.context.request.async.WebAsyncManagerIntegrationFilter@632a1d4e, org.springframework.security.web.context.SecurityContextPersistenceFilter@22cc606d, org.springframework.security.web.header.HeaderWriterFilter@1675adad, org.springframework.security.web.authentication.logout.LogoutFilter@57b4967e, com.timekeeping.management.filter.JwtAuthenticationFilter@a3a54d6, org.springframework.security.web.savedrequest.RequestCacheAwareFilter@2432c72c, org.springframework.security.web.servletapi.SecurityContextHolderAwareRequestFilter@5b293cc9, org.springframework.security.web.authentication.AnonymousAuthenticationFilter@5d77efc8, org.springframework.security.web.session.SessionManagementFilter@1eb9ab8f, org.springframework.security.web.access.ExceptionTranslationFilter@2cbd35f2, org.springframework.security.web.access.intercept.FilterSecurityInterceptor@7988fd6e]
2023-12-01 14:44:07,472 INFO o.s.b.a.e.w.EndpointLinksResolver [main] Exposing 1 endpoint(s) beneath base path '/actuator'
2023-12-01 14:44:07,639 INFO o.s.b.w.e.t.TomcatWebServer [main] Tomcat started on port(s): 8083 (http) with context path '/api/management'
2023-12-01 14:44:07,666 INFO o.s.b.StartupInfoLogger [main] Started TimekeepingManagementApplication in 22.988 seconds (JVM running for 29.161)
2023-12-01 14:44:08,182 INFO o.s.w.s.FrameworkServlet [RMI TCP Connection(3)-192.168.1.8] Initializing Servlet 'dispatcherServlet'
2023-12-01 14:44:08,183 INFO o.s.w.s.FrameworkServlet [RMI TCP Connection(3)-192.168.1.8] Completed initialization in 1 ms
2023-12-01 14:49:13,511 INFO o.s.o.j.AbstractEntityManagerFactoryBean [SpringApplicationShutdownHook] Closing JPA EntityManagerFactory for persistence unit 'default'
2023-12-01 14:49:18,895 INFO o.h.v.i.u.Version [background-preinit] HV000001: Hibernate Validator 6.2.0.Final
2023-12-01 14:49:18,927 INFO o.s.b.StartupInfoLogger [main] Starting TimekeepingManagementApplication using Java 17.0.4 on PC-PHONG with PID 20748 (C:\Users\phong\Downloads\rikkeichamcong\TimekeepingManagement\timekeeping-management\target\classes started by phong in C:\Users\phong\Downloads\rikkeichamcong\TimekeepingCommon\timekeeping-common)
2023-12-01 14:49:18,932 INFO o.s.b.SpringApplication [main] No active profile set, falling back to default profiles: default
2023-12-01 14:49:19,520 INFO o.s.d.r.c.RepositoryConfigurationDelegate [main] Multiple Spring Data modules found, entering strict repository configuration mode!
2023-12-01 14:49:19,521 INFO o.s.d.r.c.RepositoryConfigurationDelegate [main] Bootstrapping Spring Data JPA repositories in DEFAULT mode.
2023-12-01 14:49:19,770 INFO o.s.d.r.c.RepositoryConfigurationDelegate [main] Finished Spring Data repository scanning in 242 ms. Found 7 JPA repository interfaces.
2023-12-01 14:49:20,042 INFO o.s.d.r.c.RepositoryConfigurationDelegate [main] Multiple Spring Data modules found, entering strict repository configuration mode!
2023-12-01 14:49:20,043 INFO o.s.d.r.c.RepositoryConfigurationDelegate [main] Bootstrapping Spring Data Redis repositories in DEFAULT mode.
2023-12-01 14:49:20,055 INFO o.s.d.r.c.RepositoryConfigurationDelegate [main] Finished Spring Data repository scanning in 5 ms. Found 0 Redis repository interfaces.
2023-12-01 14:49:20,295 INFO o.s.c.s.PostProcessorRegistrationDelegate$BeanPostProcessorChecker [main] Bean 'org.springframework.security.access.expression.method.DefaultMethodSecurityExpressionHandler@2d70f312' of type [org.springframework.security.access.expression.method.DefaultMethodSecurityExpressionHandler] is not eligible for getting processed by all BeanPostProcessors (for example: not eligible for auto-proxying)
2023-12-01 14:49:20,298 INFO o.s.c.s.PostProcessorRegistrationDelegate$BeanPostProcessorChecker [main] Bean 'methodSecurityMetadataSource' of type [org.springframework.security.access.method.DelegatingMethodSecurityMetadataSource] is not eligible for getting processed by all BeanPostProcessors (for example: not eligible for auto-proxying)
2023-12-01 14:49:20,491 INFO o.s.b.w.e.t.TomcatWebServer [main] Tomcat initialized with port(s): 8083 (http)
2023-12-01 14:49:20,594 INFO o.s.b.w.s.c.ServletWebServerApplicationContext [main] Root WebApplicationContext: initialization completed in 1627 ms
2023-12-01 14:49:20,733 WARN o.s.b.a.o.j.JpaBaseConfiguration$JpaWebConfiguration [main] spring.jpa.open-in-view is enabled by default. Therefore, database queries may be performed during view rendering. Explicitly configure spring.jpa.open-in-view to disable this warning
2023-12-01 14:49:31,876 INFO o.h.j.i.u.LogHelper [main] HHH000204: Processing PersistenceUnitInfo [name: default]
2023-12-01 14:49:32,018 INFO o.h.Version [main] HHH000412: Hibernate ORM core version 5.4.32.Final
2023-12-01 14:49:32,314 INFO o.h.a.c.r.j.JavaReflectionManager [main] HCANN000001: Hibernate Commons Annotations {5.1.2.Final}
2023-12-01 14:49:32,747 INFO o.h.d.Dialect [main] HHH000400: Using dialect: org.hibernate.dialect.SQLServer2012Dialect
2023-12-01 14:49:34,527 INFO o.h.e.t.j.p.i.JtaPlatformInitiator [main] HHH000490: Using JtaPlatform implementation: [org.hibernate.engine.transaction.jta.platform.internal.NoJtaPlatform]
2023-12-01 14:49:34,548 INFO o.s.o.j.AbstractEntityManagerFactoryBean [main] Initialized JPA EntityManagerFactory for persistence unit 'default'
2023-12-01 14:49:40,018 INFO o.s.s.w.DefaultSecurityFilterChain [main] Will secure Ant [pattern='/api-docs/**'] with []
2023-12-01 14:49:40,019 INFO o.s.s.w.DefaultSecurityFilterChain [main] Will secure Ant [pattern='/swagger-ui/**'] with []
2023-12-01 14:49:40,019 INFO o.s.s.w.DefaultSecurityFilterChain [main] Will secure Ant [pattern='/swagger-ui.html'] with []
2023-12-01 14:49:40,020 INFO o.s.s.w.DefaultSecurityFilterChain [main] Will secure Ant [pattern='/account-managers/login'] with []
2023-12-01 14:49:40,020 INFO o.s.s.w.DefaultSecurityFilterChain [main] Will secure Ant [pattern='/account-managers/login-facebook'] with []
2023-12-01 14:49:40,020 INFO o.s.s.w.DefaultSecurityFilterChain [main] Will secure Ant [pattern='/account-managers/login-google'] with []
2023-12-01 14:49:40,021 INFO o.s.s.w.DefaultSecurityFilterChain [main] Will secure Ant [pattern='/users/authorization'] with []
2023-12-01 14:49:40,021 INFO o.s.s.w.DefaultSecurityFilterChain [main] Will secure Ant [pattern='/users/login-facebook'] with []
2023-12-01 14:49:40,021 INFO o.s.s.w.DefaultSecurityFilterChain [main] Will secure Ant [pattern='/users/login-google'] with []
2023-12-01 14:49:40,021 INFO o.s.s.w.DefaultSecurityFilterChain [main] Will secure Ant [pattern='/users/login-apple'] with []
2023-12-01 14:49:40,022 INFO o.s.s.w.DefaultSecurityFilterChain [main] Will secure Ant [pattern='/users/change-password'] with []
2023-12-01 14:49:40,022 INFO o.s.s.w.DefaultSecurityFilterChain [main] Will secure Ant [pattern='/browser-setting'] with []
2023-12-01 14:49:40,022 INFO o.s.s.w.DefaultSecurityFilterChain [main] Will secure Ant [pattern='/get-file-types'] with []
2023-12-01 14:49:40,436 INFO o.s.s.w.DefaultSecurityFilterChain [main] Will secure any request with [org.springframework.security.web.context.request.async.WebAsyncManagerIntegrationFilter@5c7df5f1, org.springframework.security.web.context.SecurityContextPersistenceFilter@24aa1547, org.springframework.security.web.header.HeaderWriterFilter@11734d3d, org.springframework.security.web.authentication.logout.LogoutFilter@32ca397b, com.timekeeping.management.filter.JwtAuthenticationFilter@70eb0c59, org.springframework.security.web.savedrequest.RequestCacheAwareFilter@5b293cc9, org.springframework.security.web.servletapi.SecurityContextHolderAwareRequestFilter@33e2808e, org.springframework.security.web.authentication.AnonymousAuthenticationFilter@775b908f, org.springframework.security.web.session.SessionManagementFilter@13987842, org.springframework.security.web.access.ExceptionTranslationFilter@34bbfd4b, org.springframework.security.web.access.intercept.FilterSecurityInterceptor@157312]
2023-12-01 14:49:45,371 INFO o.s.b.a.e.w.EndpointLinksResolver [main] Exposing 1 endpoint(s) beneath base path '/actuator'
2023-12-01 14:49:45,591 INFO o.s.b.w.e.t.TomcatWebServer [main] Tomcat started on port(s): 8083 (http) with context path '/api/management'
2023-12-01 14:49:45,646 INFO o.s.b.StartupInfoLogger [main] Started TimekeepingManagementApplication in 27.015 seconds (JVM running for 27.794)
2023-12-01 14:49:46,052 INFO o.s.w.s.FrameworkServlet [RMI TCP Connection(3)-192.168.1.8] Initializing Servlet 'dispatcherServlet'
2023-12-01 14:49:46,053 INFO o.s.w.s.FrameworkServlet [RMI TCP Connection(3)-192.168.1.8] Completed initialization in 1 ms
2023-12-01 16:29:44,866 INFO o.s.o.j.AbstractEntityManagerFactoryBean [SpringApplicationShutdownHook] Closing JPA EntityManagerFactory for persistence unit 'default'
2023-12-01 16:29:48,931 INFO o.h.v.i.u.Version [background-preinit] HV000001: Hibernate Validator 6.2.0.Final
2023-12-01 16:29:48,965 INFO o.s.b.StartupInfoLogger [main] Starting TimekeepingManagementApplication using Java 17.0.4 on PC-PHONG with PID 16364 (C:\Users\phong\Downloads\rikkeichamcong\TimekeepingManagement\timekeeping-management\target\classes started by phong in C:\Users\phong\Downloads\rikkeichamcong\TimekeepingCommon\timekeeping-common)
2023-12-01 16:29:48,969 INFO o.s.b.SpringApplication [main] No active profile set, falling back to default profiles: default
2023-12-01 16:29:49,672 INFO o.s.d.r.c.RepositoryConfigurationDelegate [main] Multiple Spring Data modules found, entering strict repository configuration mode!
2023-12-01 16:29:49,672 INFO o.s.d.r.c.RepositoryConfigurationDelegate [main] Bootstrapping Spring Data JPA repositories in DEFAULT mode.
2023-12-01 16:29:50,240 INFO o.s.d.r.c.RepositoryConfigurationDelegate [main] Finished Spring Data repository scanning in 559 ms. Found 7 JPA repository interfaces.
2023-12-01 16:29:51,181 INFO o.s.d.r.c.RepositoryConfigurationDelegate [main] Multiple Spring Data modules found, entering strict repository configuration mode!
2023-12-01 16:29:51,184 INFO o.s.d.r.c.RepositoryConfigurationDelegate [main] Bootstrapping Spring Data Redis repositories in DEFAULT mode.
2023-12-01 16:29:51,228 INFO o.s.d.r.c.RepositoryConfigurationDelegate [main] Finished Spring Data repository scanning in 24 ms. Found 0 Redis repository interfaces.
2023-12-01 16:29:52,228 INFO o.s.c.s.PostProcessorRegistrationDelegate$BeanPostProcessorChecker [main] Bean 'org.springframework.security.access.expression.method.DefaultMethodSecurityExpressionHandler@4c7d7430' of type [org.springframework.security.access.expression.method.DefaultMethodSecurityExpressionHandler] is not eligible for getting processed by all BeanPostProcessors (for example: not eligible for auto-proxying)
2023-12-01 16:29:52,238 INFO o.s.c.s.PostProcessorRegistrationDelegate$BeanPostProcessorChecker [main] Bean 'methodSecurityMetadataSource' of type [org.springframework.security.access.method.DelegatingMethodSecurityMetadataSource] is not eligible for getting processed by all BeanPostProcessors (for example: not eligible for auto-proxying)
2023-12-01 16:29:52,940 INFO o.s.b.w.e.t.TomcatWebServer [main] Tomcat initialized with port(s): 8083 (http)
2023-12-01 16:29:53,448 INFO o.s.b.w.s.c.ServletWebServerApplicationContext [main] Root WebApplicationContext: initialization completed in 4432 ms
2023-12-01 16:29:53,912 WARN o.s.b.a.o.j.JpaBaseConfiguration$JpaWebConfiguration [main] spring.jpa.open-in-view is enabled by default. Therefore, database queries may be performed during view rendering. Explicitly configure spring.jpa.open-in-view to disable this warning
2023-12-01 16:30:04,379 INFO o.h.j.i.u.LogHelper [main] HHH000204: Processing PersistenceUnitInfo [name: default]
2023-12-01 16:30:04,571 INFO o.h.Version [main] HHH000412: Hibernate ORM core version 5.4.32.Final
2023-12-01 16:30:04,968 INFO o.h.a.c.r.j.JavaReflectionManager [main] HCANN000001: Hibernate Commons Annotations {5.1.2.Final}
2023-12-01 16:30:05,349 INFO o.h.d.Dialect [main] HHH000400: Using dialect: org.hibernate.dialect.SQLServer2012Dialect
2023-12-01 16:30:07,038 INFO o.h.e.t.j.p.i.JtaPlatformInitiator [main] HHH000490: Using JtaPlatform implementation: [org.hibernate.engine.transaction.jta.platform.internal.NoJtaPlatform]
2023-12-01 16:30:07,058 INFO o.s.o.j.AbstractEntityManagerFactoryBean [main] Initialized JPA EntityManagerFactory for persistence unit 'default'
2023-12-01 16:30:13,789 INFO o.s.s.w.DefaultSecurityFilterChain [main] Will secure Ant [pattern='/api-docs/**'] with []
2023-12-01 16:30:13,790 INFO o.s.s.w.DefaultSecurityFilterChain [main] Will secure Ant [pattern='/swagger-ui/**'] with []
2023-12-01 16:30:13,791 INFO o.s.s.w.DefaultSecurityFilterChain [main] Will secure Ant [pattern='/swagger-ui.html'] with []
2023-12-01 16:30:13,791 INFO o.s.s.w.DefaultSecurityFilterChain [main] Will secure Ant [pattern='/account-managers/login'] with []
2023-12-01 16:30:13,791 INFO o.s.s.w.DefaultSecurityFilterChain [main] Will secure Ant [pattern='/account-managers/login-facebook'] with []
2023-12-01 16:30:13,792 INFO o.s.s.w.DefaultSecurityFilterChain [main] Will secure Ant [pattern='/account-managers/login-google'] with []
2023-12-01 16:30:13,792 INFO o.s.s.w.DefaultSecurityFilterChain [main] Will secure Ant [pattern='/users/authorization'] with []
2023-12-01 16:30:13,793 INFO o.s.s.w.DefaultSecurityFilterChain [main] Will secure Ant [pattern='/users/login-facebook'] with []
2023-12-01 16:30:13,794 INFO o.s.s.w.DefaultSecurityFilterChain [main] Will secure Ant [pattern='/users/login-google'] with []
2023-12-01 16:30:13,794 INFO o.s.s.w.DefaultSecurityFilterChain [main] Will secure Ant [pattern='/users/login-apple'] with []
2023-12-01 16:30:13,795 INFO o.s.s.w.DefaultSecurityFilterChain [main] Will secure Ant [pattern='/users/change-password'] with []
2023-12-01 16:30:13,795 INFO o.s.s.w.DefaultSecurityFilterChain [main] Will secure Ant [pattern='/browser-setting'] with []
2023-12-01 16:30:13,796 INFO o.s.s.w.DefaultSecurityFilterChain [main] Will secure Ant [pattern='/get-file-types'] with []
2023-12-01 16:30:14,002 INFO o.s.s.w.DefaultSecurityFilterChain [main] Will secure any request with [org.springframework.security.web.context.request.async.WebAsyncManagerIntegrationFilter@1c16b2f7, org.springframework.security.web.context.SecurityContextPersistenceFilter@6e52877d, org.springframework.security.web.header.HeaderWriterFilter@7d963aca, org.springframework.security.web.authentication.logout.LogoutFilter@6d02c23f, com.timekeeping.management.filter.JwtAuthenticationFilter@70eb0c59, org.springframework.security.web.savedrequest.RequestCacheAwareFilter@7ba8b91c, org.springframework.security.web.servletapi.SecurityContextHolderAwareRequestFilter@41c02b8c, org.springframework.security.web.authentication.AnonymousAuthenticationFilter@1b10963a, org.springframework.security.web.session.SessionManagementFilter@4cdc1d81, org.springframework.security.web.access.ExceptionTranslationFilter@33e2808e, org.springframework.security.web.access.intercept.FilterSecurityInterceptor@14726e69]
2023-12-01 16:30:18,202 INFO o.s.b.a.e.w.EndpointLinksResolver [main] Exposing 1 endpoint(s) beneath base path '/actuator'
2023-12-01 16:30:18,406 INFO o.s.b.w.e.t.TomcatWebServer [main] Tomcat started on port(s): 8083 (http) with context path '/api/management'
2023-12-01 16:30:18,457 INFO o.s.b.StartupInfoLogger [main] Started TimekeepingManagementApplication in 29.843 seconds (JVM running for 31.27)
2023-12-01 16:30:18,948 INFO o.s.w.s.FrameworkServlet [RMI TCP Connection(1)-192.168.1.8] Initializing Servlet 'dispatcherServlet'
2023-12-01 16:30:18,950 INFO o.s.w.s.FrameworkServlet [RMI TCP Connection(1)-192.168.1.8] Completed initialization in 2 ms
2023-12-01 16:39:47,892 INFO o.s.o.j.AbstractEntityManagerFactoryBean [SpringApplicationShutdownHook] Closing JPA EntityManagerFactory for persistence unit 'default'
2023-12-01 16:39:54,339 INFO o.h.v.i.u.Version [background-preinit] HV000001: Hibernate Validator 6.2.0.Final
2023-12-01 16:39:54,391 INFO o.s.b.StartupInfoLogger [main] Starting TimekeepingManagementApplication using Java 17.0.4 on PC-PHONG with PID 30816 (C:\Users\phong\Downloads\rikkeichamcong\TimekeepingManagement\timekeeping-management\target\classes started by phong in C:\Users\phong\Downloads\rikkeichamcong\TimekeepingCommon\timekeeping-common)
2023-12-01 16:39:54,398 INFO o.s.b.SpringApplication [main] No active profile set, falling back to default profiles: default
2023-12-01 16:39:55,724 INFO o.s.d.r.c.RepositoryConfigurationDelegate [main] Multiple Spring Data modules found, entering strict repository configuration mode!
2023-12-01 16:39:55,724 INFO o.s.d.r.c.RepositoryConfigurationDelegate [main] Bootstrapping Spring Data JPA repositories in DEFAULT mode.
2023-12-01 16:39:56,754 INFO o.s.d.r.c.RepositoryConfigurationDelegate [main] Finished Spring Data repository scanning in 1010 ms. Found 7 JPA repository interfaces.
2023-12-01 16:39:57,605 INFO o.s.d.r.c.RepositoryConfigurationDelegate [main] Multiple Spring Data modules found, entering strict repository configuration mode!
2023-12-01 16:39:57,607 INFO o.s.d.r.c.RepositoryConfigurationDelegate [main] Bootstrapping Spring Data Redis repositories in DEFAULT mode.
2023-12-01 16:39:57,650 INFO o.s.d.r.c.RepositoryConfigurationDelegate [main] Finished Spring Data repository scanning in 23 ms. Found 0 Redis repository interfaces.
2023-12-01 16:39:58,332 INFO o.s.c.s.PostProcessorRegistrationDelegate$BeanPostProcessorChecker [main] Bean 'org.springframework.security.access.expression.method.DefaultMethodSecurityExpressionHandler@50122012' of type [org.springframework.security.access.expression.method.DefaultMethodSecurityExpressionHandler] is not eligible for getting processed by all BeanPostProcessors (for example: not eligible for auto-proxying)
2023-12-01 16:39:58,341 INFO o.s.c.s.PostProcessorRegistrationDelegate$BeanPostProcessorChecker [main] Bean 'methodSecurityMetadataSource' of type [org.springframework.security.access.method.DelegatingMethodSecurityMetadataSource] is not eligible for getting processed by all BeanPostProcessors (for example: not eligible for auto-proxying)
2023-12-01 16:39:58,981 INFO o.s.b.w.e.t.TomcatWebServer [main] Tomcat initialized with port(s): 8083 (http)
2023-12-01 16:39:59,275 INFO o.s.b.w.s.c.ServletWebServerApplicationContext [main] Root WebApplicationContext: initialization completed in 4814 ms
2023-12-01 16:39:59,629 WARN o.s.b.a.o.j.JpaBaseConfiguration$JpaWebConfiguration [main] spring.jpa.open-in-view is enabled by default. Therefore, database queries may be performed during view rendering. Explicitly configure spring.jpa.open-in-view to disable this warning
2023-12-01 16:40:09,923 INFO o.h.j.i.u.LogHelper [main] HHH000204: Processing PersistenceUnitInfo [name: default]
2023-12-01 16:40:10,095 INFO o.h.Version [main] HHH000412: Hibernate ORM core version 5.4.32.Final
2023-12-01 16:40:10,473 INFO o.h.a.c.r.j.JavaReflectionManager [main] HCANN000001: Hibernate Commons Annotations {5.1.2.Final}
2023-12-01 16:40:10,910 INFO o.h.d.Dialect [main] HHH000400: Using dialect: org.hibernate.dialect.SQLServer2012Dialect
2023-12-01 16:40:12,691 INFO o.h.e.t.j.p.i.JtaPlatformInitiator [main] HHH000490: Using JtaPlatform implementation: [org.hibernate.engine.transaction.jta.platform.internal.NoJtaPlatform]
2023-12-01 16:40:12,715 INFO o.s.o.j.AbstractEntityManagerFactoryBean [main] Initialized JPA EntityManagerFactory for persistence unit 'default'
2023-12-01 16:40:19,269 INFO o.s.s.w.DefaultSecurityFilterChain [main] Will secure Ant [pattern='/api-docs/**'] with []
2023-12-01 16:40:19,270 INFO o.s.s.w.DefaultSecurityFilterChain [main] Will secure Ant [pattern='/swagger-ui/**'] with []
2023-12-01 16:40:19,270 INFO o.s.s.w.DefaultSecurityFilterChain [main] Will secure Ant [pattern='/swagger-ui.html'] with []
2023-12-01 16:40:19,270 INFO o.s.s.w.DefaultSecurityFilterChain [main] Will secure Ant [pattern='/account-managers/login'] with []
2023-12-01 16:40:19,271 INFO o.s.s.w.DefaultSecurityFilterChain [main] Will secure Ant [pattern='/account-managers/login-facebook'] with []
2023-12-01 16:40:19,271 INFO o.s.s.w.DefaultSecurityFilterChain [main] Will secure Ant [pattern='/account-managers/login-google'] with []
2023-12-01 16:40:19,272 INFO o.s.s.w.DefaultSecurityFilterChain [main] Will secure Ant [pattern='/users/authorization'] with []
2023-12-01 16:40:19,272 INFO o.s.s.w.DefaultSecurityFilterChain [main] Will secure Ant [pattern='/users/login-facebook'] with []
2023-12-01 16:40:19,272 INFO o.s.s.w.DefaultSecurityFilterChain [main] Will secure Ant [pattern='/users/login-google'] with []
2023-12-01 16:40:19,273 INFO o.s.s.w.DefaultSecurityFilterChain [main] Will secure Ant [pattern='/users/login-apple'] with []
2023-12-01 16:40:19,273 INFO o.s.s.w.DefaultSecurityFilterChain [main] Will secure Ant [pattern='/users/change-password'] with []
2023-12-01 16:40:19,274 INFO o.s.s.w.DefaultSecurityFilterChain [main] Will secure Ant [pattern='/browser-setting'] with []
2023-12-01 16:40:19,274 INFO o.s.s.w.DefaultSecurityFilterChain [main] Will secure Ant [pattern='/get-file-types'] with []
2023-12-01 16:40:19,448 INFO o.s.s.w.DefaultSecurityFilterChain [main] Will secure any request with [org.springframework.security.web.context.request.async.WebAsyncManagerIntegrationFilter@452506b9, org.springframework.security.web.context.SecurityContextPersistenceFilter@2441c0b, org.springframework.security.web.header.HeaderWriterFilter@6c551798, org.springframework.security.web.authentication.logout.LogoutFilter@3b59d246, com.timekeeping.management.filter.JwtAuthenticationFilter@349e6ca8, org.springframework.security.web.savedrequest.RequestCacheAwareFilter@332815a3, org.springframework.security.web.servletapi.SecurityContextHolderAwareRequestFilter@57b4967e, org.springframework.security.web.authentication.AnonymousAuthenticationFilter@1278c48f, org.springframework.security.web.session.SessionManagementFilter@2e4a0669, org.springframework.security.web.access.ExceptionTranslationFilter@b230f87, org.springframework.security.web.access.intercept.FilterSecurityInterceptor@310cd0d2]
2023-12-01 16:40:23,406 INFO o.s.b.a.e.w.EndpointLinksResolver [main] Exposing 1 endpoint(s) beneath base path '/actuator'
2023-12-01 16:40:23,600 INFO o.s.b.w.e.t.TomcatWebServer [main] Tomcat started on port(s): 8083 (http) with context path '/api/management'
2023-12-01 16:40:23,652 INFO o.s.b.StartupInfoLogger [main] Started TimekeepingManagementApplication in 29.823 seconds (JVM running for 31.381)
2023-12-01 16:40:24,127 INFO o.s.w.s.FrameworkServlet [RMI TCP Connection(1)-192.168.1.8] Initializing Servlet 'dispatcherServlet'
2023-12-01 16:40:24,129 INFO o.s.w.s.FrameworkServlet [RMI TCP Connection(1)-192.168.1.8] Completed initialization in 2 ms
2023-12-01 16:42:24,311 INFO o.s.o.j.AbstractEntityManagerFactoryBean [SpringApplicationShutdownHook] Closing JPA EntityManagerFactory for persistence unit 'default'
2023-12-01 16:42:27,263 INFO o.h.v.i.u.Version [background-preinit] HV000001: Hibernate Validator 6.2.0.Final
2023-12-01 16:42:27,297 INFO o.s.b.StartupInfoLogger [main] Starting TimekeepingManagementApplication using Java 17.0.4 on PC-PHONG with PID 26160 (C:\Users\phong\Downloads\rikkeichamcong\TimekeepingManagement\timekeeping-management\target\classes started by phong in C:\Users\phong\Downloads\rikkeichamcong\TimekeepingCommon\timekeeping-common)
2023-12-01 16:42:27,300 INFO o.s.b.SpringApplication [main] No active profile set, falling back to default profiles: default
2023-12-01 16:42:27,948 INFO o.s.d.r.c.RepositoryConfigurationDelegate [main] Multiple Spring Data modules found, entering strict repository configuration mode!
2023-12-01 16:42:27,948 INFO o.s.d.r.c.RepositoryConfigurationDelegate [main] Bootstrapping Spring Data JPA repositories in DEFAULT mode.
2023-12-01 16:42:28,276 INFO o.s.d.r.c.RepositoryConfigurationDelegate [main] Finished Spring Data repository scanning in 318 ms. Found 7 JPA repository interfaces.
2023-12-01 16:42:28,649 INFO o.s.d.r.c.RepositoryConfigurationDelegate [main] Multiple Spring Data modules found, entering strict repository configuration mode!
2023-12-01 16:42:28,650 INFO o.s.d.r.c.RepositoryConfigurationDelegate [main] Bootstrapping Spring Data Redis repositories in DEFAULT mode.
2023-12-01 16:42:28,667 INFO o.s.d.r.c.RepositoryConfigurationDelegate [main] Finished Spring Data repository scanning in 8 ms. Found 0 Redis repository interfaces.
2023-12-01 16:42:29,296 INFO o.s.c.s.PostProcessorRegistrationDelegate$BeanPostProcessorChecker [main] Bean 'org.springframework.security.access.expression.method.DefaultMethodSecurityExpressionHandler@96abc76' of type [org.springframework.security.access.expression.method.DefaultMethodSecurityExpressionHandler] is not eligible for getting processed by all BeanPostProcessors (for example: not eligible for auto-proxying)
2023-12-01 16:42:29,304 INFO o.s.c.s.PostProcessorRegistrationDelegate$BeanPostProcessorChecker [main] Bean 'methodSecurityMetadataSource' of type [org.springframework.security.access.method.DelegatingMethodSecurityMetadataSource] is not eligible for getting processed by all BeanPostProcessors (for example: not eligible for auto-proxying)
2023-12-01 16:42:29,802 INFO o.s.b.w.e.t.TomcatWebServer [main] Tomcat initialized with port(s): 8083 (http)
2023-12-01 16:42:30,182 INFO o.s.b.w.s.c.ServletWebServerApplicationContext [main] Root WebApplicationContext: initialization completed in 2840 ms
2023-12-01 16:42:30,678 WARN o.s.b.a.o.j.JpaBaseConfiguration$JpaWebConfiguration [main] spring.jpa.open-in-view is enabled by default. Therefore, database queries may be performed during view rendering. Explicitly configure spring.jpa.open-in-view to disable this warning
2023-12-01 16:42:40,207 INFO o.h.j.i.u.LogHelper [main] HHH000204: Processing PersistenceUnitInfo [name: default]
2023-12-01 16:42:40,322 INFO o.h.Version [main] HHH000412: Hibernate ORM core version 5.4.32.Final
2023-12-01 16:42:40,563 INFO o.h.a.c.r.j.JavaReflectionManager [main] HCANN000001: Hibernate Commons Annotations {5.1.2.Final}
2023-12-01 16:42:40,862 INFO o.h.d.Dialect [main] HHH000400: Using dialect: org.hibernate.dialect.SQLServer2012Dialect
2023-12-01 16:42:42,262 INFO o.h.e.t.j.p.i.JtaPlatformInitiator [main] HHH000490: Using JtaPlatform implementation: [org.hibernate.engine.transaction.jta.platform.internal.NoJtaPlatform]
2023-12-01 16:42:42,278 INFO o.s.o.j.AbstractEntityManagerFactoryBean [main] Initialized JPA EntityManagerFactory for persistence unit 'default'
2023-12-01 16:42:45,602 INFO o.s.s.w.DefaultSecurityFilterChain [main] Will secure Ant [pattern='/api-docs/**'] with []
2023-12-01 16:42:45,603 INFO o.s.s.w.DefaultSecurityFilterChain [main] Will secure Ant [pattern='/swagger-ui/**'] with []
2023-12-01 16:42:45,603 INFO o.s.s.w.DefaultSecurityFilterChain [main] Will secure Ant [pattern='/swagger-ui.html'] with []
2023-12-01 16:42:45,603 INFO o.s.s.w.DefaultSecurityFilterChain [main] Will secure Ant [pattern='/account-managers/login'] with []
2023-12-01 16:42:45,604 INFO o.s.s.w.DefaultSecurityFilterChain [main] Will secure Ant [pattern='/account-managers/login-facebook'] with []
2023-12-01 16:42:45,604 INFO o.s.s.w.DefaultSecurityFilterChain [main] Will secure Ant [pattern='/account-managers/login-google'] with []
2023-12-01 16:42:45,605 INFO o.s.s.w.DefaultSecurityFilterChain [main] Will secure Ant [pattern='/users/authorization'] with []
2023-12-01 16:42:45,605 INFO o.s.s.w.DefaultSecurityFilterChain [main] Will secure Ant [pattern='/users/login-facebook'] with []
2023-12-01 16:42:45,605 INFO o.s.s.w.DefaultSecurityFilterChain [main] Will secure Ant [pattern='/users/login-google'] with []
2023-12-01 16:42:45,605 INFO o.s.s.w.DefaultSecurityFilterChain [main] Will secure Ant [pattern='/users/login-apple'] with []
2023-12-01 16:42:45,605 INFO o.s.s.w.DefaultSecurityFilterChain [main] Will secure Ant [pattern='/users/change-password'] with []
2023-12-01 16:42:45,606 INFO o.s.s.w.DefaultSecurityFilterChain [main] Will secure Ant [pattern='/browser-setting'] with []
2023-12-01 16:42:45,606 INFO o.s.s.w.DefaultSecurityFilterChain [main] Will secure Ant [pattern='/get-file-types'] with []
2023-12-01 16:42:45,759 INFO o.s.s.w.DefaultSecurityFilterChain [main] Will secure any request with [org.springframework.security.web.context.request.async.WebAsyncManagerIntegrationFilter@630fa11e, org.springframework.security.web.context.SecurityContextPersistenceFilter@36e74495, org.springframework.security.web.header.HeaderWriterFilter@367e6aa4, org.springframework.security.web.authentication.logout.LogoutFilter@64cc5f34, com.timekeeping.management.filter.JwtAuthenticationFilter@6c84e4ec, org.springframework.security.web.savedrequest.RequestCacheAwareFilter@2e5ca5fe, org.springframework.security.web.servletapi.SecurityContextHolderAwareRequestFilter@579a6e64, org.springframework.security.web.authentication.AnonymousAuthenticationFilter@2cbd35f2, org.springframework.security.web.session.SessionManagementFilter@6afec4b1, org.springframework.security.web.access.ExceptionTranslationFilter@4ae8de09, org.springframework.security.web.access.intercept.FilterSecurityInterceptor@5a52b5f8]
2023-12-01 16:42:48,381 INFO o.s.b.a.e.w.EndpointLinksResolver [main] Exposing 1 endpoint(s) beneath base path '/actuator'
2023-12-01 16:42:48,491 INFO o.s.b.w.e.t.TomcatWebServer [main] Tomcat started on port(s): 8083 (http) with context path '/api/management'
2023-12-01 16:42:48,519 INFO o.s.b.StartupInfoLogger [main] Started TimekeepingManagementApplication in 21.588 seconds (JVM running for 22.717)
2023-12-01 16:42:48,833 INFO o.s.w.s.FrameworkServlet [RMI TCP Connection(2)-192.168.1.8] Initializing Servlet 'dispatcherServlet'
2023-12-01 16:42:48,835 INFO o.s.w.s.FrameworkServlet [RMI TCP Connection(2)-192.168.1.8] Completed initialization in 2 ms
2023-12-01 16:43:44,180 INFO o.s.o.j.AbstractEntityManagerFactoryBean [SpringApplicationShutdownHook] Closing JPA EntityManagerFactory for persistence unit 'default'
2023-12-01 16:43:49,207 INFO o.h.v.i.u.Version [background-preinit] HV000001: Hibernate Validator 6.2.0.Final
2023-12-01 16:43:49,240 INFO o.s.b.StartupInfoLogger [main] Starting TimekeepingManagementApplication using Java 17.0.4 on PC-PHONG with PID 40832 (C:\Users\phong\Downloads\rikkeichamcong\TimekeepingManagement\timekeeping-management\target\classes started by phong in C:\Users\phong\Downloads\rikkeichamcong\TimekeepingCommon\timekeeping-common)
2023-12-01 16:43:49,244 INFO o.s.b.SpringApplication [main] No active profile set, falling back to default profiles: default
2023-12-01 16:43:50,102 INFO o.s.d.r.c.RepositoryConfigurationDelegate [main] Multiple Spring Data modules found, entering strict repository configuration mode!
2023-12-01 16:43:50,103 INFO o.s.d.r.c.RepositoryConfigurationDelegate [main] Bootstrapping Spring Data JPA repositories in DEFAULT mode.
2023-12-01 16:43:50,512 INFO o.s.d.r.c.RepositoryConfigurationDelegate [main] Finished Spring Data repository scanning in 398 ms. Found 7 JPA repository interfaces.
2023-12-01 16:43:50,984 INFO o.s.d.r.c.RepositoryConfigurationDelegate [main] Multiple Spring Data modules found, entering strict repository configuration mode!
2023-12-01 16:43:50,987 INFO o.s.d.r.c.RepositoryConfigurationDelegate [main] Bootstrapping Spring Data Redis repositories in DEFAULT mode.
2023-12-01 16:43:51,027 INFO o.s.d.r.c.RepositoryConfigurationDelegate [main] Finished Spring Data repository scanning in 17 ms. Found 0 Redis repository interfaces.
2023-12-01 16:43:51,906 INFO o.s.c.s.PostProcessorRegistrationDelegate$BeanPostProcessorChecker [main] Bean 'org.springframework.security.access.expression.method.DefaultMethodSecurityExpressionHandler@5bf4764d' of type [org.springframework.security.access.expression.method.DefaultMethodSecurityExpressionHandler] is not eligible for getting processed by all BeanPostProcessors (for example: not eligible for auto-proxying)
2023-12-01 16:43:51,916 INFO o.s.c.s.PostProcessorRegistrationDelegate$BeanPostProcessorChecker [main] Bean 'methodSecurityMetadataSource' of type [org.springframework.security.access.method.DelegatingMethodSecurityMetadataSource] is not eligible for getting processed by all BeanPostProcessors (for example: not eligible for auto-proxying)
2023-12-01 16:43:52,433 INFO o.s.b.w.e.t.TomcatWebServer [main] Tomcat initialized with port(s): 8083 (http)
2023-12-01 16:43:52,759 INFO o.s.b.w.s.c.ServletWebServerApplicationContext [main] Root WebApplicationContext: initialization completed in 3473 ms
2023-12-01 16:43:53,086 WARN o.s.b.a.o.j.JpaBaseConfiguration$JpaWebConfiguration [main] spring.jpa.open-in-view is enabled by default. Therefore, database queries may be performed during view rendering. Explicitly configure spring.jpa.open-in-view to disable this warning
2023-12-01 16:44:02,023 INFO o.h.j.i.u.LogHelper [main] HHH000204: Processing PersistenceUnitInfo [name: default]
2023-12-01 16:44:02,126 INFO o.h.Version [main] HHH000412: Hibernate ORM core version 5.4.32.Final
2023-12-01 16:44:02,366 INFO o.h.a.c.r.j.JavaReflectionManager [main] HCANN000001: Hibernate Commons Annotations {5.1.2.Final}
2023-12-01 16:44:02,665 INFO o.h.d.Dialect [main] HHH000400: Using dialect: org.hibernate.dialect.SQLServer2012Dialect
2023-12-01 16:44:04,039 INFO o.h.e.t.j.p.i.JtaPlatformInitiator [main] HHH000490: Using JtaPlatform implementation: [org.hibernate.engine.transaction.jta.platform.internal.NoJtaPlatform]
2023-12-01 16:44:04,060 INFO o.s.o.j.AbstractEntityManagerFactoryBean [main] Initialized JPA EntityManagerFactory for persistence unit 'default'
2023-12-01 16:44:07,268 INFO o.s.s.w.DefaultSecurityFilterChain [main] Will secure Ant [pattern='/api-docs/**'] with []
2023-12-01 16:44:07,269 INFO o.s.s.w.DefaultSecurityFilterChain [main] Will secure Ant [pattern='/swagger-ui/**'] with []
2023-12-01 16:44:07,269 INFO o.s.s.w.DefaultSecurityFilterChain [main] Will secure Ant [pattern='/swagger-ui.html'] with []
2023-12-01 16:44:07,270 INFO o.s.s.w.DefaultSecurityFilterChain [main] Will secure Ant [pattern='/account-managers/login'] with []
2023-12-01 16:44:07,270 INFO o.s.s.w.DefaultSecurityFilterChain [main] Will secure Ant [pattern='/account-managers/login-facebook'] with []
2023-12-01 16:44:07,270 INFO o.s.s.w.DefaultSecurityFilterChain [main] Will secure Ant [pattern='/account-managers/login-google'] with []
2023-12-01 16:44:07,271 INFO o.s.s.w.DefaultSecurityFilterChain [main] Will secure Ant [pattern='/users/authorization'] with []
2023-12-01 16:44:07,271 INFO o.s.s.w.DefaultSecurityFilterChain [main] Will secure Ant [pattern='/users/login-facebook'] with []
2023-12-01 16:44:07,271 INFO o.s.s.w.DefaultSecurityFilterChain [main] Will secure Ant [pattern='/users/login-google'] with []
2023-12-01 16:44:07,271 INFO o.s.s.w.DefaultSecurityFilterChain [main] Will secure Ant [pattern='/users/login-apple'] with []
2023-12-01 16:44:07,272 INFO o.s.s.w.DefaultSecurityFilterChain [main] Will secure Ant [pattern='/users/change-password'] with []
2023-12-01 16:44:07,272 INFO o.s.s.w.DefaultSecurityFilterChain [main] Will secure Ant [pattern='/browser-setting'] with []
2023-12-01 16:44:07,272 INFO o.s.s.w.DefaultSecurityFilterChain [main] Will secure Ant [pattern='/get-file-types'] with []
2023-12-01 16:44:07,382 INFO o.s.s.w.DefaultSecurityFilterChain [main] Will secure any request with [org.springframework.security.web.context.request.async.WebAsyncManagerIntegrationFilter@62c72490, org.springframework.security.web.context.SecurityContextPersistenceFilter@2af97fb9, org.springframework.security.web.header.HeaderWriterFilter@77ea06bb, org.springframework.security.web.authentication.logout.LogoutFilter@17d1b2a0, com.timekeeping.management.filter.JwtAuthenticationFilter@750190d0, org.springframework.security.web.savedrequest.RequestCacheAwareFilter@4e88dd32, org.springframework.security.web.servletapi.SecurityContextHolderAwareRequestFilter@786c7cc9, org.springframework.security.web.authentication.AnonymousAuthenticationFilter@ec9f91b, org.springframework.security.web.session.SessionManagementFilter@29fe45a3, org.springframework.security.web.access.ExceptionTranslationFilter@9edb372, org.springframework.security.web.access.intercept.FilterSecurityInterceptor@21f9b360]
2023-12-01 16:44:09,883 INFO o.s.b.a.e.w.EndpointLinksResolver [main] Exposing 1 endpoint(s) beneath base path '/actuator'
2023-12-01 16:44:09,970 INFO o.s.b.w.e.t.TomcatWebServer [main] Tomcat started on port(s): 8083 (http) with context path '/api/management'
2023-12-01 16:44:09,994 INFO o.s.b.StartupInfoLogger [main] Started TimekeepingManagementApplication in 21.155 seconds (JVM running for 22.04)
2023-12-01 16:44:10,512 INFO o.s.w.s.FrameworkServlet [RMI TCP Connection(3)-192.168.1.8] Initializing Servlet 'dispatcherServlet'
2023-12-01 16:44:10,514 INFO o.s.w.s.FrameworkServlet [RMI TCP Connection(3)-192.168.1.8] Completed initialization in 2 ms
2023-12-01 16:45:15,380 INFO o.s.o.j.AbstractEntityManagerFactoryBean [SpringApplicationShutdownHook] Closing JPA EntityManagerFactory for persistence unit 'default'
2023-12-01 16:45:18,187 INFO o.h.v.i.u.Version [background-preinit] HV000001: Hibernate Validator 6.2.0.Final
2023-12-01 16:45:18,222 INFO o.s.b.StartupInfoLogger [main] Starting TimekeepingManagementApplication using Java 17.0.4 on PC-PHONG with PID 14732 (C:\Users\phong\Downloads\rikkeichamcong\TimekeepingManagement\timekeeping-management\target\classes started by phong in C:\Users\phong\Downloads\rikkeichamcong\TimekeepingCommon\timekeeping-common)
2023-12-01 16:45:18,225 INFO o.s.b.SpringApplication [main] No active profile set, falling back to default profiles: default
2023-12-01 16:45:18,837 INFO o.s.d.r.c.RepositoryConfigurationDelegate [main] Multiple Spring Data modules found, entering strict repository configuration mode!
2023-12-01 16:45:18,838 INFO o.s.d.r.c.RepositoryConfigurationDelegate [main] Bootstrapping Spring Data JPA repositories in DEFAULT mode.
2023-12-01 16:45:19,153 INFO o.s.d.r.c.RepositoryConfigurationDelegate [main] Finished Spring Data repository scanning in 305 ms. Found 7 JPA repository interfaces.
2023-12-01 16:45:19,539 INFO o.s.d.r.c.RepositoryConfigurationDelegate [main] Multiple Spring Data modules found, entering strict repository configuration mode!
2023-12-01 16:45:19,541 INFO o.s.d.r.c.RepositoryConfigurationDelegate [main] Bootstrapping Spring Data Redis repositories in DEFAULT mode.
2023-12-01 16:45:19,555 INFO o.s.d.r.c.RepositoryConfigurationDelegate [main] Finished Spring Data repository scanning in 7 ms. Found 0 Redis repository interfaces.
2023-12-01 16:45:20,224 INFO o.s.c.s.PostProcessorRegistrationDelegate$BeanPostProcessorChecker [main] Bean 'org.springframework.security.access.expression.method.DefaultMethodSecurityExpressionHandler@1537c744' of type [org.springframework.security.access.expression.method.DefaultMethodSecurityExpressionHandler] is not eligible for getting processed by all BeanPostProcessors (for example: not eligible for auto-proxying)
2023-12-01 16:45:20,234 INFO o.s.c.s.PostProcessorRegistrationDelegate$BeanPostProcessorChecker [main] Bean 'methodSecurityMetadataSource' of type [org.springframework.security.access.method.DelegatingMethodSecurityMetadataSource] is not eligible for getting processed by all BeanPostProcessors (for example: not eligible for auto-proxying)
2023-12-01 16:45:20,873 INFO o.s.b.w.e.t.TomcatWebServer [main] Tomcat initialized with port(s): 8083 (http)
2023-12-01 16:45:21,274 INFO o.s.b.w.s.c.ServletWebServerApplicationContext [main] Root WebApplicationContext: initialization completed in 3007 ms
2023-12-01 16:45:21,727 WARN o.s.b.a.o.j.JpaBaseConfiguration$JpaWebConfiguration [main] spring.jpa.open-in-view is enabled by default. Therefore, database queries may be performed during view rendering. Explicitly configure spring.jpa.open-in-view to disable this warning
2023-12-01 16:45:30,821 INFO o.h.j.i.u.LogHelper [main] HHH000204: Processing PersistenceUnitInfo [name: default]
2023-12-01 16:45:30,948 INFO o.h.Version [main] HHH000412: Hibernate ORM core version 5.4.32.Final
2023-12-01 16:45:31,225 INFO o.h.a.c.r.j.JavaReflectionManager [main] HCANN000001: Hibernate Commons Annotations {5.1.2.Final}
2023-12-01 16:45:31,551 INFO o.h.d.Dialect [main] HHH000400: Using dialect: org.hibernate.dialect.SQLServer2012Dialect
2023-12-01 16:45:33,049 INFO o.h.e.t.j.p.i.JtaPlatformInitiator [main] HHH000490: Using JtaPlatform implementation: [org.hibernate.engine.transaction.jta.platform.internal.NoJtaPlatform]
2023-12-01 16:45:33,068 INFO o.s.o.j.AbstractEntityManagerFactoryBean [main] Initialized JPA EntityManagerFactory for persistence unit 'default'
2023-12-01 16:45:39,378 INFO o.s.s.w.DefaultSecurityFilterChain [main] Will secure Ant [pattern='/api-docs/**'] with []
2023-12-01 16:45:39,379 INFO o.s.s.w.DefaultSecurityFilterChain [main] Will secure Ant [pattern='/swagger-ui/**'] with []
2023-12-01 16:45:39,379 INFO o.s.s.w.DefaultSecurityFilterChain [main] Will secure Ant [pattern='/swagger-ui.html'] with []
2023-12-01 16:45:39,380 INFO o.s.s.w.DefaultSecurityFilterChain [main] Will secure Ant [pattern='/account-managers/login'] with []
2023-12-01 16:45:39,380 INFO o.s.s.w.DefaultSecurityFilterChain [main] Will secure Ant [pattern='/account-managers/login-facebook'] with []
2023-12-01 16:45:39,380 INFO o.s.s.w.DefaultSecurityFilterChain [main] Will secure Ant [pattern='/account-managers/login-google'] with []
2023-12-01 16:45:39,381 INFO o.s.s.w.DefaultSecurityFilterChain [main] Will secure Ant [pattern='/users/authorization'] with []
2023-12-01 16:45:39,381 INFO o.s.s.w.DefaultSecurityFilterChain [main] Will secure Ant [pattern='/users/login-facebook'] with []
2023-12-01 16:45:39,381 INFO o.s.s.w.DefaultSecurityFilterChain [main] Will secure Ant [pattern='/users/login-google'] with []
2023-12-01 16:45:39,382 INFO o.s.s.w.DefaultSecurityFilterChain [main] Will secure Ant [pattern='/users/login-apple'] with []
2023-12-01 16:45:39,382 INFO o.s.s.w.DefaultSecurityFilterChain [main] Will secure Ant [pattern='/users/change-password'] with []
2023-12-01 16:45:39,383 INFO o.s.s.w.DefaultSecurityFilterChain [main] Will secure Ant [pattern='/browser-setting'] with []
2023-12-01 16:45:39,383 INFO o.s.s.w.DefaultSecurityFilterChain [main] Will secure Ant [pattern='/get-file-types'] with []
2023-12-01 16:45:39,606 INFO o.s.s.w.DefaultSecurityFilterChain [main] Will secure any request with [org.springframework.security.web.context.request.async.WebAsyncManagerIntegrationFilter@775b908f, org.springframework.security.web.context.SecurityContextPersistenceFilter@7784ff80, org.springframework.security.web.header.HeaderWriterFilter@384d40a5, org.springframework.security.web.authentication.logout.LogoutFilter@7ba8b91c, com.timekeeping.management.filter.JwtAuthenticationFilter@5fc444d0, org.springframework.security.web.savedrequest.RequestCacheAwareFilter@300788d6, org.springframework.security.web.servletapi.SecurityContextHolderAwareRequestFilter@6c551798, org.springframework.security.web.authentication.AnonymousAuthenticationFilter@41058886, org.springframework.security.web.session.SessionManagementFilter@3e755a96, org.springframework.security.web.access.ExceptionTranslationFilter@2e608993, org.springframework.security.web.access.intercept.FilterSecurityInterceptor@3b3d7eb6]
2023-12-01 16:45:43,041 INFO o.s.b.a.e.w.EndpointLinksResolver [main] Exposing 1 endpoint(s) beneath base path '/actuator'
2023-12-01 16:45:43,221 INFO o.s.b.w.e.t.TomcatWebServer [main] Tomcat started on port(s): 8083 (http) with context path '/api/management'
2023-12-01 16:45:43,251 INFO o.s.b.StartupInfoLogger [main] Started TimekeepingManagementApplication in 25.35 seconds (JVM running for 26.619)
2023-12-01 16:45:43,725 INFO o.s.w.s.FrameworkServlet [RMI TCP Connection(5)-192.168.1.8] Initializing Servlet 'dispatcherServlet'
2023-12-01 16:45:43,728 INFO o.s.w.s.FrameworkServlet [RMI TCP Connection(5)-192.168.1.8] Completed initialization in 2 ms
2023-12-01 16:51:52,949 INFO o.s.o.j.AbstractEntityManagerFactoryBean [SpringApplicationShutdownHook] Closing JPA EntityManagerFactory for persistence unit 'default'
2023-12-01 16:51:58,415 INFO o.h.v.i.u.Version [background-preinit] HV000001: Hibernate Validator 6.2.0.Final
2023-12-01 16:51:58,453 INFO o.s.b.StartupInfoLogger [main] Starting TimekeepingManagementApplication using Java 17.0.4 on PC-PHONG with PID 17128 (C:\Users\phong\Downloads\rikkeichamcong\TimekeepingManagement\timekeeping-management\target\classes started by phong in C:\Users\phong\Downloads\rikkeichamcong\TimekeepingCommon\timekeeping-common)
2023-12-01 16:51:58,457 INFO o.s.b.SpringApplication [main] No active profile set, falling back to default profiles: default
2023-12-01 16:51:59,199 INFO o.s.d.r.c.RepositoryConfigurationDelegate [main] Multiple Spring Data modules found, entering strict repository configuration mode!
2023-12-01 16:51:59,199 INFO o.s.d.r.c.RepositoryConfigurationDelegate [main] Bootstrapping Spring Data JPA repositories in DEFAULT mode.
2023-12-01 16:51:59,746 INFO o.s.d.r.c.RepositoryConfigurationDelegate [main] Finished Spring Data repository scanning in 538 ms. Found 7 JPA repository interfaces.
2023-12-01 16:52:00,534 INFO o.s.d.r.c.RepositoryConfigurationDelegate [main] Multiple Spring Data modules found, entering strict repository configuration mode!
2023-12-01 16:52:00,538 INFO o.s.d.r.c.RepositoryConfigurationDelegate [main] Bootstrapping Spring Data Redis repositories in DEFAULT mode.
2023-12-01 16:52:00,578 INFO o.s.d.r.c.RepositoryConfigurationDelegate [main] Finished Spring Data repository scanning in 21 ms. Found 0 Redis repository interfaces.
2023-12-01 16:52:01,343 INFO o.s.c.s.PostProcessorRegistrationDelegate$BeanPostProcessorChecker [main] Bean 'org.springframework.security.access.expression.method.DefaultMethodSecurityExpressionHandler@1537c744' of type [org.springframework.security.access.expression.method.DefaultMethodSecurityExpressionHandler] is not eligible for getting processed by all BeanPostProcessors (for example: not eligible for auto-proxying)
2023-12-01 16:52:01,350 INFO o.s.c.s.PostProcessorRegistrationDelegate$BeanPostProcessorChecker [main] Bean 'methodSecurityMetadataSource' of type [org.springframework.security.access.method.DelegatingMethodSecurityMetadataSource] is not eligible for getting processed by all BeanPostProcessors (for example: not eligible for auto-proxying)
2023-12-01 16:52:01,975 INFO o.s.b.w.e.t.TomcatWebServer [main] Tomcat initialized with port(s): 8083 (http)
2023-12-01 16:52:02,317 INFO o.s.b.w.s.c.ServletWebServerApplicationContext [main] Root WebApplicationContext: initialization completed in 3809 ms
2023-12-01 16:52:02,717 WARN o.s.b.a.o.j.JpaBaseConfiguration$JpaWebConfiguration [main] spring.jpa.open-in-view is enabled by default. Therefore, database queries may be performed during view rendering. Explicitly configure spring.jpa.open-in-view to disable this warning
2023-12-01 16:52:13,107 INFO o.h.j.i.u.LogHelper [main] HHH000204: Processing PersistenceUnitInfo [name: default]
2023-12-01 16:52:13,255 INFO o.h.Version [main] HHH000412: Hibernate ORM core version 5.4.32.Final
2023-12-01 16:52:13,616 INFO o.h.a.c.r.j.JavaReflectionManager [main] HCANN000001: Hibernate Commons Annotations {5.1.2.Final}
2023-12-01 16:52:14,047 INFO o.h.d.Dialect [main] HHH000400: Using dialect: org.hibernate.dialect.SQLServer2012Dialect
2023-12-01 16:52:15,662 INFO o.h.e.t.j.p.i.JtaPlatformInitiator [main] HHH000490: Using JtaPlatform implementation: [org.hibernate.engine.transaction.jta.platform.internal.NoJtaPlatform]
2023-12-01 16:52:15,683 INFO o.s.o.j.AbstractEntityManagerFactoryBean [main] Initialized JPA EntityManagerFactory for persistence unit 'default'
2023-12-01 16:52:22,358 INFO o.s.s.w.DefaultSecurityFilterChain [main] Will secure Ant [pattern='/api-docs/**'] with []
2023-12-01 16:52:22,358 INFO o.s.s.w.DefaultSecurityFilterChain [main] Will secure Ant [pattern='/swagger-ui/**'] with []
2023-12-01 16:52:22,359 INFO o.s.s.w.DefaultSecurityFilterChain [main] Will secure Ant [pattern='/swagger-ui.html'] with []
2023-12-01 16:52:22,359 INFO o.s.s.w.DefaultSecurityFilterChain [main] Will secure Ant [pattern='/account-managers/login'] with []
2023-12-01 16:52:22,359 INFO o.s.s.w.DefaultSecurityFilterChain [main] Will secure Ant [pattern='/account-managers/login-facebook'] with []
2023-12-01 16:52:22,359 INFO o.s.s.w.DefaultSecurityFilterChain [main] Will secure Ant [pattern='/account-managers/login-google'] with []
2023-12-01 16:52:22,360 INFO o.s.s.w.DefaultSecurityFilterChain [main] Will secure Ant [pattern='/users/authorization'] with []
2023-12-01 16:52:22,360 INFO o.s.s.w.DefaultSecurityFilterChain [main] Will secure Ant [pattern='/users/login-facebook'] with []
2023-12-01 16:52:22,360 INFO o.s.s.w.DefaultSecurityFilterChain [main] Will secure Ant [pattern='/users/login-google'] with []
2023-12-01 16:52:22,360 INFO o.s.s.w.DefaultSecurityFilterChain [main] Will secure Ant [pattern='/users/login-apple'] with []
2023-12-01 16:52:22,360 INFO o.s.s.w.DefaultSecurityFilterChain [main] Will secure Ant [pattern='/users/change-password'] with []
2023-12-01 16:52:22,361 INFO o.s.s.w.DefaultSecurityFilterChain [main] Will secure Ant [pattern='/browser-setting'] with []
2023-12-01 16:52:22,361 INFO o.s.s.w.DefaultSecurityFilterChain [main] Will secure Ant [pattern='/get-file-types'] with []
2023-12-01 16:52:22,538 INFO o.s.s.w.DefaultSecurityFilterChain [main] Will secure any request with [org.springframework.security.web.context.request.async.WebAsyncManagerIntegrationFilter@52602c48, org.springframework.security.web.context.SecurityContextPersistenceFilter@34bbfd4b, org.springframework.security.web.header.HeaderWriterFilter@2bdd6203, org.springframework.security.web.authentication.logout.LogoutFilter@332815a3, com.timekeeping.management.filter.JwtAuthenticationFilter@335d6f94, org.springframework.security.web.savedrequest.RequestCacheAwareFilter@11734d3d, org.springframework.security.web.servletapi.SecurityContextHolderAwareRequestFilter@2432c72c, org.springframework.security.web.authentication.AnonymousAuthenticationFilter@78c7a736, org.springframework.security.web.session.SessionManagementFilter@1efb1a38, org.springframework.security.web.access.ExceptionTranslationFilter@630fa11e, org.springframework.security.web.access.intercept.FilterSecurityInterceptor@69e87cbe]
2023-12-01 16:52:26,208 INFO o.s.b.a.e.w.EndpointLinksResolver [main] Exposing 1 endpoint(s) beneath base path '/actuator'
2023-12-01 16:52:26,328 INFO o.s.b.w.e.t.TomcatWebServer [main] Tomcat started on port(s): 8083 (http) with context path '/api/management'
2023-12-01 16:52:26,358 INFO o.s.b.StartupInfoLogger [main] Started TimekeepingManagementApplication in 28.314 seconds (JVM running for 29.534)
2023-12-01 16:52:26,510 INFO o.s.w.s.FrameworkServlet [RMI TCP Connection(2)-192.168.1.8] Initializing Servlet 'dispatcherServlet'
2023-12-01 16:52:26,511 INFO o.s.w.s.FrameworkServlet [RMI TCP Connection(2)-192.168.1.8] Completed initialization in 1 ms
2023-12-01 17:02:33,528 INFO o.s.o.j.AbstractEntityManagerFactoryBean [SpringApplicationShutdownHook] Closing JPA EntityManagerFactory for persistence unit 'default'
2023-12-01 17:02:36,680 INFO o.h.v.i.u.Version [background-preinit] HV000001: Hibernate Validator 6.2.0.Final
2023-12-01 17:02:36,702 INFO o.s.b.StartupInfoLogger [main] Starting TimekeepingManagementApplication using Java 17.0.4 on PC-PHONG with PID 34184 (C:\Users\phong\Downloads\rikkeichamcong\TimekeepingManagement\timekeeping-management\target\classes started by phong in C:\Users\phong\Downloads\rikkeichamcong\TimekeepingCommon\timekeeping-common)
2023-12-01 17:02:36,704 INFO o.s.b.SpringApplication [main] No active profile set, falling back to default profiles: default
2023-12-01 17:02:37,328 INFO o.s.d.r.c.RepositoryConfigurationDelegate [main] Multiple Spring Data modules found, entering strict repository configuration mode!
2023-12-01 17:02:37,328 INFO o.s.d.r.c.RepositoryConfigurationDelegate [main] Bootstrapping Spring Data JPA repositories in DEFAULT mode.
2023-12-01 17:02:37,735 INFO o.s.d.r.c.RepositoryConfigurationDelegate [main] Finished Spring Data repository scanning in 394 ms. Found 7 JPA repository interfaces.
2023-12-01 17:02:38,067 INFO o.s.d.r.c.RepositoryConfigurationDelegate [main] Multiple Spring Data modules found, entering strict repository configuration mode!
2023-12-01 17:02:38,068 INFO o.s.d.r.c.RepositoryConfigurationDelegate [main] Bootstrapping Spring Data Redis repositories in DEFAULT mode.
2023-12-01 17:02:38,081 INFO o.s.d.r.c.RepositoryConfigurationDelegate [main] Finished Spring Data repository scanning in 6 ms. Found 0 Redis repository interfaces.
2023-12-01 17:02:38,711 INFO o.s.c.s.PostProcessorRegistrationDelegate$BeanPostProcessorChecker [main] Bean 'org.springframework.security.access.expression.method.DefaultMethodSecurityExpressionHandler@1537e43' of type [org.springframework.security.access.expression.method.DefaultMethodSecurityExpressionHandler] is not eligible for getting processed by all BeanPostProcessors (for example: not eligible for auto-proxying)
2023-12-01 17:02:38,721 INFO o.s.c.s.PostProcessorRegistrationDelegate$BeanPostProcessorChecker [main] Bean 'methodSecurityMetadataSource' of type [org.springframework.security.access.method.DelegatingMethodSecurityMetadataSource] is not eligible for getting processed by all BeanPostProcessors (for example: not eligible for auto-proxying)
2023-12-01 17:02:39,267 INFO o.s.b.w.e.t.TomcatWebServer [main] Tomcat initialized with port(s): 8083 (http)
2023-12-01 17:02:39,614 INFO o.s.b.w.s.c.ServletWebServerApplicationContext [main] Root WebApplicationContext: initialization completed in 2862 ms
2023-12-01 17:02:39,986 WARN o.s.b.a.o.j.JpaBaseConfiguration$JpaWebConfiguration [main] spring.jpa.open-in-view is enabled by default. Therefore, database queries may be performed during view rendering. Explicitly configure spring.jpa.open-in-view to disable this warning
2023-12-01 17:02:47,136 INFO o.h.j.i.u.LogHelper [main] HHH000204: Processing PersistenceUnitInfo [name: default]
2023-12-01 17:02:47,211 INFO o.h.Version [main] HHH000412: Hibernate ORM core version 5.4.32.Final
2023-12-01 17:02:47,401 INFO o.h.a.c.r.j.JavaReflectionManager [main] HCANN000001: Hibernate Commons Annotations {5.1.2.Final}
2023-12-01 17:02:47,567 INFO o.h.d.Dialect [main] HHH000400: Using dialect: org.hibernate.dialect.SQLServer2012Dialect
2023-12-01 17:02:48,265 INFO o.h.e.t.j.p.i.JtaPlatformInitiator [main] HHH000490: Using JtaPlatform implementation: [org.hibernate.engine.transaction.jta.platform.internal.NoJtaPlatform]
2023-12-01 17:02:48,272 INFO o.s.o.j.AbstractEntityManagerFactoryBean [main] Initialized JPA EntityManagerFactory for persistence unit 'default'
2023-12-01 17:02:49,535 INFO o.s.s.w.DefaultSecurityFilterChain [main] Will secure Ant [pattern='/api-docs/**'] with []
2023-12-01 17:02:49,535 INFO o.s.s.w.DefaultSecurityFilterChain [main] Will secure Ant [pattern='/swagger-ui/**'] with []
2023-12-01 17:02:49,535 INFO o.s.s.w.DefaultSecurityFilterChain [main] Will secure Ant [pattern='/swagger-ui.html'] with []
2023-12-01 17:02:49,535 INFO o.s.s.w.DefaultSecurityFilterChain [main] Will secure Ant [pattern='/account-managers/login'] with []
2023-12-01 17:02:49,535 INFO o.s.s.w.DefaultSecurityFilterChain [main] Will secure Ant [pattern='/account-managers/login-facebook'] with []
2023-12-01 17:02:49,535 INFO o.s.s.w.DefaultSecurityFilterChain [main] Will secure Ant [pattern='/account-managers/login-google'] with []
2023-12-01 17:02:49,535 INFO o.s.s.w.DefaultSecurityFilterChain [main] Will secure Ant [pattern='/users/authorization'] with []
2023-12-01 17:02:49,535 INFO o.s.s.w.DefaultSecurityFilterChain [main] Will secure Ant [pattern='/users/login-facebook'] with []
2023-12-01 17:02:49,535 INFO o.s.s.w.DefaultSecurityFilterChain [main] Will secure Ant [pattern='/users/login-google'] with []
2023-12-01 17:02:49,535 INFO o.s.s.w.DefaultSecurityFilterChain [main] Will secure Ant [pattern='/users/login-apple'] with []
2023-12-01 17:02:49,536 INFO o.s.s.w.DefaultSecurityFilterChain [main] Will secure Ant [pattern='/users/change-password'] with []
2023-12-01 17:02:49,536 INFO o.s.s.w.DefaultSecurityFilterChain [main] Will secure Ant [pattern='/browser-setting'] with []
2023-12-01 17:02:49,536 INFO o.s.s.w.DefaultSecurityFilterChain [main] Will secure Ant [pattern='/get-file-types'] with []
2023-12-01 17:02:49,566 INFO o.s.s.w.DefaultSecurityFilterChain [main] Will secure any request with [org.springframework.security.web.context.request.async.WebAsyncManagerIntegrationFilter@2432c72c, org.springframework.security.web.context.SecurityContextPersistenceFilter@109a4e10, org.springframework.security.web.header.HeaderWriterFilter@5496cd02, org.springframework.security.web.authentication.logout.LogoutFilter@1ef50c3b, com.timekeeping.management.filter.JwtAuthenticationFilter@347b27f3, org.springframework.security.web.savedrequest.RequestCacheAwareFilter@2f6601f4, org.springframework.security.web.servletapi.SecurityContextHolderAwareRequestFilter@73ce6315, org.springframework.security.web.authentication.AnonymousAuthenticationFilter@300788d6, org.springframework.security.web.session.SessionManagementFilter@693e254e, org.springframework.security.web.access.ExceptionTranslationFilter@579a6e64, org.springframework.security.web.access.intercept.FilterSecurityInterceptor@3e755a96]
2023-12-01 17:02:50,663 INFO o.s.b.a.e.w.EndpointLinksResolver [main] Exposing 1 endpoint(s) beneath base path '/actuator'
2023-12-01 17:02:50,707 INFO o.s.b.w.e.t.TomcatWebServer [main] Tomcat started on port(s): 8083 (http) with context path '/api/management'
2023-12-01 17:02:50,719 INFO o.s.b.StartupInfoLogger [main] Started TimekeepingManagementApplication in 14.334 seconds (JVM running for 15.571)
2023-12-01 17:02:51,038 INFO o.s.w.s.FrameworkServlet [RMI TCP Connection(2)-192.168.1.8] Initializing Servlet 'dispatcherServlet'
2023-12-01 17:02:51,039 INFO o.s.w.s.FrameworkServlet [RMI TCP Connection(2)-192.168.1.8] Completed initialization in 1 ms
