2023-11-22 07:10:17,137 INFO o.s.o.j.AbstractEntityManagerFactoryBean [SpringApplicationShutdownHook] Closing JPA EntityManagerFactory for persistence unit 'default'
2023-11-22 07:10:26,253 INFO o.h.v.i.u.Version [background-preinit] HV000001: Hibernate Validator 6.2.0.Final
2023-11-22 07:10:26,296 INFO o.s.b.StartupInfoLogger [main] Starting TimekeepingManagementApplication using Java 17.0.4 on PC-PHONG with PID 26172 (C:\Users\phong\Downloads\rikkeichamcong\TimekeepingManagement\timekeeping-management\target\classes started by phong in C:\Users\phong\Downloads\rikkeichamcong\TimekeepingCommon\timekeeping-common)
2023-11-22 07:10:26,300 INFO o.s.b.SpringApplication [main] No active profile set, falling back to default profiles: default
2023-11-22 07:10:27,186 INFO o.s.d.r.c.RepositoryConfigurationDelegate [main] Multiple Spring Data modules found, entering strict repository configuration mode!
2023-11-22 07:10:27,187 INFO o.s.d.r.c.RepositoryConfigurationDelegate [main] Bootstrapping Spring Data JPA repositories in DEFAULT mode.
2023-11-22 07:10:27,958 INFO o.s.d.r.c.RepositoryConfigurationDelegate [main] Finished Spring Data repository scanning in 760 ms. Found 7 JPA repository interfaces.
2023-11-22 07:10:28,533 INFO o.s.d.r.c.RepositoryConfigurationDelegate [main] Multiple Spring Data modules found, entering strict repository configuration mode!
2023-11-22 07:10:28,535 INFO o.s.d.r.c.RepositoryConfigurationDelegate [main] Bootstrapping Spring Data Redis repositories in DEFAULT mode.
2023-11-22 07:10:28,556 INFO o.s.d.r.c.RepositoryConfigurationDelegate [main] Finished Spring Data repository scanning in 7 ms. Found 0 Redis repository interfaces.
2023-11-22 07:10:29,077 INFO o.s.c.s.PostProcessorRegistrationDelegate$BeanPostProcessorChecker [main] Bean 'org.springframework.security.access.expression.method.DefaultMethodSecurityExpressionHandler@1d91fa02' of type [org.springframework.security.access.expression.method.DefaultMethodSecurityExpressionHandler] is not eligible for getting processed by all BeanPostProcessors (for example: not eligible for auto-proxying)
2023-11-22 07:10:29,084 INFO o.s.c.s.PostProcessorRegistrationDelegate$BeanPostProcessorChecker [main] Bean 'methodSecurityMetadataSource' of type [org.springframework.security.access.method.DelegatingMethodSecurityMetadataSource] is not eligible for getting processed by all BeanPostProcessors (for example: not eligible for auto-proxying)
2023-11-22 07:10:29,445 INFO o.s.b.w.e.t.TomcatWebServer [main] Tomcat initialized with port(s): 8083 (http)
2023-11-22 07:10:29,625 INFO o.s.b.w.s.c.ServletWebServerApplicationContext [main] Root WebApplicationContext: initialization completed in 3271 ms
2023-11-22 07:10:29,811 WARN o.s.b.a.o.j.JpaBaseConfiguration$JpaWebConfiguration [main] spring.jpa.open-in-view is enabled by default. Therefore, database queries may be performed during view rendering. Explicitly configure spring.jpa.open-in-view to disable this warning
2023-11-22 07:10:35,668 INFO o.h.j.i.u.LogHelper [main] HHH000204: Processing PersistenceUnitInfo [name: default]
2023-11-22 07:10:35,743 INFO o.h.Version [main] HHH000412: Hibernate ORM core version 5.4.32.Final
2023-11-22 07:10:35,933 INFO o.h.a.c.r.j.JavaReflectionManager [main] HCANN000001: Hibernate Commons Annotations {5.1.2.Final}
2023-11-22 07:10:36,172 INFO o.h.d.Dialect [main] HHH000400: Using dialect: org.hibernate.dialect.SQLServer2012Dialect
2023-11-22 07:10:37,018 INFO o.h.e.t.j.p.i.JtaPlatformInitiator [main] HHH000490: Using JtaPlatform implementation: [org.hibernate.engine.transaction.jta.platform.internal.NoJtaPlatform]
2023-11-22 07:10:37,028 INFO o.s.o.j.AbstractEntityManagerFactoryBean [main] Initialized JPA EntityManagerFactory for persistence unit 'default'
2023-11-22 07:10:38,829 INFO o.s.s.w.DefaultSecurityFilterChain [main] Will secure Ant [pattern='/api-docs/**'] with []
2023-11-22 07:10:38,829 INFO o.s.s.w.DefaultSecurityFilterChain [main] Will secure Ant [pattern='/swagger-ui/**'] with []
2023-11-22 07:10:38,829 INFO o.s.s.w.DefaultSecurityFilterChain [main] Will secure Ant [pattern='/swagger-ui.html'] with []
2023-11-22 07:10:38,830 INFO o.s.s.w.DefaultSecurityFilterChain [main] Will secure Ant [pattern='/account-managers/login'] with []
2023-11-22 07:10:38,830 INFO o.s.s.w.DefaultSecurityFilterChain [main] Will secure Ant [pattern='/account-managers/login-facebook'] with []
2023-11-22 07:10:38,830 INFO o.s.s.w.DefaultSecurityFilterChain [main] Will secure Ant [pattern='/account-managers/login-google'] with []
2023-11-22 07:10:38,830 INFO o.s.s.w.DefaultSecurityFilterChain [main] Will secure Ant [pattern='/users/authorization'] with []
2023-11-22 07:10:38,830 INFO o.s.s.w.DefaultSecurityFilterChain [main] Will secure Ant [pattern='/users/login-facebook'] with []
2023-11-22 07:10:38,830 INFO o.s.s.w.DefaultSecurityFilterChain [main] Will secure Ant [pattern='/users/login-google'] with []
2023-11-22 07:10:38,830 INFO o.s.s.w.DefaultSecurityFilterChain [main] Will secure Ant [pattern='/users/login-apple'] with []
2023-11-22 07:10:38,831 INFO o.s.s.w.DefaultSecurityFilterChain [main] Will secure Ant [pattern='/users/change-password'] with []
2023-11-22 07:10:38,831 INFO o.s.s.w.DefaultSecurityFilterChain [main] Will secure Ant [pattern='/browser-setting'] with []
2023-11-22 07:10:38,831 INFO o.s.s.w.DefaultSecurityFilterChain [main] Will secure Ant [pattern='/get-file-types'] with []
2023-11-22 07:10:38,876 INFO o.s.s.w.DefaultSecurityFilterChain [main] Will secure any request with [org.springframework.security.web.context.request.async.WebAsyncManagerIntegrationFilter@716d4283, org.springframework.security.web.context.SecurityContextPersistenceFilter@607524ff, org.springframework.security.web.header.HeaderWriterFilter@19b0f61c, org.springframework.security.web.authentication.logout.LogoutFilter@550fe9d7, com.timekeeping.management.filter.JwtAuthenticationFilter@7c458ad3, org.springframework.security.web.savedrequest.RequestCacheAwareFilter@76b11572, org.springframework.security.web.servletapi.SecurityContextHolderAwareRequestFilter@21f9b360, org.springframework.security.web.authentication.AnonymousAuthenticationFilter@1c1082d9, org.springframework.security.web.session.SessionManagementFilter@4daf3b31, org.springframework.security.web.access.ExceptionTranslationFilter@18212778, org.springframework.security.web.access.intercept.FilterSecurityInterceptor@452506b9]
2023-11-22 07:10:40,360 INFO o.s.b.a.e.w.EndpointLinksResolver [main] Exposing 1 endpoint(s) beneath base path '/actuator'
2023-11-22 07:10:40,424 INFO o.s.b.w.e.t.TomcatWebServer [main] Tomcat started on port(s): 8083 (http) with context path '/api/management'
2023-11-22 07:10:40,437 INFO o.s.b.StartupInfoLogger [main] Started TimekeepingManagementApplication in 14.614 seconds (JVM running for 16.11)
2023-11-22 07:10:40,916 INFO o.s.w.s.FrameworkServlet [RMI TCP Connection(3)-192.168.0.107] Initializing Servlet 'dispatcherServlet'
2023-11-22 07:10:40,917 INFO o.s.w.s.FrameworkServlet [RMI TCP Connection(3)-192.168.0.107] Completed initialization in 1 ms
2023-11-22 07:22:23,279 INFO o.s.o.j.AbstractEntityManagerFactoryBean [SpringApplicationShutdownHook] Closing JPA EntityManagerFactory for persistence unit 'default'
2023-11-22 07:22:29,471 INFO o.h.v.i.u.Version [background-preinit] HV000001: Hibernate Validator 6.2.0.Final
2023-11-22 07:22:29,507 INFO o.s.b.StartupInfoLogger [main] Starting TimekeepingManagementApplication using Java 17.0.4 on PC-PHONG with PID 17128 (C:\Users\phong\Downloads\rikkeichamcong\TimekeepingManagement\timekeeping-management\target\classes started by phong in C:\Users\phong\Downloads\rikkeichamcong\TimekeepingCommon\timekeeping-common)
2023-11-22 07:22:29,509 INFO o.s.b.SpringApplication [main] No active profile set, falling back to default profiles: default
2023-11-22 07:22:30,105 INFO o.s.d.r.c.RepositoryConfigurationDelegate [main] Multiple Spring Data modules found, entering strict repository configuration mode!
2023-11-22 07:22:30,105 INFO o.s.d.r.c.RepositoryConfigurationDelegate [main] Bootstrapping Spring Data JPA repositories in DEFAULT mode.
2023-11-22 07:22:30,454 INFO o.s.d.r.c.RepositoryConfigurationDelegate [main] Finished Spring Data repository scanning in 341 ms. Found 7 JPA repository interfaces.
2023-11-22 07:22:30,771 INFO o.s.d.r.c.RepositoryConfigurationDelegate [main] Multiple Spring Data modules found, entering strict repository configuration mode!
2023-11-22 07:22:30,773 INFO o.s.d.r.c.RepositoryConfigurationDelegate [main] Bootstrapping Spring Data Redis repositories in DEFAULT mode.
2023-11-22 07:22:30,784 INFO o.s.d.r.c.RepositoryConfigurationDelegate [main] Finished Spring Data repository scanning in 4 ms. Found 0 Redis repository interfaces.
2023-11-22 07:22:31,074 INFO o.s.c.s.PostProcessorRegistrationDelegate$BeanPostProcessorChecker [main] Bean 'org.springframework.security.access.expression.method.DefaultMethodSecurityExpressionHandler@2f15a964' of type [org.springframework.security.access.expression.method.DefaultMethodSecurityExpressionHandler] is not eligible for getting processed by all BeanPostProcessors (for example: not eligible for auto-proxying)
2023-11-22 07:22:31,078 INFO o.s.c.s.PostProcessorRegistrationDelegate$BeanPostProcessorChecker [main] Bean 'methodSecurityMetadataSource' of type [org.springframework.security.access.method.DelegatingMethodSecurityMetadataSource] is not eligible for getting processed by all BeanPostProcessors (for example: not eligible for auto-proxying)
2023-11-22 07:22:31,295 INFO o.s.b.w.e.t.TomcatWebServer [main] Tomcat initialized with port(s): 8083 (http)
2023-11-22 07:22:31,418 INFO o.s.b.w.s.c.ServletWebServerApplicationContext [main] Root WebApplicationContext: initialization completed in 1870 ms
2023-11-22 07:22:31,567 WARN o.s.b.a.o.j.JpaBaseConfiguration$JpaWebConfiguration [main] spring.jpa.open-in-view is enabled by default. Therefore, database queries may be performed during view rendering. Explicitly configure spring.jpa.open-in-view to disable this warning
2023-11-22 07:22:35,364 INFO o.h.j.i.u.LogHelper [main] HHH000204: Processing PersistenceUnitInfo [name: default]
2023-11-22 07:22:35,427 INFO o.h.Version [main] HHH000412: Hibernate ORM core version 5.4.32.Final
2023-11-22 07:22:35,564 INFO o.h.a.c.r.j.JavaReflectionManager [main] HCANN000001: Hibernate Commons Annotations {5.1.2.Final}
2023-11-22 07:22:35,729 INFO o.h.d.Dialect [main] HHH000400: Using dialect: org.hibernate.dialect.SQLServer2012Dialect
2023-11-22 07:22:36,495 INFO o.h.e.t.j.p.i.JtaPlatformInitiator [main] HHH000490: Using JtaPlatform implementation: [org.hibernate.engine.transaction.jta.platform.internal.NoJtaPlatform]
2023-11-22 07:22:36,506 INFO o.s.o.j.AbstractEntityManagerFactoryBean [main] Initialized JPA EntityManagerFactory for persistence unit 'default'
2023-11-22 07:22:37,890 INFO o.s.s.w.DefaultSecurityFilterChain [main] Will secure Ant [pattern='/api-docs/**'] with []
2023-11-22 07:22:37,890 INFO o.s.s.w.DefaultSecurityFilterChain [main] Will secure Ant [pattern='/swagger-ui/**'] with []
2023-11-22 07:22:37,890 INFO o.s.s.w.DefaultSecurityFilterChain [main] Will secure Ant [pattern='/swagger-ui.html'] with []
2023-11-22 07:22:37,890 INFO o.s.s.w.DefaultSecurityFilterChain [main] Will secure Ant [pattern='/account-managers/login'] with []
2023-11-22 07:22:37,890 INFO o.s.s.w.DefaultSecurityFilterChain [main] Will secure Ant [pattern='/account-managers/login-facebook'] with []
2023-11-22 07:22:37,890 INFO o.s.s.w.DefaultSecurityFilterChain [main] Will secure Ant [pattern='/account-managers/login-google'] with []
2023-11-22 07:22:37,890 INFO o.s.s.w.DefaultSecurityFilterChain [main] Will secure Ant [pattern='/users/authorization'] with []
2023-11-22 07:22:37,891 INFO o.s.s.w.DefaultSecurityFilterChain [main] Will secure Ant [pattern='/users/login-facebook'] with []
2023-11-22 07:22:37,891 INFO o.s.s.w.DefaultSecurityFilterChain [main] Will secure Ant [pattern='/users/login-google'] with []
2023-11-22 07:22:37,891 INFO o.s.s.w.DefaultSecurityFilterChain [main] Will secure Ant [pattern='/users/login-apple'] with []
2023-11-22 07:22:37,891 INFO o.s.s.w.DefaultSecurityFilterChain [main] Will secure Ant [pattern='/users/change-password'] with []
2023-11-22 07:22:37,891 INFO o.s.s.w.DefaultSecurityFilterChain [main] Will secure Ant [pattern='/browser-setting'] with []
2023-11-22 07:22:37,891 INFO o.s.s.w.DefaultSecurityFilterChain [main] Will secure Ant [pattern='/get-file-types'] with []
2023-11-22 07:22:37,924 INFO o.s.s.w.DefaultSecurityFilterChain [main] Will secure any request with [org.springframework.security.web.context.request.async.WebAsyncManagerIntegrationFilter@3a9a1adf, org.springframework.security.web.context.SecurityContextPersistenceFilter@33e2808e, org.springframework.security.web.header.HeaderWriterFilter@710959b3, org.springframework.security.web.authentication.logout.LogoutFilter@2184c27b, com.timekeeping.management.filter.JwtAuthenticationFilter@40957c86, org.springframework.security.web.savedrequest.RequestCacheAwareFilter@7d963aca, org.springframework.security.web.servletapi.SecurityContextHolderAwareRequestFilter@607524ff, org.springframework.security.web.authentication.AnonymousAuthenticationFilter@28d4c7ec, org.springframework.security.web.session.SessionManagementFilter@4c963d59, org.springframework.security.web.access.ExceptionTranslationFilter@2432c72c, org.springframework.security.web.access.intercept.FilterSecurityInterceptor@4febb6e6]
2023-11-22 07:22:39,162 INFO o.s.b.a.e.w.EndpointLinksResolver [main] Exposing 1 endpoint(s) beneath base path '/actuator'
2023-11-22 07:22:39,214 INFO o.s.b.w.e.t.TomcatWebServer [main] Tomcat started on port(s): 8083 (http) with context path '/api/management'
2023-11-22 07:22:39,226 INFO o.s.b.StartupInfoLogger [main] Started TimekeepingManagementApplication in 10.059 seconds (JVM running for 11.018)
2023-11-22 07:22:39,651 INFO o.s.w.s.FrameworkServlet [RMI TCP Connection(2)-192.168.0.107] Initializing Servlet 'dispatcherServlet'
2023-11-22 07:22:39,652 INFO o.s.w.s.FrameworkServlet [RMI TCP Connection(2)-192.168.0.107] Completed initialization in 1 ms
2023-11-22 10:10:59,175 INFO o.s.o.j.AbstractEntityManagerFactoryBean [SpringApplicationShutdownHook] Closing JPA EntityManagerFactory for persistence unit 'default'
2023-11-22 10:11:04,541 INFO o.h.v.i.u.Version [background-preinit] HV000001: Hibernate Validator 6.2.0.Final
2023-11-22 10:11:04,581 INFO o.s.b.StartupInfoLogger [main] Starting TimekeepingManagementApplication using Java 17.0.4 on PC-PHONG with PID 11496 (C:\Users\phong\Downloads\rikkeichamcong\TimekeepingManagement\timekeeping-management\target\classes started by phong in C:\Users\phong\Downloads\rikkeichamcong\TimekeepingCommon\timekeeping-common)
2023-11-22 10:11:04,586 INFO o.s.b.SpringApplication [main] No active profile set, falling back to default profiles: default
2023-11-22 10:11:05,270 INFO o.s.d.r.c.RepositoryConfigurationDelegate [main] Multiple Spring Data modules found, entering strict repository configuration mode!
2023-11-22 10:11:05,271 INFO o.s.d.r.c.RepositoryConfigurationDelegate [main] Bootstrapping Spring Data JPA repositories in DEFAULT mode.
2023-11-22 10:11:05,697 INFO o.s.d.r.c.RepositoryConfigurationDelegate [main] Finished Spring Data repository scanning in 418 ms. Found 7 JPA repository interfaces.
2023-11-22 10:11:06,012 INFO o.s.d.r.c.RepositoryConfigurationDelegate [main] Multiple Spring Data modules found, entering strict repository configuration mode!
2023-11-22 10:11:06,012 INFO o.s.d.r.c.RepositoryConfigurationDelegate [main] Bootstrapping Spring Data Redis repositories in DEFAULT mode.
2023-11-22 10:11:06,025 INFO o.s.d.r.c.RepositoryConfigurationDelegate [main] Finished Spring Data repository scanning in 4 ms. Found 0 Redis repository interfaces.
2023-11-22 10:11:06,766 INFO o.s.c.s.PostProcessorRegistrationDelegate$BeanPostProcessorChecker [main] Bean 'org.springframework.security.access.expression.method.DefaultMethodSecurityExpressionHandler@1578fa9' of type [org.springframework.security.access.expression.method.DefaultMethodSecurityExpressionHandler] is not eligible for getting processed by all BeanPostProcessors (for example: not eligible for auto-proxying)
2023-11-22 10:11:06,776 INFO o.s.c.s.PostProcessorRegistrationDelegate$BeanPostProcessorChecker [main] Bean 'methodSecurityMetadataSource' of type [org.springframework.security.access.method.DelegatingMethodSecurityMetadataSource] is not eligible for getting processed by all BeanPostProcessors (for example: not eligible for auto-proxying)
2023-11-22 10:11:07,468 INFO o.s.b.w.e.t.TomcatWebServer [main] Tomcat initialized with port(s): 8083 (http)
2023-11-22 10:11:07,828 INFO o.s.b.w.s.c.ServletWebServerApplicationContext [main] Root WebApplicationContext: initialization completed in 3200 ms
2023-11-22 10:11:08,241 WARN o.s.b.a.o.j.JpaBaseConfiguration$JpaWebConfiguration [main] spring.jpa.open-in-view is enabled by default. Therefore, database queries may be performed during view rendering. Explicitly configure spring.jpa.open-in-view to disable this warning
2023-11-22 10:11:19,399 INFO o.h.j.i.u.LogHelper [main] HHH000204: Processing PersistenceUnitInfo [name: default]
2023-11-22 10:11:19,564 INFO o.h.Version [main] HHH000412: Hibernate ORM core version 5.4.32.Final
2023-11-22 10:11:19,916 INFO o.h.a.c.r.j.JavaReflectionManager [main] HCANN000001: Hibernate Commons Annotations {5.1.2.Final}
2023-11-22 10:11:20,304 INFO o.h.d.Dialect [main] HHH000400: Using dialect: org.hibernate.dialect.SQLServer2012Dialect
2023-11-22 10:11:22,056 INFO o.h.e.t.j.p.i.JtaPlatformInitiator [main] HHH000490: Using JtaPlatform implementation: [org.hibernate.engine.transaction.jta.platform.internal.NoJtaPlatform]
2023-11-22 10:11:22,082 INFO o.s.o.j.AbstractEntityManagerFactoryBean [main] Initialized JPA EntityManagerFactory for persistence unit 'default'
2023-11-22 10:11:26,127 INFO o.s.s.w.DefaultSecurityFilterChain [main] Will secure Ant [pattern='/api-docs/**'] with []
2023-11-22 10:11:26,127 INFO o.s.s.w.DefaultSecurityFilterChain [main] Will secure Ant [pattern='/swagger-ui/**'] with []
2023-11-22 10:11:26,128 INFO o.s.s.w.DefaultSecurityFilterChain [main] Will secure Ant [pattern='/swagger-ui.html'] with []
2023-11-22 10:11:26,128 INFO o.s.s.w.DefaultSecurityFilterChain [main] Will secure Ant [pattern='/account-managers/login'] with []
2023-11-22 10:11:26,128 INFO o.s.s.w.DefaultSecurityFilterChain [main] Will secure Ant [pattern='/account-managers/login-facebook'] with []
2023-11-22 10:11:26,128 INFO o.s.s.w.DefaultSecurityFilterChain [main] Will secure Ant [pattern='/account-managers/login-google'] with []
2023-11-22 10:11:26,129 INFO o.s.s.w.DefaultSecurityFilterChain [main] Will secure Ant [pattern='/users/authorization'] with []
2023-11-22 10:11:26,129 INFO o.s.s.w.DefaultSecurityFilterChain [main] Will secure Ant [pattern='/users/login-facebook'] with []
2023-11-22 10:11:26,129 INFO o.s.s.w.DefaultSecurityFilterChain [main] Will secure Ant [pattern='/users/login-google'] with []
2023-11-22 10:11:26,129 INFO o.s.s.w.DefaultSecurityFilterChain [main] Will secure Ant [pattern='/users/login-apple'] with []
2023-11-22 10:11:26,130 INFO o.s.s.w.DefaultSecurityFilterChain [main] Will secure Ant [pattern='/users/change-password'] with []
2023-11-22 10:11:26,130 INFO o.s.s.w.DefaultSecurityFilterChain [main] Will secure Ant [pattern='/browser-setting'] with []
2023-11-22 10:11:26,130 INFO o.s.s.w.DefaultSecurityFilterChain [main] Will secure Ant [pattern='/get-file-types'] with []
2023-11-22 10:11:26,235 INFO o.s.s.w.DefaultSecurityFilterChain [main] Will secure any request with [org.springframework.security.web.context.request.async.WebAsyncManagerIntegrationFilter@10de92aa, org.springframework.security.web.context.SecurityContextPersistenceFilter@550fe9d7, org.springframework.security.web.header.HeaderWriterFilter@62c72490, org.springframework.security.web.authentication.logout.LogoutFilter@2e00032d, com.timekeeping.management.filter.JwtAuthenticationFilter@68321229, org.springframework.security.web.savedrequest.RequestCacheAwareFilter@65fbb726, org.springframework.security.web.servletapi.SecurityContextHolderAwareRequestFilter@7122b1ff, org.springframework.security.web.authentication.AnonymousAuthenticationFilter@9c53820, org.springframework.security.web.session.SessionManagementFilter@3fbf4614, org.springframework.security.web.access.ExceptionTranslationFilter@520dc647, org.springframework.security.web.access.intercept.FilterSecurityInterceptor@229762ab]
2023-11-22 10:11:29,041 INFO o.s.b.a.e.w.EndpointLinksResolver [main] Exposing 1 endpoint(s) beneath base path '/actuator'
2023-11-22 10:11:29,175 INFO o.s.b.w.e.t.TomcatWebServer [main] Tomcat started on port(s): 8083 (http) with context path '/api/management'
2023-11-22 10:11:29,207 INFO o.s.b.StartupInfoLogger [main] Started TimekeepingManagementApplication in 24.958 seconds (JVM running for 26.111)
2023-11-22 10:11:29,605 INFO o.s.w.s.FrameworkServlet [RMI TCP Connection(2)-192.168.1.8] Initializing Servlet 'dispatcherServlet'
2023-11-22 10:11:29,607 INFO o.s.w.s.FrameworkServlet [RMI TCP Connection(2)-192.168.1.8] Completed initialization in 2 ms
2023-11-22 10:16:41,299 INFO o.s.o.j.AbstractEntityManagerFactoryBean [SpringApplicationShutdownHook] Closing JPA EntityManagerFactory for persistence unit 'default'
2023-11-22 10:16:46,529 INFO o.h.v.i.u.Version [background-preinit] HV000001: Hibernate Validator 6.2.0.Final
2023-11-22 10:16:46,558 INFO o.s.b.StartupInfoLogger [main] Starting TimekeepingManagementApplication using Java 17.0.4 on PC-PHONG with PID 33952 (C:\Users\phong\Downloads\rikkeichamcong\TimekeepingManagement\timekeeping-management\target\classes started by phong in C:\Users\phong\Downloads\rikkeichamcong\TimekeepingCommon\timekeeping-common)
2023-11-22 10:16:46,564 INFO o.s.b.SpringApplication [main] No active profile set, falling back to default profiles: default
2023-11-22 10:16:47,146 INFO o.s.d.r.c.RepositoryConfigurationDelegate [main] Multiple Spring Data modules found, entering strict repository configuration mode!
2023-11-22 10:16:47,146 INFO o.s.d.r.c.RepositoryConfigurationDelegate [main] Bootstrapping Spring Data JPA repositories in DEFAULT mode.
2023-11-22 10:16:47,446 INFO o.s.d.r.c.RepositoryConfigurationDelegate [main] Finished Spring Data repository scanning in 295 ms. Found 7 JPA repository interfaces.
2023-11-22 10:16:47,728 INFO o.s.d.r.c.RepositoryConfigurationDelegate [main] Multiple Spring Data modules found, entering strict repository configuration mode!
2023-11-22 10:16:47,729 INFO o.s.d.r.c.RepositoryConfigurationDelegate [main] Bootstrapping Spring Data Redis repositories in DEFAULT mode.
2023-11-22 10:16:47,740 INFO o.s.d.r.c.RepositoryConfigurationDelegate [main] Finished Spring Data repository scanning in 4 ms. Found 0 Redis repository interfaces.
2023-11-22 10:16:47,980 INFO o.s.c.s.PostProcessorRegistrationDelegate$BeanPostProcessorChecker [main] Bean 'org.springframework.security.access.expression.method.DefaultMethodSecurityExpressionHandler@3111631d' of type [org.springframework.security.access.expression.method.DefaultMethodSecurityExpressionHandler] is not eligible for getting processed by all BeanPostProcessors (for example: not eligible for auto-proxying)
2023-11-22 10:16:47,983 INFO o.s.c.s.PostProcessorRegistrationDelegate$BeanPostProcessorChecker [main] Bean 'methodSecurityMetadataSource' of type [org.springframework.security.access.method.DelegatingMethodSecurityMetadataSource] is not eligible for getting processed by all BeanPostProcessors (for example: not eligible for auto-proxying)
2023-11-22 10:16:48,204 INFO o.s.b.w.e.t.TomcatWebServer [main] Tomcat initialized with port(s): 8083 (http)
2023-11-22 10:16:48,310 INFO o.s.b.w.s.c.ServletWebServerApplicationContext [main] Root WebApplicationContext: initialization completed in 1700 ms
2023-11-22 10:16:48,627 WARN o.s.b.a.o.j.JpaBaseConfiguration$JpaWebConfiguration [main] spring.jpa.open-in-view is enabled by default. Therefore, database queries may be performed during view rendering. Explicitly configure spring.jpa.open-in-view to disable this warning
2023-11-22 10:17:00,416 INFO o.h.j.i.u.LogHelper [main] HHH000204: Processing PersistenceUnitInfo [name: default]
2023-11-22 10:17:00,569 INFO o.h.Version [main] HHH000412: Hibernate ORM core version 5.4.32.Final
2023-11-22 10:17:00,925 INFO o.h.a.c.r.j.JavaReflectionManager [main] HCANN000001: Hibernate Commons Annotations {5.1.2.Final}
2023-11-22 10:17:01,348 INFO o.h.d.Dialect [main] HHH000400: Using dialect: org.hibernate.dialect.SQLServer2012Dialect
2023-11-22 10:17:02,972 INFO o.h.e.t.j.p.i.JtaPlatformInitiator [main] HHH000490: Using JtaPlatform implementation: [org.hibernate.engine.transaction.jta.platform.internal.NoJtaPlatform]
2023-11-22 10:17:02,997 INFO o.s.o.j.AbstractEntityManagerFactoryBean [main] Initialized JPA EntityManagerFactory for persistence unit 'default'
2023-11-22 10:17:06,588 INFO o.s.s.w.DefaultSecurityFilterChain [main] Will secure Ant [pattern='/api-docs/**'] with []
2023-11-22 10:17:06,588 INFO o.s.s.w.DefaultSecurityFilterChain [main] Will secure Ant [pattern='/swagger-ui/**'] with []
2023-11-22 10:17:06,589 INFO o.s.s.w.DefaultSecurityFilterChain [main] Will secure Ant [pattern='/swagger-ui.html'] with []
2023-11-22 10:17:06,589 INFO o.s.s.w.DefaultSecurityFilterChain [main] Will secure Ant [pattern='/account-managers/login'] with []
2023-11-22 10:17:06,589 INFO o.s.s.w.DefaultSecurityFilterChain [main] Will secure Ant [pattern='/account-managers/login-facebook'] with []
2023-11-22 10:17:06,589 INFO o.s.s.w.DefaultSecurityFilterChain [main] Will secure Ant [pattern='/account-managers/login-google'] with []
2023-11-22 10:17:06,590 INFO o.s.s.w.DefaultSecurityFilterChain [main] Will secure Ant [pattern='/users/authorization'] with []
2023-11-22 10:17:06,590 INFO o.s.s.w.DefaultSecurityFilterChain [main] Will secure Ant [pattern='/users/login-facebook'] with []
2023-11-22 10:17:06,590 INFO o.s.s.w.DefaultSecurityFilterChain [main] Will secure Ant [pattern='/users/login-google'] with []
2023-11-22 10:17:06,590 INFO o.s.s.w.DefaultSecurityFilterChain [main] Will secure Ant [pattern='/users/login-apple'] with []
2023-11-22 10:17:06,591 INFO o.s.s.w.DefaultSecurityFilterChain [main] Will secure Ant [pattern='/users/change-password'] with []
2023-11-22 10:17:06,591 INFO o.s.s.w.DefaultSecurityFilterChain [main] Will secure Ant [pattern='/browser-setting'] with []
2023-11-22 10:17:06,591 INFO o.s.s.w.DefaultSecurityFilterChain [main] Will secure Ant [pattern='/get-file-types'] with []
2023-11-22 10:17:06,681 INFO o.s.s.w.DefaultSecurityFilterChain [main] Will secure any request with [org.springframework.security.web.context.request.async.WebAsyncManagerIntegrationFilter@627ed93a, org.springframework.security.web.context.SecurityContextPersistenceFilter@710959b3, org.springframework.security.web.header.HeaderWriterFilter@1efb1a38, org.springframework.security.web.authentication.logout.LogoutFilter@520dc647, com.timekeeping.management.filter.JwtAuthenticationFilter@77ae2d25, org.springframework.security.web.savedrequest.RequestCacheAwareFilter@13987842, org.springframework.security.web.servletapi.SecurityContextHolderAwareRequestFilter@19b0f61c, org.springframework.security.web.authentication.AnonymousAuthenticationFilter@157312, org.springframework.security.web.session.SessionManagementFilter@2432c72c, org.springframework.security.web.access.ExceptionTranslationFilter@f5eff92, org.springframework.security.web.access.intercept.FilterSecurityInterceptor@5d77efc8]
2023-11-22 10:17:09,381 INFO o.s.b.a.e.w.EndpointLinksResolver [main] Exposing 1 endpoint(s) beneath base path '/actuator'
2023-11-22 10:17:09,527 INFO o.s.b.w.e.t.TomcatWebServer [main] Tomcat started on port(s): 8083 (http) with context path '/api/management'
2023-11-22 10:17:09,561 INFO o.s.b.StartupInfoLogger [main] Started TimekeepingManagementApplication in 23.297 seconds (JVM running for 24.177)
2023-11-22 10:17:09,966 INFO o.s.w.s.FrameworkServlet [RMI TCP Connection(1)-192.168.1.8] Initializing Servlet 'dispatcherServlet'
2023-11-22 10:17:09,968 INFO o.s.w.s.FrameworkServlet [RMI TCP Connection(1)-192.168.1.8] Completed initialization in 1 ms
2023-11-22 13:51:20,430 INFO o.s.o.j.AbstractEntityManagerFactoryBean [SpringApplicationShutdownHook] Closing JPA EntityManagerFactory for persistence unit 'default'
2023-11-22 13:51:26,814 INFO o.h.v.i.u.Version [background-preinit] HV000001: Hibernate Validator 6.2.0.Final
2023-11-22 13:51:26,852 INFO o.s.b.StartupInfoLogger [main] Starting TimekeepingManagementApplication using Java 17.0.4 on PC-PHONG with PID 22908 (C:\Users\phong\Downloads\rikkeichamcong\TimekeepingManagement\timekeeping-management\target\classes started by phong in C:\Users\phong\Downloads\rikkeichamcong\TimekeepingCommon\timekeeping-common)
2023-11-22 13:51:26,857 INFO o.s.b.SpringApplication [main] No active profile set, falling back to default profiles: default
2023-11-22 13:51:27,512 INFO o.s.d.r.c.RepositoryConfigurationDelegate [main] Multiple Spring Data modules found, entering strict repository configuration mode!
2023-11-22 13:51:27,512 INFO o.s.d.r.c.RepositoryConfigurationDelegate [main] Bootstrapping Spring Data JPA repositories in DEFAULT mode.
2023-11-22 13:51:27,889 INFO o.s.d.r.c.RepositoryConfigurationDelegate [main] Finished Spring Data repository scanning in 366 ms. Found 7 JPA repository interfaces.
2023-11-22 13:51:28,215 INFO o.s.d.r.c.RepositoryConfigurationDelegate [main] Multiple Spring Data modules found, entering strict repository configuration mode!
2023-11-22 13:51:28,216 INFO o.s.d.r.c.RepositoryConfigurationDelegate [main] Bootstrapping Spring Data Redis repositories in DEFAULT mode.
2023-11-22 13:51:28,229 INFO o.s.d.r.c.RepositoryConfigurationDelegate [main] Finished Spring Data repository scanning in 5 ms. Found 0 Redis repository interfaces.
2023-11-22 13:51:28,662 INFO o.s.c.s.PostProcessorRegistrationDelegate$BeanPostProcessorChecker [main] Bean 'org.springframework.security.access.expression.method.DefaultMethodSecurityExpressionHandler@3111631d' of type [org.springframework.security.access.expression.method.DefaultMethodSecurityExpressionHandler] is not eligible for getting processed by all BeanPostProcessors (for example: not eligible for auto-proxying)
2023-11-22 13:51:28,672 INFO o.s.c.s.PostProcessorRegistrationDelegate$BeanPostProcessorChecker [main] Bean 'methodSecurityMetadataSource' of type [org.springframework.security.access.method.DelegatingMethodSecurityMetadataSource] is not eligible for getting processed by all BeanPostProcessors (for example: not eligible for auto-proxying)
2023-11-22 13:51:29,318 INFO o.s.b.w.e.t.TomcatWebServer [main] Tomcat initialized with port(s): 8083 (http)
2023-11-22 13:51:29,711 INFO o.s.b.w.s.c.ServletWebServerApplicationContext [main] Root WebApplicationContext: initialization completed in 2805 ms
2023-11-22 13:51:30,169 WARN o.s.b.a.o.j.JpaBaseConfiguration$JpaWebConfiguration [main] spring.jpa.open-in-view is enabled by default. Therefore, database queries may be performed during view rendering. Explicitly configure spring.jpa.open-in-view to disable this warning
2023-11-22 13:51:41,212 INFO o.h.j.i.u.LogHelper [main] HHH000204: Processing PersistenceUnitInfo [name: default]
2023-11-22 13:51:41,368 INFO o.h.Version [main] HHH000412: Hibernate ORM core version 5.4.32.Final
2023-11-22 13:51:41,736 INFO o.h.a.c.r.j.JavaReflectionManager [main] HCANN000001: Hibernate Commons Annotations {5.1.2.Final}
2023-11-22 13:51:42,138 INFO o.h.d.Dialect [main] HHH000400: Using dialect: org.hibernate.dialect.SQLServer2012Dialect
2023-11-22 13:51:43,687 INFO o.h.e.t.j.p.i.JtaPlatformInitiator [main] HHH000490: Using JtaPlatform implementation: [org.hibernate.engine.transaction.jta.platform.internal.NoJtaPlatform]
2023-11-22 13:51:43,710 INFO o.s.o.j.AbstractEntityManagerFactoryBean [main] Initialized JPA EntityManagerFactory for persistence unit 'default'
2023-11-22 13:51:47,491 INFO o.s.s.w.DefaultSecurityFilterChain [main] Will secure Ant [pattern='/api-docs/**'] with []
2023-11-22 13:51:47,492 INFO o.s.s.w.DefaultSecurityFilterChain [main] Will secure Ant [pattern='/swagger-ui/**'] with []
2023-11-22 13:51:47,492 INFO o.s.s.w.DefaultSecurityFilterChain [main] Will secure Ant [pattern='/swagger-ui.html'] with []
2023-11-22 13:51:47,492 INFO o.s.s.w.DefaultSecurityFilterChain [main] Will secure Ant [pattern='/account-managers/login'] with []
2023-11-22 13:51:47,492 INFO o.s.s.w.DefaultSecurityFilterChain [main] Will secure Ant [pattern='/account-managers/login-facebook'] with []
2023-11-22 13:51:47,492 INFO o.s.s.w.DefaultSecurityFilterChain [main] Will secure Ant [pattern='/account-managers/login-google'] with []
2023-11-22 13:51:47,493 INFO o.s.s.w.DefaultSecurityFilterChain [main] Will secure Ant [pattern='/users/authorization'] with []
2023-11-22 13:51:47,493 INFO o.s.s.w.DefaultSecurityFilterChain [main] Will secure Ant [pattern='/users/login-facebook'] with []
2023-11-22 13:51:47,493 INFO o.s.s.w.DefaultSecurityFilterChain [main] Will secure Ant [pattern='/users/login-google'] with []
2023-11-22 13:51:47,493 INFO o.s.s.w.DefaultSecurityFilterChain [main] Will secure Ant [pattern='/users/login-apple'] with []
2023-11-22 13:51:47,493 INFO o.s.s.w.DefaultSecurityFilterChain [main] Will secure Ant [pattern='/users/change-password'] with []
2023-11-22 13:51:47,494 INFO o.s.s.w.DefaultSecurityFilterChain [main] Will secure Ant [pattern='/browser-setting'] with []
2023-11-22 13:51:47,494 INFO o.s.s.w.DefaultSecurityFilterChain [main] Will secure Ant [pattern='/get-file-types'] with []
2023-11-22 13:51:47,602 INFO o.s.s.w.DefaultSecurityFilterChain [main] Will secure any request with [org.springframework.security.web.context.request.async.WebAsyncManagerIntegrationFilter@6fe27001, org.springframework.security.web.context.SecurityContextPersistenceFilter@541e8e40, org.springframework.security.web.header.HeaderWriterFilter@5a52b5f8, org.springframework.security.web.authentication.logout.LogoutFilter@76b11572, com.timekeeping.management.filter.JwtAuthenticationFilter@77ae2d25, org.springframework.security.web.savedrequest.RequestCacheAwareFilter@15a806a2, org.springframework.security.web.servletapi.SecurityContextHolderAwareRequestFilter@2121d0ed, org.springframework.security.web.authentication.AnonymousAuthenticationFilter@3cb303d9, org.springframework.security.web.session.SessionManagementFilter@2e608993, org.springframework.security.web.access.ExceptionTranslationFilter@31d7e70, org.springframework.security.web.access.intercept.FilterSecurityInterceptor@52602c48]
2023-11-22 13:51:50,341 INFO o.s.b.a.e.w.EndpointLinksResolver [main] Exposing 1 endpoint(s) beneath base path '/actuator'
2023-11-22 13:51:50,460 INFO o.s.b.w.e.t.TomcatWebServer [main] Tomcat started on port(s): 8083 (http) with context path '/api/management'
2023-11-22 13:51:50,496 INFO o.s.b.StartupInfoLogger [main] Started TimekeepingManagementApplication in 23.969 seconds (JVM running for 25.044)
2023-11-22 13:51:50,788 INFO o.s.w.s.FrameworkServlet [RMI TCP Connection(3)-192.168.1.8] Initializing Servlet 'dispatcherServlet'
2023-11-22 13:51:50,789 INFO o.s.w.s.FrameworkServlet [RMI TCP Connection(3)-192.168.1.8] Completed initialization in 1 ms
2023-11-22 14:18:13,836 INFO o.s.o.j.AbstractEntityManagerFactoryBean [SpringApplicationShutdownHook] Closing JPA EntityManagerFactory for persistence unit 'default'
2023-11-22 14:18:19,408 INFO o.h.v.i.u.Version [background-preinit] HV000001: Hibernate Validator 6.2.0.Final
2023-11-22 14:18:19,429 INFO o.s.b.StartupInfoLogger [main] Starting TimekeepingManagementApplication using Java 17.0.4 on PC-PHONG with PID 3980 (C:\Users\phong\Downloads\rikkeichamcong\TimekeepingManagement\timekeeping-management\target\classes started by phong in C:\Users\phong\Downloads\rikkeichamcong\TimekeepingCommon\timekeeping-common)
2023-11-22 14:18:19,432 INFO o.s.b.SpringApplication [main] No active profile set, falling back to default profiles: default
2023-11-22 14:18:19,979 INFO o.s.d.r.c.RepositoryConfigurationDelegate [main] Multiple Spring Data modules found, entering strict repository configuration mode!
2023-11-22 14:18:19,979 INFO o.s.d.r.c.RepositoryConfigurationDelegate [main] Bootstrapping Spring Data JPA repositories in DEFAULT mode.
2023-11-22 14:18:20,333 INFO o.s.d.r.c.RepositoryConfigurationDelegate [main] Finished Spring Data repository scanning in 346 ms. Found 7 JPA repository interfaces.
2023-11-22 14:18:20,702 INFO o.s.d.r.c.RepositoryConfigurationDelegate [main] Multiple Spring Data modules found, entering strict repository configuration mode!
2023-11-22 14:18:20,703 INFO o.s.d.r.c.RepositoryConfigurationDelegate [main] Bootstrapping Spring Data Redis repositories in DEFAULT mode.
2023-11-22 14:18:20,716 INFO o.s.d.r.c.RepositoryConfigurationDelegate [main] Finished Spring Data repository scanning in 5 ms. Found 0 Redis repository interfaces.
2023-11-22 14:18:20,986 INFO o.s.c.s.PostProcessorRegistrationDelegate$BeanPostProcessorChecker [main] Bean 'org.springframework.security.access.expression.method.DefaultMethodSecurityExpressionHandler@1578fa9' of type [org.springframework.security.access.expression.method.DefaultMethodSecurityExpressionHandler] is not eligible for getting processed by all BeanPostProcessors (for example: not eligible for auto-proxying)
2023-11-22 14:18:20,989 INFO o.s.c.s.PostProcessorRegistrationDelegate$BeanPostProcessorChecker [main] Bean 'methodSecurityMetadataSource' of type [org.springframework.security.access.method.DelegatingMethodSecurityMetadataSource] is not eligible for getting processed by all BeanPostProcessors (for example: not eligible for auto-proxying)
2023-11-22 14:18:21,245 INFO o.s.b.w.e.t.TomcatWebServer [main] Tomcat initialized with port(s): 8083 (http)
2023-11-22 14:18:21,615 INFO o.s.b.w.s.c.ServletWebServerApplicationContext [main] Root WebApplicationContext: initialization completed in 2150 ms
2023-11-22 14:18:22,012 WARN o.s.b.a.o.j.JpaBaseConfiguration$JpaWebConfiguration [main] spring.jpa.open-in-view is enabled by default. Therefore, database queries may be performed during view rendering. Explicitly configure spring.jpa.open-in-view to disable this warning
2023-11-22 14:18:33,011 INFO o.h.j.i.u.LogHelper [main] HHH000204: Processing PersistenceUnitInfo [name: default]
2023-11-22 14:18:33,164 INFO o.h.Version [main] HHH000412: Hibernate ORM core version 5.4.32.Final
2023-11-22 14:18:33,521 INFO o.h.a.c.r.j.JavaReflectionManager [main] HCANN000001: Hibernate Commons Annotations {5.1.2.Final}
2023-11-22 14:18:33,929 INFO o.h.d.Dialect [main] HHH000400: Using dialect: org.hibernate.dialect.SQLServer2012Dialect
2023-11-22 14:18:35,562 INFO o.h.e.t.j.p.i.JtaPlatformInitiator [main] HHH000490: Using JtaPlatform implementation: [org.hibernate.engine.transaction.jta.platform.internal.NoJtaPlatform]
2023-11-22 14:18:35,585 INFO o.s.o.j.AbstractEntityManagerFactoryBean [main] Initialized JPA EntityManagerFactory for persistence unit 'default'
2023-11-22 14:18:39,358 INFO o.s.s.w.DefaultSecurityFilterChain [main] Will secure Ant [pattern='/api-docs/**'] with []
2023-11-22 14:18:39,359 INFO o.s.s.w.DefaultSecurityFilterChain [main] Will secure Ant [pattern='/swagger-ui/**'] with []
2023-11-22 14:18:39,359 INFO o.s.s.w.DefaultSecurityFilterChain [main] Will secure Ant [pattern='/swagger-ui.html'] with []
2023-11-22 14:18:39,360 INFO o.s.s.w.DefaultSecurityFilterChain [main] Will secure Ant [pattern='/account-managers/login'] with []
2023-11-22 14:18:39,360 INFO o.s.s.w.DefaultSecurityFilterChain [main] Will secure Ant [pattern='/account-managers/login-facebook'] with []
2023-11-22 14:18:39,360 INFO o.s.s.w.DefaultSecurityFilterChain [main] Will secure Ant [pattern='/account-managers/login-google'] with []
2023-11-22 14:18:39,361 INFO o.s.s.w.DefaultSecurityFilterChain [main] Will secure Ant [pattern='/users/authorization'] with []
2023-11-22 14:18:39,361 INFO o.s.s.w.DefaultSecurityFilterChain [main] Will secure Ant [pattern='/users/login-facebook'] with []
2023-11-22 14:18:39,361 INFO o.s.s.w.DefaultSecurityFilterChain [main] Will secure Ant [pattern='/users/login-google'] with []
2023-11-22 14:18:39,362 INFO o.s.s.w.DefaultSecurityFilterChain [main] Will secure Ant [pattern='/users/login-apple'] with []
2023-11-22 14:18:39,362 INFO o.s.s.w.DefaultSecurityFilterChain [main] Will secure Ant [pattern='/users/change-password'] with []
2023-11-22 14:18:39,362 INFO o.s.s.w.DefaultSecurityFilterChain [main] Will secure Ant [pattern='/browser-setting'] with []
2023-11-22 14:18:39,363 INFO o.s.s.w.DefaultSecurityFilterChain [main] Will secure Ant [pattern='/get-file-types'] with []
2023-11-22 14:18:39,463 INFO o.s.s.w.DefaultSecurityFilterChain [main] Will secure any request with [org.springframework.security.web.context.request.async.WebAsyncManagerIntegrationFilter@105b12e7, org.springframework.security.web.context.SecurityContextPersistenceFilter@61ecb1c8, org.springframework.security.web.header.HeaderWriterFilter@32ca397b, org.springframework.security.web.authentication.logout.LogoutFilter@6becf200, com.timekeeping.management.filter.JwtAuthenticationFilter@2d739a6f, org.springframework.security.web.savedrequest.RequestCacheAwareFilter@3c21bab4, org.springframework.security.web.servletapi.SecurityContextHolderAwareRequestFilter@7b313fdf, org.springframework.security.web.authentication.AnonymousAuthenticationFilter@6b54dbd8, org.springframework.security.web.session.SessionManagementFilter@768b79db, org.springframework.security.web.access.ExceptionTranslationFilter@62c72490, org.springframework.security.web.access.intercept.FilterSecurityInterceptor@3c48e78b]
2023-11-22 14:18:42,405 INFO o.s.b.a.e.w.EndpointLinksResolver [main] Exposing 1 endpoint(s) beneath base path '/actuator'
2023-11-22 14:18:42,545 INFO o.s.b.w.e.t.TomcatWebServer [main] Tomcat started on port(s): 8083 (http) with context path '/api/management'
2023-11-22 14:18:42,580 INFO o.s.b.StartupInfoLogger [main] Started TimekeepingManagementApplication in 23.454 seconds (JVM running for 24.386)
2023-11-22 14:18:42,723 INFO o.s.w.s.FrameworkServlet [RMI TCP Connection(4)-192.168.1.8] Initializing Servlet 'dispatcherServlet'
2023-11-22 14:18:42,724 INFO o.s.w.s.FrameworkServlet [RMI TCP Connection(4)-192.168.1.8] Completed initialization in 1 ms
2023-11-22 14:19:10,931 INFO o.s.o.j.AbstractEntityManagerFactoryBean [SpringApplicationShutdownHook] Closing JPA EntityManagerFactory for persistence unit 'default'
2023-11-22 14:19:13,192 INFO o.h.v.i.u.Version [background-preinit] HV000001: Hibernate Validator 6.2.0.Final
2023-11-22 14:19:13,226 INFO o.s.b.StartupInfoLogger [main] Starting TimekeepingManagementApplication using Java 17.0.4 on PC-PHONG with PID 17096 (C:\Users\phong\Downloads\rikkeichamcong\TimekeepingManagement\timekeeping-management\target\classes started by phong in C:\Users\phong\Downloads\rikkeichamcong\TimekeepingCommon\timekeeping-common)
2023-11-22 14:19:13,229 INFO o.s.b.SpringApplication [main] No active profile set, falling back to default profiles: default
2023-11-22 14:19:13,790 INFO o.s.d.r.c.RepositoryConfigurationDelegate [main] Multiple Spring Data modules found, entering strict repository configuration mode!
2023-11-22 14:19:13,790 INFO o.s.d.r.c.RepositoryConfigurationDelegate [main] Bootstrapping Spring Data JPA repositories in DEFAULT mode.
2023-11-22 14:19:14,056 INFO o.s.d.r.c.RepositoryConfigurationDelegate [main] Finished Spring Data repository scanning in 259 ms. Found 7 JPA repository interfaces.
2023-11-22 14:19:14,608 INFO o.s.d.r.c.RepositoryConfigurationDelegate [main] Multiple Spring Data modules found, entering strict repository configuration mode!
2023-11-22 14:19:14,612 INFO o.s.d.r.c.RepositoryConfigurationDelegate [main] Bootstrapping Spring Data Redis repositories in DEFAULT mode.
2023-11-22 14:19:14,642 INFO o.s.d.r.c.RepositoryConfigurationDelegate [main] Finished Spring Data repository scanning in 13 ms. Found 0 Redis repository interfaces.
2023-11-22 14:19:15,783 INFO o.s.c.s.PostProcessorRegistrationDelegate$BeanPostProcessorChecker [main] Bean 'org.springframework.security.access.expression.method.DefaultMethodSecurityExpressionHandler@2f15a964' of type [org.springframework.security.access.expression.method.DefaultMethodSecurityExpressionHandler] is not eligible for getting processed by all BeanPostProcessors (for example: not eligible for auto-proxying)
2023-11-22 14:19:15,808 INFO o.s.c.s.PostProcessorRegistrationDelegate$BeanPostProcessorChecker [main] Bean 'methodSecurityMetadataSource' of type [org.springframework.security.access.method.DelegatingMethodSecurityMetadataSource] is not eligible for getting processed by all BeanPostProcessors (for example: not eligible for auto-proxying)
2023-11-22 14:19:18,730 INFO o.s.b.w.e.t.TomcatWebServer [main] Tomcat initialized with port(s): 8083 (http)
2023-11-22 14:19:23,119 INFO o.s.b.w.s.c.ServletWebServerApplicationContext [main] Root WebApplicationContext: initialization completed in 9853 ms
2023-11-22 14:19:25,216 WARN o.s.b.a.o.j.JpaBaseConfiguration$JpaWebConfiguration [main] spring.jpa.open-in-view is enabled by default. Therefore, database queries may be performed during view rendering. Explicitly configure spring.jpa.open-in-view to disable this warning
2023-11-22 14:19:38,161 INFO o.h.j.i.u.LogHelper [main] HHH000204: Processing PersistenceUnitInfo [name: default]
2023-11-22 14:19:38,303 INFO o.h.Version [main] HHH000412: Hibernate ORM core version 5.4.32.Final
2023-11-22 14:19:38,639 INFO o.h.a.c.r.j.JavaReflectionManager [main] HCANN000001: Hibernate Commons Annotations {5.1.2.Final}
2023-11-22 14:19:39,059 INFO o.h.d.Dialect [main] HHH000400: Using dialect: org.hibernate.dialect.SQLServer2012Dialect
2023-11-22 14:19:40,929 INFO o.h.e.t.j.p.i.JtaPlatformInitiator [main] HHH000490: Using JtaPlatform implementation: [org.hibernate.engine.transaction.jta.platform.internal.NoJtaPlatform]
2023-11-22 14:19:40,951 INFO o.s.o.j.AbstractEntityManagerFactoryBean [main] Initialized JPA EntityManagerFactory for persistence unit 'default'
2023-11-22 14:19:44,643 INFO o.s.s.w.DefaultSecurityFilterChain [main] Will secure Ant [pattern='/api-docs/**'] with []
2023-11-22 14:19:44,643 INFO o.s.s.w.DefaultSecurityFilterChain [main] Will secure Ant [pattern='/swagger-ui/**'] with []
2023-11-22 14:19:44,644 INFO o.s.s.w.DefaultSecurityFilterChain [main] Will secure Ant [pattern='/swagger-ui.html'] with []
2023-11-22 14:19:44,644 INFO o.s.s.w.DefaultSecurityFilterChain [main] Will secure Ant [pattern='/account-managers/login'] with []
2023-11-22 14:19:44,644 INFO o.s.s.w.DefaultSecurityFilterChain [main] Will secure Ant [pattern='/account-managers/login-facebook'] with []
2023-11-22 14:19:44,645 INFO o.s.s.w.DefaultSecurityFilterChain [main] Will secure Ant [pattern='/account-managers/login-google'] with []
2023-11-22 14:19:44,645 INFO o.s.s.w.DefaultSecurityFilterChain [main] Will secure Ant [pattern='/users/authorization'] with []
2023-11-22 14:19:44,645 INFO o.s.s.w.DefaultSecurityFilterChain [main] Will secure Ant [pattern='/users/login-facebook'] with []
2023-11-22 14:19:44,646 INFO o.s.s.w.DefaultSecurityFilterChain [main] Will secure Ant [pattern='/users/login-google'] with []
2023-11-22 14:19:44,646 INFO o.s.s.w.DefaultSecurityFilterChain [main] Will secure Ant [pattern='/users/login-apple'] with []
2023-11-22 14:19:44,646 INFO o.s.s.w.DefaultSecurityFilterChain [main] Will secure Ant [pattern='/users/change-password'] with []
2023-11-22 14:19:44,647 INFO o.s.s.w.DefaultSecurityFilterChain [main] Will secure Ant [pattern='/browser-setting'] with []
2023-11-22 14:19:44,647 INFO o.s.s.w.DefaultSecurityFilterChain [main] Will secure Ant [pattern='/get-file-types'] with []
2023-11-22 14:19:44,757 INFO o.s.s.w.DefaultSecurityFilterChain [main] Will secure any request with [org.springframework.security.web.context.request.async.WebAsyncManagerIntegrationFilter@5a4e810e, org.springframework.security.web.context.SecurityContextPersistenceFilter@78067cc4, org.springframework.security.web.header.HeaderWriterFilter@6e52877d, org.springframework.security.web.authentication.logout.LogoutFilter@6c9c375, com.timekeeping.management.filter.JwtAuthenticationFilter@7c458ad3, org.springframework.security.web.savedrequest.RequestCacheAwareFilter@389d371a, org.springframework.security.web.servletapi.SecurityContextHolderAwareRequestFilter@11c94cf7, org.springframework.security.web.authentication.AnonymousAuthenticationFilter@3f098695, org.springframework.security.web.session.SessionManagementFilter@5b3847f5, org.springframework.security.web.access.ExceptionTranslationFilter@4cdc1d81, org.springframework.security.web.access.intercept.FilterSecurityInterceptor@6fd14e7c]
2023-11-22 14:19:48,762 INFO o.s.b.a.e.w.EndpointLinksResolver [main] Exposing 1 endpoint(s) beneath base path '/actuator'
2023-11-22 14:19:49,049 INFO o.s.b.w.e.t.TomcatWebServer [main] Tomcat started on port(s): 8083 (http) with context path '/api/management'
2023-11-22 14:19:49,152 INFO o.s.b.StartupInfoLogger [main] Started TimekeepingManagementApplication in 36.221 seconds (JVM running for 37.103)
2023-11-22 14:19:49,684 INFO o.s.w.s.FrameworkServlet [RMI TCP Connection(4)-192.168.1.8] Initializing Servlet 'dispatcherServlet'
2023-11-22 14:19:49,695 INFO o.s.w.s.FrameworkServlet [RMI TCP Connection(4)-192.168.1.8] Completed initialization in 10 ms
2023-11-22 14:33:39,732 INFO o.s.o.j.AbstractEntityManagerFactoryBean [SpringApplicationShutdownHook] Closing JPA EntityManagerFactory for persistence unit 'default'
2023-11-22 14:33:43,549 INFO o.h.v.i.u.Version [background-preinit] HV000001: Hibernate Validator 6.2.0.Final
2023-11-22 14:33:43,594 INFO o.s.b.StartupInfoLogger [main] Starting TimekeepingManagementApplication using Java 17.0.4 on PC-PHONG with PID 22080 (C:\Users\phong\Downloads\rikkeichamcong\TimekeepingManagement\timekeeping-management\target\classes started by phong in C:\Users\phong\Downloads\rikkeichamcong\TimekeepingCommon\timekeeping-common)
2023-11-22 14:33:43,600 INFO o.s.b.SpringApplication [main] No active profile set, falling back to default profiles: default
2023-11-22 14:33:44,227 INFO o.s.d.r.c.RepositoryConfigurationDelegate [main] Multiple Spring Data modules found, entering strict repository configuration mode!
2023-11-22 14:33:44,227 INFO o.s.d.r.c.RepositoryConfigurationDelegate [main] Bootstrapping Spring Data JPA repositories in DEFAULT mode.
2023-11-22 14:33:44,481 INFO o.s.d.r.c.RepositoryConfigurationDelegate [main] Finished Spring Data repository scanning in 248 ms. Found 7 JPA repository interfaces.
2023-11-22 14:33:44,758 INFO o.s.d.r.c.RepositoryConfigurationDelegate [main] Multiple Spring Data modules found, entering strict repository configuration mode!
2023-11-22 14:33:44,759 INFO o.s.d.r.c.RepositoryConfigurationDelegate [main] Bootstrapping Spring Data Redis repositories in DEFAULT mode.
2023-11-22 14:33:44,772 INFO o.s.d.r.c.RepositoryConfigurationDelegate [main] Finished Spring Data repository scanning in 5 ms. Found 0 Redis repository interfaces.
2023-11-22 14:33:45,025 INFO o.s.c.s.PostProcessorRegistrationDelegate$BeanPostProcessorChecker [main] Bean 'org.springframework.security.access.expression.method.DefaultMethodSecurityExpressionHandler@9e30f9a' of type [org.springframework.security.access.expression.method.DefaultMethodSecurityExpressionHandler] is not eligible for getting processed by all BeanPostProcessors (for example: not eligible for auto-proxying)
2023-11-22 14:33:45,028 INFO o.s.c.s.PostProcessorRegistrationDelegate$BeanPostProcessorChecker [main] Bean 'methodSecurityMetadataSource' of type [org.springframework.security.access.method.DelegatingMethodSecurityMetadataSource] is not eligible for getting processed by all BeanPostProcessors (for example: not eligible for auto-proxying)
2023-11-22 14:33:45,221 INFO o.s.b.w.e.t.TomcatWebServer [main] Tomcat initialized with port(s): 8083 (http)
2023-11-22 14:33:45,324 INFO o.s.b.w.s.c.ServletWebServerApplicationContext [main] Root WebApplicationContext: initialization completed in 1672 ms
2023-11-22 14:33:45,483 WARN o.s.b.a.o.j.JpaBaseConfiguration$JpaWebConfiguration [main] spring.jpa.open-in-view is enabled by default. Therefore, database queries may be performed during view rendering. Explicitly configure spring.jpa.open-in-view to disable this warning
2023-11-22 14:33:56,148 INFO o.h.j.i.u.LogHelper [main] HHH000204: Processing PersistenceUnitInfo [name: default]
2023-11-22 14:33:56,264 INFO o.h.Version [main] HHH000412: Hibernate ORM core version 5.4.32.Final
2023-11-22 14:33:56,531 INFO o.h.a.c.r.j.JavaReflectionManager [main] HCANN000001: Hibernate Commons Annotations {5.1.2.Final}
2023-11-22 14:33:56,890 INFO o.h.d.Dialect [main] HHH000400: Using dialect: org.hibernate.dialect.SQLServer2012Dialect
2023-11-22 14:33:58,374 INFO o.h.e.t.j.p.i.JtaPlatformInitiator [main] HHH000490: Using JtaPlatform implementation: [org.hibernate.engine.transaction.jta.platform.internal.NoJtaPlatform]
2023-11-22 14:33:58,397 INFO o.s.o.j.AbstractEntityManagerFactoryBean [main] Initialized JPA EntityManagerFactory for persistence unit 'default'
2023-11-22 14:34:01,905 INFO o.s.s.w.DefaultSecurityFilterChain [main] Will secure Ant [pattern='/api-docs/**'] with []
2023-11-22 14:34:01,906 INFO o.s.s.w.DefaultSecurityFilterChain [main] Will secure Ant [pattern='/swagger-ui/**'] with []
2023-11-22 14:34:01,906 INFO o.s.s.w.DefaultSecurityFilterChain [main] Will secure Ant [pattern='/swagger-ui.html'] with []
2023-11-22 14:34:01,907 INFO o.s.s.w.DefaultSecurityFilterChain [main] Will secure Ant [pattern='/account-managers/login'] with []
2023-11-22 14:34:01,907 INFO o.s.s.w.DefaultSecurityFilterChain [main] Will secure Ant [pattern='/account-managers/login-facebook'] with []
2023-11-22 14:34:01,907 INFO o.s.s.w.DefaultSecurityFilterChain [main] Will secure Ant [pattern='/account-managers/login-google'] with []
2023-11-22 14:34:01,907 INFO o.s.s.w.DefaultSecurityFilterChain [main] Will secure Ant [pattern='/users/authorization'] with []
2023-11-22 14:34:01,908 INFO o.s.s.w.DefaultSecurityFilterChain [main] Will secure Ant [pattern='/users/login-facebook'] with []
2023-11-22 14:34:01,908 INFO o.s.s.w.DefaultSecurityFilterChain [main] Will secure Ant [pattern='/users/login-google'] with []
2023-11-22 14:34:01,908 INFO o.s.s.w.DefaultSecurityFilterChain [main] Will secure Ant [pattern='/users/login-apple'] with []
2023-11-22 14:34:01,909 INFO o.s.s.w.DefaultSecurityFilterChain [main] Will secure Ant [pattern='/users/change-password'] with []
2023-11-22 14:34:01,909 INFO o.s.s.w.DefaultSecurityFilterChain [main] Will secure Ant [pattern='/browser-setting'] with []
2023-11-22 14:34:01,909 INFO o.s.s.w.DefaultSecurityFilterChain [main] Will secure Ant [pattern='/get-file-types'] with []
2023-11-22 14:34:01,998 INFO o.s.s.w.DefaultSecurityFilterChain [main] Will secure any request with [org.springframework.security.web.context.request.async.WebAsyncManagerIntegrationFilter@61b4a433, org.springframework.security.web.context.SecurityContextPersistenceFilter@1ee1c0cc, org.springframework.security.web.header.HeaderWriterFilter@21f9b360, org.springframework.security.web.authentication.logout.LogoutFilter@3ea7d936, com.timekeeping.management.filter.JwtAuthenticationFilter@5d9cd8b7, org.springframework.security.web.savedrequest.RequestCacheAwareFilter@707004b6, org.springframework.security.web.servletapi.SecurityContextHolderAwareRequestFilter@64ca0be0, org.springframework.security.web.authentication.AnonymousAuthenticationFilter@127abbbe, org.springframework.security.web.session.SessionManagementFilter@389d371a, org.springframework.security.web.access.ExceptionTranslationFilter@7ba8b91c, org.springframework.security.web.access.intercept.FilterSecurityInterceptor@3f098695]
2023-11-22 14:34:04,680 INFO o.s.b.a.e.w.EndpointLinksResolver [main] Exposing 1 endpoint(s) beneath base path '/actuator'
2023-11-22 14:34:04,821 INFO o.s.b.w.e.t.TomcatWebServer [main] Tomcat started on port(s): 8083 (http) with context path '/api/management'
2023-11-22 14:34:04,853 INFO o.s.b.StartupInfoLogger [main] Started TimekeepingManagementApplication in 21.59 seconds (JVM running for 22.386)
2023-11-22 14:34:04,930 INFO o.s.w.s.FrameworkServlet [RMI TCP Connection(5)-192.168.1.8] Initializing Servlet 'dispatcherServlet'
2023-11-22 14:34:04,932 INFO o.s.w.s.FrameworkServlet [RMI TCP Connection(5)-192.168.1.8] Completed initialization in 1 ms
2023-11-22 20:43:37,432 INFO o.s.o.j.AbstractEntityManagerFactoryBean [SpringApplicationShutdownHook] Closing JPA EntityManagerFactory for persistence unit 'default'
