2023-12-04 16:54:11,397 INFO o.s.o.j.AbstractEntityManagerFactoryBean [SpringApplicationShutdownHook] Closing JPA EntityManagerFactory for persistence unit 'default'
2023-12-04 16:54:18,330 INFO o.h.v.i.u.Version [background-preinit] HV000001: Hibernate Validator 6.2.0.Final
2023-12-04 16:54:18,373 INFO o.s.b.StartupInfoLogger [main] Starting TimekeepingManagementApplication using Java 17.0.4 on PC-PHONG with PID 38136 (C:\Users\phong\Downloads\rikkeichamcong\TimekeepingManagement\timekeeping-management\target\classes started by phong in C:\Users\phong\Downloads\rikkeichamcong\TimekeepingCommon\timekeeping-common)
2023-12-04 16:54:18,378 INFO o.s.b.SpringApplication [main] No active profile set, falling back to default profiles: default
2023-12-04 16:54:18,978 INFO o.s.d.r.c.RepositoryConfigurationDelegate [main] Multiple Spring Data modules found, entering strict repository configuration mode!
2023-12-04 16:54:18,978 INFO o.s.d.r.c.RepositoryConfigurationDelegate [main] Bootstrapping Spring Data JPA repositories in DEFAULT mode.
2023-12-04 16:54:19,445 INFO o.s.d.r.c.RepositoryConfigurationDelegate [main] Finished Spring Data repository scanning in 457 ms. Found 7 JPA repository interfaces.
2023-12-04 16:54:19,753 INFO o.s.d.r.c.RepositoryConfigurationDelegate [main] Multiple Spring Data modules found, entering strict repository configuration mode!
2023-12-04 16:54:19,753 INFO o.s.d.r.c.RepositoryConfigurationDelegate [main] Bootstrapping Spring Data Redis repositories in DEFAULT mode.
2023-12-04 16:54:19,767 INFO o.s.d.r.c.RepositoryConfigurationDelegate [main] Finished Spring Data repository scanning in 5 ms. Found 0 Redis repository interfaces.
2023-12-04 16:54:20,134 INFO o.s.c.s.PostProcessorRegistrationDelegate$BeanPostProcessorChecker [main] Bean 'org.springframework.security.access.expression.method.DefaultMethodSecurityExpressionHandler@795b66d' of type [org.springframework.security.access.expression.method.DefaultMethodSecurityExpressionHandler] is not eligible for getting processed by all BeanPostProcessors (for example: not eligible for auto-proxying)
2023-12-04 16:54:20,146 INFO o.s.c.s.PostProcessorRegistrationDelegate$BeanPostProcessorChecker [main] Bean 'methodSecurityMetadataSource' of type [org.springframework.security.access.method.DelegatingMethodSecurityMetadataSource] is not eligible for getting processed by all BeanPostProcessors (for example: not eligible for auto-proxying)
2023-12-04 16:54:20,787 INFO o.s.b.w.e.t.TomcatWebServer [main] Tomcat initialized with port(s): 8083 (http)
2023-12-04 16:54:21,189 INFO o.s.b.w.s.c.ServletWebServerApplicationContext [main] Root WebApplicationContext: initialization completed in 2772 ms
2023-12-04 16:54:21,569 WARN o.s.b.a.o.j.JpaBaseConfiguration$JpaWebConfiguration [main] spring.jpa.open-in-view is enabled by default. Therefore, database queries may be performed during view rendering. Explicitly configure spring.jpa.open-in-view to disable this warning
2023-12-04 16:54:32,232 INFO o.h.j.i.u.LogHelper [main] HHH000204: Processing PersistenceUnitInfo [name: default]
2023-12-04 16:54:32,382 INFO o.h.Version [main] HHH000412: Hibernate ORM core version 5.4.32.Final
2023-12-04 16:54:32,722 INFO o.h.a.c.r.j.JavaReflectionManager [main] HCANN000001: Hibernate Commons Annotations {5.1.2.Final}
2023-12-04 16:54:33,096 INFO o.h.d.Dialect [main] HHH000400: Using dialect: org.hibernate.dialect.SQLServer2012Dialect
2023-12-04 16:54:34,627 INFO o.h.e.t.j.p.i.JtaPlatformInitiator [main] HHH000490: Using JtaPlatform implementation: [org.hibernate.engine.transaction.jta.platform.internal.NoJtaPlatform]
2023-12-04 16:54:34,648 INFO o.s.o.j.AbstractEntityManagerFactoryBean [main] Initialized JPA EntityManagerFactory for persistence unit 'default'
2023-12-04 16:54:38,372 INFO o.s.s.w.DefaultSecurityFilterChain [main] Will secure Ant [pattern='/api-docs/**'] with []
2023-12-04 16:54:38,372 INFO o.s.s.w.DefaultSecurityFilterChain [main] Will secure Ant [pattern='/swagger-ui/**'] with []
2023-12-04 16:54:38,373 INFO o.s.s.w.DefaultSecurityFilterChain [main] Will secure Ant [pattern='/swagger-ui.html'] with []
2023-12-04 16:54:38,373 INFO o.s.s.w.DefaultSecurityFilterChain [main] Will secure Ant [pattern='/account-managers/login'] with []
2023-12-04 16:54:38,373 INFO o.s.s.w.DefaultSecurityFilterChain [main] Will secure Ant [pattern='/account-managers/login-facebook'] with []
2023-12-04 16:54:38,374 INFO o.s.s.w.DefaultSecurityFilterChain [main] Will secure Ant [pattern='/account-managers/login-google'] with []
2023-12-04 16:54:38,374 INFO o.s.s.w.DefaultSecurityFilterChain [main] Will secure Ant [pattern='/users/authorization'] with []
2023-12-04 16:54:38,374 INFO o.s.s.w.DefaultSecurityFilterChain [main] Will secure Ant [pattern='/users/login-facebook'] with []
2023-12-04 16:54:38,374 INFO o.s.s.w.DefaultSecurityFilterChain [main] Will secure Ant [pattern='/users/login-google'] with []
2023-12-04 16:54:38,375 INFO o.s.s.w.DefaultSecurityFilterChain [main] Will secure Ant [pattern='/users/login-apple'] with []
2023-12-04 16:54:38,375 INFO o.s.s.w.DefaultSecurityFilterChain [main] Will secure Ant [pattern='/users/change-password'] with []
2023-12-04 16:54:38,375 INFO o.s.s.w.DefaultSecurityFilterChain [main] Will secure Ant [pattern='/browser-setting'] with []
2023-12-04 16:54:38,376 INFO o.s.s.w.DefaultSecurityFilterChain [main] Will secure Ant [pattern='/get-file-types'] with []
2023-12-04 16:54:38,475 INFO o.s.s.w.DefaultSecurityFilterChain [main] Will secure any request with [org.springframework.security.web.context.request.async.WebAsyncManagerIntegrationFilter@554a76fd, org.springframework.security.web.context.SecurityContextPersistenceFilter@786c7cc9, org.springframework.security.web.header.HeaderWriterFilter@1ef50c3b, org.springframework.security.web.authentication.logout.LogoutFilter@10aabada, com.timekeeping.management.filter.JwtAuthenticationFilter@5b61d156, org.springframework.security.web.savedrequest.RequestCacheAwareFilter@4315d110, org.springframework.security.web.servletapi.SecurityContextHolderAwareRequestFilter@42530cd6, org.springframework.security.web.authentication.AnonymousAuthenticationFilter@1ee1c0cc, org.springframework.security.web.session.SessionManagementFilter@39da5edb, org.springframework.security.web.access.ExceptionTranslationFilter@61e33118, org.springframework.security.web.access.intercept.FilterSecurityInterceptor@78067cc4]
2023-12-04 16:54:40,965 INFO o.s.b.a.e.w.EndpointLinksResolver [main] Exposing 1 endpoint(s) beneath base path '/actuator'
2023-12-04 16:54:41,081 INFO o.s.b.w.e.t.TomcatWebServer [main] Tomcat started on port(s): 8083 (http) with context path '/api/management'
2023-12-04 16:54:41,112 INFO o.s.b.StartupInfoLogger [main] Started TimekeepingManagementApplication in 23.056 seconds (JVM running for 24.096)
2023-12-04 16:54:41,239 INFO o.s.w.s.FrameworkServlet [RMI TCP Connection(5)-192.168.1.8] Initializing Servlet 'dispatcherServlet'
2023-12-04 16:54:41,241 INFO o.s.w.s.FrameworkServlet [RMI TCP Connection(5)-192.168.1.8] Completed initialization in 1 ms
2023-12-04 16:58:53,268 INFO o.s.o.j.AbstractEntityManagerFactoryBean [SpringApplicationShutdownHook] Closing JPA EntityManagerFactory for persistence unit 'default'
2023-12-04 16:58:59,856 INFO o.h.v.i.u.Version [background-preinit] HV000001: Hibernate Validator 6.2.0.Final
2023-12-04 16:58:59,887 INFO o.s.b.StartupInfoLogger [main] Starting TimekeepingManagementApplication using Java 17.0.4 on PC-PHONG with PID 24156 (C:\Users\phong\Downloads\rikkeichamcong\TimekeepingManagement\timekeeping-management\target\classes started by phong in C:\Users\phong\Downloads\rikkeichamcong\TimekeepingCommon\timekeeping-common)
2023-12-04 16:58:59,890 INFO o.s.b.SpringApplication [main] No active profile set, falling back to default profiles: default
2023-12-04 16:59:00,473 INFO o.s.d.r.c.RepositoryConfigurationDelegate [main] Multiple Spring Data modules found, entering strict repository configuration mode!
2023-12-04 16:59:00,473 INFO o.s.d.r.c.RepositoryConfigurationDelegate [main] Bootstrapping Spring Data JPA repositories in DEFAULT mode.
2023-12-04 16:59:00,815 INFO o.s.d.r.c.RepositoryConfigurationDelegate [main] Finished Spring Data repository scanning in 334 ms. Found 7 JPA repository interfaces.
2023-12-04 16:59:01,112 INFO o.s.d.r.c.RepositoryConfigurationDelegate [main] Multiple Spring Data modules found, entering strict repository configuration mode!
2023-12-04 16:59:01,113 INFO o.s.d.r.c.RepositoryConfigurationDelegate [main] Bootstrapping Spring Data Redis repositories in DEFAULT mode.
2023-12-04 16:59:01,125 INFO o.s.d.r.c.RepositoryConfigurationDelegate [main] Finished Spring Data repository scanning in 6 ms. Found 0 Redis repository interfaces.
2023-12-04 16:59:01,375 INFO o.s.c.s.PostProcessorRegistrationDelegate$BeanPostProcessorChecker [main] Bean 'org.springframework.security.access.expression.method.DefaultMethodSecurityExpressionHandler@5fe46d52' of type [org.springframework.security.access.expression.method.DefaultMethodSecurityExpressionHandler] is not eligible for getting processed by all BeanPostProcessors (for example: not eligible for auto-proxying)
2023-12-04 16:59:01,378 INFO o.s.c.s.PostProcessorRegistrationDelegate$BeanPostProcessorChecker [main] Bean 'methodSecurityMetadataSource' of type [org.springframework.security.access.method.DelegatingMethodSecurityMetadataSource] is not eligible for getting processed by all BeanPostProcessors (for example: not eligible for auto-proxying)
2023-12-04 16:59:01,584 INFO o.s.b.w.e.t.TomcatWebServer [main] Tomcat initialized with port(s): 8083 (http)
2023-12-04 16:59:01,986 INFO o.s.b.w.s.c.ServletWebServerApplicationContext [main] Root WebApplicationContext: initialization completed in 2061 ms
2023-12-04 16:59:02,400 WARN o.s.b.a.o.j.JpaBaseConfiguration$JpaWebConfiguration [main] spring.jpa.open-in-view is enabled by default. Therefore, database queries may be performed during view rendering. Explicitly configure spring.jpa.open-in-view to disable this warning
2023-12-04 16:59:13,345 INFO o.h.j.i.u.LogHelper [main] HHH000204: Processing PersistenceUnitInfo [name: default]
2023-12-04 16:59:13,529 INFO o.h.Version [main] HHH000412: Hibernate ORM core version 5.4.32.Final
2023-12-04 16:59:13,891 INFO o.h.a.c.r.j.JavaReflectionManager [main] HCANN000001: Hibernate Commons Annotations {5.1.2.Final}
2023-12-04 16:59:14,304 INFO o.h.d.Dialect [main] HHH000400: Using dialect: org.hibernate.dialect.SQLServer2012Dialect
2023-12-04 16:59:16,041 INFO o.h.e.t.j.p.i.JtaPlatformInitiator [main] HHH000490: Using JtaPlatform implementation: [org.hibernate.engine.transaction.jta.platform.internal.NoJtaPlatform]
2023-12-04 16:59:16,066 INFO o.s.o.j.AbstractEntityManagerFactoryBean [main] Initialized JPA EntityManagerFactory for persistence unit 'default'
2023-12-04 16:59:23,078 INFO o.s.s.w.DefaultSecurityFilterChain [main] Will secure Ant [pattern='/api-docs/**'] with []
2023-12-04 16:59:23,079 INFO o.s.s.w.DefaultSecurityFilterChain [main] Will secure Ant [pattern='/swagger-ui/**'] with []
2023-12-04 16:59:23,079 INFO o.s.s.w.DefaultSecurityFilterChain [main] Will secure Ant [pattern='/swagger-ui.html'] with []
2023-12-04 16:59:23,079 INFO o.s.s.w.DefaultSecurityFilterChain [main] Will secure Ant [pattern='/account-managers/login'] with []
2023-12-04 16:59:23,079 INFO o.s.s.w.DefaultSecurityFilterChain [main] Will secure Ant [pattern='/account-managers/login-facebook'] with []
2023-12-04 16:59:23,079 INFO o.s.s.w.DefaultSecurityFilterChain [main] Will secure Ant [pattern='/account-managers/login-google'] with []
2023-12-04 16:59:23,080 INFO o.s.s.w.DefaultSecurityFilterChain [main] Will secure Ant [pattern='/users/authorization'] with []
2023-12-04 16:59:23,080 INFO o.s.s.w.DefaultSecurityFilterChain [main] Will secure Ant [pattern='/users/login-facebook'] with []
2023-12-04 16:59:23,080 INFO o.s.s.w.DefaultSecurityFilterChain [main] Will secure Ant [pattern='/users/login-google'] with []
2023-12-04 16:59:23,081 INFO o.s.s.w.DefaultSecurityFilterChain [main] Will secure Ant [pattern='/users/login-apple'] with []
2023-12-04 16:59:23,081 INFO o.s.s.w.DefaultSecurityFilterChain [main] Will secure Ant [pattern='/users/change-password'] with []
2023-12-04 16:59:23,081 INFO o.s.s.w.DefaultSecurityFilterChain [main] Will secure Ant [pattern='/browser-setting'] with []
2023-12-04 16:59:23,082 INFO o.s.s.w.DefaultSecurityFilterChain [main] Will secure Ant [pattern='/get-file-types'] with []
2023-12-04 16:59:23,262 INFO o.s.s.w.DefaultSecurityFilterChain [main] Will secure any request with [org.springframework.security.web.context.request.async.WebAsyncManagerIntegrationFilter@57927f4f, org.springframework.security.web.context.SecurityContextPersistenceFilter@550fe9d7, org.springframework.security.web.header.HeaderWriterFilter@2183db30, org.springframework.security.web.authentication.logout.LogoutFilter@2e00032d, com.timekeeping.management.filter.JwtAuthenticationFilter@221b4175, org.springframework.security.web.savedrequest.RequestCacheAwareFilter@65fbb726, org.springframework.security.web.servletapi.SecurityContextHolderAwareRequestFilter@7122b1ff, org.springframework.security.web.authentication.AnonymousAuthenticationFilter@e937569, org.springframework.security.web.session.SessionManagementFilter@3fbf4614, org.springframework.security.web.access.ExceptionTranslationFilter@385abc08, org.springframework.security.web.access.intercept.FilterSecurityInterceptor@229762ab]
2023-12-04 16:59:27,275 INFO o.s.b.a.e.w.EndpointLinksResolver [main] Exposing 1 endpoint(s) beneath base path '/actuator'
2023-12-04 16:59:27,475 INFO o.s.b.w.e.t.TomcatWebServer [main] Tomcat started on port(s): 8083 (http) with context path '/api/management'
2023-12-04 16:59:27,531 INFO o.s.b.StartupInfoLogger [main] Started TimekeepingManagementApplication in 27.972 seconds (JVM running for 28.928)
2023-12-04 16:59:27,770 INFO o.s.w.s.FrameworkServlet [RMI TCP Connection(3)-192.168.1.8] Initializing Servlet 'dispatcherServlet'
2023-12-04 16:59:27,771 INFO o.s.w.s.FrameworkServlet [RMI TCP Connection(3)-192.168.1.8] Completed initialization in 1 ms
2023-12-04 17:04:19,081 INFO o.s.o.j.AbstractEntityManagerFactoryBean [SpringApplicationShutdownHook] Closing JPA EntityManagerFactory for persistence unit 'default'
2023-12-04 17:04:23,006 INFO o.h.v.i.u.Version [background-preinit] HV000001: Hibernate Validator 6.2.0.Final
2023-12-04 17:04:23,035 INFO o.s.b.StartupInfoLogger [main] Starting TimekeepingManagementApplication using Java 17.0.4 on PC-PHONG with PID 11768 (C:\Users\phong\Downloads\rikkeichamcong\TimekeepingManagement\timekeeping-management\target\classes started by phong in C:\Users\phong\Downloads\rikkeichamcong\TimekeepingCommon\timekeeping-common)
2023-12-04 17:04:23,042 INFO o.s.b.SpringApplication [main] No active profile set, falling back to default profiles: default
2023-12-04 17:04:23,619 INFO o.s.d.r.c.RepositoryConfigurationDelegate [main] Multiple Spring Data modules found, entering strict repository configuration mode!
2023-12-04 17:04:23,620 INFO o.s.d.r.c.RepositoryConfigurationDelegate [main] Bootstrapping Spring Data JPA repositories in DEFAULT mode.
2023-12-04 17:04:23,882 INFO o.s.d.r.c.RepositoryConfigurationDelegate [main] Finished Spring Data repository scanning in 252 ms. Found 7 JPA repository interfaces.
2023-12-04 17:04:24,162 INFO o.s.d.r.c.RepositoryConfigurationDelegate [main] Multiple Spring Data modules found, entering strict repository configuration mode!
2023-12-04 17:04:24,163 INFO o.s.d.r.c.RepositoryConfigurationDelegate [main] Bootstrapping Spring Data Redis repositories in DEFAULT mode.
2023-12-04 17:04:24,174 INFO o.s.d.r.c.RepositoryConfigurationDelegate [main] Finished Spring Data repository scanning in 5 ms. Found 0 Redis repository interfaces.
2023-12-04 17:04:24,406 INFO o.s.c.s.PostProcessorRegistrationDelegate$BeanPostProcessorChecker [main] Bean 'org.springframework.security.access.expression.method.DefaultMethodSecurityExpressionHandler@3a9b41a0' of type [org.springframework.security.access.expression.method.DefaultMethodSecurityExpressionHandler] is not eligible for getting processed by all BeanPostProcessors (for example: not eligible for auto-proxying)
2023-12-04 17:04:24,409 INFO o.s.c.s.PostProcessorRegistrationDelegate$BeanPostProcessorChecker [main] Bean 'methodSecurityMetadataSource' of type [org.springframework.security.access.method.DelegatingMethodSecurityMetadataSource] is not eligible for getting processed by all BeanPostProcessors (for example: not eligible for auto-proxying)
2023-12-04 17:04:24,609 INFO o.s.b.w.e.t.TomcatWebServer [main] Tomcat initialized with port(s): 8083 (http)
2023-12-04 17:04:24,708 INFO o.s.b.w.s.c.ServletWebServerApplicationContext [main] Root WebApplicationContext: initialization completed in 1619 ms
2023-12-04 17:04:24,840 WARN o.s.b.a.o.j.JpaBaseConfiguration$JpaWebConfiguration [main] spring.jpa.open-in-view is enabled by default. Therefore, database queries may be performed during view rendering. Explicitly configure spring.jpa.open-in-view to disable this warning
2023-12-04 17:04:35,271 INFO o.h.j.i.u.LogHelper [main] HHH000204: Processing PersistenceUnitInfo [name: default]
2023-12-04 17:04:35,398 INFO o.h.Version [main] HHH000412: Hibernate ORM core version 5.4.32.Final
2023-12-04 17:04:35,668 INFO o.h.a.c.r.j.JavaReflectionManager [main] HCANN000001: Hibernate Commons Annotations {5.1.2.Final}
2023-12-04 17:04:36,029 INFO o.h.d.Dialect [main] HHH000400: Using dialect: org.hibernate.dialect.SQLServer2012Dialect
2023-12-04 17:04:37,624 INFO o.h.e.t.j.p.i.JtaPlatformInitiator [main] HHH000490: Using JtaPlatform implementation: [org.hibernate.engine.transaction.jta.platform.internal.NoJtaPlatform]
2023-12-04 17:04:37,644 INFO o.s.o.j.AbstractEntityManagerFactoryBean [main] Initialized JPA EntityManagerFactory for persistence unit 'default'
2023-12-04 17:04:44,172 INFO o.s.s.w.DefaultSecurityFilterChain [main] Will secure Ant [pattern='/api-docs/**'] with []
2023-12-04 17:04:44,172 INFO o.s.s.w.DefaultSecurityFilterChain [main] Will secure Ant [pattern='/swagger-ui/**'] with []
2023-12-04 17:04:44,173 INFO o.s.s.w.DefaultSecurityFilterChain [main] Will secure Ant [pattern='/swagger-ui.html'] with []
2023-12-04 17:04:44,173 INFO o.s.s.w.DefaultSecurityFilterChain [main] Will secure Ant [pattern='/account-managers/login'] with []
2023-12-04 17:04:44,173 INFO o.s.s.w.DefaultSecurityFilterChain [main] Will secure Ant [pattern='/account-managers/login-facebook'] with []
2023-12-04 17:04:44,173 INFO o.s.s.w.DefaultSecurityFilterChain [main] Will secure Ant [pattern='/account-managers/login-google'] with []
2023-12-04 17:04:44,174 INFO o.s.s.w.DefaultSecurityFilterChain [main] Will secure Ant [pattern='/users/authorization'] with []
2023-12-04 17:04:44,174 INFO o.s.s.w.DefaultSecurityFilterChain [main] Will secure Ant [pattern='/users/login-facebook'] with []
2023-12-04 17:04:44,174 INFO o.s.s.w.DefaultSecurityFilterChain [main] Will secure Ant [pattern='/users/login-google'] with []
2023-12-04 17:04:44,174 INFO o.s.s.w.DefaultSecurityFilterChain [main] Will secure Ant [pattern='/users/login-apple'] with []
2023-12-04 17:04:44,175 INFO o.s.s.w.DefaultSecurityFilterChain [main] Will secure Ant [pattern='/users/change-password'] with []
2023-12-04 17:04:44,175 INFO o.s.s.w.DefaultSecurityFilterChain [main] Will secure Ant [pattern='/browser-setting'] with []
2023-12-04 17:04:44,175 INFO o.s.s.w.DefaultSecurityFilterChain [main] Will secure Ant [pattern='/get-file-types'] with []
2023-12-04 17:04:44,367 INFO o.s.s.w.DefaultSecurityFilterChain [main] Will secure any request with [org.springframework.security.web.context.request.async.WebAsyncManagerIntegrationFilter@60ba61e4, org.springframework.security.web.context.SecurityContextPersistenceFilter@562a4bac, org.springframework.security.web.header.HeaderWriterFilter@35f18100, org.springframework.security.web.authentication.logout.LogoutFilter@485e52c9, com.timekeeping.management.filter.JwtAuthenticationFilter@58ae3cb, org.springframework.security.web.savedrequest.RequestCacheAwareFilter@6becf200, org.springframework.security.web.servletapi.SecurityContextHolderAwareRequestFilter@26338386, org.springframework.security.web.authentication.AnonymousAuthenticationFilter@18505320, org.springframework.security.web.session.SessionManagementFilter@458f1355, org.springframework.security.web.access.ExceptionTranslationFilter@fadd58, org.springframework.security.web.access.intercept.FilterSecurityInterceptor@7231547f]
2023-12-04 17:04:48,387 INFO o.s.b.a.e.w.EndpointLinksResolver [main] Exposing 1 endpoint(s) beneath base path '/actuator'
2023-12-04 17:04:48,573 INFO o.s.b.w.e.t.TomcatWebServer [main] Tomcat started on port(s): 8083 (http) with context path '/api/management'
2023-12-04 17:04:48,620 INFO o.s.b.StartupInfoLogger [main] Started TimekeepingManagementApplication in 25.858 seconds (JVM running for 26.609)
2023-12-04 17:04:49,081 INFO o.s.w.s.FrameworkServlet [RMI TCP Connection(3)-192.168.1.8] Initializing Servlet 'dispatcherServlet'
2023-12-04 17:04:49,082 INFO o.s.w.s.FrameworkServlet [RMI TCP Connection(3)-192.168.1.8] Completed initialization in 1 ms
2023-12-04 17:05:42,005 WARN o.h.e.j.s.SqlExceptionHelper [http-nio-8083-exec-1] SQL Error: 241, SQLState: S0001
2023-12-04 17:05:42,006 ERROR o.h.e.j.s.SqlExceptionHelper [http-nio-8083-exec-1] Conversion failed when converting date and/or time from character string.
2023-12-04 17:06:41,261 INFO o.s.o.j.AbstractEntityManagerFactoryBean [SpringApplicationShutdownHook] Closing JPA EntityManagerFactory for persistence unit 'default'
2023-12-04 17:06:45,139 INFO o.h.v.i.u.Version [background-preinit] HV000001: Hibernate Validator 6.2.0.Final
2023-12-04 17:06:45,174 INFO o.s.b.StartupInfoLogger [main] Starting TimekeepingManagementApplication using Java 17.0.4 on PC-PHONG with PID 30028 (C:\Users\phong\Downloads\rikkeichamcong\TimekeepingManagement\timekeeping-management\target\classes started by phong in C:\Users\phong\Downloads\rikkeichamcong\TimekeepingCommon\timekeeping-common)
2023-12-04 17:06:45,179 INFO o.s.b.SpringApplication [main] No active profile set, falling back to default profiles: default
2023-12-04 17:06:45,771 INFO o.s.d.r.c.RepositoryConfigurationDelegate [main] Multiple Spring Data modules found, entering strict repository configuration mode!
2023-12-04 17:06:45,772 INFO o.s.d.r.c.RepositoryConfigurationDelegate [main] Bootstrapping Spring Data JPA repositories in DEFAULT mode.
2023-12-04 17:06:46,018 INFO o.s.d.r.c.RepositoryConfigurationDelegate [main] Finished Spring Data repository scanning in 239 ms. Found 7 JPA repository interfaces.
2023-12-04 17:06:46,298 INFO o.s.d.r.c.RepositoryConfigurationDelegate [main] Multiple Spring Data modules found, entering strict repository configuration mode!
2023-12-04 17:06:46,299 INFO o.s.d.r.c.RepositoryConfigurationDelegate [main] Bootstrapping Spring Data Redis repositories in DEFAULT mode.
2023-12-04 17:06:46,310 INFO o.s.d.r.c.RepositoryConfigurationDelegate [main] Finished Spring Data repository scanning in 5 ms. Found 0 Redis repository interfaces.
2023-12-04 17:06:46,573 INFO o.s.c.s.PostProcessorRegistrationDelegate$BeanPostProcessorChecker [main] Bean 'org.springframework.security.access.expression.method.DefaultMethodSecurityExpressionHandler@5fe46d52' of type [org.springframework.security.access.expression.method.DefaultMethodSecurityExpressionHandler] is not eligible for getting processed by all BeanPostProcessors (for example: not eligible for auto-proxying)
2023-12-04 17:06:46,576 INFO o.s.c.s.PostProcessorRegistrationDelegate$BeanPostProcessorChecker [main] Bean 'methodSecurityMetadataSource' of type [org.springframework.security.access.method.DelegatingMethodSecurityMetadataSource] is not eligible for getting processed by all BeanPostProcessors (for example: not eligible for auto-proxying)
2023-12-04 17:06:46,753 INFO o.s.b.w.e.t.TomcatWebServer [main] Tomcat initialized with port(s): 8083 (http)
2023-12-04 17:06:46,871 INFO o.s.b.w.s.c.ServletWebServerApplicationContext [main] Root WebApplicationContext: initialization completed in 1640 ms
2023-12-04 17:06:47,001 WARN o.s.b.a.o.j.JpaBaseConfiguration$JpaWebConfiguration [main] spring.jpa.open-in-view is enabled by default. Therefore, database queries may be performed during view rendering. Explicitly configure spring.jpa.open-in-view to disable this warning
2023-12-04 17:06:57,452 INFO o.h.j.i.u.LogHelper [main] HHH000204: Processing PersistenceUnitInfo [name: default]
2023-12-04 17:06:57,598 INFO o.h.Version [main] HHH000412: Hibernate ORM core version 5.4.32.Final
2023-12-04 17:06:57,868 INFO o.h.a.c.r.j.JavaReflectionManager [main] HCANN000001: Hibernate Commons Annotations {5.1.2.Final}
2023-12-04 17:06:58,231 INFO o.h.d.Dialect [main] HHH000400: Using dialect: org.hibernate.dialect.SQLServer2012Dialect
2023-12-04 17:06:59,713 INFO o.h.e.t.j.p.i.JtaPlatformInitiator [main] HHH000490: Using JtaPlatform implementation: [org.hibernate.engine.transaction.jta.platform.internal.NoJtaPlatform]
2023-12-04 17:06:59,735 INFO o.s.o.j.AbstractEntityManagerFactoryBean [main] Initialized JPA EntityManagerFactory for persistence unit 'default'
2023-12-04 17:07:06,699 INFO o.s.s.w.DefaultSecurityFilterChain [main] Will secure Ant [pattern='/api-docs/**'] with []
2023-12-04 17:07:06,699 INFO o.s.s.w.DefaultSecurityFilterChain [main] Will secure Ant [pattern='/swagger-ui/**'] with []
2023-12-04 17:07:06,700 INFO o.s.s.w.DefaultSecurityFilterChain [main] Will secure Ant [pattern='/swagger-ui.html'] with []
2023-12-04 17:07:06,700 INFO o.s.s.w.DefaultSecurityFilterChain [main] Will secure Ant [pattern='/account-managers/login'] with []
2023-12-04 17:07:06,700 INFO o.s.s.w.DefaultSecurityFilterChain [main] Will secure Ant [pattern='/account-managers/login-facebook'] with []
2023-12-04 17:07:06,700 INFO o.s.s.w.DefaultSecurityFilterChain [main] Will secure Ant [pattern='/account-managers/login-google'] with []
2023-12-04 17:07:06,700 INFO o.s.s.w.DefaultSecurityFilterChain [main] Will secure Ant [pattern='/users/authorization'] with []
2023-12-04 17:07:06,701 INFO o.s.s.w.DefaultSecurityFilterChain [main] Will secure Ant [pattern='/users/login-facebook'] with []
2023-12-04 17:07:06,701 INFO o.s.s.w.DefaultSecurityFilterChain [main] Will secure Ant [pattern='/users/login-google'] with []
2023-12-04 17:07:06,701 INFO o.s.s.w.DefaultSecurityFilterChain [main] Will secure Ant [pattern='/users/login-apple'] with []
2023-12-04 17:07:06,702 INFO o.s.s.w.DefaultSecurityFilterChain [main] Will secure Ant [pattern='/users/change-password'] with []
2023-12-04 17:07:06,702 INFO o.s.s.w.DefaultSecurityFilterChain [main] Will secure Ant [pattern='/browser-setting'] with []
2023-12-04 17:07:06,702 INFO o.s.s.w.DefaultSecurityFilterChain [main] Will secure Ant [pattern='/get-file-types'] with []
2023-12-04 17:07:06,854 INFO o.s.s.w.DefaultSecurityFilterChain [main] Will secure any request with [org.springframework.security.web.context.request.async.WebAsyncManagerIntegrationFilter@5872376d, org.springframework.security.web.context.SecurityContextPersistenceFilter@51386308, org.springframework.security.web.header.HeaderWriterFilter@550fe9d7, org.springframework.security.web.authentication.logout.LogoutFilter@510d6e38, com.timekeeping.management.filter.JwtAuthenticationFilter@66f4fb48, org.springframework.security.web.savedrequest.RequestCacheAwareFilter@28ab3c60, org.springframework.security.web.servletapi.SecurityContextHolderAwareRequestFilter@3ea7d936, org.springframework.security.web.authentication.AnonymousAuthenticationFilter@7231547f, org.springframework.security.web.session.SessionManagementFilter@6ba88a47, org.springframework.security.web.access.ExceptionTranslationFilter@3fbf4614, org.springframework.security.web.access.intercept.FilterSecurityInterceptor@21a1790d]
2023-12-04 17:07:11,005 INFO o.s.b.a.e.w.EndpointLinksResolver [main] Exposing 1 endpoint(s) beneath base path '/actuator'
2023-12-04 17:07:11,203 INFO o.s.b.w.e.t.TomcatWebServer [main] Tomcat started on port(s): 8083 (http) with context path '/api/management'
2023-12-04 17:07:11,255 INFO o.s.b.StartupInfoLogger [main] Started TimekeepingManagementApplication in 26.367 seconds (JVM running for 27.168)
2023-12-04 17:07:11,729 INFO o.s.w.s.FrameworkServlet [RMI TCP Connection(4)-192.168.1.8] Initializing Servlet 'dispatcherServlet'
2023-12-04 17:07:11,731 INFO o.s.w.s.FrameworkServlet [RMI TCP Connection(4)-192.168.1.8] Completed initialization in 1 ms
2023-12-04 17:11:19,107 INFO o.s.o.j.AbstractEntityManagerFactoryBean [SpringApplicationShutdownHook] Closing JPA EntityManagerFactory for persistence unit 'default'
2023-12-04 17:11:23,081 INFO o.h.v.i.u.Version [background-preinit] HV000001: Hibernate Validator 6.2.0.Final
2023-12-04 17:11:23,111 INFO o.s.b.StartupInfoLogger [main] Starting TimekeepingManagementApplication using Java 17.0.4 on PC-PHONG with PID 8280 (C:\Users\phong\Downloads\rikkeichamcong\TimekeepingManagement\timekeeping-management\target\classes started by phong in C:\Users\phong\Downloads\rikkeichamcong\TimekeepingCommon\timekeeping-common)
2023-12-04 17:11:23,116 INFO o.s.b.SpringApplication [main] No active profile set, falling back to default profiles: default
2023-12-04 17:11:23,692 INFO o.s.d.r.c.RepositoryConfigurationDelegate [main] Multiple Spring Data modules found, entering strict repository configuration mode!
2023-12-04 17:11:23,693 INFO o.s.d.r.c.RepositoryConfigurationDelegate [main] Bootstrapping Spring Data JPA repositories in DEFAULT mode.
2023-12-04 17:11:23,938 INFO o.s.d.r.c.RepositoryConfigurationDelegate [main] Finished Spring Data repository scanning in 238 ms. Found 7 JPA repository interfaces.
2023-12-04 17:11:24,229 INFO o.s.d.r.c.RepositoryConfigurationDelegate [main] Multiple Spring Data modules found, entering strict repository configuration mode!
2023-12-04 17:11:24,230 INFO o.s.d.r.c.RepositoryConfigurationDelegate [main] Bootstrapping Spring Data Redis repositories in DEFAULT mode.
2023-12-04 17:11:24,247 INFO o.s.d.r.c.RepositoryConfigurationDelegate [main] Finished Spring Data repository scanning in 5 ms. Found 0 Redis repository interfaces.
2023-12-04 17:11:24,511 INFO o.s.c.s.PostProcessorRegistrationDelegate$BeanPostProcessorChecker [main] Bean 'org.springframework.security.access.expression.method.DefaultMethodSecurityExpressionHandler@79ab97fd' of type [org.springframework.security.access.expression.method.DefaultMethodSecurityExpressionHandler] is not eligible for getting processed by all BeanPostProcessors (for example: not eligible for auto-proxying)
2023-12-04 17:11:24,514 INFO o.s.c.s.PostProcessorRegistrationDelegate$BeanPostProcessorChecker [main] Bean 'methodSecurityMetadataSource' of type [org.springframework.security.access.method.DelegatingMethodSecurityMetadataSource] is not eligible for getting processed by all BeanPostProcessors (for example: not eligible for auto-proxying)
2023-12-04 17:11:24,700 INFO o.s.b.w.e.t.TomcatWebServer [main] Tomcat initialized with port(s): 8083 (http)
2023-12-04 17:11:24,807 INFO o.s.b.w.s.c.ServletWebServerApplicationContext [main] Root WebApplicationContext: initialization completed in 1645 ms
2023-12-04 17:11:24,937 WARN o.s.b.a.o.j.JpaBaseConfiguration$JpaWebConfiguration [main] spring.jpa.open-in-view is enabled by default. Therefore, database queries may be performed during view rendering. Explicitly configure spring.jpa.open-in-view to disable this warning
2023-12-04 17:11:35,366 INFO o.h.j.i.u.LogHelper [main] HHH000204: Processing PersistenceUnitInfo [name: default]
2023-12-04 17:11:35,491 INFO o.h.Version [main] HHH000412: Hibernate ORM core version 5.4.32.Final
2023-12-04 17:11:35,767 INFO o.h.a.c.r.j.JavaReflectionManager [main] HCANN000001: Hibernate Commons Annotations {5.1.2.Final}
2023-12-04 17:11:36,122 INFO o.h.d.Dialect [main] HHH000400: Using dialect: org.hibernate.dialect.SQLServer2012Dialect
2023-12-04 17:11:37,641 INFO o.h.e.t.j.p.i.JtaPlatformInitiator [main] HHH000490: Using JtaPlatform implementation: [org.hibernate.engine.transaction.jta.platform.internal.NoJtaPlatform]
2023-12-04 17:11:37,666 INFO o.s.o.j.AbstractEntityManagerFactoryBean [main] Initialized JPA EntityManagerFactory for persistence unit 'default'
2023-12-04 17:11:44,506 INFO o.s.s.w.DefaultSecurityFilterChain [main] Will secure Ant [pattern='/api-docs/**'] with []
2023-12-04 17:11:44,507 INFO o.s.s.w.DefaultSecurityFilterChain [main] Will secure Ant [pattern='/swagger-ui/**'] with []
2023-12-04 17:11:44,507 INFO o.s.s.w.DefaultSecurityFilterChain [main] Will secure Ant [pattern='/swagger-ui.html'] with []
2023-12-04 17:11:44,508 INFO o.s.s.w.DefaultSecurityFilterChain [main] Will secure Ant [pattern='/account-managers/login'] with []
2023-12-04 17:11:44,508 INFO o.s.s.w.DefaultSecurityFilterChain [main] Will secure Ant [pattern='/account-managers/login-facebook'] with []
2023-12-04 17:11:44,508 INFO o.s.s.w.DefaultSecurityFilterChain [main] Will secure Ant [pattern='/account-managers/login-google'] with []
2023-12-04 17:11:44,509 INFO o.s.s.w.DefaultSecurityFilterChain [main] Will secure Ant [pattern='/users/authorization'] with []
2023-12-04 17:11:44,509 INFO o.s.s.w.DefaultSecurityFilterChain [main] Will secure Ant [pattern='/users/login-facebook'] with []
2023-12-04 17:11:44,509 INFO o.s.s.w.DefaultSecurityFilterChain [main] Will secure Ant [pattern='/users/login-google'] with []
2023-12-04 17:11:44,509 INFO o.s.s.w.DefaultSecurityFilterChain [main] Will secure Ant [pattern='/users/login-apple'] with []
2023-12-04 17:11:44,510 INFO o.s.s.w.DefaultSecurityFilterChain [main] Will secure Ant [pattern='/users/change-password'] with []
2023-12-04 17:11:44,510 INFO o.s.s.w.DefaultSecurityFilterChain [main] Will secure Ant [pattern='/browser-setting'] with []
2023-12-04 17:11:44,510 INFO o.s.s.w.DefaultSecurityFilterChain [main] Will secure Ant [pattern='/get-file-types'] with []
2023-12-04 17:11:44,658 INFO o.s.s.w.DefaultSecurityFilterChain [main] Will secure any request with [org.springframework.security.web.context.request.async.WebAsyncManagerIntegrationFilter@19323826, org.springframework.security.web.context.SecurityContextPersistenceFilter@4834e816, org.springframework.security.web.header.HeaderWriterFilter@11eb41f4, org.springframework.security.web.authentication.logout.LogoutFilter@7bf75275, com.timekeeping.management.filter.JwtAuthenticationFilter@4f60ac31, org.springframework.security.web.savedrequest.RequestCacheAwareFilter@3045fbb4, org.springframework.security.web.servletapi.SecurityContextHolderAwareRequestFilter@313d5a87, org.springframework.security.web.authentication.AnonymousAuthenticationFilter@57c2bedf, org.springframework.security.web.session.SessionManagementFilter@6becf200, org.springframework.security.web.access.ExceptionTranslationFilter@7fe646a, org.springframework.security.web.access.intercept.FilterSecurityInterceptor@46611be4]
2023-12-04 17:11:48,669 INFO o.s.b.a.e.w.EndpointLinksResolver [main] Exposing 1 endpoint(s) beneath base path '/actuator'
2023-12-04 17:11:48,854 INFO o.s.b.w.e.t.TomcatWebServer [main] Tomcat started on port(s): 8083 (http) with context path '/api/management'
2023-12-04 17:11:48,901 INFO o.s.b.StartupInfoLogger [main] Started TimekeepingManagementApplication in 26.075 seconds (JVM running for 26.849)
2023-12-04 17:11:49,124 INFO o.s.w.s.FrameworkServlet [RMI TCP Connection(4)-192.168.1.8] Initializing Servlet 'dispatcherServlet'
2023-12-04 17:11:49,125 INFO o.s.w.s.FrameworkServlet [RMI TCP Connection(4)-192.168.1.8] Completed initialization in 1 ms
2023-12-04 17:12:12,745 WARN o.h.e.j.s.SqlExceptionHelper [http-nio-8083-exec-1] SQL Error: 102, SQLState: S0001
2023-12-04 17:12:12,746 ERROR o.h.e.j.s.SqlExceptionHelper [http-nio-8083-exec-1] Incorrect syntax near 'wd'.
2023-12-04 17:16:07,492 WARN o.h.e.j.s.SqlExceptionHelper [http-nio-8083-exec-2] SQL Error: 102, SQLState: S0001
2023-12-04 17:16:07,493 ERROR o.h.e.j.s.SqlExceptionHelper [http-nio-8083-exec-2] Incorrect syntax near 'wd'.
2023-12-04 17:19:45,367 INFO o.s.o.j.AbstractEntityManagerFactoryBean [SpringApplicationShutdownHook] Closing JPA EntityManagerFactory for persistence unit 'default'
2023-12-04 17:19:49,125 INFO o.h.v.i.u.Version [background-preinit] HV000001: Hibernate Validator 6.2.0.Final
2023-12-04 17:19:49,154 INFO o.s.b.StartupInfoLogger [main] Starting TimekeepingManagementApplication using Java 17.0.4 on PC-PHONG with PID 30240 (C:\Users\phong\Downloads\rikkeichamcong\TimekeepingManagement\timekeeping-management\target\classes started by phong in C:\Users\phong\Downloads\rikkeichamcong\TimekeepingCommon\timekeeping-common)
2023-12-04 17:19:49,159 INFO o.s.b.SpringApplication [main] No active profile set, falling back to default profiles: default
2023-12-04 17:19:49,705 INFO o.s.d.r.c.RepositoryConfigurationDelegate [main] Multiple Spring Data modules found, entering strict repository configuration mode!
2023-12-04 17:19:49,705 INFO o.s.d.r.c.RepositoryConfigurationDelegate [main] Bootstrapping Spring Data JPA repositories in DEFAULT mode.
2023-12-04 17:19:49,949 INFO o.s.d.r.c.RepositoryConfigurationDelegate [main] Finished Spring Data repository scanning in 236 ms. Found 7 JPA repository interfaces.
2023-12-04 17:19:50,233 INFO o.s.d.r.c.RepositoryConfigurationDelegate [main] Multiple Spring Data modules found, entering strict repository configuration mode!
2023-12-04 17:19:50,234 INFO o.s.d.r.c.RepositoryConfigurationDelegate [main] Bootstrapping Spring Data Redis repositories in DEFAULT mode.
2023-12-04 17:19:50,248 INFO o.s.d.r.c.RepositoryConfigurationDelegate [main] Finished Spring Data repository scanning in 6 ms. Found 0 Redis repository interfaces.
2023-12-04 17:19:50,500 INFO o.s.c.s.PostProcessorRegistrationDelegate$BeanPostProcessorChecker [main] Bean 'org.springframework.security.access.expression.method.DefaultMethodSecurityExpressionHandler@79ab97fd' of type [org.springframework.security.access.expression.method.DefaultMethodSecurityExpressionHandler] is not eligible for getting processed by all BeanPostProcessors (for example: not eligible for auto-proxying)
2023-12-04 17:19:50,503 INFO o.s.c.s.PostProcessorRegistrationDelegate$BeanPostProcessorChecker [main] Bean 'methodSecurityMetadataSource' of type [org.springframework.security.access.method.DelegatingMethodSecurityMetadataSource] is not eligible for getting processed by all BeanPostProcessors (for example: not eligible for auto-proxying)
2023-12-04 17:19:50,691 INFO o.s.b.w.e.t.TomcatWebServer [main] Tomcat initialized with port(s): 8083 (http)
2023-12-04 17:19:50,793 INFO o.s.b.w.s.c.ServletWebServerApplicationContext [main] Root WebApplicationContext: initialization completed in 1597 ms
2023-12-04 17:19:50,937 WARN o.s.b.a.o.j.JpaBaseConfiguration$JpaWebConfiguration [main] spring.jpa.open-in-view is enabled by default. Therefore, database queries may be performed during view rendering. Explicitly configure spring.jpa.open-in-view to disable this warning
2023-12-04 17:20:01,428 INFO o.h.j.i.u.LogHelper [main] HHH000204: Processing PersistenceUnitInfo [name: default]
2023-12-04 17:20:01,546 INFO o.h.Version [main] HHH000412: Hibernate ORM core version 5.4.32.Final
2023-12-04 17:20:01,809 INFO o.h.a.c.r.j.JavaReflectionManager [main] HCANN000001: Hibernate Commons Annotations {5.1.2.Final}
2023-12-04 17:20:02,166 INFO o.h.d.Dialect [main] HHH000400: Using dialect: org.hibernate.dialect.SQLServer2012Dialect
2023-12-04 17:20:03,665 INFO o.h.e.t.j.p.i.JtaPlatformInitiator [main] HHH000490: Using JtaPlatform implementation: [org.hibernate.engine.transaction.jta.platform.internal.NoJtaPlatform]
2023-12-04 17:20:03,687 INFO o.s.o.j.AbstractEntityManagerFactoryBean [main] Initialized JPA EntityManagerFactory for persistence unit 'default'
2023-12-04 17:20:10,621 INFO o.s.s.w.DefaultSecurityFilterChain [main] Will secure Ant [pattern='/api-docs/**'] with []
2023-12-04 17:20:10,621 INFO o.s.s.w.DefaultSecurityFilterChain [main] Will secure Ant [pattern='/swagger-ui/**'] with []
2023-12-04 17:20:10,622 INFO o.s.s.w.DefaultSecurityFilterChain [main] Will secure Ant [pattern='/swagger-ui.html'] with []
2023-12-04 17:20:10,622 INFO o.s.s.w.DefaultSecurityFilterChain [main] Will secure Ant [pattern='/account-managers/login'] with []
2023-12-04 17:20:10,622 INFO o.s.s.w.DefaultSecurityFilterChain [main] Will secure Ant [pattern='/account-managers/login-facebook'] with []
2023-12-04 17:20:10,622 INFO o.s.s.w.DefaultSecurityFilterChain [main] Will secure Ant [pattern='/account-managers/login-google'] with []
2023-12-04 17:20:10,623 INFO o.s.s.w.DefaultSecurityFilterChain [main] Will secure Ant [pattern='/users/authorization'] with []
2023-12-04 17:20:10,623 INFO o.s.s.w.DefaultSecurityFilterChain [main] Will secure Ant [pattern='/users/login-facebook'] with []
2023-12-04 17:20:10,623 INFO o.s.s.w.DefaultSecurityFilterChain [main] Will secure Ant [pattern='/users/login-google'] with []
2023-12-04 17:20:10,624 INFO o.s.s.w.DefaultSecurityFilterChain [main] Will secure Ant [pattern='/users/login-apple'] with []
2023-12-04 17:20:10,624 INFO o.s.s.w.DefaultSecurityFilterChain [main] Will secure Ant [pattern='/users/change-password'] with []
2023-12-04 17:20:10,624 INFO o.s.s.w.DefaultSecurityFilterChain [main] Will secure Ant [pattern='/browser-setting'] with []
2023-12-04 17:20:10,625 INFO o.s.s.w.DefaultSecurityFilterChain [main] Will secure Ant [pattern='/get-file-types'] with []
2023-12-04 17:20:10,778 INFO o.s.s.w.DefaultSecurityFilterChain [main] Will secure any request with [org.springframework.security.web.context.request.async.WebAsyncManagerIntegrationFilter@78171169, org.springframework.security.web.context.SecurityContextPersistenceFilter@515a3572, org.springframework.security.web.header.HeaderWriterFilter@1ee1c0cc, org.springframework.security.web.authentication.logout.LogoutFilter@3e8a1137, com.timekeeping.management.filter.JwtAuthenticationFilter@4f60ac31, org.springframework.security.web.savedrequest.RequestCacheAwareFilter@55781d31, org.springframework.security.web.servletapi.SecurityContextHolderAwareRequestFilter@35f18100, org.springframework.security.web.authentication.AnonymousAuthenticationFilter@1c388703, org.springframework.security.web.session.SessionManagementFilter@2031cad2, org.springframework.security.web.access.ExceptionTranslationFilter@389d371a, org.springframework.security.web.access.intercept.FilterSecurityInterceptor@10de92aa]
2023-12-04 17:20:14,969 INFO o.s.b.a.e.w.EndpointLinksResolver [main] Exposing 1 endpoint(s) beneath base path '/actuator'
2023-12-04 17:20:15,149 INFO o.s.b.w.e.t.TomcatWebServer [main] Tomcat started on port(s): 8083 (http) with context path '/api/management'
2023-12-04 17:20:15,196 INFO o.s.b.StartupInfoLogger [main] Started TimekeepingManagementApplication in 26.329 seconds (JVM running for 27.103)
2023-12-04 17:20:15,618 INFO o.s.w.s.FrameworkServlet [RMI TCP Connection(1)-192.168.1.8] Initializing Servlet 'dispatcherServlet'
2023-12-04 17:20:15,619 INFO o.s.w.s.FrameworkServlet [RMI TCP Connection(1)-192.168.1.8] Completed initialization in 1 ms
2023-12-04 17:26:30,367 INFO o.s.o.j.AbstractEntityManagerFactoryBean [SpringApplicationShutdownHook] Closing JPA EntityManagerFactory for persistence unit 'default'
2023-12-04 17:26:34,472 INFO o.h.v.i.u.Version [background-preinit] HV000001: Hibernate Validator 6.2.0.Final
2023-12-04 17:26:34,501 INFO o.s.b.StartupInfoLogger [main] Starting TimekeepingManagementApplication using Java 17.0.4 on PC-PHONG with PID 22100 (C:\Users\phong\Downloads\rikkeichamcong\TimekeepingManagement\timekeeping-management\target\classes started by phong in C:\Users\phong\Downloads\rikkeichamcong\TimekeepingCommon\timekeeping-common)
2023-12-04 17:26:34,504 INFO o.s.b.SpringApplication [main] No active profile set, falling back to default profiles: default
2023-12-04 17:26:35,073 INFO o.s.d.r.c.RepositoryConfigurationDelegate [main] Multiple Spring Data modules found, entering strict repository configuration mode!
2023-12-04 17:26:35,073 INFO o.s.d.r.c.RepositoryConfigurationDelegate [main] Bootstrapping Spring Data JPA repositories in DEFAULT mode.
2023-12-04 17:26:35,410 INFO o.s.d.r.c.RepositoryConfigurationDelegate [main] Finished Spring Data repository scanning in 330 ms. Found 7 JPA repository interfaces.
2023-12-04 17:26:35,758 INFO o.s.d.r.c.RepositoryConfigurationDelegate [main] Multiple Spring Data modules found, entering strict repository configuration mode!
2023-12-04 17:26:35,761 INFO o.s.d.r.c.RepositoryConfigurationDelegate [main] Bootstrapping Spring Data Redis repositories in DEFAULT mode.
2023-12-04 17:26:35,780 INFO o.s.d.r.c.RepositoryConfigurationDelegate [main] Finished Spring Data repository scanning in 7 ms. Found 0 Redis repository interfaces.
2023-12-04 17:26:36,077 INFO o.s.c.s.PostProcessorRegistrationDelegate$BeanPostProcessorChecker [main] Bean 'org.springframework.security.access.expression.method.DefaultMethodSecurityExpressionHandler@4c7d7430' of type [org.springframework.security.access.expression.method.DefaultMethodSecurityExpressionHandler] is not eligible for getting processed by all BeanPostProcessors (for example: not eligible for auto-proxying)
2023-12-04 17:26:36,081 INFO o.s.c.s.PostProcessorRegistrationDelegate$BeanPostProcessorChecker [main] Bean 'methodSecurityMetadataSource' of type [org.springframework.security.access.method.DelegatingMethodSecurityMetadataSource] is not eligible for getting processed by all BeanPostProcessors (for example: not eligible for auto-proxying)
2023-12-04 17:26:36,471 INFO o.s.b.w.e.t.TomcatWebServer [main] Tomcat initialized with port(s): 8083 (http)
2023-12-04 17:26:36,901 INFO o.s.b.w.s.c.ServletWebServerApplicationContext [main] Root WebApplicationContext: initialization completed in 2359 ms
2023-12-04 17:26:37,363 WARN o.s.b.a.o.j.JpaBaseConfiguration$JpaWebConfiguration [main] spring.jpa.open-in-view is enabled by default. Therefore, database queries may be performed during view rendering. Explicitly configure spring.jpa.open-in-view to disable this warning
2023-12-04 17:26:48,674 INFO o.h.j.i.u.LogHelper [main] HHH000204: Processing PersistenceUnitInfo [name: default]
2023-12-04 17:26:48,836 INFO o.h.Version [main] HHH000412: Hibernate ORM core version 5.4.32.Final
2023-12-04 17:26:49,197 INFO o.h.a.c.r.j.JavaReflectionManager [main] HCANN000001: Hibernate Commons Annotations {5.1.2.Final}
2023-12-04 17:26:49,585 INFO o.h.d.Dialect [main] HHH000400: Using dialect: org.hibernate.dialect.SQLServer2012Dialect
2023-12-04 17:26:50,580 INFO o.h.e.t.j.p.i.JtaPlatformInitiator [main] HHH000490: Using JtaPlatform implementation: [org.hibernate.engine.transaction.jta.platform.internal.NoJtaPlatform]
2023-12-04 17:26:50,587 INFO o.s.o.j.AbstractEntityManagerFactoryBean [main] Initialized JPA EntityManagerFactory for persistence unit 'default'
2023-12-04 17:26:53,024 INFO o.s.s.w.DefaultSecurityFilterChain [main] Will secure Ant [pattern='/api-docs/**'] with []
2023-12-04 17:26:53,025 INFO o.s.s.w.DefaultSecurityFilterChain [main] Will secure Ant [pattern='/swagger-ui/**'] with []
2023-12-04 17:26:53,025 INFO o.s.s.w.DefaultSecurityFilterChain [main] Will secure Ant [pattern='/swagger-ui.html'] with []
2023-12-04 17:26:53,025 INFO o.s.s.w.DefaultSecurityFilterChain [main] Will secure Ant [pattern='/account-managers/login'] with []
2023-12-04 17:26:53,025 INFO o.s.s.w.DefaultSecurityFilterChain [main] Will secure Ant [pattern='/account-managers/login-facebook'] with []
2023-12-04 17:26:53,025 INFO o.s.s.w.DefaultSecurityFilterChain [main] Will secure Ant [pattern='/account-managers/login-google'] with []
2023-12-04 17:26:53,025 INFO o.s.s.w.DefaultSecurityFilterChain [main] Will secure Ant [pattern='/users/authorization'] with []
2023-12-04 17:26:53,025 INFO o.s.s.w.DefaultSecurityFilterChain [main] Will secure Ant [pattern='/users/login-facebook'] with []
2023-12-04 17:26:53,025 INFO o.s.s.w.DefaultSecurityFilterChain [main] Will secure Ant [pattern='/users/login-google'] with []
2023-12-04 17:26:53,025 INFO o.s.s.w.DefaultSecurityFilterChain [main] Will secure Ant [pattern='/users/login-apple'] with []
2023-12-04 17:26:53,025 INFO o.s.s.w.DefaultSecurityFilterChain [main] Will secure Ant [pattern='/users/change-password'] with []
2023-12-04 17:26:53,025 INFO o.s.s.w.DefaultSecurityFilterChain [main] Will secure Ant [pattern='/browser-setting'] with []
2023-12-04 17:26:53,025 INFO o.s.s.w.DefaultSecurityFilterChain [main] Will secure Ant [pattern='/get-file-types'] with []
2023-12-04 17:26:53,073 INFO o.s.s.w.DefaultSecurityFilterChain [main] Will secure any request with [org.springframework.security.web.context.request.async.WebAsyncManagerIntegrationFilter@73c7a727, org.springframework.security.web.context.SecurityContextPersistenceFilter@6c53f543, org.springframework.security.web.header.HeaderWriterFilter@4daf3b31, org.springframework.security.web.authentication.logout.LogoutFilter@6ba88a47, com.timekeeping.management.filter.JwtAuthenticationFilter@3e4aabde, org.springframework.security.web.savedrequest.RequestCacheAwareFilter@ec9f91b, org.springframework.security.web.servletapi.SecurityContextHolderAwareRequestFilter@389d371a, org.springframework.security.web.authentication.AnonymousAuthenticationFilter@7f792c5a, org.springframework.security.web.session.SessionManagementFilter@21f9b360, org.springframework.security.web.access.ExceptionTranslationFilter@62c63900, org.springframework.security.web.access.intercept.FilterSecurityInterceptor@718fb7a2]
2023-12-04 17:26:54,472 INFO o.s.b.a.e.w.EndpointLinksResolver [main] Exposing 1 endpoint(s) beneath base path '/actuator'
2023-12-04 17:26:54,529 INFO o.s.b.w.e.t.TomcatWebServer [main] Tomcat started on port(s): 8083 (http) with context path '/api/management'
2023-12-04 17:26:54,542 INFO o.s.b.StartupInfoLogger [main] Started TimekeepingManagementApplication in 20.341 seconds (JVM running for 21.259)
2023-12-04 17:26:54,764 INFO o.s.w.s.FrameworkServlet [RMI TCP Connection(5)-192.168.1.8] Initializing Servlet 'dispatcherServlet'
2023-12-04 17:26:54,765 INFO o.s.w.s.FrameworkServlet [RMI TCP Connection(5)-192.168.1.8] Completed initialization in 1 ms
2023-12-04 17:29:17,282 INFO o.s.o.j.AbstractEntityManagerFactoryBean [SpringApplicationShutdownHook] Closing JPA EntityManagerFactory for persistence unit 'default'
2023-12-04 17:29:21,977 INFO o.h.v.i.u.Version [background-preinit] HV000001: Hibernate Validator 6.2.0.Final
2023-12-04 17:29:22,019 INFO o.s.b.StartupInfoLogger [main] Starting TimekeepingManagementApplication using Java 17.0.4 on PC-PHONG with PID 23164 (C:\Users\phong\Downloads\rikkeichamcong\TimekeepingManagement\timekeeping-management\target\classes started by phong in C:\Users\phong\Downloads\rikkeichamcong\TimekeepingCommon\timekeeping-common)
2023-12-04 17:29:22,022 INFO o.s.b.SpringApplication [main] No active profile set, falling back to default profiles: default
2023-12-04 17:29:22,582 INFO o.s.d.r.c.RepositoryConfigurationDelegate [main] Multiple Spring Data modules found, entering strict repository configuration mode!
2023-12-04 17:29:22,582 INFO o.s.d.r.c.RepositoryConfigurationDelegate [main] Bootstrapping Spring Data JPA repositories in DEFAULT mode.
2023-12-04 17:29:22,846 INFO o.s.d.r.c.RepositoryConfigurationDelegate [main] Finished Spring Data repository scanning in 255 ms. Found 7 JPA repository interfaces.
2023-12-04 17:29:23,132 INFO o.s.d.r.c.RepositoryConfigurationDelegate [main] Multiple Spring Data modules found, entering strict repository configuration mode!
2023-12-04 17:29:23,133 INFO o.s.d.r.c.RepositoryConfigurationDelegate [main] Bootstrapping Spring Data Redis repositories in DEFAULT mode.
2023-12-04 17:29:23,145 INFO o.s.d.r.c.RepositoryConfigurationDelegate [main] Finished Spring Data repository scanning in 5 ms. Found 0 Redis repository interfaces.
2023-12-04 17:29:23,402 INFO o.s.c.s.PostProcessorRegistrationDelegate$BeanPostProcessorChecker [main] Bean 'org.springframework.security.access.expression.method.DefaultMethodSecurityExpressionHandler@5fe46d52' of type [org.springframework.security.access.expression.method.DefaultMethodSecurityExpressionHandler] is not eligible for getting processed by all BeanPostProcessors (for example: not eligible for auto-proxying)
2023-12-04 17:29:23,405 INFO o.s.c.s.PostProcessorRegistrationDelegate$BeanPostProcessorChecker [main] Bean 'methodSecurityMetadataSource' of type [org.springframework.security.access.method.DelegatingMethodSecurityMetadataSource] is not eligible for getting processed by all BeanPostProcessors (for example: not eligible for auto-proxying)
2023-12-04 17:29:23,590 INFO o.s.b.w.e.t.TomcatWebServer [main] Tomcat initialized with port(s): 8083 (http)
2023-12-04 17:29:23,721 INFO o.s.b.w.s.c.ServletWebServerApplicationContext [main] Root WebApplicationContext: initialization completed in 1664 ms
2023-12-04 17:29:23,917 WARN o.s.b.a.o.j.JpaBaseConfiguration$JpaWebConfiguration [main] spring.jpa.open-in-view is enabled by default. Therefore, database queries may be performed during view rendering. Explicitly configure spring.jpa.open-in-view to disable this warning
2023-12-04 17:29:34,683 INFO o.h.j.i.u.LogHelper [main] HHH000204: Processing PersistenceUnitInfo [name: default]
2023-12-04 17:29:34,806 INFO o.h.Version [main] HHH000412: Hibernate ORM core version 5.4.32.Final
2023-12-04 17:29:35,076 INFO o.h.a.c.r.j.JavaReflectionManager [main] HCANN000001: Hibernate Commons Annotations {5.1.2.Final}
2023-12-04 17:29:35,452 INFO o.h.d.Dialect [main] HHH000400: Using dialect: org.hibernate.dialect.SQLServer2012Dialect
2023-12-04 17:29:37,058 INFO o.h.e.t.j.p.i.JtaPlatformInitiator [main] HHH000490: Using JtaPlatform implementation: [org.hibernate.engine.transaction.jta.platform.internal.NoJtaPlatform]
2023-12-04 17:29:37,080 INFO o.s.o.j.AbstractEntityManagerFactoryBean [main] Initialized JPA EntityManagerFactory for persistence unit 'default'
2023-12-04 17:29:44,057 INFO o.s.s.w.DefaultSecurityFilterChain [main] Will secure Ant [pattern='/api-docs/**'] with []
2023-12-04 17:29:44,058 INFO o.s.s.w.DefaultSecurityFilterChain [main] Will secure Ant [pattern='/swagger-ui/**'] with []
2023-12-04 17:29:44,058 INFO o.s.s.w.DefaultSecurityFilterChain [main] Will secure Ant [pattern='/swagger-ui.html'] with []
2023-12-04 17:29:44,058 INFO o.s.s.w.DefaultSecurityFilterChain [main] Will secure Ant [pattern='/account-managers/login'] with []
2023-12-04 17:29:44,058 INFO o.s.s.w.DefaultSecurityFilterChain [main] Will secure Ant [pattern='/account-managers/login-facebook'] with []
2023-12-04 17:29:44,059 INFO o.s.s.w.DefaultSecurityFilterChain [main] Will secure Ant [pattern='/account-managers/login-google'] with []
2023-12-04 17:29:44,059 INFO o.s.s.w.DefaultSecurityFilterChain [main] Will secure Ant [pattern='/users/authorization'] with []
2023-12-04 17:29:44,059 INFO o.s.s.w.DefaultSecurityFilterChain [main] Will secure Ant [pattern='/users/login-facebook'] with []
2023-12-04 17:29:44,059 INFO o.s.s.w.DefaultSecurityFilterChain [main] Will secure Ant [pattern='/users/login-google'] with []
2023-12-04 17:29:44,060 INFO o.s.s.w.DefaultSecurityFilterChain [main] Will secure Ant [pattern='/users/login-apple'] with []
2023-12-04 17:29:44,060 INFO o.s.s.w.DefaultSecurityFilterChain [main] Will secure Ant [pattern='/users/change-password'] with []
2023-12-04 17:29:44,060 INFO o.s.s.w.DefaultSecurityFilterChain [main] Will secure Ant [pattern='/browser-setting'] with []
2023-12-04 17:29:44,060 INFO o.s.s.w.DefaultSecurityFilterChain [main] Will secure Ant [pattern='/get-file-types'] with []
2023-12-04 17:29:44,233 INFO o.s.s.w.DefaultSecurityFilterChain [main] Will secure any request with [org.springframework.security.web.context.request.async.WebAsyncManagerIntegrationFilter@fcaf12a, org.springframework.security.web.context.SecurityContextPersistenceFilter@6df38b48, org.springframework.security.web.header.HeaderWriterFilter@667c2066, org.springframework.security.web.authentication.logout.LogoutFilter@5f50f63e, com.timekeeping.management.filter.JwtAuthenticationFilter@66f4fb48, org.springframework.security.web.savedrequest.RequestCacheAwareFilter@aca89a3, org.springframework.security.web.servletapi.SecurityContextHolderAwareRequestFilter@11eb41f4, org.springframework.security.web.authentication.AnonymousAuthenticationFilter@57927f4f, org.springframework.security.web.session.SessionManagementFilter@55781d31, org.springframework.security.web.access.ExceptionTranslationFilter@707004b6, org.springframework.security.web.access.intercept.FilterSecurityInterceptor@1c388703]
2023-12-04 17:29:48,878 INFO o.s.b.a.e.w.EndpointLinksResolver [main] Exposing 1 endpoint(s) beneath base path '/actuator'
2023-12-04 17:29:49,087 INFO o.s.b.w.e.t.TomcatWebServer [main] Tomcat started on port(s): 8083 (http) with context path '/api/management'
2023-12-04 17:29:49,143 INFO o.s.b.StartupInfoLogger [main] Started TimekeepingManagementApplication in 27.441 seconds (JVM running for 28.293)
2023-12-04 17:29:49,385 INFO o.s.w.s.FrameworkServlet [RMI TCP Connection(2)-192.168.1.8] Initializing Servlet 'dispatcherServlet'
2023-12-04 17:29:49,387 INFO o.s.w.s.FrameworkServlet [RMI TCP Connection(2)-192.168.1.8] Completed initialization in 2 ms
2023-12-04 17:30:59,403 WARN o.h.e.j.s.SqlExceptionHelper [http-nio-8083-exec-1] SQL Error: 102, SQLState: S0001
2023-12-04 17:30:59,404 ERROR o.h.e.j.s.SqlExceptionHelper [http-nio-8083-exec-1] Incorrect syntax near '<'.
2023-12-04 17:34:39,000 WARN o.h.e.j.s.SqlExceptionHelper [http-nio-8083-exec-2] SQL Error: 102, SQLState: S0001
2023-12-04 17:34:39,001 ERROR o.h.e.j.s.SqlExceptionHelper [http-nio-8083-exec-2] Incorrect syntax near '<'.
2023-12-04 17:37:26,473 INFO o.s.o.j.AbstractEntityManagerFactoryBean [SpringApplicationShutdownHook] Closing JPA EntityManagerFactory for persistence unit 'default'
2023-12-04 17:37:30,139 INFO o.h.v.i.u.Version [background-preinit] HV000001: Hibernate Validator 6.2.0.Final
2023-12-04 17:37:30,171 INFO o.s.b.StartupInfoLogger [main] Starting TimekeepingManagementApplication using Java 17.0.4 on PC-PHONG with PID 39700 (C:\Users\phong\Downloads\rikkeichamcong\TimekeepingManagement\timekeeping-management\target\classes started by phong in C:\Users\phong\Downloads\rikkeichamcong\TimekeepingCommon\timekeeping-common)
2023-12-04 17:37:30,177 INFO o.s.b.SpringApplication [main] No active profile set, falling back to default profiles: default
2023-12-04 17:37:30,735 INFO o.s.d.r.c.RepositoryConfigurationDelegate [main] Multiple Spring Data modules found, entering strict repository configuration mode!
2023-12-04 17:37:30,735 INFO o.s.d.r.c.RepositoryConfigurationDelegate [main] Bootstrapping Spring Data JPA repositories in DEFAULT mode.
2023-12-04 17:37:30,977 INFO o.s.d.r.c.RepositoryConfigurationDelegate [main] Finished Spring Data repository scanning in 236 ms. Found 7 JPA repository interfaces.
2023-12-04 17:37:31,244 INFO o.s.d.r.c.RepositoryConfigurationDelegate [main] Multiple Spring Data modules found, entering strict repository configuration mode!
2023-12-04 17:37:31,245 INFO o.s.d.r.c.RepositoryConfigurationDelegate [main] Bootstrapping Spring Data Redis repositories in DEFAULT mode.
2023-12-04 17:37:31,258 INFO o.s.d.r.c.RepositoryConfigurationDelegate [main] Finished Spring Data repository scanning in 5 ms. Found 0 Redis repository interfaces.
2023-12-04 17:37:31,513 INFO o.s.c.s.PostProcessorRegistrationDelegate$BeanPostProcessorChecker [main] Bean 'org.springframework.security.access.expression.method.DefaultMethodSecurityExpressionHandler@6ed18d80' of type [org.springframework.security.access.expression.method.DefaultMethodSecurityExpressionHandler] is not eligible for getting processed by all BeanPostProcessors (for example: not eligible for auto-proxying)
2023-12-04 17:37:31,515 INFO o.s.c.s.PostProcessorRegistrationDelegate$BeanPostProcessorChecker [main] Bean 'methodSecurityMetadataSource' of type [org.springframework.security.access.method.DelegatingMethodSecurityMetadataSource] is not eligible for getting processed by all BeanPostProcessors (for example: not eligible for auto-proxying)
2023-12-04 17:37:31,755 INFO o.s.b.w.e.t.TomcatWebServer [main] Tomcat initialized with port(s): 8083 (http)
2023-12-04 17:37:31,864 INFO o.s.b.w.s.c.ServletWebServerApplicationContext [main] Root WebApplicationContext: initialization completed in 1652 ms
2023-12-04 17:37:32,020 WARN o.s.b.a.o.j.JpaBaseConfiguration$JpaWebConfiguration [main] spring.jpa.open-in-view is enabled by default. Therefore, database queries may be performed during view rendering. Explicitly configure spring.jpa.open-in-view to disable this warning
2023-12-04 17:37:43,151 INFO o.h.j.i.u.LogHelper [main] HHH000204: Processing PersistenceUnitInfo [name: default]
2023-12-04 17:37:43,269 INFO o.h.Version [main] HHH000412: Hibernate ORM core version 5.4.32.Final
2023-12-04 17:37:43,554 INFO o.h.a.c.r.j.JavaReflectionManager [main] HCANN000001: Hibernate Commons Annotations {5.1.2.Final}
2023-12-04 17:37:43,924 INFO o.h.d.Dialect [main] HHH000400: Using dialect: org.hibernate.dialect.SQLServer2012Dialect
2023-12-04 17:37:45,504 INFO o.h.e.t.j.p.i.JtaPlatformInitiator [main] HHH000490: Using JtaPlatform implementation: [org.hibernate.engine.transaction.jta.platform.internal.NoJtaPlatform]
2023-12-04 17:37:45,525 INFO o.s.o.j.AbstractEntityManagerFactoryBean [main] Initialized JPA EntityManagerFactory for persistence unit 'default'
2023-12-04 17:37:51,949 INFO o.s.s.w.DefaultSecurityFilterChain [main] Will secure Ant [pattern='/api-docs/**'] with []
2023-12-04 17:37:51,950 INFO o.s.s.w.DefaultSecurityFilterChain [main] Will secure Ant [pattern='/swagger-ui/**'] with []
2023-12-04 17:37:51,950 INFO o.s.s.w.DefaultSecurityFilterChain [main] Will secure Ant [pattern='/swagger-ui.html'] with []
2023-12-04 17:37:51,950 INFO o.s.s.w.DefaultSecurityFilterChain [main] Will secure Ant [pattern='/account-managers/login'] with []
2023-12-04 17:37:51,951 INFO o.s.s.w.DefaultSecurityFilterChain [main] Will secure Ant [pattern='/account-managers/login-facebook'] with []
2023-12-04 17:37:51,951 INFO o.s.s.w.DefaultSecurityFilterChain [main] Will secure Ant [pattern='/account-managers/login-google'] with []
2023-12-04 17:37:51,951 INFO o.s.s.w.DefaultSecurityFilterChain [main] Will secure Ant [pattern='/users/authorization'] with []
2023-12-04 17:37:51,952 INFO o.s.s.w.DefaultSecurityFilterChain [main] Will secure Ant [pattern='/users/login-facebook'] with []
2023-12-04 17:37:51,952 INFO o.s.s.w.DefaultSecurityFilterChain [main] Will secure Ant [pattern='/users/login-google'] with []
2023-12-04 17:37:51,952 INFO o.s.s.w.DefaultSecurityFilterChain [main] Will secure Ant [pattern='/users/login-apple'] with []
2023-12-04 17:37:51,953 INFO o.s.s.w.DefaultSecurityFilterChain [main] Will secure Ant [pattern='/users/change-password'] with []
2023-12-04 17:37:51,953 INFO o.s.s.w.DefaultSecurityFilterChain [main] Will secure Ant [pattern='/browser-setting'] with []
2023-12-04 17:37:51,953 INFO o.s.s.w.DefaultSecurityFilterChain [main] Will secure Ant [pattern='/get-file-types'] with []
2023-12-04 17:37:52,175 INFO o.s.s.w.DefaultSecurityFilterChain [main] Will secure any request with [org.springframework.security.web.context.request.async.WebAsyncManagerIntegrationFilter@5872376d, org.springframework.security.web.context.SecurityContextPersistenceFilter@763d7eef, org.springframework.security.web.header.HeaderWriterFilter@aca89a3, org.springframework.security.web.authentication.logout.LogoutFilter@510d6e38, com.timekeeping.management.filter.JwtAuthenticationFilter@267d9256, org.springframework.security.web.savedrequest.RequestCacheAwareFilter@458f1355, org.springframework.security.web.servletapi.SecurityContextHolderAwareRequestFilter@3045fbb4, org.springframework.security.web.authentication.AnonymousAuthenticationFilter@7231547f, org.springframework.security.web.session.SessionManagementFilter@4de6c6b9, org.springframework.security.web.access.ExceptionTranslationFilter@64ca0be0, org.springframework.security.web.access.intercept.FilterSecurityInterceptor@21a1790d]
2023-12-04 17:37:56,944 INFO o.s.b.a.e.w.EndpointLinksResolver [main] Exposing 1 endpoint(s) beneath base path '/actuator'
2023-12-04 17:37:57,153 INFO o.s.b.w.e.t.TomcatWebServer [main] Tomcat started on port(s): 8083 (http) with context path '/api/management'
2023-12-04 17:37:57,204 INFO o.s.b.StartupInfoLogger [main] Started TimekeepingManagementApplication in 27.313 seconds (JVM running for 28.117)
2023-12-04 17:37:57,728 INFO o.s.w.s.FrameworkServlet [RMI TCP Connection(3)-192.168.1.8] Initializing Servlet 'dispatcherServlet'
2023-12-04 17:37:57,729 INFO o.s.w.s.FrameworkServlet [RMI TCP Connection(3)-192.168.1.8] Completed initialization in 1 ms
2023-12-04 17:38:18,953 WARN o.h.e.j.s.SqlExceptionHelper [http-nio-8083-exec-1] SQL Error: 102, SQLState: S0001
2023-12-04 17:38:18,953 ERROR o.h.e.j.s.SqlExceptionHelper [http-nio-8083-exec-1] Incorrect syntax near '<'.
2023-12-04 17:49:22,928 INFO o.s.o.j.AbstractEntityManagerFactoryBean [SpringApplicationShutdownHook] Closing JPA EntityManagerFactory for persistence unit 'default'
2023-12-04 17:49:26,782 INFO o.h.v.i.u.Version [background-preinit] HV000001: Hibernate Validator 6.2.0.Final
2023-12-04 17:49:26,815 INFO o.s.b.StartupInfoLogger [main] Starting TimekeepingManagementApplication using Java 17.0.4 on PC-PHONG with PID 1712 (C:\Users\phong\Downloads\rikkeichamcong\TimekeepingManagement\timekeeping-management\target\classes started by phong in C:\Users\phong\Downloads\rikkeichamcong\TimekeepingCommon\timekeeping-common)
2023-12-04 17:49:26,821 INFO o.s.b.SpringApplication [main] No active profile set, falling back to default profiles: default
2023-12-04 17:49:27,402 INFO o.s.d.r.c.RepositoryConfigurationDelegate [main] Multiple Spring Data modules found, entering strict repository configuration mode!
2023-12-04 17:49:27,402 INFO o.s.d.r.c.RepositoryConfigurationDelegate [main] Bootstrapping Spring Data JPA repositories in DEFAULT mode.
2023-12-04 17:49:27,635 INFO o.s.d.r.c.RepositoryConfigurationDelegate [main] Finished Spring Data repository scanning in 224 ms. Found 7 JPA repository interfaces.
2023-12-04 17:49:27,901 INFO o.s.d.r.c.RepositoryConfigurationDelegate [main] Multiple Spring Data modules found, entering strict repository configuration mode!
2023-12-04 17:49:27,902 INFO o.s.d.r.c.RepositoryConfigurationDelegate [main] Bootstrapping Spring Data Redis repositories in DEFAULT mode.
2023-12-04 17:49:27,913 INFO o.s.d.r.c.RepositoryConfigurationDelegate [main] Finished Spring Data repository scanning in 5 ms. Found 0 Redis repository interfaces.
2023-12-04 17:49:28,162 INFO o.s.c.s.PostProcessorRegistrationDelegate$BeanPostProcessorChecker [main] Bean 'org.springframework.security.access.expression.method.DefaultMethodSecurityExpressionHandler@5ed0b4e3' of type [org.springframework.security.access.expression.method.DefaultMethodSecurityExpressionHandler] is not eligible for getting processed by all BeanPostProcessors (for example: not eligible for auto-proxying)
2023-12-04 17:49:28,165 INFO o.s.c.s.PostProcessorRegistrationDelegate$BeanPostProcessorChecker [main] Bean 'methodSecurityMetadataSource' of type [org.springframework.security.access.method.DelegatingMethodSecurityMetadataSource] is not eligible for getting processed by all BeanPostProcessors (for example: not eligible for auto-proxying)
2023-12-04 17:49:28,351 INFO o.s.b.w.e.t.TomcatWebServer [main] Tomcat initialized with port(s): 8083 (http)
2023-12-04 17:49:28,456 INFO o.s.b.w.s.c.ServletWebServerApplicationContext [main] Root WebApplicationContext: initialization completed in 1596 ms
2023-12-04 17:49:28,574 WARN o.s.b.a.o.j.JpaBaseConfiguration$JpaWebConfiguration [main] spring.jpa.open-in-view is enabled by default. Therefore, database queries may be performed during view rendering. Explicitly configure spring.jpa.open-in-view to disable this warning
2023-12-04 17:49:39,154 INFO o.h.j.i.u.LogHelper [main] HHH000204: Processing PersistenceUnitInfo [name: default]
2023-12-04 17:49:39,273 INFO o.h.Version [main] HHH000412: Hibernate ORM core version 5.4.32.Final
2023-12-04 17:49:39,554 INFO o.h.a.c.r.j.JavaReflectionManager [main] HCANN000001: Hibernate Commons Annotations {5.1.2.Final}
2023-12-04 17:49:39,925 INFO o.h.d.Dialect [main] HHH000400: Using dialect: org.hibernate.dialect.SQLServer2012Dialect
2023-12-04 17:49:41,480 INFO o.h.e.t.j.p.i.JtaPlatformInitiator [main] HHH000490: Using JtaPlatform implementation: [org.hibernate.engine.transaction.jta.platform.internal.NoJtaPlatform]
2023-12-04 17:49:41,504 INFO o.s.o.j.AbstractEntityManagerFactoryBean [main] Initialized JPA EntityManagerFactory for persistence unit 'default'
2023-12-04 17:49:48,354 INFO o.s.s.w.DefaultSecurityFilterChain [main] Will secure Ant [pattern='/api-docs/**'] with []
2023-12-04 17:49:48,354 INFO o.s.s.w.DefaultSecurityFilterChain [main] Will secure Ant [pattern='/swagger-ui/**'] with []
2023-12-04 17:49:48,355 INFO o.s.s.w.DefaultSecurityFilterChain [main] Will secure Ant [pattern='/swagger-ui.html'] with []
2023-12-04 17:49:48,355 INFO o.s.s.w.DefaultSecurityFilterChain [main] Will secure Ant [pattern='/account-managers/login'] with []
2023-12-04 17:49:48,355 INFO o.s.s.w.DefaultSecurityFilterChain [main] Will secure Ant [pattern='/account-managers/login-facebook'] with []
2023-12-04 17:49:48,356 INFO o.s.s.w.DefaultSecurityFilterChain [main] Will secure Ant [pattern='/account-managers/login-google'] with []
2023-12-04 17:49:48,356 INFO o.s.s.w.DefaultSecurityFilterChain [main] Will secure Ant [pattern='/users/authorization'] with []
2023-12-04 17:49:48,356 INFO o.s.s.w.DefaultSecurityFilterChain [main] Will secure Ant [pattern='/users/login-facebook'] with []
2023-12-04 17:49:48,356 INFO o.s.s.w.DefaultSecurityFilterChain [main] Will secure Ant [pattern='/users/login-google'] with []
2023-12-04 17:49:48,357 INFO o.s.s.w.DefaultSecurityFilterChain [main] Will secure Ant [pattern='/users/login-apple'] with []
2023-12-04 17:49:48,357 INFO o.s.s.w.DefaultSecurityFilterChain [main] Will secure Ant [pattern='/users/change-password'] with []
2023-12-04 17:49:48,357 INFO o.s.s.w.DefaultSecurityFilterChain [main] Will secure Ant [pattern='/browser-setting'] with []
2023-12-04 17:49:48,358 INFO o.s.s.w.DefaultSecurityFilterChain [main] Will secure Ant [pattern='/get-file-types'] with []
2023-12-04 17:49:48,599 INFO o.s.s.w.DefaultSecurityFilterChain [main] Will secure any request with [org.springframework.security.web.context.request.async.WebAsyncManagerIntegrationFilter@27d40ca5, org.springframework.security.web.context.SecurityContextPersistenceFilter@64ca0be0, org.springframework.security.web.header.HeaderWriterFilter@78067cc4, org.springframework.security.web.authentication.logout.LogoutFilter@411b3740, com.timekeeping.management.filter.JwtAuthenticationFilter@7b9866c6, org.springframework.security.web.savedrequest.RequestCacheAwareFilter@2031cad2, org.springframework.security.web.servletapi.SecurityContextHolderAwareRequestFilter@aca89a3, org.springframework.security.web.authentication.AnonymousAuthenticationFilter@10de92aa, org.springframework.security.web.session.SessionManagementFilter@3b59d246, org.springframework.security.web.access.ExceptionTranslationFilter@5b3847f5, org.springframework.security.web.access.intercept.FilterSecurityInterceptor@2a03b7d2]
2023-12-04 17:49:52,729 INFO o.s.b.a.e.w.EndpointLinksResolver [main] Exposing 1 endpoint(s) beneath base path '/actuator'
2023-12-04 17:49:52,918 INFO o.s.b.w.e.t.TomcatWebServer [main] Tomcat started on port(s): 8083 (http) with context path '/api/management'
2023-12-04 17:49:52,954 INFO o.s.b.StartupInfoLogger [main] Started TimekeepingManagementApplication in 26.42 seconds (JVM running for 27.212)
2023-12-04 17:49:53,302 INFO o.s.w.s.FrameworkServlet [RMI TCP Connection(2)-192.168.1.8] Initializing Servlet 'dispatcherServlet'
2023-12-04 17:49:53,304 INFO o.s.w.s.FrameworkServlet [RMI TCP Connection(2)-192.168.1.8] Completed initialization in 2 ms
2023-12-04 17:57:39,895 WARN o.h.e.j.s.SqlExceptionHelper [http-nio-8083-exec-1] SQL Error: 156, SQLState: S0001
2023-12-04 17:57:39,896 ERROR o.h.e.j.s.SqlExceptionHelper [http-nio-8083-exec-1] Incorrect syntax near the keyword 'BETWEEN'.
2023-12-04 17:59:40,058 INFO o.s.o.j.AbstractEntityManagerFactoryBean [SpringApplicationShutdownHook] Closing JPA EntityManagerFactory for persistence unit 'default'
2023-12-04 17:59:45,782 INFO o.h.v.i.u.Version [background-preinit] HV000001: Hibernate Validator 6.2.0.Final
2023-12-04 17:59:45,818 INFO o.s.b.StartupInfoLogger [main] Starting TimekeepingManagementApplication using Java 17.0.4 on PC-PHONG with PID 34896 (C:\Users\phong\Downloads\rikkeichamcong\TimekeepingManagement\timekeeping-management\target\classes started by phong in C:\Users\phong\Downloads\rikkeichamcong\TimekeepingCommon\timekeeping-common)
2023-12-04 17:59:45,821 INFO o.s.b.SpringApplication [main] No active profile set, falling back to default profiles: default
2023-12-04 17:59:46,549 INFO o.s.d.r.c.RepositoryConfigurationDelegate [main] Multiple Spring Data modules found, entering strict repository configuration mode!
2023-12-04 17:59:46,550 INFO o.s.d.r.c.RepositoryConfigurationDelegate [main] Bootstrapping Spring Data JPA repositories in DEFAULT mode.
2023-12-04 17:59:47,037 INFO o.s.d.r.c.RepositoryConfigurationDelegate [main] Finished Spring Data repository scanning in 479 ms. Found 7 JPA repository interfaces.
2023-12-04 17:59:47,418 INFO o.s.d.r.c.RepositoryConfigurationDelegate [main] Multiple Spring Data modules found, entering strict repository configuration mode!
2023-12-04 17:59:47,420 INFO o.s.d.r.c.RepositoryConfigurationDelegate [main] Bootstrapping Spring Data Redis repositories in DEFAULT mode.
2023-12-04 17:59:47,434 INFO o.s.d.r.c.RepositoryConfigurationDelegate [main] Finished Spring Data repository scanning in 7 ms. Found 0 Redis repository interfaces.
2023-12-04 17:59:47,766 INFO o.s.c.s.PostProcessorRegistrationDelegate$BeanPostProcessorChecker [main] Bean 'org.springframework.security.access.expression.method.DefaultMethodSecurityExpressionHandler@3111631d' of type [org.springframework.security.access.expression.method.DefaultMethodSecurityExpressionHandler] is not eligible for getting processed by all BeanPostProcessors (for example: not eligible for auto-proxying)
2023-12-04 17:59:47,769 INFO o.s.c.s.PostProcessorRegistrationDelegate$BeanPostProcessorChecker [main] Bean 'methodSecurityMetadataSource' of type [org.springframework.security.access.method.DelegatingMethodSecurityMetadataSource] is not eligible for getting processed by all BeanPostProcessors (for example: not eligible for auto-proxying)
2023-12-04 17:59:48,054 INFO o.s.b.w.e.t.TomcatWebServer [main] Tomcat initialized with port(s): 8083 (http)
2023-12-04 17:59:48,213 INFO o.s.b.w.s.c.ServletWebServerApplicationContext [main] Root WebApplicationContext: initialization completed in 2345 ms
2023-12-04 17:59:48,390 WARN o.s.b.a.o.j.JpaBaseConfiguration$JpaWebConfiguration [main] spring.jpa.open-in-view is enabled by default. Therefore, database queries may be performed during view rendering. Explicitly configure spring.jpa.open-in-view to disable this warning
2023-12-04 17:59:52,989 INFO o.h.j.i.u.LogHelper [main] HHH000204: Processing PersistenceUnitInfo [name: default]
2023-12-04 17:59:53,068 INFO o.h.Version [main] HHH000412: Hibernate ORM core version 5.4.32.Final
2023-12-04 17:59:53,243 INFO o.h.a.c.r.j.JavaReflectionManager [main] HCANN000001: Hibernate Commons Annotations {5.1.2.Final}
2023-12-04 17:59:53,446 INFO o.h.d.Dialect [main] HHH000400: Using dialect: org.hibernate.dialect.SQLServer2012Dialect
2023-12-04 17:59:54,268 INFO o.h.e.t.j.p.i.JtaPlatformInitiator [main] HHH000490: Using JtaPlatform implementation: [org.hibernate.engine.transaction.jta.platform.internal.NoJtaPlatform]
2023-12-04 17:59:54,278 INFO o.s.o.j.AbstractEntityManagerFactoryBean [main] Initialized JPA EntityManagerFactory for persistence unit 'default'
2023-12-04 17:59:57,569 INFO o.s.s.w.DefaultSecurityFilterChain [main] Will secure Ant [pattern='/api-docs/**'] with []
2023-12-04 17:59:57,569 INFO o.s.s.w.DefaultSecurityFilterChain [main] Will secure Ant [pattern='/swagger-ui/**'] with []
2023-12-04 17:59:57,569 INFO o.s.s.w.DefaultSecurityFilterChain [main] Will secure Ant [pattern='/swagger-ui.html'] with []
2023-12-04 17:59:57,569 INFO o.s.s.w.DefaultSecurityFilterChain [main] Will secure Ant [pattern='/account-managers/login'] with []
2023-12-04 17:59:57,569 INFO o.s.s.w.DefaultSecurityFilterChain [main] Will secure Ant [pattern='/account-managers/login-facebook'] with []
2023-12-04 17:59:57,569 INFO o.s.s.w.DefaultSecurityFilterChain [main] Will secure Ant [pattern='/account-managers/login-google'] with []
2023-12-04 17:59:57,569 INFO o.s.s.w.DefaultSecurityFilterChain [main] Will secure Ant [pattern='/users/authorization'] with []
2023-12-04 17:59:57,569 INFO o.s.s.w.DefaultSecurityFilterChain [main] Will secure Ant [pattern='/users/login-facebook'] with []
2023-12-04 17:59:57,569 INFO o.s.s.w.DefaultSecurityFilterChain [main] Will secure Ant [pattern='/users/login-google'] with []
2023-12-04 17:59:57,570 INFO o.s.s.w.DefaultSecurityFilterChain [main] Will secure Ant [pattern='/users/login-apple'] with []
2023-12-04 17:59:57,570 INFO o.s.s.w.DefaultSecurityFilterChain [main] Will secure Ant [pattern='/users/change-password'] with []
2023-12-04 17:59:57,570 INFO o.s.s.w.DefaultSecurityFilterChain [main] Will secure Ant [pattern='/browser-setting'] with []
2023-12-04 17:59:57,570 INFO o.s.s.w.DefaultSecurityFilterChain [main] Will secure Ant [pattern='/get-file-types'] with []
2023-12-04 17:59:57,642 INFO o.s.s.w.DefaultSecurityFilterChain [main] Will secure any request with [org.springframework.security.web.context.request.async.WebAsyncManagerIntegrationFilter@fcaf12a, org.springframework.security.web.context.SecurityContextPersistenceFilter@64ca0be0, org.springframework.security.web.header.HeaderWriterFilter@78067cc4, org.springframework.security.web.authentication.logout.LogoutFilter@411b3740, com.timekeeping.management.filter.JwtAuthenticationFilter@4d424aea, org.springframework.security.web.savedrequest.RequestCacheAwareFilter@2031cad2, org.springframework.security.web.servletapi.SecurityContextHolderAwareRequestFilter@aca89a3, org.springframework.security.web.authentication.AnonymousAuthenticationFilter@57927f4f, org.springframework.security.web.session.SessionManagementFilter@3b59d246, org.springframework.security.web.access.ExceptionTranslationFilter@5b3847f5, org.springframework.security.web.access.intercept.FilterSecurityInterceptor@1c388703]
2023-12-04 17:59:59,651 INFO o.s.b.a.e.w.EndpointLinksResolver [main] Exposing 1 endpoint(s) beneath base path '/actuator'
2023-12-04 17:59:59,724 INFO o.s.b.w.e.t.TomcatWebServer [main] Tomcat started on port(s): 8083 (http) with context path '/api/management'
2023-12-04 17:59:59,745 INFO o.s.b.StartupInfoLogger [main] Started TimekeepingManagementApplication in 14.344 seconds (JVM running for 15.502)
2023-12-04 18:00:00,252 INFO o.s.w.s.FrameworkServlet [RMI TCP Connection(5)-192.168.1.8] Initializing Servlet 'dispatcherServlet'
2023-12-04 18:00:00,253 INFO o.s.w.s.FrameworkServlet [RMI TCP Connection(5)-192.168.1.8] Completed initialization in 1 ms
