2023-11-15 13:50:31,540 INFO o.h.v.i.u.Version [background-preinit] HV000001: Hibernate Validator 6.2.0.Final
2023-11-15 13:50:31,572 INFO o.s.b.StartupInfoLogger [main] Starting TimekeepingManagementApplication using Java 17.0.4 on PC-PHONG with PID 34776 (C:\Users\phong\Downloads\rikkeichamcong\TimekeepingManagement\timekeeping-management\target\classes started by phong in C:\Users\phong\Downloads\rikkeichamcong\TimekeepingCommon\timekeeping-common)
2023-11-15 13:50:31,577 INFO o.s.b.SpringApplication [main] No active profile set, falling back to default profiles: default
2023-11-15 13:50:32,150 INFO o.s.d.r.c.RepositoryConfigurationDelegate [main] Multiple Spring Data modules found, entering strict repository configuration mode!
2023-11-15 13:50:32,151 INFO o.s.d.r.c.RepositoryConfigurationDelegate [main] Bootstrapping Spring Data JPA repositories in DEFAULT mode.
2023-11-15 13:50:32,418 INFO o.s.d.r.c.RepositoryConfigurationDelegate [main] Finished Spring Data repository scanning in 260 ms. Found 6 JPA repository interfaces.
2023-11-15 13:50:32,723 INFO o.s.d.r.c.RepositoryConfigurationDelegate [main] Multiple Spring Data modules found, entering strict repository configuration mode!
2023-11-15 13:50:32,724 INFO o.s.d.r.c.RepositoryConfigurationDelegate [main] Bootstrapping Spring Data Redis repositories in DEFAULT mode.
2023-11-15 13:50:32,734 INFO o.s.d.r.c.RepositoryConfigurationDelegate [main] Finished Spring Data repository scanning in 4 ms. Found 0 Redis repository interfaces.
2023-11-15 13:50:33,033 INFO o.s.c.s.PostProcessorRegistrationDelegate$BeanPostProcessorChecker [main] Bean 'org.springframework.security.access.expression.method.DefaultMethodSecurityExpressionHandler@74697863' of type [org.springframework.security.access.expression.method.DefaultMethodSecurityExpressionHandler] is not eligible for getting processed by all BeanPostProcessors (for example: not eligible for auto-proxying)
2023-11-15 13:50:33,039 INFO o.s.c.s.PostProcessorRegistrationDelegate$BeanPostProcessorChecker [main] Bean 'methodSecurityMetadataSource' of type [org.springframework.security.access.method.DelegatingMethodSecurityMetadataSource] is not eligible for getting processed by all BeanPostProcessors (for example: not eligible for auto-proxying)
2023-11-15 13:50:33,262 INFO o.s.b.w.e.t.TomcatWebServer [main] Tomcat initialized with port(s): 8083 (http)
2023-11-15 13:50:33,449 INFO o.s.b.w.s.c.ServletWebServerApplicationContext [main] Root WebApplicationContext: initialization completed in 1835 ms
2023-11-15 13:50:33,591 WARN o.s.b.a.o.j.JpaBaseConfiguration$JpaWebConfiguration [main] spring.jpa.open-in-view is enabled by default. Therefore, database queries may be performed during view rendering. Explicitly configure spring.jpa.open-in-view to disable this warning
2023-11-15 13:50:38,552 INFO o.h.j.i.u.LogHelper [main] HHH000204: Processing PersistenceUnitInfo [name: default]
2023-11-15 13:50:38,647 INFO o.h.Version [main] HHH000412: Hibernate ORM core version 5.4.32.Final
2023-11-15 13:50:38,886 INFO o.h.a.c.r.j.JavaReflectionManager [main] HCANN000001: Hibernate Commons Annotations {5.1.2.Final}
2023-11-15 13:50:39,286 INFO o.h.d.Dialect [main] HHH000400: Using dialect: org.hibernate.dialect.SQLServer2012Dialect
2023-11-15 13:50:40,594 INFO o.h.e.t.j.p.i.JtaPlatformInitiator [main] HHH000490: Using JtaPlatform implementation: [org.hibernate.engine.transaction.jta.platform.internal.NoJtaPlatform]
2023-11-15 13:50:40,609 INFO o.s.o.j.AbstractEntityManagerFactoryBean [main] Initialized JPA EntityManagerFactory for persistence unit 'default'
2023-11-15 13:50:43,540 INFO o.s.s.w.DefaultSecurityFilterChain [main] Will secure Ant [pattern='/api-docs/**'] with []
2023-11-15 13:50:43,540 INFO o.s.s.w.DefaultSecurityFilterChain [main] Will secure Ant [pattern='/swagger-ui/**'] with []
2023-11-15 13:50:43,540 INFO o.s.s.w.DefaultSecurityFilterChain [main] Will secure Ant [pattern='/swagger-ui.html'] with []
2023-11-15 13:50:43,540 INFO o.s.s.w.DefaultSecurityFilterChain [main] Will secure Ant [pattern='/account-managers/login'] with []
2023-11-15 13:50:43,540 INFO o.s.s.w.DefaultSecurityFilterChain [main] Will secure Ant [pattern='/account-managers/login-facebook'] with []
2023-11-15 13:50:43,540 INFO o.s.s.w.DefaultSecurityFilterChain [main] Will secure Ant [pattern='/account-managers/login-google'] with []
2023-11-15 13:50:43,540 INFO o.s.s.w.DefaultSecurityFilterChain [main] Will secure Ant [pattern='/users/authorization'] with []
2023-11-15 13:50:43,540 INFO o.s.s.w.DefaultSecurityFilterChain [main] Will secure Ant [pattern='/users/login-facebook'] with []
2023-11-15 13:50:43,540 INFO o.s.s.w.DefaultSecurityFilterChain [main] Will secure Ant [pattern='/users/login-google'] with []
2023-11-15 13:50:43,552 INFO o.s.s.w.DefaultSecurityFilterChain [main] Will secure Ant [pattern='/users/login-apple'] with []
2023-11-15 13:50:43,552 INFO o.s.s.w.DefaultSecurityFilterChain [main] Will secure Ant [pattern='/users/change-password'] with []
2023-11-15 13:50:43,553 INFO o.s.s.w.DefaultSecurityFilterChain [main] Will secure Ant [pattern='/browser-setting'] with []
2023-11-15 13:50:43,553 INFO o.s.s.w.DefaultSecurityFilterChain [main] Will secure Ant [pattern='/get-file-types'] with []
2023-11-15 13:50:43,632 INFO o.s.s.w.DefaultSecurityFilterChain [main] Will secure any request with [org.springframework.security.web.context.request.async.WebAsyncManagerIntegrationFilter@6f20adb6, org.springframework.security.web.context.SecurityContextPersistenceFilter@7fdef973, org.springframework.security.web.header.HeaderWriterFilter@72f6cd2e, org.springframework.security.web.authentication.logout.LogoutFilter@753aacf, com.timekeeping.management.filter.JwtAuthenticationFilter@6b6d68d2, org.springframework.security.web.savedrequest.RequestCacheAwareFilter@63f8006f, org.springframework.security.web.servletapi.SecurityContextHolderAwareRequestFilter@4abfdad1, org.springframework.security.web.authentication.AnonymousAuthenticationFilter@55b89b11, org.springframework.security.web.session.SessionManagementFilter@69231217, org.springframework.security.web.access.ExceptionTranslationFilter@315f5ffb, org.springframework.security.web.access.intercept.FilterSecurityInterceptor@78e8594a]
2023-11-15 13:50:46,190 INFO o.s.b.a.e.w.EndpointLinksResolver [main] Exposing 1 endpoint(s) beneath base path '/actuator'
2023-11-15 13:50:46,309 INFO o.s.b.w.e.t.TomcatWebServer [main] Tomcat started on port(s): 8083 (http) with context path '/api/management'
2023-11-15 13:50:46,339 INFO o.s.b.StartupInfoLogger [main] Started TimekeepingManagementApplication in 15.076 seconds (JVM running for 16.089)
2023-11-15 13:50:46,561 INFO o.s.w.s.FrameworkServlet [RMI TCP Connection(3)-192.168.1.8] Initializing Servlet 'dispatcherServlet'
2023-11-15 13:50:46,561 INFO o.s.w.s.FrameworkServlet [RMI TCP Connection(3)-192.168.1.8] Completed initialization in 0 ms
2023-11-15 13:56:53,520 INFO o.s.o.j.AbstractEntityManagerFactoryBean [SpringApplicationShutdownHook] Closing JPA EntityManagerFactory for persistence unit 'default'
2023-11-15 13:57:01,746 INFO o.h.v.i.u.Version [background-preinit] HV000001: Hibernate Validator 6.2.0.Final
2023-11-15 13:57:01,771 INFO o.s.b.StartupInfoLogger [main] Starting TimekeepingManagementApplication using Java 17.0.4 on PC-PHONG with PID 27524 (C:\Users\phong\Downloads\rikkeichamcong\TimekeepingManagement\timekeeping-management\target\classes started by phong in C:\Users\phong\Downloads\rikkeichamcong\TimekeepingCommon\timekeeping-common)
2023-11-15 13:57:01,775 INFO o.s.b.SpringApplication [main] No active profile set, falling back to default profiles: default
2023-11-15 13:57:02,343 INFO o.s.d.r.c.RepositoryConfigurationDelegate [main] Multiple Spring Data modules found, entering strict repository configuration mode!
2023-11-15 13:57:02,343 INFO o.s.d.r.c.RepositoryConfigurationDelegate [main] Bootstrapping Spring Data JPA repositories in DEFAULT mode.
2023-11-15 13:57:02,684 INFO o.s.d.r.c.RepositoryConfigurationDelegate [main] Finished Spring Data repository scanning in 333 ms. Found 6 JPA repository interfaces.
2023-11-15 13:57:02,971 INFO o.s.d.r.c.RepositoryConfigurationDelegate [main] Multiple Spring Data modules found, entering strict repository configuration mode!
2023-11-15 13:57:02,972 INFO o.s.d.r.c.RepositoryConfigurationDelegate [main] Bootstrapping Spring Data Redis repositories in DEFAULT mode.
2023-11-15 13:57:02,981 INFO o.s.d.r.c.RepositoryConfigurationDelegate [main] Finished Spring Data repository scanning in 3 ms. Found 0 Redis repository interfaces.
2023-11-15 13:57:03,730 INFO o.s.c.s.PostProcessorRegistrationDelegate$BeanPostProcessorChecker [main] Bean 'org.springframework.security.access.expression.method.DefaultMethodSecurityExpressionHandler@2b79c8ff' of type [org.springframework.security.access.expression.method.DefaultMethodSecurityExpressionHandler] is not eligible for getting processed by all BeanPostProcessors (for example: not eligible for auto-proxying)
2023-11-15 13:57:03,739 INFO o.s.c.s.PostProcessorRegistrationDelegate$BeanPostProcessorChecker [main] Bean 'methodSecurityMetadataSource' of type [org.springframework.security.access.method.DelegatingMethodSecurityMetadataSource] is not eligible for getting processed by all BeanPostProcessors (for example: not eligible for auto-proxying)
2023-11-15 13:57:04,362 INFO o.s.b.w.e.t.TomcatWebServer [main] Tomcat initialized with port(s): 8083 (http)
2023-11-15 13:57:04,741 INFO o.s.b.w.s.c.ServletWebServerApplicationContext [main] Root WebApplicationContext: initialization completed in 2931 ms
2023-11-15 13:57:05,149 WARN o.s.b.a.o.j.JpaBaseConfiguration$JpaWebConfiguration [main] spring.jpa.open-in-view is enabled by default. Therefore, database queries may be performed during view rendering. Explicitly configure spring.jpa.open-in-view to disable this warning
2023-11-15 13:57:16,143 INFO o.h.j.i.u.LogHelper [main] HHH000204: Processing PersistenceUnitInfo [name: default]
2023-11-15 13:57:16,314 INFO o.h.Version [main] HHH000412: Hibernate ORM core version 5.4.32.Final
2023-11-15 13:57:16,671 INFO o.h.a.c.r.j.JavaReflectionManager [main] HCANN000001: Hibernate Commons Annotations {5.1.2.Final}
2023-11-15 13:57:17,106 INFO o.h.d.Dialect [main] HHH000400: Using dialect: org.hibernate.dialect.SQLServer2012Dialect
2023-11-15 13:57:18,850 INFO o.h.e.t.j.p.i.JtaPlatformInitiator [main] HHH000490: Using JtaPlatform implementation: [org.hibernate.engine.transaction.jta.platform.internal.NoJtaPlatform]
2023-11-15 13:57:18,871 INFO o.s.o.j.AbstractEntityManagerFactoryBean [main] Initialized JPA EntityManagerFactory for persistence unit 'default'
2023-11-15 13:57:22,531 INFO o.s.s.w.DefaultSecurityFilterChain [main] Will secure Ant [pattern='/api-docs/**'] with []
2023-11-15 13:57:22,532 INFO o.s.s.w.DefaultSecurityFilterChain [main] Will secure Ant [pattern='/swagger-ui/**'] with []
2023-11-15 13:57:22,532 INFO o.s.s.w.DefaultSecurityFilterChain [main] Will secure Ant [pattern='/swagger-ui.html'] with []
2023-11-15 13:57:22,532 INFO o.s.s.w.DefaultSecurityFilterChain [main] Will secure Ant [pattern='/account-managers/login'] with []
2023-11-15 13:57:22,533 INFO o.s.s.w.DefaultSecurityFilterChain [main] Will secure Ant [pattern='/account-managers/login-facebook'] with []
2023-11-15 13:57:22,533 INFO o.s.s.w.DefaultSecurityFilterChain [main] Will secure Ant [pattern='/account-managers/login-google'] with []
2023-11-15 13:57:22,533 INFO o.s.s.w.DefaultSecurityFilterChain [main] Will secure Ant [pattern='/users/authorization'] with []
2023-11-15 13:57:22,533 INFO o.s.s.w.DefaultSecurityFilterChain [main] Will secure Ant [pattern='/users/login-facebook'] with []
2023-11-15 13:57:22,534 INFO o.s.s.w.DefaultSecurityFilterChain [main] Will secure Ant [pattern='/users/login-google'] with []
2023-11-15 13:57:22,534 INFO o.s.s.w.DefaultSecurityFilterChain [main] Will secure Ant [pattern='/users/login-apple'] with []
2023-11-15 13:57:22,534 INFO o.s.s.w.DefaultSecurityFilterChain [main] Will secure Ant [pattern='/users/change-password'] with []
2023-11-15 13:57:22,535 INFO o.s.s.w.DefaultSecurityFilterChain [main] Will secure Ant [pattern='/browser-setting'] with []
2023-11-15 13:57:22,535 INFO o.s.s.w.DefaultSecurityFilterChain [main] Will secure Ant [pattern='/get-file-types'] with []
2023-11-15 13:57:22,626 INFO o.s.s.w.DefaultSecurityFilterChain [main] Will secure any request with [org.springframework.security.web.context.request.async.WebAsyncManagerIntegrationFilter@147b758f, org.springframework.security.web.context.SecurityContextPersistenceFilter@74d926a0, org.springframework.security.web.header.HeaderWriterFilter@e7283dd, org.springframework.security.web.authentication.logout.LogoutFilter@6470078d, com.timekeeping.management.filter.JwtAuthenticationFilter@689d522e, org.springframework.security.web.savedrequest.RequestCacheAwareFilter@7aab77f, org.springframework.security.web.servletapi.SecurityContextHolderAwareRequestFilter@5cfc283d, org.springframework.security.web.authentication.AnonymousAuthenticationFilter@61e33118, org.springframework.security.web.session.SessionManagementFilter@5d98216c, org.springframework.security.web.access.ExceptionTranslationFilter@761b4581, org.springframework.security.web.access.intercept.FilterSecurityInterceptor@70f0a3a3]
2023-11-15 13:57:25,575 INFO o.s.b.a.e.w.EndpointLinksResolver [main] Exposing 1 endpoint(s) beneath base path '/actuator'
2023-11-15 13:57:25,727 INFO o.s.b.w.e.t.TomcatWebServer [main] Tomcat started on port(s): 8083 (http) with context path '/api/management'
2023-11-15 13:57:25,765 INFO o.s.b.StartupInfoLogger [main] Started TimekeepingManagementApplication in 24.32 seconds (JVM running for 25.711)
2023-11-15 13:57:26,073 INFO o.s.w.s.FrameworkServlet [RMI TCP Connection(2)-192.168.1.8] Initializing Servlet 'dispatcherServlet'
2023-11-15 13:57:26,074 INFO o.s.w.s.FrameworkServlet [RMI TCP Connection(2)-192.168.1.8] Completed initialization in 1 ms
2023-11-15 14:03:17,920 INFO o.s.o.j.AbstractEntityManagerFactoryBean [SpringApplicationShutdownHook] Closing JPA EntityManagerFactory for persistence unit 'default'
2023-11-15 14:03:22,551 INFO o.h.v.i.u.Version [background-preinit] HV000001: Hibernate Validator 6.2.0.Final
2023-11-15 14:03:22,577 INFO o.s.b.StartupInfoLogger [main] Starting TimekeepingManagementApplication using Java 17.0.4 on PC-PHONG with PID 37932 (C:\Users\phong\Downloads\rikkeichamcong\TimekeepingManagement\timekeeping-management\target\classes started by phong in C:\Users\phong\Downloads\rikkeichamcong\TimekeepingCommon\timekeeping-common)
2023-11-15 14:03:22,580 INFO o.s.b.SpringApplication [main] No active profile set, falling back to default profiles: default
2023-11-15 14:03:23,086 INFO o.s.d.r.c.RepositoryConfigurationDelegate [main] Multiple Spring Data modules found, entering strict repository configuration mode!
2023-11-15 14:03:23,086 INFO o.s.d.r.c.RepositoryConfigurationDelegate [main] Bootstrapping Spring Data JPA repositories in DEFAULT mode.
2023-11-15 14:03:23,387 INFO o.s.d.r.c.RepositoryConfigurationDelegate [main] Finished Spring Data repository scanning in 293 ms. Found 6 JPA repository interfaces.
2023-11-15 14:03:23,637 INFO o.s.d.r.c.RepositoryConfigurationDelegate [main] Multiple Spring Data modules found, entering strict repository configuration mode!
2023-11-15 14:03:23,638 INFO o.s.d.r.c.RepositoryConfigurationDelegate [main] Bootstrapping Spring Data Redis repositories in DEFAULT mode.
2023-11-15 14:03:23,647 INFO o.s.d.r.c.RepositoryConfigurationDelegate [main] Finished Spring Data repository scanning in 3 ms. Found 0 Redis repository interfaces.
2023-11-15 14:03:23,911 INFO o.s.c.s.PostProcessorRegistrationDelegate$BeanPostProcessorChecker [main] Bean 'org.springframework.security.access.expression.method.DefaultMethodSecurityExpressionHandler@5c59a0f7' of type [org.springframework.security.access.expression.method.DefaultMethodSecurityExpressionHandler] is not eligible for getting processed by all BeanPostProcessors (for example: not eligible for auto-proxying)
2023-11-15 14:03:23,914 INFO o.s.c.s.PostProcessorRegistrationDelegate$BeanPostProcessorChecker [main] Bean 'methodSecurityMetadataSource' of type [org.springframework.security.access.method.DelegatingMethodSecurityMetadataSource] is not eligible for getting processed by all BeanPostProcessors (for example: not eligible for auto-proxying)
2023-11-15 14:03:24,112 INFO o.s.b.w.e.t.TomcatWebServer [main] Tomcat initialized with port(s): 8083 (http)
2023-11-15 14:03:24,440 INFO o.s.b.w.s.c.ServletWebServerApplicationContext [main] Root WebApplicationContext: initialization completed in 1821 ms
2023-11-15 14:03:24,842 WARN o.s.b.a.o.j.JpaBaseConfiguration$JpaWebConfiguration [main] spring.jpa.open-in-view is enabled by default. Therefore, database queries may be performed during view rendering. Explicitly configure spring.jpa.open-in-view to disable this warning
2023-11-15 14:03:32,297 INFO o.h.j.i.u.LogHelper [main] HHH000204: Processing PersistenceUnitInfo [name: default]
2023-11-15 14:03:32,340 INFO o.h.Version [main] HHH000412: Hibernate ORM core version 5.4.32.Final
2023-11-15 14:03:32,538 INFO o.h.a.c.r.j.JavaReflectionManager [main] HCANN000001: Hibernate Commons Annotations {5.1.2.Final}
2023-11-15 14:03:32,727 INFO o.h.d.Dialect [main] HHH000400: Using dialect: org.hibernate.dialect.SQLServer2012Dialect
2023-11-15 14:03:33,405 INFO o.h.e.t.j.p.i.JtaPlatformInitiator [main] HHH000490: Using JtaPlatform implementation: [org.hibernate.engine.transaction.jta.platform.internal.NoJtaPlatform]
2023-11-15 14:03:33,410 INFO o.s.o.j.AbstractEntityManagerFactoryBean [main] Initialized JPA EntityManagerFactory for persistence unit 'default'
2023-11-15 14:03:34,478 INFO o.s.s.w.DefaultSecurityFilterChain [main] Will secure Ant [pattern='/api-docs/**'] with []
2023-11-15 14:03:34,479 INFO o.s.s.w.DefaultSecurityFilterChain [main] Will secure Ant [pattern='/swagger-ui/**'] with []
2023-11-15 14:03:34,479 INFO o.s.s.w.DefaultSecurityFilterChain [main] Will secure Ant [pattern='/swagger-ui.html'] with []
2023-11-15 14:03:34,479 INFO o.s.s.w.DefaultSecurityFilterChain [main] Will secure Ant [pattern='/account-managers/login'] with []
2023-11-15 14:03:34,479 INFO o.s.s.w.DefaultSecurityFilterChain [main] Will secure Ant [pattern='/account-managers/login-facebook'] with []
2023-11-15 14:03:34,479 INFO o.s.s.w.DefaultSecurityFilterChain [main] Will secure Ant [pattern='/account-managers/login-google'] with []
2023-11-15 14:03:34,479 INFO o.s.s.w.DefaultSecurityFilterChain [main] Will secure Ant [pattern='/users/authorization'] with []
2023-11-15 14:03:34,479 INFO o.s.s.w.DefaultSecurityFilterChain [main] Will secure Ant [pattern='/users/login-facebook'] with []
2023-11-15 14:03:34,479 INFO o.s.s.w.DefaultSecurityFilterChain [main] Will secure Ant [pattern='/users/login-google'] with []
2023-11-15 14:03:34,479 INFO o.s.s.w.DefaultSecurityFilterChain [main] Will secure Ant [pattern='/users/login-apple'] with []
2023-11-15 14:03:34,479 INFO o.s.s.w.DefaultSecurityFilterChain [main] Will secure Ant [pattern='/users/change-password'] with []
2023-11-15 14:03:34,480 INFO o.s.s.w.DefaultSecurityFilterChain [main] Will secure Ant [pattern='/browser-setting'] with []
2023-11-15 14:03:34,480 INFO o.s.s.w.DefaultSecurityFilterChain [main] Will secure Ant [pattern='/get-file-types'] with []
2023-11-15 14:03:34,506 INFO o.s.s.w.DefaultSecurityFilterChain [main] Will secure any request with [org.springframework.security.web.context.request.async.WebAsyncManagerIntegrationFilter@e7283dd, org.springframework.security.web.context.SecurityContextPersistenceFilter@20120154, org.springframework.security.web.header.HeaderWriterFilter@44808c29, org.springframework.security.web.authentication.logout.LogoutFilter@77d695f2, com.timekeeping.management.filter.JwtAuthenticationFilter@4b96b0bd, org.springframework.security.web.savedrequest.RequestCacheAwareFilter@afee49e, org.springframework.security.web.servletapi.SecurityContextHolderAwareRequestFilter@72f6cd2e, org.springframework.security.web.authentication.AnonymousAuthenticationFilter@8b62702, org.springframework.security.web.session.SessionManagementFilter@3408c95b, org.springframework.security.web.access.ExceptionTranslationFilter@1f404aa1, org.springframework.security.web.access.intercept.FilterSecurityInterceptor@687dc7e6]
2023-11-15 14:03:35,648 INFO o.s.b.a.e.w.EndpointLinksResolver [main] Exposing 1 endpoint(s) beneath base path '/actuator'
2023-11-15 14:03:35,686 INFO o.s.b.w.e.t.TomcatWebServer [main] Tomcat started on port(s): 8083 (http) with context path '/api/management'
2023-11-15 14:03:35,695 INFO o.s.b.StartupInfoLogger [main] Started TimekeepingManagementApplication in 13.393 seconds (JVM running for 14.508)
2023-11-15 14:03:36,074 INFO o.s.w.s.FrameworkServlet [RMI TCP Connection(1)-192.168.1.8] Initializing Servlet 'dispatcherServlet'
2023-11-15 14:03:36,075 INFO o.s.w.s.FrameworkServlet [RMI TCP Connection(1)-192.168.1.8] Completed initialization in 1 ms
2023-11-15 14:06:24,858 WARN o.h.e.j.s.SqlExceptionHelper [http-nio-8083-exec-2] SQL Error: 207, SQLState: S0001
2023-11-15 14:06:24,858 ERROR o.h.e.j.s.SqlExceptionHelper [http-nio-8083-exec-2] Invalid column name 'USERS'.
2023-11-15 14:08:31,828 INFO o.s.o.j.AbstractEntityManagerFactoryBean [SpringApplicationShutdownHook] Closing JPA EntityManagerFactory for persistence unit 'default'
2023-11-15 14:08:35,738 INFO o.h.v.i.u.Version [background-preinit] HV000001: Hibernate Validator 6.2.0.Final
2023-11-15 14:08:35,774 INFO o.s.b.StartupInfoLogger [main] Starting TimekeepingManagementApplication using Java 17.0.4 on PC-PHONG with PID 23716 (C:\Users\phong\Downloads\rikkeichamcong\TimekeepingManagement\timekeeping-management\target\classes started by phong in C:\Users\phong\Downloads\rikkeichamcong\TimekeepingCommon\timekeeping-common)
2023-11-15 14:08:35,780 INFO o.s.b.SpringApplication [main] No active profile set, falling back to default profiles: default
2023-11-15 14:08:36,305 INFO o.s.d.r.c.RepositoryConfigurationDelegate [main] Multiple Spring Data modules found, entering strict repository configuration mode!
2023-11-15 14:08:36,305 INFO o.s.d.r.c.RepositoryConfigurationDelegate [main] Bootstrapping Spring Data JPA repositories in DEFAULT mode.
2023-11-15 14:08:36,529 INFO o.s.d.r.c.RepositoryConfigurationDelegate [main] Finished Spring Data repository scanning in 214 ms. Found 6 JPA repository interfaces.
2023-11-15 14:08:36,777 INFO o.s.d.r.c.RepositoryConfigurationDelegate [main] Multiple Spring Data modules found, entering strict repository configuration mode!
2023-11-15 14:08:36,778 INFO o.s.d.r.c.RepositoryConfigurationDelegate [main] Bootstrapping Spring Data Redis repositories in DEFAULT mode.
2023-11-15 14:08:36,787 INFO o.s.d.r.c.RepositoryConfigurationDelegate [main] Finished Spring Data repository scanning in 3 ms. Found 0 Redis repository interfaces.
2023-11-15 14:08:37,014 INFO o.s.c.s.PostProcessorRegistrationDelegate$BeanPostProcessorChecker [main] Bean 'org.springframework.security.access.expression.method.DefaultMethodSecurityExpressionHandler@684ce74c' of type [org.springframework.security.access.expression.method.DefaultMethodSecurityExpressionHandler] is not eligible for getting processed by all BeanPostProcessors (for example: not eligible for auto-proxying)
2023-11-15 14:08:37,016 INFO o.s.c.s.PostProcessorRegistrationDelegate$BeanPostProcessorChecker [main] Bean 'methodSecurityMetadataSource' of type [org.springframework.security.access.method.DelegatingMethodSecurityMetadataSource] is not eligible for getting processed by all BeanPostProcessors (for example: not eligible for auto-proxying)
2023-11-15 14:08:37,172 INFO o.s.b.w.e.t.TomcatWebServer [main] Tomcat initialized with port(s): 8083 (http)
2023-11-15 14:08:37,282 INFO o.s.b.w.s.c.ServletWebServerApplicationContext [main] Root WebApplicationContext: initialization completed in 1455 ms
2023-11-15 14:08:37,392 WARN o.s.b.a.o.j.JpaBaseConfiguration$JpaWebConfiguration [main] spring.jpa.open-in-view is enabled by default. Therefore, database queries may be performed during view rendering. Explicitly configure spring.jpa.open-in-view to disable this warning
2023-11-15 14:08:46,861 INFO o.h.j.i.u.LogHelper [main] HHH000204: Processing PersistenceUnitInfo [name: default]
2023-11-15 14:08:46,971 INFO o.h.Version [main] HHH000412: Hibernate ORM core version 5.4.32.Final
2023-11-15 14:08:47,222 INFO o.h.a.c.r.j.JavaReflectionManager [main] HCANN000001: Hibernate Commons Annotations {5.1.2.Final}
2023-11-15 14:08:47,509 INFO o.h.d.Dialect [main] HHH000400: Using dialect: org.hibernate.dialect.SQLServer2012Dialect
2023-11-15 14:08:48,859 INFO o.h.e.t.j.p.i.JtaPlatformInitiator [main] HHH000490: Using JtaPlatform implementation: [org.hibernate.engine.transaction.jta.platform.internal.NoJtaPlatform]
2023-11-15 14:08:48,878 INFO o.s.o.j.AbstractEntityManagerFactoryBean [main] Initialized JPA EntityManagerFactory for persistence unit 'default'
2023-11-15 14:08:51,956 INFO o.s.s.w.DefaultSecurityFilterChain [main] Will secure Ant [pattern='/api-docs/**'] with []
2023-11-15 14:08:51,957 INFO o.s.s.w.DefaultSecurityFilterChain [main] Will secure Ant [pattern='/swagger-ui/**'] with []
2023-11-15 14:08:51,957 INFO o.s.s.w.DefaultSecurityFilterChain [main] Will secure Ant [pattern='/swagger-ui.html'] with []
2023-11-15 14:08:51,957 INFO o.s.s.w.DefaultSecurityFilterChain [main] Will secure Ant [pattern='/account-managers/login'] with []
2023-11-15 14:08:51,957 INFO o.s.s.w.DefaultSecurityFilterChain [main] Will secure Ant [pattern='/account-managers/login-facebook'] with []
2023-11-15 14:08:51,958 INFO o.s.s.w.DefaultSecurityFilterChain [main] Will secure Ant [pattern='/account-managers/login-google'] with []
2023-11-15 14:08:51,958 INFO o.s.s.w.DefaultSecurityFilterChain [main] Will secure Ant [pattern='/users/authorization'] with []
2023-11-15 14:08:51,958 INFO o.s.s.w.DefaultSecurityFilterChain [main] Will secure Ant [pattern='/users/login-facebook'] with []
2023-11-15 14:08:51,958 INFO o.s.s.w.DefaultSecurityFilterChain [main] Will secure Ant [pattern='/users/login-google'] with []
2023-11-15 14:08:51,959 INFO o.s.s.w.DefaultSecurityFilterChain [main] Will secure Ant [pattern='/users/login-apple'] with []
2023-11-15 14:08:51,959 INFO o.s.s.w.DefaultSecurityFilterChain [main] Will secure Ant [pattern='/users/change-password'] with []
2023-11-15 14:08:51,959 INFO o.s.s.w.DefaultSecurityFilterChain [main] Will secure Ant [pattern='/browser-setting'] with []
2023-11-15 14:08:51,960 INFO o.s.s.w.DefaultSecurityFilterChain [main] Will secure Ant [pattern='/get-file-types'] with []
2023-11-15 14:08:52,040 INFO o.s.s.w.DefaultSecurityFilterChain [main] Will secure any request with [org.springframework.security.web.context.request.async.WebAsyncManagerIntegrationFilter@74d926a0, org.springframework.security.web.context.SecurityContextPersistenceFilter@4b330722, org.springframework.security.web.header.HeaderWriterFilter@20120154, org.springframework.security.web.authentication.logout.LogoutFilter@743fc1ee, com.timekeeping.management.filter.JwtAuthenticationFilter@50853850, org.springframework.security.web.savedrequest.RequestCacheAwareFilter@59cfabaf, org.springframework.security.web.servletapi.SecurityContextHolderAwareRequestFilter@7fdef973, org.springframework.security.web.authentication.AnonymousAuthenticationFilter@1b256636, org.springframework.security.web.session.SessionManagementFilter@757e13b2, org.springframework.security.web.access.ExceptionTranslationFilter@3408c95b, org.springframework.security.web.access.intercept.FilterSecurityInterceptor@57d5dd0]
2023-11-15 14:08:54,432 INFO o.s.b.a.e.w.EndpointLinksResolver [main] Exposing 1 endpoint(s) beneath base path '/actuator'
2023-11-15 14:08:54,540 INFO o.s.b.w.e.t.TomcatWebServer [main] Tomcat started on port(s): 8083 (http) with context path '/api/management'
2023-11-15 14:08:54,571 INFO o.s.b.StartupInfoLogger [main] Started TimekeepingManagementApplication in 19.085 seconds (JVM running for 19.834)
2023-11-15 14:08:54,668 INFO o.s.w.s.FrameworkServlet [RMI TCP Connection(1)-192.168.1.8] Initializing Servlet 'dispatcherServlet'
2023-11-15 14:08:54,669 INFO o.s.w.s.FrameworkServlet [RMI TCP Connection(1)-192.168.1.8] Completed initialization in 1 ms
2023-11-15 14:09:12,628 WARN o.h.e.j.s.SqlExceptionHelper [http-nio-8083-exec-2] SQL Error: 207, SQLState: S0001
2023-11-15 14:09:12,628 ERROR o.h.e.j.s.SqlExceptionHelper [http-nio-8083-exec-2] Invalid column name 'USERS'.
2023-11-15 14:09:21,073 WARN o.h.e.j.s.SqlExceptionHelper [http-nio-8083-exec-4] SQL Error: 207, SQLState: S0001
2023-11-15 14:09:21,073 ERROR o.h.e.j.s.SqlExceptionHelper [http-nio-8083-exec-4] Invalid column name 'USERS'.
2023-11-15 14:09:29,577 WARN o.h.e.j.s.SqlExceptionHelper [http-nio-8083-exec-6] SQL Error: 207, SQLState: S0001
2023-11-15 14:09:29,578 ERROR o.h.e.j.s.SqlExceptionHelper [http-nio-8083-exec-6] Invalid column name 'USERS'.
2023-11-15 14:11:29,866 WARN o.h.e.j.s.SqlExceptionHelper [http-nio-8083-exec-3] SQL Error: 207, SQLState: S0001
2023-11-15 14:11:29,867 ERROR o.h.e.j.s.SqlExceptionHelper [http-nio-8083-exec-3] Invalid column name 'USERS'.
2023-11-15 14:31:05,404 INFO o.s.o.j.AbstractEntityManagerFactoryBean [SpringApplicationShutdownHook] Closing JPA EntityManagerFactory for persistence unit 'default'
2023-11-15 14:31:09,911 INFO o.h.v.i.u.Version [background-preinit] HV000001: Hibernate Validator 6.2.0.Final
2023-11-15 14:31:09,941 INFO o.s.b.StartupInfoLogger [main] Starting TimekeepingManagementApplication using Java 17.0.4 on PC-PHONG with PID 27600 (C:\Users\phong\Downloads\rikkeichamcong\TimekeepingManagement\timekeeping-management\target\classes started by phong in C:\Users\phong\Downloads\rikkeichamcong\TimekeepingCommon\timekeeping-common)
2023-11-15 14:31:09,945 INFO o.s.b.SpringApplication [main] No active profile set, falling back to default profiles: default
2023-11-15 14:31:10,513 INFO o.s.d.r.c.RepositoryConfigurationDelegate [main] Multiple Spring Data modules found, entering strict repository configuration mode!
2023-11-15 14:31:10,513 INFO o.s.d.r.c.RepositoryConfigurationDelegate [main] Bootstrapping Spring Data JPA repositories in DEFAULT mode.
2023-11-15 14:31:10,835 INFO o.s.d.r.c.RepositoryConfigurationDelegate [main] Finished Spring Data repository scanning in 316 ms. Found 6 JPA repository interfaces.
2023-11-15 14:31:11,117 INFO o.s.d.r.c.RepositoryConfigurationDelegate [main] Multiple Spring Data modules found, entering strict repository configuration mode!
2023-11-15 14:31:11,118 INFO o.s.d.r.c.RepositoryConfigurationDelegate [main] Bootstrapping Spring Data Redis repositories in DEFAULT mode.
2023-11-15 14:31:11,127 INFO o.s.d.r.c.RepositoryConfigurationDelegate [main] Finished Spring Data repository scanning in 3 ms. Found 0 Redis repository interfaces.
2023-11-15 14:31:11,378 INFO o.s.c.s.PostProcessorRegistrationDelegate$BeanPostProcessorChecker [main] Bean 'org.springframework.security.access.expression.method.DefaultMethodSecurityExpressionHandler@40d96578' of type [org.springframework.security.access.expression.method.DefaultMethodSecurityExpressionHandler] is not eligible for getting processed by all BeanPostProcessors (for example: not eligible for auto-proxying)
2023-11-15 14:31:11,381 INFO o.s.c.s.PostProcessorRegistrationDelegate$BeanPostProcessorChecker [main] Bean 'methodSecurityMetadataSource' of type [org.springframework.security.access.method.DelegatingMethodSecurityMetadataSource] is not eligible for getting processed by all BeanPostProcessors (for example: not eligible for auto-proxying)
2023-11-15 14:31:11,578 INFO o.s.b.w.e.t.TomcatWebServer [main] Tomcat initialized with port(s): 8083 (http)
2023-11-15 14:31:11,940 INFO o.s.b.w.s.c.ServletWebServerApplicationContext [main] Root WebApplicationContext: initialization completed in 1954 ms
2023-11-15 14:31:12,374 WARN o.s.b.a.o.j.JpaBaseConfiguration$JpaWebConfiguration [main] spring.jpa.open-in-view is enabled by default. Therefore, database queries may be performed during view rendering. Explicitly configure spring.jpa.open-in-view to disable this warning
2023-11-15 14:31:23,479 INFO o.h.j.i.u.LogHelper [main] HHH000204: Processing PersistenceUnitInfo [name: default]
2023-11-15 14:31:23,648 INFO o.h.Version [main] HHH000412: Hibernate ORM core version 5.4.32.Final
2023-11-15 14:31:24,030 INFO o.h.a.c.r.j.JavaReflectionManager [main] HCANN000001: Hibernate Commons Annotations {5.1.2.Final}
2023-11-15 14:31:24,421 INFO o.h.d.Dialect [main] HHH000400: Using dialect: org.hibernate.dialect.SQLServer2012Dialect
2023-11-15 14:31:26,192 INFO o.h.e.t.j.p.i.JtaPlatformInitiator [main] HHH000490: Using JtaPlatform implementation: [org.hibernate.engine.transaction.jta.platform.internal.NoJtaPlatform]
2023-11-15 14:31:26,215 INFO o.s.o.j.AbstractEntityManagerFactoryBean [main] Initialized JPA EntityManagerFactory for persistence unit 'default'
2023-11-15 14:31:29,804 INFO o.s.s.w.DefaultSecurityFilterChain [main] Will secure Ant [pattern='/api-docs/**'] with []
2023-11-15 14:31:29,804 INFO o.s.s.w.DefaultSecurityFilterChain [main] Will secure Ant [pattern='/swagger-ui/**'] with []
2023-11-15 14:31:29,805 INFO o.s.s.w.DefaultSecurityFilterChain [main] Will secure Ant [pattern='/swagger-ui.html'] with []
2023-11-15 14:31:29,805 INFO o.s.s.w.DefaultSecurityFilterChain [main] Will secure Ant [pattern='/account-managers/login'] with []
2023-11-15 14:31:29,805 INFO o.s.s.w.DefaultSecurityFilterChain [main] Will secure Ant [pattern='/account-managers/login-facebook'] with []
2023-11-15 14:31:29,805 INFO o.s.s.w.DefaultSecurityFilterChain [main] Will secure Ant [pattern='/account-managers/login-google'] with []
2023-11-15 14:31:29,806 INFO o.s.s.w.DefaultSecurityFilterChain [main] Will secure Ant [pattern='/users/authorization'] with []
2023-11-15 14:31:29,806 INFO o.s.s.w.DefaultSecurityFilterChain [main] Will secure Ant [pattern='/users/login-facebook'] with []
2023-11-15 14:31:29,806 INFO o.s.s.w.DefaultSecurityFilterChain [main] Will secure Ant [pattern='/users/login-google'] with []
2023-11-15 14:31:29,807 INFO o.s.s.w.DefaultSecurityFilterChain [main] Will secure Ant [pattern='/users/login-apple'] with []
2023-11-15 14:31:29,807 INFO o.s.s.w.DefaultSecurityFilterChain [main] Will secure Ant [pattern='/users/change-password'] with []
2023-11-15 14:31:29,807 INFO o.s.s.w.DefaultSecurityFilterChain [main] Will secure Ant [pattern='/browser-setting'] with []
2023-11-15 14:31:29,808 INFO o.s.s.w.DefaultSecurityFilterChain [main] Will secure Ant [pattern='/get-file-types'] with []
2023-11-15 14:31:29,901 INFO o.s.s.w.DefaultSecurityFilterChain [main] Will secure any request with [org.springframework.security.web.context.request.async.WebAsyncManagerIntegrationFilter@1ef50c3b, org.springframework.security.web.context.SecurityContextPersistenceFilter@788b0c96, org.springframework.security.web.header.HeaderWriterFilter@10e57077, org.springframework.security.web.authentication.logout.LogoutFilter@6f6a3391, com.timekeeping.management.filter.JwtAuthenticationFilter@57d3c5cd, org.springframework.security.web.savedrequest.RequestCacheAwareFilter@75fe135a, org.springframework.security.web.servletapi.SecurityContextHolderAwareRequestFilter@43f8f0bc, org.springframework.security.web.authentication.AnonymousAuthenticationFilter@516dd567, org.springframework.security.web.session.SessionManagementFilter@1b256636, org.springframework.security.web.access.ExceptionTranslationFilter@8b62702, org.springframework.security.web.access.intercept.FilterSecurityInterceptor@147b758f]
2023-11-15 14:31:32,632 INFO o.s.b.a.e.w.EndpointLinksResolver [main] Exposing 1 endpoint(s) beneath base path '/actuator'
2023-11-15 14:31:32,758 INFO o.s.b.w.e.t.TomcatWebServer [main] Tomcat started on port(s): 8083 (http) with context path '/api/management'
2023-11-15 14:31:32,796 INFO o.s.b.StartupInfoLogger [main] Started TimekeepingManagementApplication in 23.167 seconds (JVM running for 24.157)
2023-11-15 14:31:33,281 INFO o.s.w.s.FrameworkServlet [RMI TCP Connection(2)-192.168.1.8] Initializing Servlet 'dispatcherServlet'
2023-11-15 14:31:33,282 INFO o.s.w.s.FrameworkServlet [RMI TCP Connection(2)-192.168.1.8] Completed initialization in 1 ms
2023-11-15 14:36:13,420 INFO o.s.o.j.AbstractEntityManagerFactoryBean [SpringApplicationShutdownHook] Closing JPA EntityManagerFactory for persistence unit 'default'
2023-11-15 14:36:21,209 INFO o.h.v.i.u.Version [background-preinit] HV000001: Hibernate Validator 6.2.0.Final
2023-11-15 14:36:21,257 INFO o.s.b.StartupInfoLogger [main] Starting TimekeepingManagementApplication using Java 17.0.4 on PC-PHONG with PID 8740 (C:\Users\phong\Downloads\rikkeichamcong\TimekeepingManagement\timekeeping-management\target\classes started by phong in C:\Users\phong\Downloads\rikkeichamcong\TimekeepingCommon\timekeeping-common)
2023-11-15 14:36:21,261 INFO o.s.b.SpringApplication [main] No active profile set, falling back to default profiles: default
2023-11-15 14:36:21,803 INFO o.s.d.r.c.RepositoryConfigurationDelegate [main] Multiple Spring Data modules found, entering strict repository configuration mode!
2023-11-15 14:36:21,803 INFO o.s.d.r.c.RepositoryConfigurationDelegate [main] Bootstrapping Spring Data JPA repositories in DEFAULT mode.
2023-11-15 14:36:22,035 INFO o.s.d.r.c.RepositoryConfigurationDelegate [main] Finished Spring Data repository scanning in 225 ms. Found 6 JPA repository interfaces.
2023-11-15 14:36:22,308 INFO o.s.d.r.c.RepositoryConfigurationDelegate [main] Multiple Spring Data modules found, entering strict repository configuration mode!
2023-11-15 14:36:22,309 INFO o.s.d.r.c.RepositoryConfigurationDelegate [main] Bootstrapping Spring Data Redis repositories in DEFAULT mode.
2023-11-15 14:36:22,318 INFO o.s.d.r.c.RepositoryConfigurationDelegate [main] Finished Spring Data repository scanning in 3 ms. Found 0 Redis repository interfaces.
2023-11-15 14:36:22,559 INFO o.s.c.s.PostProcessorRegistrationDelegate$BeanPostProcessorChecker [main] Bean 'org.springframework.security.access.expression.method.DefaultMethodSecurityExpressionHandler@c97721b' of type [org.springframework.security.access.expression.method.DefaultMethodSecurityExpressionHandler] is not eligible for getting processed by all BeanPostProcessors (for example: not eligible for auto-proxying)
2023-11-15 14:36:22,561 INFO o.s.c.s.PostProcessorRegistrationDelegate$BeanPostProcessorChecker [main] Bean 'methodSecurityMetadataSource' of type [org.springframework.security.access.method.DelegatingMethodSecurityMetadataSource] is not eligible for getting processed by all BeanPostProcessors (for example: not eligible for auto-proxying)
2023-11-15 14:36:22,729 INFO o.s.b.w.e.t.TomcatWebServer [main] Tomcat initialized with port(s): 8083 (http)
2023-11-15 14:36:22,849 INFO o.s.b.w.s.c.ServletWebServerApplicationContext [main] Root WebApplicationContext: initialization completed in 1554 ms
2023-11-15 14:36:22,973 WARN o.s.b.a.o.j.JpaBaseConfiguration$JpaWebConfiguration [main] spring.jpa.open-in-view is enabled by default. Therefore, database queries may be performed during view rendering. Explicitly configure spring.jpa.open-in-view to disable this warning
2023-11-15 14:36:33,555 INFO o.h.j.i.u.LogHelper [main] HHH000204: Processing PersistenceUnitInfo [name: default]
2023-11-15 14:36:33,678 INFO o.h.Version [main] HHH000412: Hibernate ORM core version 5.4.32.Final
2023-11-15 14:36:33,969 INFO o.h.a.c.r.j.JavaReflectionManager [main] HCANN000001: Hibernate Commons Annotations {5.1.2.Final}
2023-11-15 14:36:34,383 INFO o.h.d.Dialect [main] HHH000400: Using dialect: org.hibernate.dialect.SQLServer2012Dialect
2023-11-15 14:36:35,800 INFO o.h.e.t.j.p.i.JtaPlatformInitiator [main] HHH000490: Using JtaPlatform implementation: [org.hibernate.engine.transaction.jta.platform.internal.NoJtaPlatform]
2023-11-15 14:36:35,820 INFO o.s.o.j.AbstractEntityManagerFactoryBean [main] Initialized JPA EntityManagerFactory for persistence unit 'default'
2023-11-15 14:36:39,124 INFO o.s.s.w.DefaultSecurityFilterChain [main] Will secure Ant [pattern='/api-docs/**'] with []
2023-11-15 14:36:39,124 INFO o.s.s.w.DefaultSecurityFilterChain [main] Will secure Ant [pattern='/swagger-ui/**'] with []
2023-11-15 14:36:39,125 INFO o.s.s.w.DefaultSecurityFilterChain [main] Will secure Ant [pattern='/swagger-ui.html'] with []
2023-11-15 14:36:39,125 INFO o.s.s.w.DefaultSecurityFilterChain [main] Will secure Ant [pattern='/account-managers/login'] with []
2023-11-15 14:36:39,125 INFO o.s.s.w.DefaultSecurityFilterChain [main] Will secure Ant [pattern='/account-managers/login-facebook'] with []
2023-11-15 14:36:39,126 INFO o.s.s.w.DefaultSecurityFilterChain [main] Will secure Ant [pattern='/account-managers/login-google'] with []
2023-11-15 14:36:39,126 INFO o.s.s.w.DefaultSecurityFilterChain [main] Will secure Ant [pattern='/users/authorization'] with []
2023-11-15 14:36:39,126 INFO o.s.s.w.DefaultSecurityFilterChain [main] Will secure Ant [pattern='/users/login-facebook'] with []
2023-11-15 14:36:39,127 INFO o.s.s.w.DefaultSecurityFilterChain [main] Will secure Ant [pattern='/users/login-google'] with []
2023-11-15 14:36:39,127 INFO o.s.s.w.DefaultSecurityFilterChain [main] Will secure Ant [pattern='/users/login-apple'] with []
2023-11-15 14:36:39,127 INFO o.s.s.w.DefaultSecurityFilterChain [main] Will secure Ant [pattern='/users/change-password'] with []
2023-11-15 14:36:39,128 INFO o.s.s.w.DefaultSecurityFilterChain [main] Will secure Ant [pattern='/browser-setting'] with []
2023-11-15 14:36:39,128 INFO o.s.s.w.DefaultSecurityFilterChain [main] Will secure Ant [pattern='/get-file-types'] with []
2023-11-15 14:36:39,223 INFO o.s.s.w.DefaultSecurityFilterChain [main] Will secure any request with [org.springframework.security.web.context.request.async.WebAsyncManagerIntegrationFilter@4b16671e, org.springframework.security.web.context.SecurityContextPersistenceFilter@5d98216c, org.springframework.security.web.header.HeaderWriterFilter@45cee4d2, org.springframework.security.web.authentication.logout.LogoutFilter@e2448b4, com.timekeeping.management.filter.JwtAuthenticationFilter@19fce226, org.springframework.security.web.savedrequest.RequestCacheAwareFilter@74d926a0, org.springframework.security.web.servletapi.SecurityContextHolderAwareRequestFilter@14f35726, org.springframework.security.web.authentication.AnonymousAuthenticationFilter@6203cec, org.springframework.security.web.session.SessionManagementFilter@29957fe0, org.springframework.security.web.access.ExceptionTranslationFilter@320684cd, org.springframework.security.web.access.intercept.FilterSecurityInterceptor@7a76e1b9]
2023-11-15 14:36:41,983 INFO o.s.b.a.e.w.EndpointLinksResolver [main] Exposing 1 endpoint(s) beneath base path '/actuator'
2023-11-15 14:36:42,121 INFO o.s.b.w.e.t.TomcatWebServer [main] Tomcat started on port(s): 8083 (http) with context path '/api/management'
2023-11-15 14:36:42,156 INFO o.s.b.StartupInfoLogger [main] Started TimekeepingManagementApplication in 21.211 seconds (JVM running for 22.022)
2023-11-15 14:36:42,575 INFO o.s.w.s.FrameworkServlet [RMI TCP Connection(3)-192.168.1.8] Initializing Servlet 'dispatcherServlet'
2023-11-15 14:36:42,578 INFO o.s.w.s.FrameworkServlet [RMI TCP Connection(3)-192.168.1.8] Completed initialization in 2 ms
2023-11-15 14:37:36,200 INFO o.s.o.j.AbstractEntityManagerFactoryBean [SpringApplicationShutdownHook] Closing JPA EntityManagerFactory for persistence unit 'default'
2023-11-15 14:37:38,754 INFO o.h.v.i.u.Version [background-preinit] HV000001: Hibernate Validator 6.2.0.Final
2023-11-15 14:37:38,784 INFO o.s.b.StartupInfoLogger [main] Starting TimekeepingManagementApplication using Java 17.0.4 on PC-PHONG with PID 1584 (C:\Users\phong\Downloads\rikkeichamcong\TimekeepingManagement\timekeeping-management\target\classes started by phong in C:\Users\phong\Downloads\rikkeichamcong\TimekeepingCommon\timekeeping-common)
2023-11-15 14:37:38,787 INFO o.s.b.SpringApplication [main] No active profile set, falling back to default profiles: default
2023-11-15 14:37:39,345 INFO o.s.d.r.c.RepositoryConfigurationDelegate [main] Multiple Spring Data modules found, entering strict repository configuration mode!
2023-11-15 14:37:39,345 INFO o.s.d.r.c.RepositoryConfigurationDelegate [main] Bootstrapping Spring Data JPA repositories in DEFAULT mode.
2023-11-15 14:37:39,700 INFO o.s.d.r.c.RepositoryConfigurationDelegate [main] Finished Spring Data repository scanning in 346 ms. Found 6 JPA repository interfaces.
2023-11-15 14:37:39,993 INFO o.s.d.r.c.RepositoryConfigurationDelegate [main] Multiple Spring Data modules found, entering strict repository configuration mode!
2023-11-15 14:37:39,994 INFO o.s.d.r.c.RepositoryConfigurationDelegate [main] Bootstrapping Spring Data Redis repositories in DEFAULT mode.
2023-11-15 14:37:40,004 INFO o.s.d.r.c.RepositoryConfigurationDelegate [main] Finished Spring Data repository scanning in 4 ms. Found 0 Redis repository interfaces.
2023-11-15 14:37:40,256 INFO o.s.c.s.PostProcessorRegistrationDelegate$BeanPostProcessorChecker [main] Bean 'org.springframework.security.access.expression.method.DefaultMethodSecurityExpressionHandler@40d96578' of type [org.springframework.security.access.expression.method.DefaultMethodSecurityExpressionHandler] is not eligible for getting processed by all BeanPostProcessors (for example: not eligible for auto-proxying)
2023-11-15 14:37:40,259 INFO o.s.c.s.PostProcessorRegistrationDelegate$BeanPostProcessorChecker [main] Bean 'methodSecurityMetadataSource' of type [org.springframework.security.access.method.DelegatingMethodSecurityMetadataSource] is not eligible for getting processed by all BeanPostProcessors (for example: not eligible for auto-proxying)
2023-11-15 14:37:40,518 INFO o.s.b.w.e.t.TomcatWebServer [main] Tomcat initialized with port(s): 8083 (http)
2023-11-15 14:37:40,908 INFO o.s.b.w.s.c.ServletWebServerApplicationContext [main] Root WebApplicationContext: initialization completed in 2082 ms
2023-11-15 14:37:41,315 WARN o.s.b.a.o.j.JpaBaseConfiguration$JpaWebConfiguration [main] spring.jpa.open-in-view is enabled by default. Therefore, database queries may be performed during view rendering. Explicitly configure spring.jpa.open-in-view to disable this warning
2023-11-15 14:37:51,276 INFO o.h.j.i.u.LogHelper [main] HHH000204: Processing PersistenceUnitInfo [name: default]
2023-11-15 14:37:51,412 INFO o.h.Version [main] HHH000412: Hibernate ORM core version 5.4.32.Final
2023-11-15 14:37:51,723 INFO o.h.a.c.r.j.JavaReflectionManager [main] HCANN000001: Hibernate Commons Annotations {5.1.2.Final}
2023-11-15 14:37:52,093 INFO o.h.d.Dialect [main] HHH000400: Using dialect: org.hibernate.dialect.SQLServer2012Dialect
2023-11-15 14:37:53,717 INFO o.h.e.t.j.p.i.JtaPlatformInitiator [main] HHH000490: Using JtaPlatform implementation: [org.hibernate.engine.transaction.jta.platform.internal.NoJtaPlatform]
2023-11-15 14:37:53,738 INFO o.s.o.j.AbstractEntityManagerFactoryBean [main] Initialized JPA EntityManagerFactory for persistence unit 'default'
2023-11-15 14:37:57,214 INFO o.s.s.w.DefaultSecurityFilterChain [main] Will secure Ant [pattern='/api-docs/**'] with []
2023-11-15 14:37:57,214 INFO o.s.s.w.DefaultSecurityFilterChain [main] Will secure Ant [pattern='/swagger-ui/**'] with []
2023-11-15 14:37:57,215 INFO o.s.s.w.DefaultSecurityFilterChain [main] Will secure Ant [pattern='/swagger-ui.html'] with []
2023-11-15 14:37:57,216 INFO o.s.s.w.DefaultSecurityFilterChain [main] Will secure Ant [pattern='/account-managers/login'] with []
2023-11-15 14:37:57,216 INFO o.s.s.w.DefaultSecurityFilterChain [main] Will secure Ant [pattern='/account-managers/login-facebook'] with []
2023-11-15 14:37:57,216 INFO o.s.s.w.DefaultSecurityFilterChain [main] Will secure Ant [pattern='/account-managers/login-google'] with []
2023-11-15 14:37:57,217 INFO o.s.s.w.DefaultSecurityFilterChain [main] Will secure Ant [pattern='/users/authorization'] with []
2023-11-15 14:37:57,217 INFO o.s.s.w.DefaultSecurityFilterChain [main] Will secure Ant [pattern='/users/login-facebook'] with []
2023-11-15 14:37:57,217 INFO o.s.s.w.DefaultSecurityFilterChain [main] Will secure Ant [pattern='/users/login-google'] with []
2023-11-15 14:37:57,218 INFO o.s.s.w.DefaultSecurityFilterChain [main] Will secure Ant [pattern='/users/login-apple'] with []
2023-11-15 14:37:57,218 INFO o.s.s.w.DefaultSecurityFilterChain [main] Will secure Ant [pattern='/users/change-password'] with []
2023-11-15 14:37:57,218 INFO o.s.s.w.DefaultSecurityFilterChain [main] Will secure Ant [pattern='/browser-setting'] with []
2023-11-15 14:37:57,219 INFO o.s.s.w.DefaultSecurityFilterChain [main] Will secure Ant [pattern='/get-file-types'] with []
2023-11-15 14:37:57,317 INFO o.s.s.w.DefaultSecurityFilterChain [main] Will secure any request with [org.springframework.security.web.context.request.async.WebAsyncManagerIntegrationFilter@193594ad, org.springframework.security.web.context.SecurityContextPersistenceFilter@7aab77f, org.springframework.security.web.header.HeaderWriterFilter@3aecbab2, org.springframework.security.web.authentication.logout.LogoutFilter@72b16e26, com.timekeeping.management.filter.JwtAuthenticationFilter@31a65ddd, org.springframework.security.web.savedrequest.RequestCacheAwareFilter@45dac901, org.springframework.security.web.servletapi.SecurityContextHolderAwareRequestFilter@457d81d8, org.springframework.security.web.authentication.AnonymousAuthenticationFilter@1ef50c3b, org.springframework.security.web.session.SessionManagementFilter@74d926a0, org.springframework.security.web.access.ExceptionTranslationFilter@e7283dd, org.springframework.security.web.access.intercept.FilterSecurityInterceptor@6203cec]
2023-11-15 14:38:00,031 INFO o.s.b.a.e.w.EndpointLinksResolver [main] Exposing 1 endpoint(s) beneath base path '/actuator'
2023-11-15 14:38:00,163 INFO o.s.b.w.e.t.TomcatWebServer [main] Tomcat started on port(s): 8083 (http) with context path '/api/management'
2023-11-15 14:38:00,194 INFO o.s.b.StartupInfoLogger [main] Started TimekeepingManagementApplication in 21.722 seconds (JVM running for 22.728)
2023-11-15 14:38:00,279 INFO o.s.o.j.AbstractEntityManagerFactoryBean [SpringApplicationShutdownHook] Closing JPA EntityManagerFactory for persistence unit 'default'
2023-11-15 14:38:34,692 INFO o.h.v.i.u.Version [background-preinit] HV000001: Hibernate Validator 6.2.0.Final
2023-11-15 14:38:34,716 INFO o.s.b.StartupInfoLogger [main] Starting TimekeepingManagementApplication using Java 17.0.4 on PC-PHONG with PID 26728 (C:\Users\phong\Downloads\rikkeichamcong\TimekeepingManagement\timekeeping-management\target\classes started by phong in C:\Users\phong\Downloads\rikkeichamcong\TimekeepingCommon\timekeeping-common)
2023-11-15 14:38:34,722 INFO o.s.b.SpringApplication [main] No active profile set, falling back to default profiles: default
2023-11-15 14:38:35,237 INFO o.s.d.r.c.RepositoryConfigurationDelegate [main] Multiple Spring Data modules found, entering strict repository configuration mode!
2023-11-15 14:38:35,237 INFO o.s.d.r.c.RepositoryConfigurationDelegate [main] Bootstrapping Spring Data JPA repositories in DEFAULT mode.
2023-11-15 14:38:35,470 INFO o.s.d.r.c.RepositoryConfigurationDelegate [main] Finished Spring Data repository scanning in 222 ms. Found 6 JPA repository interfaces.
2023-11-15 14:38:35,719 INFO o.s.d.r.c.RepositoryConfigurationDelegate [main] Multiple Spring Data modules found, entering strict repository configuration mode!
2023-11-15 14:38:35,720 INFO o.s.d.r.c.RepositoryConfigurationDelegate [main] Bootstrapping Spring Data Redis repositories in DEFAULT mode.
2023-11-15 14:38:35,729 INFO o.s.d.r.c.RepositoryConfigurationDelegate [main] Finished Spring Data repository scanning in 3 ms. Found 0 Redis repository interfaces.
2023-11-15 14:38:35,960 INFO o.s.c.s.PostProcessorRegistrationDelegate$BeanPostProcessorChecker [main] Bean 'org.springframework.security.access.expression.method.DefaultMethodSecurityExpressionHandler@19526f1d' of type [org.springframework.security.access.expression.method.DefaultMethodSecurityExpressionHandler] is not eligible for getting processed by all BeanPostProcessors (for example: not eligible for auto-proxying)
2023-11-15 14:38:35,962 INFO o.s.c.s.PostProcessorRegistrationDelegate$BeanPostProcessorChecker [main] Bean 'methodSecurityMetadataSource' of type [org.springframework.security.access.method.DelegatingMethodSecurityMetadataSource] is not eligible for getting processed by all BeanPostProcessors (for example: not eligible for auto-proxying)
2023-11-15 14:38:36,132 INFO o.s.b.w.e.t.TomcatWebServer [main] Tomcat initialized with port(s): 8083 (http)
2023-11-15 14:38:36,243 INFO o.s.b.w.s.c.ServletWebServerApplicationContext [main] Root WebApplicationContext: initialization completed in 1490 ms
2023-11-15 14:38:36,358 WARN o.s.b.a.o.j.JpaBaseConfiguration$JpaWebConfiguration [main] spring.jpa.open-in-view is enabled by default. Therefore, database queries may be performed during view rendering. Explicitly configure spring.jpa.open-in-view to disable this warning
2023-11-15 14:38:45,874 INFO o.h.j.i.u.LogHelper [main] HHH000204: Processing PersistenceUnitInfo [name: default]
2023-11-15 14:38:45,980 INFO o.h.Version [main] HHH000412: Hibernate ORM core version 5.4.32.Final
2023-11-15 14:38:46,228 INFO o.h.a.c.r.j.JavaReflectionManager [main] HCANN000001: Hibernate Commons Annotations {5.1.2.Final}
2023-11-15 14:38:46,534 INFO o.h.d.Dialect [main] HHH000400: Using dialect: org.hibernate.dialect.SQLServer2012Dialect
2023-11-15 14:38:47,883 INFO o.h.e.t.j.p.i.JtaPlatformInitiator [main] HHH000490: Using JtaPlatform implementation: [org.hibernate.engine.transaction.jta.platform.internal.NoJtaPlatform]
2023-11-15 14:38:47,902 INFO o.s.o.j.AbstractEntityManagerFactoryBean [main] Initialized JPA EntityManagerFactory for persistence unit 'default'
2023-11-15 14:38:51,089 INFO o.s.s.w.DefaultSecurityFilterChain [main] Will secure Ant [pattern='/api-docs/**'] with []
2023-11-15 14:38:51,089 INFO o.s.s.w.DefaultSecurityFilterChain [main] Will secure Ant [pattern='/swagger-ui/**'] with []
2023-11-15 14:38:51,089 INFO o.s.s.w.DefaultSecurityFilterChain [main] Will secure Ant [pattern='/swagger-ui.html'] with []
2023-11-15 14:38:51,090 INFO o.s.s.w.DefaultSecurityFilterChain [main] Will secure Ant [pattern='/account-managers/login'] with []
2023-11-15 14:38:51,090 INFO o.s.s.w.DefaultSecurityFilterChain [main] Will secure Ant [pattern='/account-managers/login-facebook'] with []
2023-11-15 14:38:51,090 INFO o.s.s.w.DefaultSecurityFilterChain [main] Will secure Ant [pattern='/account-managers/login-google'] with []
2023-11-15 14:38:51,091 INFO o.s.s.w.DefaultSecurityFilterChain [main] Will secure Ant [pattern='/users/authorization'] with []
2023-11-15 14:38:51,091 INFO o.s.s.w.DefaultSecurityFilterChain [main] Will secure Ant [pattern='/users/login-facebook'] with []
2023-11-15 14:38:51,091 INFO o.s.s.w.DefaultSecurityFilterChain [main] Will secure Ant [pattern='/users/login-google'] with []
2023-11-15 14:38:51,091 INFO o.s.s.w.DefaultSecurityFilterChain [main] Will secure Ant [pattern='/users/login-apple'] with []
2023-11-15 14:38:51,092 INFO o.s.s.w.DefaultSecurityFilterChain [main] Will secure Ant [pattern='/users/change-password'] with []
2023-11-15 14:38:51,092 INFO o.s.s.w.DefaultSecurityFilterChain [main] Will secure Ant [pattern='/browser-setting'] with []
2023-11-15 14:38:51,092 INFO o.s.s.w.DefaultSecurityFilterChain [main] Will secure Ant [pattern='/get-file-types'] with []
2023-11-15 14:38:51,187 INFO o.s.s.w.DefaultSecurityFilterChain [main] Will secure any request with [org.springframework.security.web.context.request.async.WebAsyncManagerIntegrationFilter@557de967, org.springframework.security.web.context.SecurityContextPersistenceFilter@45bf1b4e, org.springframework.security.web.header.HeaderWriterFilter@2d758834, org.springframework.security.web.authentication.logout.LogoutFilter@56b37d59, com.timekeeping.management.filter.JwtAuthenticationFilter@194e116d, org.springframework.security.web.savedrequest.RequestCacheAwareFilter@109fa8e2, org.springframework.security.web.servletapi.SecurityContextHolderAwareRequestFilter@6e767943, org.springframework.security.web.authentication.AnonymousAuthenticationFilter@e2448b4, org.springframework.security.web.session.SessionManagementFilter@3feec3b0, org.springframework.security.web.access.ExceptionTranslationFilter@4e8c139a, org.springframework.security.web.access.intercept.FilterSecurityInterceptor@3f8c91c5]
2023-11-15 14:38:53,565 INFO o.s.b.a.e.w.EndpointLinksResolver [main] Exposing 1 endpoint(s) beneath base path '/actuator'
2023-11-15 14:38:53,679 INFO o.s.b.w.e.t.TomcatWebServer [main] Tomcat started on port(s): 8083 (http) with context path '/api/management'
2023-11-15 14:38:53,710 INFO o.s.b.StartupInfoLogger [main] Started TimekeepingManagementApplication in 19.258 seconds (JVM running for 19.939)
2023-11-15 14:38:54,175 INFO o.s.w.s.FrameworkServlet [RMI TCP Connection(2)-192.168.1.8] Initializing Servlet 'dispatcherServlet'
2023-11-15 14:38:54,176 INFO o.s.w.s.FrameworkServlet [RMI TCP Connection(2)-192.168.1.8] Completed initialization in 1 ms
2023-11-15 14:44:01,267 WARN o.h.e.j.s.SqlExceptionHelper [http-nio-8083-exec-10] SQL Error: 207, SQLState: S0001
2023-11-15 14:44:01,267 ERROR o.h.e.j.s.SqlExceptionHelper [http-nio-8083-exec-10] Invalid column name 'USERS'.
2023-11-15 14:52:35,199 INFO o.s.o.j.AbstractEntityManagerFactoryBean [SpringApplicationShutdownHook] Closing JPA EntityManagerFactory for persistence unit 'default'
2023-11-15 14:53:17,539 INFO o.h.v.i.u.Version [background-preinit] HV000001: Hibernate Validator 6.2.0.Final
2023-11-15 14:53:17,572 INFO o.s.b.StartupInfoLogger [main] Starting TimekeepingManagementApplication using Java 17.0.4 on PC-PHONG with PID 9684 (C:\Users\phong\Downloads\rikkeichamcong\TimekeepingManagement\timekeeping-management\target\classes started by phong in C:\Users\phong\Downloads\rikkeichamcong\TimekeepingCommon\timekeeping-common)
2023-11-15 14:53:17,579 INFO o.s.b.SpringApplication [main] No active profile set, falling back to default profiles: default
2023-11-15 14:53:18,102 INFO o.s.d.r.c.RepositoryConfigurationDelegate [main] Multiple Spring Data modules found, entering strict repository configuration mode!
2023-11-15 14:53:18,102 INFO o.s.d.r.c.RepositoryConfigurationDelegate [main] Bootstrapping Spring Data JPA repositories in DEFAULT mode.
2023-11-15 14:53:18,320 INFO o.s.d.r.c.RepositoryConfigurationDelegate [main] Finished Spring Data repository scanning in 209 ms. Found 6 JPA repository interfaces.
2023-11-15 14:53:18,576 INFO o.s.d.r.c.RepositoryConfigurationDelegate [main] Multiple Spring Data modules found, entering strict repository configuration mode!
2023-11-15 14:53:18,577 INFO o.s.d.r.c.RepositoryConfigurationDelegate [main] Bootstrapping Spring Data Redis repositories in DEFAULT mode.
2023-11-15 14:53:18,585 INFO o.s.d.r.c.RepositoryConfigurationDelegate [main] Finished Spring Data repository scanning in 3 ms. Found 0 Redis repository interfaces.
2023-11-15 14:53:18,820 INFO o.s.c.s.PostProcessorRegistrationDelegate$BeanPostProcessorChecker [main] Bean 'org.springframework.security.access.expression.method.DefaultMethodSecurityExpressionHandler@26c7b1c6' of type [org.springframework.security.access.expression.method.DefaultMethodSecurityExpressionHandler] is not eligible for getting processed by all BeanPostProcessors (for example: not eligible for auto-proxying)
2023-11-15 14:53:18,824 INFO o.s.c.s.PostProcessorRegistrationDelegate$BeanPostProcessorChecker [main] Bean 'methodSecurityMetadataSource' of type [org.springframework.security.access.method.DelegatingMethodSecurityMetadataSource] is not eligible for getting processed by all BeanPostProcessors (for example: not eligible for auto-proxying)
2023-11-15 14:53:18,986 INFO o.s.b.w.e.t.TomcatWebServer [main] Tomcat initialized with port(s): 8083 (http)
2023-11-15 14:53:19,097 INFO o.s.b.w.s.c.ServletWebServerApplicationContext [main] Root WebApplicationContext: initialization completed in 1469 ms
2023-11-15 14:53:19,211 WARN o.s.b.a.o.j.JpaBaseConfiguration$JpaWebConfiguration [main] spring.jpa.open-in-view is enabled by default. Therefore, database queries may be performed during view rendering. Explicitly configure spring.jpa.open-in-view to disable this warning
2023-11-15 14:53:29,677 INFO o.h.j.i.u.LogHelper [main] HHH000204: Processing PersistenceUnitInfo [name: default]
2023-11-15 14:53:29,776 INFO o.h.Version [main] HHH000412: Hibernate ORM core version 5.4.32.Final
2023-11-15 14:53:30,035 INFO o.h.a.c.r.j.JavaReflectionManager [main] HCANN000001: Hibernate Commons Annotations {5.1.2.Final}
2023-11-15 14:53:30,344 INFO o.h.d.Dialect [main] HHH000400: Using dialect: org.hibernate.dialect.SQLServer2012Dialect
2023-11-15 14:53:31,653 INFO o.h.e.t.j.p.i.JtaPlatformInitiator [main] HHH000490: Using JtaPlatform implementation: [org.hibernate.engine.transaction.jta.platform.internal.NoJtaPlatform]
2023-11-15 14:53:31,673 INFO o.s.o.j.AbstractEntityManagerFactoryBean [main] Initialized JPA EntityManagerFactory for persistence unit 'default'
2023-11-15 14:53:34,734 INFO o.s.s.w.DefaultSecurityFilterChain [main] Will secure Ant [pattern='/api-docs/**'] with []
2023-11-15 14:53:34,734 INFO o.s.s.w.DefaultSecurityFilterChain [main] Will secure Ant [pattern='/swagger-ui/**'] with []
2023-11-15 14:53:34,734 INFO o.s.s.w.DefaultSecurityFilterChain [main] Will secure Ant [pattern='/swagger-ui.html'] with []
2023-11-15 14:53:34,735 INFO o.s.s.w.DefaultSecurityFilterChain [main] Will secure Ant [pattern='/account-managers/login'] with []
2023-11-15 14:53:34,735 INFO o.s.s.w.DefaultSecurityFilterChain [main] Will secure Ant [pattern='/account-managers/login-facebook'] with []
2023-11-15 14:53:34,735 INFO o.s.s.w.DefaultSecurityFilterChain [main] Will secure Ant [pattern='/account-managers/login-google'] with []
2023-11-15 14:53:34,736 INFO o.s.s.w.DefaultSecurityFilterChain [main] Will secure Ant [pattern='/users/authorization'] with []
2023-11-15 14:53:34,736 INFO o.s.s.w.DefaultSecurityFilterChain [main] Will secure Ant [pattern='/users/login-facebook'] with []
2023-11-15 14:53:34,736 INFO o.s.s.w.DefaultSecurityFilterChain [main] Will secure Ant [pattern='/users/login-google'] with []
2023-11-15 14:53:34,736 INFO o.s.s.w.DefaultSecurityFilterChain [main] Will secure Ant [pattern='/users/login-apple'] with []
2023-11-15 14:53:34,736 INFO o.s.s.w.DefaultSecurityFilterChain [main] Will secure Ant [pattern='/users/change-password'] with []
2023-11-15 14:53:34,737 INFO o.s.s.w.DefaultSecurityFilterChain [main] Will secure Ant [pattern='/browser-setting'] with []
2023-11-15 14:53:34,737 INFO o.s.s.w.DefaultSecurityFilterChain [main] Will secure Ant [pattern='/get-file-types'] with []
2023-11-15 14:53:34,819 INFO o.s.s.w.DefaultSecurityFilterChain [main] Will secure any request with [org.springframework.security.web.context.request.async.WebAsyncManagerIntegrationFilter@5d98216c, org.springframework.security.web.context.SecurityContextPersistenceFilter@396ea7ab, org.springframework.security.web.header.HeaderWriterFilter@49a14b44, org.springframework.security.web.authentication.logout.LogoutFilter@7f055e1, com.timekeeping.management.filter.JwtAuthenticationFilter@487befb, org.springframework.security.web.savedrequest.RequestCacheAwareFilter@5e9257b3, org.springframework.security.web.servletapi.SecurityContextHolderAwareRequestFilter@5c29c01b, org.springframework.security.web.authentication.AnonymousAuthenticationFilter@76312df9, org.springframework.security.web.session.SessionManagementFilter@4c3d056, org.springframework.security.web.access.ExceptionTranslationFilter@62d26820, org.springframework.security.web.access.intercept.FilterSecurityInterceptor@53ef0db3]
2023-11-15 14:53:37,257 INFO o.s.b.a.e.w.EndpointLinksResolver [main] Exposing 1 endpoint(s) beneath base path '/actuator'
2023-11-15 14:53:37,398 INFO o.s.b.w.e.t.TomcatWebServer [main] Tomcat started on port(s): 8083 (http) with context path '/api/management'
2023-11-15 14:53:37,431 INFO o.s.b.StartupInfoLogger [main] Started TimekeepingManagementApplication in 20.138 seconds (JVM running for 20.888)
2023-11-15 14:53:37,934 INFO o.s.w.s.FrameworkServlet [RMI TCP Connection(2)-192.168.1.8] Initializing Servlet 'dispatcherServlet'
2023-11-15 14:53:37,936 INFO o.s.w.s.FrameworkServlet [RMI TCP Connection(2)-192.168.1.8] Completed initialization in 2 ms
2023-11-15 14:57:14,662 INFO o.s.o.j.AbstractEntityManagerFactoryBean [SpringApplicationShutdownHook] Closing JPA EntityManagerFactory for persistence unit 'default'
2023-11-15 14:58:15,590 INFO o.h.v.i.u.Version [background-preinit] HV000001: Hibernate Validator 6.2.0.Final
2023-11-15 14:58:15,620 INFO o.s.b.StartupInfoLogger [main] Starting TimekeepingManagementApplication using Java 17.0.4 on PC-PHONG with PID 6224 (C:\Users\phong\Downloads\rikkeichamcong\TimekeepingManagement\timekeeping-management\target\classes started by phong in C:\Users\phong\Downloads\rikkeichamcong\TimekeepingCommon\timekeeping-common)
2023-11-15 14:58:15,625 INFO o.s.b.SpringApplication [main] No active profile set, falling back to default profiles: default
2023-11-15 14:58:16,152 INFO o.s.d.r.c.RepositoryConfigurationDelegate [main] Multiple Spring Data modules found, entering strict repository configuration mode!
2023-11-15 14:58:16,152 INFO o.s.d.r.c.RepositoryConfigurationDelegate [main] Bootstrapping Spring Data JPA repositories in DEFAULT mode.
2023-11-15 14:58:16,371 INFO o.s.d.r.c.RepositoryConfigurationDelegate [main] Finished Spring Data repository scanning in 211 ms. Found 6 JPA repository interfaces.
2023-11-15 14:58:16,624 INFO o.s.d.r.c.RepositoryConfigurationDelegate [main] Multiple Spring Data modules found, entering strict repository configuration mode!
2023-11-15 14:58:16,624 INFO o.s.d.r.c.RepositoryConfigurationDelegate [main] Bootstrapping Spring Data Redis repositories in DEFAULT mode.
2023-11-15 14:58:16,634 INFO o.s.d.r.c.RepositoryConfigurationDelegate [main] Finished Spring Data repository scanning in 3 ms. Found 0 Redis repository interfaces.
2023-11-15 14:58:16,858 INFO o.s.c.s.PostProcessorRegistrationDelegate$BeanPostProcessorChecker [main] Bean 'org.springframework.security.access.expression.method.DefaultMethodSecurityExpressionHandler@6744707b' of type [org.springframework.security.access.expression.method.DefaultMethodSecurityExpressionHandler] is not eligible for getting processed by all BeanPostProcessors (for example: not eligible for auto-proxying)
2023-11-15 14:58:16,861 INFO o.s.c.s.PostProcessorRegistrationDelegate$BeanPostProcessorChecker [main] Bean 'methodSecurityMetadataSource' of type [org.springframework.security.access.method.DelegatingMethodSecurityMetadataSource] is not eligible for getting processed by all BeanPostProcessors (for example: not eligible for auto-proxying)
2023-11-15 14:58:17,024 INFO o.s.b.w.e.t.TomcatWebServer [main] Tomcat initialized with port(s): 8083 (http)
2023-11-15 14:58:17,132 INFO o.s.b.w.s.c.ServletWebServerApplicationContext [main] Root WebApplicationContext: initialization completed in 1477 ms
2023-11-15 14:58:17,247 WARN o.s.b.a.o.j.JpaBaseConfiguration$JpaWebConfiguration [main] spring.jpa.open-in-view is enabled by default. Therefore, database queries may be performed during view rendering. Explicitly configure spring.jpa.open-in-view to disable this warning
2023-11-15 14:58:26,610 INFO o.h.j.i.u.LogHelper [main] HHH000204: Processing PersistenceUnitInfo [name: default]
2023-11-15 14:58:26,716 INFO o.h.Version [main] HHH000412: Hibernate ORM core version 5.4.32.Final
2023-11-15 14:58:26,967 INFO o.h.a.c.r.j.JavaReflectionManager [main] HCANN000001: Hibernate Commons Annotations {5.1.2.Final}
2023-11-15 14:58:27,278 INFO o.h.d.Dialect [main] HHH000400: Using dialect: org.hibernate.dialect.SQLServer2012Dialect
2023-11-15 14:58:28,642 INFO o.h.e.t.j.p.i.JtaPlatformInitiator [main] HHH000490: Using JtaPlatform implementation: [org.hibernate.engine.transaction.jta.platform.internal.NoJtaPlatform]
2023-11-15 14:58:28,662 INFO o.s.o.j.AbstractEntityManagerFactoryBean [main] Initialized JPA EntityManagerFactory for persistence unit 'default'
2023-11-15 14:58:31,833 INFO o.s.s.w.DefaultSecurityFilterChain [main] Will secure Ant [pattern='/api-docs/**'] with []
2023-11-15 14:58:31,833 INFO o.s.s.w.DefaultSecurityFilterChain [main] Will secure Ant [pattern='/swagger-ui/**'] with []
2023-11-15 14:58:31,834 INFO o.s.s.w.DefaultSecurityFilterChain [main] Will secure Ant [pattern='/swagger-ui.html'] with []
2023-11-15 14:58:31,834 INFO o.s.s.w.DefaultSecurityFilterChain [main] Will secure Ant [pattern='/account-managers/login'] with []
2023-11-15 14:58:31,834 INFO o.s.s.w.DefaultSecurityFilterChain [main] Will secure Ant [pattern='/account-managers/login-facebook'] with []
2023-11-15 14:58:31,834 INFO o.s.s.w.DefaultSecurityFilterChain [main] Will secure Ant [pattern='/account-managers/login-google'] with []
2023-11-15 14:58:31,835 INFO o.s.s.w.DefaultSecurityFilterChain [main] Will secure Ant [pattern='/users/authorization'] with []
2023-11-15 14:58:31,835 INFO o.s.s.w.DefaultSecurityFilterChain [main] Will secure Ant [pattern='/users/login-facebook'] with []
2023-11-15 14:58:31,835 INFO o.s.s.w.DefaultSecurityFilterChain [main] Will secure Ant [pattern='/users/login-google'] with []
2023-11-15 14:58:31,836 INFO o.s.s.w.DefaultSecurityFilterChain [main] Will secure Ant [pattern='/users/login-apple'] with []
2023-11-15 14:58:31,836 INFO o.s.s.w.DefaultSecurityFilterChain [main] Will secure Ant [pattern='/users/change-password'] with []
2023-11-15 14:58:31,836 INFO o.s.s.w.DefaultSecurityFilterChain [main] Will secure Ant [pattern='/browser-setting'] with []
2023-11-15 14:58:31,836 INFO o.s.s.w.DefaultSecurityFilterChain [main] Will secure Ant [pattern='/get-file-types'] with []
2023-11-15 14:58:31,921 INFO o.s.s.w.DefaultSecurityFilterChain [main] Will secure any request with [org.springframework.security.web.context.request.async.WebAsyncManagerIntegrationFilter@51b274ce, org.springframework.security.web.context.SecurityContextPersistenceFilter@4e8c139a, org.springframework.security.web.header.HeaderWriterFilter@59cfabaf, org.springframework.security.web.authentication.logout.LogoutFilter@3b22cae9, com.timekeeping.management.filter.JwtAuthenticationFilter@321f97d9, org.springframework.security.web.savedrequest.RequestCacheAwareFilter@2d758834, org.springframework.security.web.servletapi.SecurityContextHolderAwareRequestFilter@7f055e1, org.springframework.security.web.authentication.AnonymousAuthenticationFilter@55cb0354, org.springframework.security.web.session.SessionManagementFilter@2f705dff, org.springframework.security.web.access.ExceptionTranslationFilter@4b330722, org.springframework.security.web.access.intercept.FilterSecurityInterceptor@43f8f0bc]
2023-11-15 14:58:34,372 INFO o.s.b.a.e.w.EndpointLinksResolver [main] Exposing 1 endpoint(s) beneath base path '/actuator'
2023-11-15 14:58:34,473 INFO o.s.b.w.e.t.TomcatWebServer [main] Tomcat started on port(s): 8083 (http) with context path '/api/management'
2023-11-15 14:58:34,506 INFO o.s.b.StartupInfoLogger [main] Started TimekeepingManagementApplication in 19.151 seconds (JVM running for 19.817)
2023-11-15 14:58:34,633 INFO o.s.w.s.FrameworkServlet [RMI TCP Connection(3)-192.168.1.8] Initializing Servlet 'dispatcherServlet'
2023-11-15 14:58:34,635 INFO o.s.w.s.FrameworkServlet [RMI TCP Connection(3)-192.168.1.8] Completed initialization in 2 ms
2023-11-15 15:08:08,707 INFO o.s.o.j.AbstractEntityManagerFactoryBean [SpringApplicationShutdownHook] Closing JPA EntityManagerFactory for persistence unit 'default'
2023-11-15 15:09:05,508 INFO o.h.v.i.u.Version [background-preinit] HV000001: Hibernate Validator 6.2.0.Final
2023-11-15 15:09:05,537 INFO o.s.b.StartupInfoLogger [main] Starting TimekeepingManagementApplication using Java 17.0.4 on PC-PHONG with PID 4692 (C:\Users\phong\Downloads\rikkeichamcong\TimekeepingManagement\timekeeping-management\target\classes started by phong in C:\Users\phong\Downloads\rikkeichamcong\TimekeepingCommon\timekeeping-common)
2023-11-15 15:09:05,542 INFO o.s.b.SpringApplication [main] No active profile set, falling back to default profiles: default
2023-11-15 15:09:06,065 INFO o.s.d.r.c.RepositoryConfigurationDelegate [main] Multiple Spring Data modules found, entering strict repository configuration mode!
2023-11-15 15:09:06,065 INFO o.s.d.r.c.RepositoryConfigurationDelegate [main] Bootstrapping Spring Data JPA repositories in DEFAULT mode.
2023-11-15 15:09:06,287 INFO o.s.d.r.c.RepositoryConfigurationDelegate [main] Finished Spring Data repository scanning in 213 ms. Found 6 JPA repository interfaces.
2023-11-15 15:09:06,530 INFO o.s.d.r.c.RepositoryConfigurationDelegate [main] Multiple Spring Data modules found, entering strict repository configuration mode!
2023-11-15 15:09:06,531 INFO o.s.d.r.c.RepositoryConfigurationDelegate [main] Bootstrapping Spring Data Redis repositories in DEFAULT mode.
2023-11-15 15:09:06,540 INFO o.s.d.r.c.RepositoryConfigurationDelegate [main] Finished Spring Data repository scanning in 3 ms. Found 0 Redis repository interfaces.
2023-11-15 15:09:06,766 INFO o.s.c.s.PostProcessorRegistrationDelegate$BeanPostProcessorChecker [main] Bean 'org.springframework.security.access.expression.method.DefaultMethodSecurityExpressionHandler@19526f1d' of type [org.springframework.security.access.expression.method.DefaultMethodSecurityExpressionHandler] is not eligible for getting processed by all BeanPostProcessors (for example: not eligible for auto-proxying)
2023-11-15 15:09:06,768 INFO o.s.c.s.PostProcessorRegistrationDelegate$BeanPostProcessorChecker [main] Bean 'methodSecurityMetadataSource' of type [org.springframework.security.access.method.DelegatingMethodSecurityMetadataSource] is not eligible for getting processed by all BeanPostProcessors (for example: not eligible for auto-proxying)
2023-11-15 15:09:06,925 INFO o.s.b.w.e.t.TomcatWebServer [main] Tomcat initialized with port(s): 8083 (http)
2023-11-15 15:09:07,035 INFO o.s.b.w.s.c.ServletWebServerApplicationContext [main] Root WebApplicationContext: initialization completed in 1460 ms
2023-11-15 15:09:07,145 WARN o.s.b.a.o.j.JpaBaseConfiguration$JpaWebConfiguration [main] spring.jpa.open-in-view is enabled by default. Therefore, database queries may be performed during view rendering. Explicitly configure spring.jpa.open-in-view to disable this warning
2023-11-15 15:09:16,264 INFO o.h.j.i.u.LogHelper [main] HHH000204: Processing PersistenceUnitInfo [name: default]
2023-11-15 15:09:16,371 INFO o.h.Version [main] HHH000412: Hibernate ORM core version 5.4.32.Final
2023-11-15 15:09:16,597 INFO o.h.a.c.r.j.JavaReflectionManager [main] HCANN000001: Hibernate Commons Annotations {5.1.2.Final}
2023-11-15 15:09:16,915 INFO o.h.d.Dialect [main] HHH000400: Using dialect: org.hibernate.dialect.SQLServer2012Dialect
2023-11-15 15:09:18,225 INFO o.h.e.t.j.p.i.JtaPlatformInitiator [main] HHH000490: Using JtaPlatform implementation: [org.hibernate.engine.transaction.jta.platform.internal.NoJtaPlatform]
2023-11-15 15:09:18,245 INFO o.s.o.j.AbstractEntityManagerFactoryBean [main] Initialized JPA EntityManagerFactory for persistence unit 'default'
2023-11-15 15:09:21,415 INFO o.s.s.w.DefaultSecurityFilterChain [main] Will secure Ant [pattern='/api-docs/**'] with []
2023-11-15 15:09:21,415 INFO o.s.s.w.DefaultSecurityFilterChain [main] Will secure Ant [pattern='/swagger-ui/**'] with []
2023-11-15 15:09:21,415 INFO o.s.s.w.DefaultSecurityFilterChain [main] Will secure Ant [pattern='/swagger-ui.html'] with []
2023-11-15 15:09:21,416 INFO o.s.s.w.DefaultSecurityFilterChain [main] Will secure Ant [pattern='/account-managers/login'] with []
2023-11-15 15:09:21,416 INFO o.s.s.w.DefaultSecurityFilterChain [main] Will secure Ant [pattern='/account-managers/login-facebook'] with []
2023-11-15 15:09:21,416 INFO o.s.s.w.DefaultSecurityFilterChain [main] Will secure Ant [pattern='/account-managers/login-google'] with []
2023-11-15 15:09:21,417 INFO o.s.s.w.DefaultSecurityFilterChain [main] Will secure Ant [pattern='/users/authorization'] with []
2023-11-15 15:09:21,417 INFO o.s.s.w.DefaultSecurityFilterChain [main] Will secure Ant [pattern='/users/login-facebook'] with []
2023-11-15 15:09:21,417 INFO o.s.s.w.DefaultSecurityFilterChain [main] Will secure Ant [pattern='/users/login-google'] with []
2023-11-15 15:09:21,417 INFO o.s.s.w.DefaultSecurityFilterChain [main] Will secure Ant [pattern='/users/login-apple'] with []
2023-11-15 15:09:21,418 INFO o.s.s.w.DefaultSecurityFilterChain [main] Will secure Ant [pattern='/users/change-password'] with []
2023-11-15 15:09:21,418 INFO o.s.s.w.DefaultSecurityFilterChain [main] Will secure Ant [pattern='/browser-setting'] with []
2023-11-15 15:09:21,418 INFO o.s.s.w.DefaultSecurityFilterChain [main] Will secure Ant [pattern='/get-file-types'] with []
2023-11-15 15:09:21,501 INFO o.s.s.w.DefaultSecurityFilterChain [main] Will secure any request with [org.springframework.security.web.context.request.async.WebAsyncManagerIntegrationFilter@51b274ce, org.springframework.security.web.context.SecurityContextPersistenceFilter@4e8c139a, org.springframework.security.web.header.HeaderWriterFilter@59cfabaf, org.springframework.security.web.authentication.logout.LogoutFilter@3b22cae9, com.timekeeping.management.filter.JwtAuthenticationFilter@321f97d9, org.springframework.security.web.savedrequest.RequestCacheAwareFilter@2d758834, org.springframework.security.web.servletapi.SecurityContextHolderAwareRequestFilter@7f055e1, org.springframework.security.web.authentication.AnonymousAuthenticationFilter@55cb0354, org.springframework.security.web.session.SessionManagementFilter@2f705dff, org.springframework.security.web.access.ExceptionTranslationFilter@4b330722, org.springframework.security.web.access.intercept.FilterSecurityInterceptor@43f8f0bc]
2023-11-15 15:09:23,866 INFO o.s.b.a.e.w.EndpointLinksResolver [main] Exposing 1 endpoint(s) beneath base path '/actuator'
2023-11-15 15:09:23,970 INFO o.s.b.w.e.t.TomcatWebServer [main] Tomcat started on port(s): 8083 (http) with context path '/api/management'
2023-11-15 15:09:23,996 INFO o.s.b.StartupInfoLogger [main] Started TimekeepingManagementApplication in 18.729 seconds (JVM running for 19.399)
2023-11-15 15:09:24,463 INFO o.s.w.s.FrameworkServlet [RMI TCP Connection(3)-192.168.1.8] Initializing Servlet 'dispatcherServlet'
2023-11-15 15:09:24,464 INFO o.s.w.s.FrameworkServlet [RMI TCP Connection(3)-192.168.1.8] Completed initialization in 1 ms
2023-11-15 15:20:46,721 WARN o.h.e.j.s.SqlExceptionHelper [http-nio-8083-exec-2] SQL Error: 207, SQLState: S0001
2023-11-15 15:20:46,721 ERROR o.h.e.j.s.SqlExceptionHelper [http-nio-8083-exec-2] Invalid column name 'USERS'.
2023-11-15 15:26:33,255 INFO o.s.o.j.AbstractEntityManagerFactoryBean [SpringApplicationShutdownHook] Closing JPA EntityManagerFactory for persistence unit 'default'
2023-11-15 15:30:05,626 INFO o.h.v.i.u.Version [background-preinit] HV000001: Hibernate Validator 6.2.0.Final
2023-11-15 15:30:05,655 INFO o.s.b.StartupInfoLogger [main] Starting TimekeepingManagementApplication using Java 17.0.4 on PC-PHONG with PID 37928 (C:\Users\phong\Downloads\rikkeichamcong\TimekeepingManagement\timekeeping-management\target\classes started by phong in C:\Users\phong\Downloads\rikkeichamcong\TimekeepingCommon\timekeeping-common)
2023-11-15 15:30:05,661 INFO o.s.b.SpringApplication [main] No active profile set, falling back to default profiles: default
2023-11-15 15:30:06,217 INFO o.s.d.r.c.RepositoryConfigurationDelegate [main] Multiple Spring Data modules found, entering strict repository configuration mode!
2023-11-15 15:30:06,217 INFO o.s.d.r.c.RepositoryConfigurationDelegate [main] Bootstrapping Spring Data JPA repositories in DEFAULT mode.
2023-11-15 15:30:06,448 INFO o.s.d.r.c.RepositoryConfigurationDelegate [main] Finished Spring Data repository scanning in 220 ms. Found 6 JPA repository interfaces.
2023-11-15 15:30:06,699 INFO o.s.d.r.c.RepositoryConfigurationDelegate [main] Multiple Spring Data modules found, entering strict repository configuration mode!
2023-11-15 15:30:06,699 INFO o.s.d.r.c.RepositoryConfigurationDelegate [main] Bootstrapping Spring Data Redis repositories in DEFAULT mode.
2023-11-15 15:30:06,708 INFO o.s.d.r.c.RepositoryConfigurationDelegate [main] Finished Spring Data repository scanning in 3 ms. Found 0 Redis repository interfaces.
2023-11-15 15:30:06,944 INFO o.s.c.s.PostProcessorRegistrationDelegate$BeanPostProcessorChecker [main] Bean 'org.springframework.security.access.expression.method.DefaultMethodSecurityExpressionHandler@19526f1d' of type [org.springframework.security.access.expression.method.DefaultMethodSecurityExpressionHandler] is not eligible for getting processed by all BeanPostProcessors (for example: not eligible for auto-proxying)
2023-11-15 15:30:06,947 INFO o.s.c.s.PostProcessorRegistrationDelegate$BeanPostProcessorChecker [main] Bean 'methodSecurityMetadataSource' of type [org.springframework.security.access.method.DelegatingMethodSecurityMetadataSource] is not eligible for getting processed by all BeanPostProcessors (for example: not eligible for auto-proxying)
2023-11-15 15:30:07,109 INFO o.s.b.w.e.t.TomcatWebServer [main] Tomcat initialized with port(s): 8083 (http)
2023-11-15 15:30:07,216 INFO o.s.b.w.s.c.ServletWebServerApplicationContext [main] Root WebApplicationContext: initialization completed in 1523 ms
2023-11-15 15:30:07,322 WARN o.s.b.a.o.j.JpaBaseConfiguration$JpaWebConfiguration [main] spring.jpa.open-in-view is enabled by default. Therefore, database queries may be performed during view rendering. Explicitly configure spring.jpa.open-in-view to disable this warning
2023-11-15 15:30:16,716 INFO o.h.j.i.u.LogHelper [main] HHH000204: Processing PersistenceUnitInfo [name: default]
2023-11-15 15:30:16,825 INFO o.h.Version [main] HHH000412: Hibernate ORM core version 5.4.32.Final
2023-11-15 15:30:17,090 INFO o.h.a.c.r.j.JavaReflectionManager [main] HCANN000001: Hibernate Commons Annotations {5.1.2.Final}
2023-11-15 15:30:17,392 INFO o.h.d.Dialect [main] HHH000400: Using dialect: org.hibernate.dialect.SQLServer2012Dialect
2023-11-15 15:30:18,678 INFO o.h.e.t.j.p.i.JtaPlatformInitiator [main] HHH000490: Using JtaPlatform implementation: [org.hibernate.engine.transaction.jta.platform.internal.NoJtaPlatform]
2023-11-15 15:30:18,697 INFO o.s.o.j.AbstractEntityManagerFactoryBean [main] Initialized JPA EntityManagerFactory for persistence unit 'default'
2023-11-15 15:30:21,891 INFO o.s.s.w.DefaultSecurityFilterChain [main] Will secure Ant [pattern='/api-docs/**'] with []
2023-11-15 15:30:21,892 INFO o.s.s.w.DefaultSecurityFilterChain [main] Will secure Ant [pattern='/swagger-ui/**'] with []
2023-11-15 15:30:21,892 INFO o.s.s.w.DefaultSecurityFilterChain [main] Will secure Ant [pattern='/swagger-ui.html'] with []
2023-11-15 15:30:21,892 INFO o.s.s.w.DefaultSecurityFilterChain [main] Will secure Ant [pattern='/account-managers/login'] with []
2023-11-15 15:30:21,893 INFO o.s.s.w.DefaultSecurityFilterChain [main] Will secure Ant [pattern='/account-managers/login-facebook'] with []
2023-11-15 15:30:21,893 INFO o.s.s.w.DefaultSecurityFilterChain [main] Will secure Ant [pattern='/account-managers/login-google'] with []
2023-11-15 15:30:21,893 INFO o.s.s.w.DefaultSecurityFilterChain [main] Will secure Ant [pattern='/users/authorization'] with []
2023-11-15 15:30:21,893 INFO o.s.s.w.DefaultSecurityFilterChain [main] Will secure Ant [pattern='/users/login-facebook'] with []
2023-11-15 15:30:21,894 INFO o.s.s.w.DefaultSecurityFilterChain [main] Will secure Ant [pattern='/users/login-google'] with []
2023-11-15 15:30:21,894 INFO o.s.s.w.DefaultSecurityFilterChain [main] Will secure Ant [pattern='/users/login-apple'] with []
2023-11-15 15:30:21,894 INFO o.s.s.w.DefaultSecurityFilterChain [main] Will secure Ant [pattern='/users/change-password'] with []
2023-11-15 15:30:21,894 INFO o.s.s.w.DefaultSecurityFilterChain [main] Will secure Ant [pattern='/browser-setting'] with []
2023-11-15 15:30:21,895 INFO o.s.s.w.DefaultSecurityFilterChain [main] Will secure Ant [pattern='/get-file-types'] with []
2023-11-15 15:30:21,982 INFO o.s.s.w.DefaultSecurityFilterChain [main] Will secure any request with [org.springframework.security.web.context.request.async.WebAsyncManagerIntegrationFilter@1b256636, org.springframework.security.web.context.SecurityContextPersistenceFilter@5c29c01b, org.springframework.security.web.header.HeaderWriterFilter@78ceb8cd, org.springframework.security.web.authentication.logout.LogoutFilter@4967d14c, com.timekeeping.management.filter.JwtAuthenticationFilter@487befb, org.springframework.security.web.savedrequest.RequestCacheAwareFilter@174bbe8e, org.springframework.security.web.servletapi.SecurityContextHolderAwareRequestFilter@123a0b95, org.springframework.security.web.authentication.AnonymousAuthenticationFilter@7aab77f, org.springframework.security.web.session.SessionManagementFilter@fe8344c, org.springframework.security.web.access.ExceptionTranslationFilter@16c30e11, org.springframework.security.web.access.intercept.FilterSecurityInterceptor@5d98216c]
2023-11-15 15:30:24,450 INFO o.s.b.a.e.w.EndpointLinksResolver [main] Exposing 1 endpoint(s) beneath base path '/actuator'
2023-11-15 15:30:24,581 INFO o.s.b.w.e.t.TomcatWebServer [main] Tomcat started on port(s): 8083 (http) with context path '/api/management'
2023-11-15 15:30:24,615 INFO o.s.b.StartupInfoLogger [main] Started TimekeepingManagementApplication in 19.228 seconds (JVM running for 19.888)
2023-11-15 15:30:25,137 INFO o.s.w.s.FrameworkServlet [RMI TCP Connection(1)-192.168.1.8] Initializing Servlet 'dispatcherServlet'
2023-11-15 15:30:25,138 INFO o.s.w.s.FrameworkServlet [RMI TCP Connection(1)-192.168.1.8] Completed initialization in 1 ms
2023-11-15 15:41:48,302 WARN o.h.e.j.s.SqlExceptionHelper [http-nio-8083-exec-7] SQL Error: 207, SQLState: S0001
2023-11-15 15:41:48,302 ERROR o.h.e.j.s.SqlExceptionHelper [http-nio-8083-exec-7] Invalid column name 'USER_ID'.
2023-11-15 15:58:17,226 INFO o.s.o.j.AbstractEntityManagerFactoryBean [SpringApplicationShutdownHook] Closing JPA EntityManagerFactory for persistence unit 'default'
2023-11-15 16:17:34,274 INFO o.h.v.i.u.Version [background-preinit] HV000001: Hibernate Validator 6.2.0.Final
2023-11-15 16:17:34,318 INFO o.s.b.StartupInfoLogger [main] Starting TimekeepingManagementApplication using Java 17.0.4 on PC-PHONG with PID 24732 (C:\Users\phong\Downloads\rikkeichamcong\TimekeepingManagement\timekeeping-management\target\classes started by phong in C:\Users\phong\Downloads\rikkeichamcong\TimekeepingCommon\timekeeping-common)
2023-11-15 16:17:34,322 INFO o.s.b.SpringApplication [main] No active profile set, falling back to default profiles: default
2023-11-15 16:17:35,111 INFO o.s.d.r.c.RepositoryConfigurationDelegate [main] Multiple Spring Data modules found, entering strict repository configuration mode!
2023-11-15 16:17:35,111 INFO o.s.d.r.c.RepositoryConfigurationDelegate [main] Bootstrapping Spring Data JPA repositories in DEFAULT mode.
2023-11-15 16:17:35,539 INFO o.s.d.r.c.RepositoryConfigurationDelegate [main] Finished Spring Data repository scanning in 419 ms. Found 6 JPA repository interfaces.
2023-11-15 16:17:35,987 INFO o.s.d.r.c.RepositoryConfigurationDelegate [main] Multiple Spring Data modules found, entering strict repository configuration mode!
2023-11-15 16:17:35,989 INFO o.s.d.r.c.RepositoryConfigurationDelegate [main] Bootstrapping Spring Data Redis repositories in DEFAULT mode.
2023-11-15 16:17:36,019 INFO o.s.d.r.c.RepositoryConfigurationDelegate [main] Finished Spring Data repository scanning in 14 ms. Found 0 Redis repository interfaces.
2023-11-15 16:17:36,986 INFO o.s.c.s.PostProcessorRegistrationDelegate$BeanPostProcessorChecker [main] Bean 'org.springframework.security.access.expression.method.DefaultMethodSecurityExpressionHandler@2c47a053' of type [org.springframework.security.access.expression.method.DefaultMethodSecurityExpressionHandler] is not eligible for getting processed by all BeanPostProcessors (for example: not eligible for auto-proxying)
2023-11-15 16:17:36,999 INFO o.s.c.s.PostProcessorRegistrationDelegate$BeanPostProcessorChecker [main] Bean 'methodSecurityMetadataSource' of type [org.springframework.security.access.method.DelegatingMethodSecurityMetadataSource] is not eligible for getting processed by all BeanPostProcessors (for example: not eligible for auto-proxying)
2023-11-15 16:17:37,728 INFO o.s.b.w.e.t.TomcatWebServer [main] Tomcat initialized with port(s): 8083 (http)
2023-11-15 16:17:38,232 INFO o.s.b.w.s.c.ServletWebServerApplicationContext [main] Root WebApplicationContext: initialization completed in 3861 ms
2023-11-15 16:17:38,702 WARN o.s.b.a.o.j.JpaBaseConfiguration$JpaWebConfiguration [main] spring.jpa.open-in-view is enabled by default. Therefore, database queries may be performed during view rendering. Explicitly configure spring.jpa.open-in-view to disable this warning
2023-11-15 16:17:49,823 INFO o.h.j.i.u.LogHelper [main] HHH000204: Processing PersistenceUnitInfo [name: default]
2023-11-15 16:17:49,942 INFO o.h.Version [main] HHH000412: Hibernate ORM core version 5.4.32.Final
2023-11-15 16:17:50,145 INFO o.h.a.c.r.j.JavaReflectionManager [main] HCANN000001: Hibernate Commons Annotations {5.1.2.Final}
2023-11-15 16:17:50,427 INFO o.h.d.Dialect [main] HHH000400: Using dialect: org.hibernate.dialect.SQLServer2012Dialect
2023-11-15 16:17:51,430 INFO o.h.e.t.j.p.i.JtaPlatformInitiator [main] HHH000490: Using JtaPlatform implementation: [org.hibernate.engine.transaction.jta.platform.internal.NoJtaPlatform]
2023-11-15 16:17:51,437 INFO o.s.o.j.AbstractEntityManagerFactoryBean [main] Initialized JPA EntityManagerFactory for persistence unit 'default'
2023-11-15 16:17:53,422 INFO o.s.s.w.DefaultSecurityFilterChain [main] Will secure Ant [pattern='/api-docs/**'] with []
2023-11-15 16:17:53,423 INFO o.s.s.w.DefaultSecurityFilterChain [main] Will secure Ant [pattern='/swagger-ui/**'] with []
2023-11-15 16:17:53,423 INFO o.s.s.w.DefaultSecurityFilterChain [main] Will secure Ant [pattern='/swagger-ui.html'] with []
2023-11-15 16:17:53,423 INFO o.s.s.w.DefaultSecurityFilterChain [main] Will secure Ant [pattern='/account-managers/login'] with []
2023-11-15 16:17:53,423 INFO o.s.s.w.DefaultSecurityFilterChain [main] Will secure Ant [pattern='/account-managers/login-facebook'] with []
2023-11-15 16:17:53,425 INFO o.s.s.w.DefaultSecurityFilterChain [main] Will secure Ant [pattern='/account-managers/login-google'] with []
2023-11-15 16:17:53,425 INFO o.s.s.w.DefaultSecurityFilterChain [main] Will secure Ant [pattern='/users/authorization'] with []
2023-11-15 16:17:53,426 INFO o.s.s.w.DefaultSecurityFilterChain [main] Will secure Ant [pattern='/users/login-facebook'] with []
2023-11-15 16:17:53,426 INFO o.s.s.w.DefaultSecurityFilterChain [main] Will secure Ant [pattern='/users/login-google'] with []
2023-11-15 16:17:53,426 INFO o.s.s.w.DefaultSecurityFilterChain [main] Will secure Ant [pattern='/users/login-apple'] with []
2023-11-15 16:17:53,427 INFO o.s.s.w.DefaultSecurityFilterChain [main] Will secure Ant [pattern='/users/change-password'] with []
2023-11-15 16:17:53,428 INFO o.s.s.w.DefaultSecurityFilterChain [main] Will secure Ant [pattern='/browser-setting'] with []
2023-11-15 16:17:53,428 INFO o.s.s.w.DefaultSecurityFilterChain [main] Will secure Ant [pattern='/get-file-types'] with []
2023-11-15 16:17:53,478 INFO o.s.s.w.DefaultSecurityFilterChain [main] Will secure any request with [org.springframework.security.web.context.request.async.WebAsyncManagerIntegrationFilter@46805e99, org.springframework.security.web.context.SecurityContextPersistenceFilter@2defc6c1, org.springframework.security.web.header.HeaderWriterFilter@2e79acec, org.springframework.security.web.authentication.logout.LogoutFilter@5710598e, com.timekeeping.management.filter.JwtAuthenticationFilter@408530d2, org.springframework.security.web.savedrequest.RequestCacheAwareFilter@60bd3a8b, org.springframework.security.web.servletapi.SecurityContextHolderAwareRequestFilter@5eab0592, org.springframework.security.web.authentication.AnonymousAuthenticationFilter@58decd96, org.springframework.security.web.session.SessionManagementFilter@27ddc4d3, org.springframework.security.web.access.ExceptionTranslationFilter@6d512521, org.springframework.security.web.access.intercept.FilterSecurityInterceptor@5d186b14]
2023-11-15 16:17:54,805 INFO o.s.b.a.e.w.EndpointLinksResolver [main] Exposing 1 endpoint(s) beneath base path '/actuator'
2023-11-15 16:17:54,847 INFO o.s.b.w.e.t.TomcatWebServer [main] Tomcat started on port(s): 8083 (http) with context path '/api/management'
2023-11-15 16:17:54,857 INFO o.s.b.StartupInfoLogger [main] Started TimekeepingManagementApplication in 20.969 seconds (JVM running for 21.874)
2023-11-15 16:17:55,065 INFO o.s.w.s.FrameworkServlet [RMI TCP Connection(3)-192.168.1.8] Initializing Servlet 'dispatcherServlet'
2023-11-15 16:17:55,067 INFO o.s.w.s.FrameworkServlet [RMI TCP Connection(3)-192.168.1.8] Completed initialization in 2 ms
2023-11-15 21:20:19,288 INFO o.s.o.j.AbstractEntityManagerFactoryBean [SpringApplicationShutdownHook] Closing JPA EntityManagerFactory for persistence unit 'default'
