2023-12-12 11:13:53,343 INFO o.h.v.i.u.Version [background-preinit] HV000001: Hibernate Validator 6.2.0.Final
2023-12-12 11:13:53,405 INFO o.s.b.StartupInfoLogger [main] Starting TimekeepingAuthApplication using Java 17.0.4 on PC-PHONG with PID 22808 (C:\Users\phong\Downloads\rikkeichamcong\TimekeepingAuth\timekeeping-auth\target\classes started by phong in C:\Users\phong\Downloads\rikkeichamcong\TimekeepingAuth\timekeeping-auth)
2023-12-12 11:13:53,411 INFO o.s.b.SpringApplication [main] No active profile set, falling back to default profiles: default
2023-12-12 11:13:54,194 INFO o.s.d.r.c.RepositoryConfigurationDelegate [main] Multiple Spring Data modules found, entering strict repository configuration mode!
2023-12-12 11:13:54,194 INFO o.s.d.r.c.RepositoryConfigurationDelegate [main] Bootstrapping Spring Data JPA repositories in DEFAULT mode.
2023-12-12 11:13:54,533 INFO o.s.d.r.c.RepositoryConfigurationDelegate [main] Finished Spring Data repository scanning in 328 ms. Found 7 JPA repository interfaces.
2023-12-12 11:13:54,817 INFO o.s.d.r.c.RepositoryConfigurationDelegate [main] Multiple Spring Data modules found, entering strict repository configuration mode!
2023-12-12 11:13:54,818 INFO o.s.d.r.c.RepositoryConfigurationDelegate [main] Bootstrapping Spring Data Redis repositories in DEFAULT mode.
2023-12-12 11:13:54,829 INFO o.s.d.r.c.RepositoryConfigurationDelegate [main] Finished Spring Data repository scanning in 3 ms. Found 0 Redis repository interfaces.
2023-12-12 11:13:55,183 INFO o.s.c.s.PostProcessorRegistrationDelegate$BeanPostProcessorChecker [main] Bean 'org.springframework.security.access.expression.method.DefaultMethodSecurityExpressionHandler@4b4814d0' of type [org.springframework.security.access.expression.method.DefaultMethodSecurityExpressionHandler] is not eligible for getting processed by all BeanPostProcessors (for example: not eligible for auto-proxying)
2023-12-12 11:13:55,194 INFO o.s.c.s.PostProcessorRegistrationDelegate$BeanPostProcessorChecker [main] Bean 'methodSecurityMetadataSource' of type [org.springframework.security.access.method.DelegatingMethodSecurityMetadataSource] is not eligible for getting processed by all BeanPostProcessors (for example: not eligible for auto-proxying)
2023-12-12 11:13:55,824 INFO o.s.b.w.e.t.TomcatWebServer [main] Tomcat initialized with port(s): 8082 (http)
2023-12-12 11:13:56,189 INFO o.s.b.w.s.c.ServletWebServerApplicationContext [main] Root WebApplicationContext: initialization completed in 2715 ms
2023-12-12 11:13:56,556 WARN o.s.b.a.o.j.JpaBaseConfiguration$JpaWebConfiguration [main] spring.jpa.open-in-view is enabled by default. Therefore, database queries may be performed during view rendering. Explicitly configure spring.jpa.open-in-view to disable this warning
2023-12-12 11:14:07,137 INFO o.h.j.i.u.LogHelper [main] HHH000204: Processing PersistenceUnitInfo [name: default]
2023-12-12 11:14:07,290 INFO o.h.Version [main] HHH000412: Hibernate ORM core version 5.4.32.Final
2023-12-12 11:14:07,606 INFO o.h.a.c.r.j.JavaReflectionManager [main] HCANN000001: Hibernate Commons Annotations {5.1.2.Final}
2023-12-12 11:14:07,985 INFO o.h.d.Dialect [main] HHH000400: Using dialect: org.hibernate.dialect.SQLServer2012Dialect
2023-12-12 11:14:09,531 INFO o.h.e.t.j.p.i.JtaPlatformInitiator [main] HHH000490: Using JtaPlatform implementation: [org.hibernate.engine.transaction.jta.platform.internal.NoJtaPlatform]
2023-12-12 11:14:09,551 INFO o.s.o.j.AbstractEntityManagerFactoryBean [main] Initialized JPA EntityManagerFactory for persistence unit 'default'
2023-12-12 11:14:13,078 INFO o.s.s.w.DefaultSecurityFilterChain [main] Will secure Ant [pattern='/api-docs/**'] with []
2023-12-12 11:14:13,079 INFO o.s.s.w.DefaultSecurityFilterChain [main] Will secure Ant [pattern='/swagger-ui/**'] with []
2023-12-12 11:14:13,079 INFO o.s.s.w.DefaultSecurityFilterChain [main] Will secure Ant [pattern='/swagger-ui.html'] with []
2023-12-12 11:14:13,079 INFO o.s.s.w.DefaultSecurityFilterChain [main] Will secure Ant [pattern='/account-managers/login'] with []
2023-12-12 11:14:13,079 INFO o.s.s.w.DefaultSecurityFilterChain [main] Will secure Ant [pattern='/account-managers/login-facebook'] with []
2023-12-12 11:14:13,080 INFO o.s.s.w.DefaultSecurityFilterChain [main] Will secure Ant [pattern='/account-managers/login-google'] with []
2023-12-12 11:14:13,080 INFO o.s.s.w.DefaultSecurityFilterChain [main] Will secure Ant [pattern='/users/authorization'] with []
2023-12-12 11:14:13,080 INFO o.s.s.w.DefaultSecurityFilterChain [main] Will secure Ant [pattern='/users/login-facebook'] with []
2023-12-12 11:14:13,080 INFO o.s.s.w.DefaultSecurityFilterChain [main] Will secure Ant [pattern='/users/login-google'] with []
2023-12-12 11:14:13,081 INFO o.s.s.w.DefaultSecurityFilterChain [main] Will secure Ant [pattern='/users/login-apple'] with []
2023-12-12 11:14:13,081 INFO o.s.s.w.DefaultSecurityFilterChain [main] Will secure Ant [pattern='/users/change-password'] with []
2023-12-12 11:14:13,081 INFO o.s.s.w.DefaultSecurityFilterChain [main] Will secure Ant [pattern='/browser-setting'] with []
2023-12-12 11:14:13,081 INFO o.s.s.w.DefaultSecurityFilterChain [main] Will secure Ant [pattern='/get-file-types'] with []
2023-12-12 11:14:13,082 INFO o.s.s.w.DefaultSecurityFilterChain [main] Will secure Ant [pattern='/forget/pass'] with []
2023-12-12 11:14:13,179 INFO o.s.s.w.DefaultSecurityFilterChain [main] Will secure any request with [org.springframework.security.web.context.request.async.WebAsyncManagerIntegrationFilter@7d4f7d5e, org.springframework.security.web.context.SecurityContextPersistenceFilter@7e762feb, org.springframework.security.web.header.HeaderWriterFilter@9c53820, org.springframework.security.web.authentication.logout.LogoutFilter@22265a2d, com.timekeeping.auth.filter.JwtAuthenticationFilter@67964236, org.springframework.security.web.savedrequest.RequestCacheAwareFilter@360c25f, org.springframework.security.web.servletapi.SecurityContextHolderAwareRequestFilter@67d8e3b0, org.springframework.security.web.authentication.AnonymousAuthenticationFilter@30f51f8a, org.springframework.security.web.session.SessionManagementFilter@790e6eae, org.springframework.security.web.access.ExceptionTranslationFilter@27d40ca5, org.springframework.security.web.access.intercept.FilterSecurityInterceptor@68e4b277]
2023-12-12 11:14:15,729 INFO o.s.b.a.e.w.EndpointLinksResolver [main] Exposing 1 endpoint(s) beneath base path '/actuator'
2023-12-12 11:14:15,852 INFO o.s.b.w.e.t.TomcatWebServer [main] Tomcat started on port(s): 8082 (http) with context path '/api/auth'
2023-12-12 11:14:15,883 INFO o.s.b.StartupInfoLogger [main] Started TimekeepingAuthApplication in 22.816 seconds (JVM running for 23.792)
2023-12-12 11:14:16,317 INFO o.s.w.s.FrameworkServlet [RMI TCP Connection(3)-192.168.1.8] Initializing Servlet 'dispatcherServlet'
2023-12-12 11:14:16,319 INFO o.s.w.s.FrameworkServlet [RMI TCP Connection(3)-192.168.1.8] Completed initialization in 2 ms
2023-12-12 11:25:11,462 INFO o.s.o.j.AbstractEntityManagerFactoryBean [SpringApplicationShutdownHook] Closing JPA EntityManagerFactory for persistence unit 'default'
2023-12-12 11:25:14,113 INFO o.h.v.i.u.Version [background-preinit] HV000001: Hibernate Validator 6.2.0.Final
2023-12-12 11:25:14,143 INFO o.s.b.StartupInfoLogger [main] Starting TimekeepingAuthApplication using Java 17.0.4 on PC-PHONG with PID 19876 (C:\Users\phong\Downloads\rikkeichamcong\TimekeepingAuth\timekeeping-auth\target\classes started by phong in C:\Users\phong\Downloads\rikkeichamcong\TimekeepingAuth\timekeeping-auth)
2023-12-12 11:25:14,149 INFO o.s.b.SpringApplication [main] No active profile set, falling back to default profiles: default
2023-12-12 11:25:14,679 INFO o.s.d.r.c.RepositoryConfigurationDelegate [main] Multiple Spring Data modules found, entering strict repository configuration mode!
2023-12-12 11:25:14,680 INFO o.s.d.r.c.RepositoryConfigurationDelegate [main] Bootstrapping Spring Data JPA repositories in DEFAULT mode.
2023-12-12 11:25:14,909 INFO o.s.d.r.c.RepositoryConfigurationDelegate [main] Finished Spring Data repository scanning in 224 ms. Found 7 JPA repository interfaces.
2023-12-12 11:25:15,166 INFO o.s.d.r.c.RepositoryConfigurationDelegate [main] Multiple Spring Data modules found, entering strict repository configuration mode!
2023-12-12 11:25:15,167 INFO o.s.d.r.c.RepositoryConfigurationDelegate [main] Bootstrapping Spring Data Redis repositories in DEFAULT mode.
2023-12-12 11:25:15,177 INFO o.s.d.r.c.RepositoryConfigurationDelegate [main] Finished Spring Data repository scanning in 3 ms. Found 0 Redis repository interfaces.
2023-12-12 11:25:15,426 INFO o.s.c.s.PostProcessorRegistrationDelegate$BeanPostProcessorChecker [main] Bean 'org.springframework.security.access.expression.method.DefaultMethodSecurityExpressionHandler@4b4814d0' of type [org.springframework.security.access.expression.method.DefaultMethodSecurityExpressionHandler] is not eligible for getting processed by all BeanPostProcessors (for example: not eligible for auto-proxying)
2023-12-12 11:25:15,428 INFO o.s.c.s.PostProcessorRegistrationDelegate$BeanPostProcessorChecker [main] Bean 'methodSecurityMetadataSource' of type [org.springframework.security.access.method.DelegatingMethodSecurityMetadataSource] is not eligible for getting processed by all BeanPostProcessors (for example: not eligible for auto-proxying)
2023-12-12 11:25:15,594 INFO o.s.b.w.e.t.TomcatWebServer [main] Tomcat initialized with port(s): 8082 (http)
2023-12-12 11:25:15,708 INFO o.s.b.w.s.c.ServletWebServerApplicationContext [main] Root WebApplicationContext: initialization completed in 1524 ms
2023-12-12 11:25:15,824 WARN o.s.b.a.o.j.JpaBaseConfiguration$JpaWebConfiguration [main] spring.jpa.open-in-view is enabled by default. Therefore, database queries may be performed during view rendering. Explicitly configure spring.jpa.open-in-view to disable this warning
2023-12-12 11:25:25,387 INFO o.h.j.i.u.LogHelper [main] HHH000204: Processing PersistenceUnitInfo [name: default]
2023-12-12 11:25:25,484 INFO o.h.Version [main] HHH000412: Hibernate ORM core version 5.4.32.Final
2023-12-12 11:25:25,744 INFO o.h.a.c.r.j.JavaReflectionManager [main] HCANN000001: Hibernate Commons Annotations {5.1.2.Final}
2023-12-12 11:25:26,060 INFO o.h.d.Dialect [main] HHH000400: Using dialect: org.hibernate.dialect.SQLServer2012Dialect
2023-12-12 11:25:27,304 INFO o.h.e.t.j.p.i.JtaPlatformInitiator [main] HHH000490: Using JtaPlatform implementation: [org.hibernate.engine.transaction.jta.platform.internal.NoJtaPlatform]
2023-12-12 11:25:27,321 INFO o.s.o.j.AbstractEntityManagerFactoryBean [main] Initialized JPA EntityManagerFactory for persistence unit 'default'
2023-12-12 11:25:30,604 INFO o.s.s.w.DefaultSecurityFilterChain [main] Will secure Ant [pattern='/api-docs/**'] with []
2023-12-12 11:25:30,605 INFO o.s.s.w.DefaultSecurityFilterChain [main] Will secure Ant [pattern='/swagger-ui/**'] with []
2023-12-12 11:25:30,605 INFO o.s.s.w.DefaultSecurityFilterChain [main] Will secure Ant [pattern='/swagger-ui.html'] with []
2023-12-12 11:25:30,606 INFO o.s.s.w.DefaultSecurityFilterChain [main] Will secure Ant [pattern='/account-managers/login'] with []
2023-12-12 11:25:30,606 INFO o.s.s.w.DefaultSecurityFilterChain [main] Will secure Ant [pattern='/account-managers/login-facebook'] with []
2023-12-12 11:25:30,606 INFO o.s.s.w.DefaultSecurityFilterChain [main] Will secure Ant [pattern='/account-managers/login-google'] with []
2023-12-12 11:25:30,606 INFO o.s.s.w.DefaultSecurityFilterChain [main] Will secure Ant [pattern='/users/authorization'] with []
2023-12-12 11:25:30,607 INFO o.s.s.w.DefaultSecurityFilterChain [main] Will secure Ant [pattern='/users/login-facebook'] with []
2023-12-12 11:25:30,607 INFO o.s.s.w.DefaultSecurityFilterChain [main] Will secure Ant [pattern='/users/login-google'] with []
2023-12-12 11:25:30,607 INFO o.s.s.w.DefaultSecurityFilterChain [main] Will secure Ant [pattern='/users/login-apple'] with []
2023-12-12 11:25:30,608 INFO o.s.s.w.DefaultSecurityFilterChain [main] Will secure Ant [pattern='/users/change-password'] with []
2023-12-12 11:25:30,608 INFO o.s.s.w.DefaultSecurityFilterChain [main] Will secure Ant [pattern='/browser-setting'] with []
2023-12-12 11:25:30,608 INFO o.s.s.w.DefaultSecurityFilterChain [main] Will secure Ant [pattern='/get-file-types'] with []
2023-12-12 11:25:30,609 INFO o.s.s.w.DefaultSecurityFilterChain [main] Will secure Ant [pattern='/forget/pass'] with []
2023-12-12 11:25:30,698 INFO o.s.s.w.DefaultSecurityFilterChain [main] Will secure any request with [org.springframework.security.web.context.request.async.WebAsyncManagerIntegrationFilter@5575b4c2, org.springframework.security.web.context.SecurityContextPersistenceFilter@69e4e90b, org.springframework.security.web.header.HeaderWriterFilter@57927f4f, org.springframework.security.web.authentication.logout.LogoutFilter@734df10b, com.timekeeping.auth.filter.JwtAuthenticationFilter@bbc199a, org.springframework.security.web.savedrequest.RequestCacheAwareFilter@7231547f, org.springframework.security.web.servletapi.SecurityContextHolderAwareRequestFilter@6f334ec2, org.springframework.security.web.authentication.AnonymousAuthenticationFilter@4c89b58, org.springframework.security.web.session.SessionManagementFilter@21a1790d, org.springframework.security.web.access.ExceptionTranslationFilter@4f162df8, org.springframework.security.web.access.intercept.FilterSecurityInterceptor@6c67a17d]
2023-12-12 11:25:33,069 INFO o.s.b.a.e.w.EndpointLinksResolver [main] Exposing 1 endpoint(s) beneath base path '/actuator'
2023-12-12 11:25:33,198 INFO o.s.b.w.e.t.TomcatWebServer [main] Tomcat started on port(s): 8082 (http) with context path '/api/auth'
2023-12-12 11:25:33,231 INFO o.s.b.StartupInfoLogger [main] Started TimekeepingAuthApplication in 19.353 seconds (JVM running for 20.115)
2023-12-12 11:25:33,773 INFO o.s.w.s.FrameworkServlet [RMI TCP Connection(3)-192.168.1.8] Initializing Servlet 'dispatcherServlet'
2023-12-12 11:25:33,774 INFO o.s.w.s.FrameworkServlet [RMI TCP Connection(3)-192.168.1.8] Completed initialization in 1 ms
2023-12-12 11:31:43,307 INFO o.s.o.j.AbstractEntityManagerFactoryBean [SpringApplicationShutdownHook] Closing JPA EntityManagerFactory for persistence unit 'default'
2023-12-12 11:33:32,950 INFO o.h.v.i.u.Version [background-preinit] HV000001: Hibernate Validator 6.2.0.Final
2023-12-12 11:33:32,979 INFO o.s.b.StartupInfoLogger [main] Starting TimekeepingAuthApplication using Java 17.0.4 on PC-PHONG with PID 25092 (C:\Users\phong\Downloads\rikkeichamcong\TimekeepingAuth\timekeeping-auth\target\classes started by phong in C:\Users\phong\Downloads\rikkeichamcong\TimekeepingAuth\timekeeping-auth)
2023-12-12 11:33:32,983 INFO o.s.b.SpringApplication [main] No active profile set, falling back to default profiles: default
2023-12-12 11:33:33,497 INFO o.s.d.r.c.RepositoryConfigurationDelegate [main] Multiple Spring Data modules found, entering strict repository configuration mode!
2023-12-12 11:33:33,498 INFO o.s.d.r.c.RepositoryConfigurationDelegate [main] Bootstrapping Spring Data JPA repositories in DEFAULT mode.
2023-12-12 11:33:33,722 INFO o.s.d.r.c.RepositoryConfigurationDelegate [main] Finished Spring Data repository scanning in 218 ms. Found 7 JPA repository interfaces.
2023-12-12 11:33:33,973 INFO o.s.d.r.c.RepositoryConfigurationDelegate [main] Multiple Spring Data modules found, entering strict repository configuration mode!
2023-12-12 11:33:33,974 INFO o.s.d.r.c.RepositoryConfigurationDelegate [main] Bootstrapping Spring Data Redis repositories in DEFAULT mode.
2023-12-12 11:33:33,984 INFO o.s.d.r.c.RepositoryConfigurationDelegate [main] Finished Spring Data repository scanning in 3 ms. Found 0 Redis repository interfaces.
2023-12-12 11:33:34,266 INFO o.s.c.s.PostProcessorRegistrationDelegate$BeanPostProcessorChecker [main] Bean 'org.springframework.security.access.expression.method.DefaultMethodSecurityExpressionHandler@514377fc' of type [org.springframework.security.access.expression.method.DefaultMethodSecurityExpressionHandler] is not eligible for getting processed by all BeanPostProcessors (for example: not eligible for auto-proxying)
2023-12-12 11:33:34,271 INFO o.s.c.s.PostProcessorRegistrationDelegate$BeanPostProcessorChecker [main] Bean 'methodSecurityMetadataSource' of type [org.springframework.security.access.method.DelegatingMethodSecurityMetadataSource] is not eligible for getting processed by all BeanPostProcessors (for example: not eligible for auto-proxying)
2023-12-12 11:33:34,494 INFO o.s.b.w.e.t.TomcatWebServer [main] Tomcat initialized with port(s): 8082 (http)
2023-12-12 11:33:34,594 INFO o.s.b.w.s.c.ServletWebServerApplicationContext [main] Root WebApplicationContext: initialization completed in 1583 ms
2023-12-12 11:33:34,708 WARN o.s.b.a.o.j.JpaBaseConfiguration$JpaWebConfiguration [main] spring.jpa.open-in-view is enabled by default. Therefore, database queries may be performed during view rendering. Explicitly configure spring.jpa.open-in-view to disable this warning
2023-12-12 11:33:44,396 INFO o.h.j.i.u.LogHelper [main] HHH000204: Processing PersistenceUnitInfo [name: default]
2023-12-12 11:33:44,513 INFO o.h.Version [main] HHH000412: Hibernate ORM core version 5.4.32.Final
2023-12-12 11:33:44,757 INFO o.h.a.c.r.j.JavaReflectionManager [main] HCANN000001: Hibernate Commons Annotations {5.1.2.Final}
2023-12-12 11:33:45,067 INFO o.h.d.Dialect [main] HHH000400: Using dialect: org.hibernate.dialect.SQLServer2012Dialect
2023-12-12 11:33:46,385 INFO o.h.e.t.j.p.i.JtaPlatformInitiator [main] HHH000490: Using JtaPlatform implementation: [org.hibernate.engine.transaction.jta.platform.internal.NoJtaPlatform]
2023-12-12 11:33:46,404 INFO o.s.o.j.AbstractEntityManagerFactoryBean [main] Initialized JPA EntityManagerFactory for persistence unit 'default'
2023-12-12 11:33:49,611 INFO o.s.s.w.DefaultSecurityFilterChain [main] Will secure Ant [pattern='/api-docs/**'] with []
2023-12-12 11:33:49,612 INFO o.s.s.w.DefaultSecurityFilterChain [main] Will secure Ant [pattern='/swagger-ui/**'] with []
2023-12-12 11:33:49,612 INFO o.s.s.w.DefaultSecurityFilterChain [main] Will secure Ant [pattern='/swagger-ui.html'] with []
2023-12-12 11:33:49,612 INFO o.s.s.w.DefaultSecurityFilterChain [main] Will secure Ant [pattern='/account-managers/login'] with []
2023-12-12 11:33:49,613 INFO o.s.s.w.DefaultSecurityFilterChain [main] Will secure Ant [pattern='/account-managers/login-facebook'] with []
2023-12-12 11:33:49,613 INFO o.s.s.w.DefaultSecurityFilterChain [main] Will secure Ant [pattern='/account-managers/login-google'] with []
2023-12-12 11:33:49,613 INFO o.s.s.w.DefaultSecurityFilterChain [main] Will secure Ant [pattern='/users/authorization'] with []
2023-12-12 11:33:49,613 INFO o.s.s.w.DefaultSecurityFilterChain [main] Will secure Ant [pattern='/users/login-facebook'] with []
2023-12-12 11:33:49,614 INFO o.s.s.w.DefaultSecurityFilterChain [main] Will secure Ant [pattern='/users/login-google'] with []
2023-12-12 11:33:49,614 INFO o.s.s.w.DefaultSecurityFilterChain [main] Will secure Ant [pattern='/users/login-apple'] with []
2023-12-12 11:33:49,614 INFO o.s.s.w.DefaultSecurityFilterChain [main] Will secure Ant [pattern='/users/change-password'] with []
2023-12-12 11:33:49,614 INFO o.s.s.w.DefaultSecurityFilterChain [main] Will secure Ant [pattern='/browser-setting'] with []
2023-12-12 11:33:49,615 INFO o.s.s.w.DefaultSecurityFilterChain [main] Will secure Ant [pattern='/get-file-types'] with []
2023-12-12 11:33:49,615 INFO o.s.s.w.DefaultSecurityFilterChain [main] Will secure Ant [pattern='/forget/pass'] with []
2023-12-12 11:33:49,698 INFO o.s.s.w.DefaultSecurityFilterChain [main] Will secure any request with [org.springframework.security.web.context.request.async.WebAsyncManagerIntegrationFilter@53534c15, org.springframework.security.web.context.SecurityContextPersistenceFilter@78171169, org.springframework.security.web.header.HeaderWriterFilter@61b4a433, org.springframework.security.web.authentication.logout.LogoutFilter@6cd79426, com.timekeeping.auth.filter.JwtAuthenticationFilter@3a907c78, org.springframework.security.web.savedrequest.RequestCacheAwareFilter@3c1ca89c, org.springframework.security.web.servletapi.SecurityContextHolderAwareRequestFilter@790e6eae, org.springframework.security.web.authentication.AnonymousAuthenticationFilter@308034aa, org.springframework.security.web.session.SessionManagementFilter@9c53820, org.springframework.security.web.access.ExceptionTranslationFilter@620992a8, org.springframework.security.web.access.intercept.FilterSecurityInterceptor@44e4fa97]
2023-12-12 11:33:51,926 INFO o.s.b.a.e.w.EndpointLinksResolver [main] Exposing 1 endpoint(s) beneath base path '/actuator'
2023-12-12 11:33:52,040 INFO o.s.b.w.e.t.TomcatWebServer [main] Tomcat started on port(s): 8082 (http) with context path '/api/auth'
2023-12-12 11:33:52,070 INFO o.s.b.StartupInfoLogger [main] Started TimekeepingAuthApplication in 19.362 seconds (JVM running for 20.071)
2023-12-12 11:33:52,461 INFO o.s.w.s.FrameworkServlet [RMI TCP Connection(3)-192.168.1.8] Initializing Servlet 'dispatcherServlet'
2023-12-12 11:33:52,462 INFO o.s.w.s.FrameworkServlet [RMI TCP Connection(3)-192.168.1.8] Completed initialization in 1 ms
2023-12-12 11:42:31,314 INFO o.s.o.j.AbstractEntityManagerFactoryBean [SpringApplicationShutdownHook] Closing JPA EntityManagerFactory for persistence unit 'default'
