2023-12-12 11:14:35,378 INFO o.h.v.i.u.Version [background-preinit] HV000001: Hibernate Validator 6.2.0.Final
2023-12-12 11:14:35,406 INFO o.s.b.StartupInfoLogger [main] Starting TimekeepingManagementApplication using Java 17.0.4 on PC-PHONG with PID 22216 (C:\Users\phong\Downloads\rikkeichamcong\TimekeepingManagement\timekeeping-management\target\classes started by phong in C:\Users\phong\Downloads\rikkeichamcong\TimekeepingAuth\timekeeping-auth)
2023-12-12 11:14:35,413 INFO o.s.b.SpringApplication [main] No active profile set, falling back to default profiles: default
2023-12-12 11:14:36,003 INFO o.s.d.r.c.RepositoryConfigurationDelegate [main] Multiple Spring Data modules found, entering strict repository configuration mode!
2023-12-12 11:14:36,003 INFO o.s.d.r.c.RepositoryConfigurationDelegate [main] Bootstrapping Spring Data JPA repositories in DEFAULT mode.
2023-12-12 11:14:36,233 INFO o.s.d.r.c.RepositoryConfigurationDelegate [main] Finished Spring Data repository scanning in 223 ms. Found 7 JPA repository interfaces.
2023-12-12 11:14:36,502 INFO o.s.d.r.c.RepositoryConfigurationDelegate [main] Multiple Spring Data modules found, entering strict repository configuration mode!
2023-12-12 11:14:36,502 INFO o.s.d.r.c.RepositoryConfigurationDelegate [main] Bootstrapping Spring Data Redis repositories in DEFAULT mode.
2023-12-12 11:14:36,516 INFO o.s.d.r.c.RepositoryConfigurationDelegate [main] Finished Spring Data repository scanning in 7 ms. Found 0 Redis repository interfaces.
2023-12-12 11:14:36,844 INFO o.s.c.s.PostProcessorRegistrationDelegate$BeanPostProcessorChecker [main] Bean 'org.springframework.security.access.expression.method.DefaultMethodSecurityExpressionHandler@6f96dd64' of type [org.springframework.security.access.expression.method.DefaultMethodSecurityExpressionHandler] is not eligible for getting processed by all BeanPostProcessors (for example: not eligible for auto-proxying)
2023-12-12 11:14:36,848 INFO o.s.c.s.PostProcessorRegistrationDelegate$BeanPostProcessorChecker [main] Bean 'methodSecurityMetadataSource' of type [org.springframework.security.access.method.DelegatingMethodSecurityMetadataSource] is not eligible for getting processed by all BeanPostProcessors (for example: not eligible for auto-proxying)
2023-12-12 11:14:37,007 INFO o.s.b.w.e.t.TomcatWebServer [main] Tomcat initialized with port(s): 8083 (http)
2023-12-12 11:14:37,124 INFO o.s.b.w.s.c.ServletWebServerApplicationContext [main] Root WebApplicationContext: initialization completed in 1663 ms
2023-12-12 11:14:37,241 WARN o.s.b.a.o.j.JpaBaseConfiguration$JpaWebConfiguration [main] spring.jpa.open-in-view is enabled by default. Therefore, database queries may be performed during view rendering. Explicitly configure spring.jpa.open-in-view to disable this warning
2023-12-12 11:14:47,084 INFO o.h.j.i.u.LogHelper [main] HHH000204: Processing PersistenceUnitInfo [name: default]
2023-12-12 11:14:47,209 INFO o.h.Version [main] HHH000412: Hibernate ORM core version 5.4.32.Final
2023-12-12 11:14:47,451 INFO o.h.a.c.r.j.JavaReflectionManager [main] HCANN000001: Hibernate Commons Annotations {5.1.2.Final}
2023-12-12 11:14:47,786 INFO o.h.d.Dialect [main] HHH000400: Using dialect: org.hibernate.dialect.SQLServer2012Dialect
2023-12-12 11:14:49,045 INFO o.h.e.t.j.p.i.JtaPlatformInitiator [main] HHH000490: Using JtaPlatform implementation: [org.hibernate.engine.transaction.jta.platform.internal.NoJtaPlatform]
2023-12-12 11:14:49,065 INFO o.s.o.j.AbstractEntityManagerFactoryBean [main] Initialized JPA EntityManagerFactory for persistence unit 'default'
2023-12-12 11:14:53,286 INFO o.s.s.w.DefaultSecurityFilterChain [main] Will secure Ant [pattern='/api-docs/**'] with []
2023-12-12 11:14:53,287 INFO o.s.s.w.DefaultSecurityFilterChain [main] Will secure Ant [pattern='/swagger-ui/**'] with []
2023-12-12 11:14:53,287 INFO o.s.s.w.DefaultSecurityFilterChain [main] Will secure Ant [pattern='/swagger-ui.html'] with []
2023-12-12 11:14:53,287 INFO o.s.s.w.DefaultSecurityFilterChain [main] Will secure Ant [pattern='/account-managers/login'] with []
2023-12-12 11:14:53,288 INFO o.s.s.w.DefaultSecurityFilterChain [main] Will secure Ant [pattern='/account-managers/login-facebook'] with []
2023-12-12 11:14:53,288 INFO o.s.s.w.DefaultSecurityFilterChain [main] Will secure Ant [pattern='/account-managers/login-google'] with []
2023-12-12 11:14:53,288 INFO o.s.s.w.DefaultSecurityFilterChain [main] Will secure Ant [pattern='/users/authorization'] with []
2023-12-12 11:14:53,289 INFO o.s.s.w.DefaultSecurityFilterChain [main] Will secure Ant [pattern='/users/login-facebook'] with []
2023-12-12 11:14:53,289 INFO o.s.s.w.DefaultSecurityFilterChain [main] Will secure Ant [pattern='/users/login-google'] with []
2023-12-12 11:14:53,289 INFO o.s.s.w.DefaultSecurityFilterChain [main] Will secure Ant [pattern='/users/login-apple'] with []
2023-12-12 11:14:53,290 INFO o.s.s.w.DefaultSecurityFilterChain [main] Will secure Ant [pattern='/users/change-password'] with []
2023-12-12 11:14:53,290 INFO o.s.s.w.DefaultSecurityFilterChain [main] Will secure Ant [pattern='/browser-setting'] with []
2023-12-12 11:14:53,290 INFO o.s.s.w.DefaultSecurityFilterChain [main] Will secure Ant [pattern='/get-file-types'] with []
2023-12-12 11:14:53,291 INFO o.s.s.w.DefaultSecurityFilterChain [main] Will secure Ant [pattern='/forget/pass'] with []
2023-12-12 11:14:53,377 INFO o.s.s.w.DefaultSecurityFilterChain [main] Will secure any request with [org.springframework.security.web.context.request.async.WebAsyncManagerIntegrationFilter@7acc95a2, org.springframework.security.web.context.SecurityContextPersistenceFilter@1f32fb77, org.springframework.security.web.header.HeaderWriterFilter@3fa43b05, org.springframework.security.web.authentication.logout.LogoutFilter@5008c5a, com.timekeeping.management.filter.JwtAuthenticationFilter@3543c9a4, org.springframework.security.web.savedrequest.RequestCacheAwareFilter@32f53573, org.springframework.security.web.servletapi.SecurityContextHolderAwareRequestFilter@47690183, org.springframework.security.web.authentication.AnonymousAuthenticationFilter@3228b5a1, org.springframework.security.web.session.SessionManagementFilter@686ae6b3, org.springframework.security.web.access.ExceptionTranslationFilter@6392107e, org.springframework.security.web.access.intercept.FilterSecurityInterceptor@7af65b49]
2023-12-12 11:14:55,953 INFO o.s.b.a.e.w.EndpointLinksResolver [main] Exposing 1 endpoint(s) beneath base path '/actuator'
2023-12-12 11:14:56,098 INFO o.s.b.w.e.t.TomcatWebServer [main] Tomcat started on port(s): 8083 (http) with context path '/api/management'
2023-12-12 11:14:56,132 INFO o.s.b.StartupInfoLogger [main] Started TimekeepingManagementApplication in 21.013 seconds (JVM running for 21.756)
2023-12-12 11:14:56,339 INFO o.s.w.s.FrameworkServlet [RMI TCP Connection(1)-192.168.1.8] Initializing Servlet 'dispatcherServlet'
2023-12-12 11:14:56,341 INFO o.s.w.s.FrameworkServlet [RMI TCP Connection(1)-192.168.1.8] Completed initialization in 2 ms
2023-12-12 11:24:21,849 INFO o.s.o.j.AbstractEntityManagerFactoryBean [SpringApplicationShutdownHook] Closing JPA EntityManagerFactory for persistence unit 'default'
2023-12-12 11:24:34,926 INFO o.h.v.i.u.Version [background-preinit] HV000001: Hibernate Validator 6.2.0.Final
2023-12-12 11:24:34,952 INFO o.s.b.StartupInfoLogger [main] Starting TimekeepingManagementApplication using Java 17.0.4 on PC-PHONG with PID 24512 (C:\Users\phong\Downloads\rikkeichamcong\TimekeepingManagement\timekeeping-management\target\classes started by phong in C:\Users\phong\Downloads\rikkeichamcong\TimekeepingAuth\timekeeping-auth)
2023-12-12 11:24:34,958 INFO o.s.b.SpringApplication [main] No active profile set, falling back to default profiles: default
2023-12-12 11:24:35,526 INFO o.s.d.r.c.RepositoryConfigurationDelegate [main] Multiple Spring Data modules found, entering strict repository configuration mode!
2023-12-12 11:24:35,526 INFO o.s.d.r.c.RepositoryConfigurationDelegate [main] Bootstrapping Spring Data JPA repositories in DEFAULT mode.
2023-12-12 11:24:35,764 INFO o.s.d.r.c.RepositoryConfigurationDelegate [main] Finished Spring Data repository scanning in 230 ms. Found 7 JPA repository interfaces.
2023-12-12 11:24:36,025 INFO o.s.d.r.c.RepositoryConfigurationDelegate [main] Multiple Spring Data modules found, entering strict repository configuration mode!
2023-12-12 11:24:36,026 INFO o.s.d.r.c.RepositoryConfigurationDelegate [main] Bootstrapping Spring Data Redis repositories in DEFAULT mode.
2023-12-12 11:24:36,038 INFO o.s.d.r.c.RepositoryConfigurationDelegate [main] Finished Spring Data repository scanning in 6 ms. Found 0 Redis repository interfaces.
2023-12-12 11:24:36,286 INFO o.s.c.s.PostProcessorRegistrationDelegate$BeanPostProcessorChecker [main] Bean 'org.springframework.security.access.expression.method.DefaultMethodSecurityExpressionHandler@426c0486' of type [org.springframework.security.access.expression.method.DefaultMethodSecurityExpressionHandler] is not eligible for getting processed by all BeanPostProcessors (for example: not eligible for auto-proxying)
2023-12-12 11:24:36,289 INFO o.s.c.s.PostProcessorRegistrationDelegate$BeanPostProcessorChecker [main] Bean 'methodSecurityMetadataSource' of type [org.springframework.security.access.method.DelegatingMethodSecurityMetadataSource] is not eligible for getting processed by all BeanPostProcessors (for example: not eligible for auto-proxying)
2023-12-12 11:24:36,447 INFO o.s.b.w.e.t.TomcatWebServer [main] Tomcat initialized with port(s): 8083 (http)
2023-12-12 11:24:36,552 INFO o.s.b.w.s.c.ServletWebServerApplicationContext [main] Root WebApplicationContext: initialization completed in 1560 ms
2023-12-12 11:24:36,670 WARN o.s.b.a.o.j.JpaBaseConfiguration$JpaWebConfiguration [main] spring.jpa.open-in-view is enabled by default. Therefore, database queries may be performed during view rendering. Explicitly configure spring.jpa.open-in-view to disable this warning
2023-12-12 11:24:47,531 INFO o.h.j.i.u.LogHelper [main] HHH000204: Processing PersistenceUnitInfo [name: default]
2023-12-12 11:24:47,656 INFO o.h.Version [main] HHH000412: Hibernate ORM core version 5.4.32.Final
2023-12-12 11:24:47,906 INFO o.h.a.c.r.j.JavaReflectionManager [main] HCANN000001: Hibernate Commons Annotations {5.1.2.Final}
2023-12-12 11:24:48,233 INFO o.h.d.Dialect [main] HHH000400: Using dialect: org.hibernate.dialect.SQLServer2012Dialect
2023-12-12 11:24:49,599 INFO o.h.e.t.j.p.i.JtaPlatformInitiator [main] HHH000490: Using JtaPlatform implementation: [org.hibernate.engine.transaction.jta.platform.internal.NoJtaPlatform]
2023-12-12 11:24:49,618 INFO o.s.o.j.AbstractEntityManagerFactoryBean [main] Initialized JPA EntityManagerFactory for persistence unit 'default'
2023-12-12 11:24:53,749 INFO o.s.s.w.DefaultSecurityFilterChain [main] Will secure Ant [pattern='/api-docs/**'] with []
2023-12-12 11:24:53,749 INFO o.s.s.w.DefaultSecurityFilterChain [main] Will secure Ant [pattern='/swagger-ui/**'] with []
2023-12-12 11:24:53,749 INFO o.s.s.w.DefaultSecurityFilterChain [main] Will secure Ant [pattern='/swagger-ui.html'] with []
2023-12-12 11:24:53,749 INFO o.s.s.w.DefaultSecurityFilterChain [main] Will secure Ant [pattern='/account-managers/login'] with []
2023-12-12 11:24:53,749 INFO o.s.s.w.DefaultSecurityFilterChain [main] Will secure Ant [pattern='/account-managers/login-facebook'] with []
2023-12-12 11:24:53,751 INFO o.s.s.w.DefaultSecurityFilterChain [main] Will secure Ant [pattern='/account-managers/login-google'] with []
2023-12-12 11:24:53,751 INFO o.s.s.w.DefaultSecurityFilterChain [main] Will secure Ant [pattern='/users/authorization'] with []
2023-12-12 11:24:53,751 INFO o.s.s.w.DefaultSecurityFilterChain [main] Will secure Ant [pattern='/users/login-facebook'] with []
2023-12-12 11:24:53,751 INFO o.s.s.w.DefaultSecurityFilterChain [main] Will secure Ant [pattern='/users/login-google'] with []
2023-12-12 11:24:53,751 INFO o.s.s.w.DefaultSecurityFilterChain [main] Will secure Ant [pattern='/users/login-apple'] with []
2023-12-12 11:24:53,751 INFO o.s.s.w.DefaultSecurityFilterChain [main] Will secure Ant [pattern='/users/change-password'] with []
2023-12-12 11:24:53,751 INFO o.s.s.w.DefaultSecurityFilterChain [main] Will secure Ant [pattern='/browser-setting'] with []
2023-12-12 11:24:53,752 INFO o.s.s.w.DefaultSecurityFilterChain [main] Will secure Ant [pattern='/get-file-types'] with []
2023-12-12 11:24:53,752 INFO o.s.s.w.DefaultSecurityFilterChain [main] Will secure Ant [pattern='/forget/pass'] with []
2023-12-12 11:24:53,837 INFO o.s.s.w.DefaultSecurityFilterChain [main] Will secure any request with [org.springframework.security.web.context.request.async.WebAsyncManagerIntegrationFilter@38657ca8, org.springframework.security.web.context.SecurityContextPersistenceFilter@559c3710, org.springframework.security.web.header.HeaderWriterFilter@2a670af9, org.springframework.security.web.authentication.logout.LogoutFilter@1ad27a73, com.timekeeping.management.filter.JwtAuthenticationFilter@5b9ee280, org.springframework.security.web.savedrequest.RequestCacheAwareFilter@58fb9020, org.springframework.security.web.servletapi.SecurityContextHolderAwareRequestFilter@72c9576a, org.springframework.security.web.authentication.AnonymousAuthenticationFilter@500039b3, org.springframework.security.web.session.SessionManagementFilter@6b3eb57, org.springframework.security.web.access.ExceptionTranslationFilter@4d089ef7, org.springframework.security.web.access.intercept.FilterSecurityInterceptor@50f71f48]
2023-12-12 11:24:56,368 INFO o.s.b.a.e.w.EndpointLinksResolver [main] Exposing 1 endpoint(s) beneath base path '/actuator'
2023-12-12 11:24:56,499 INFO o.s.b.w.e.t.TomcatWebServer [main] Tomcat started on port(s): 8083 (http) with context path '/api/management'
2023-12-12 11:24:56,533 INFO o.s.b.StartupInfoLogger [main] Started TimekeepingManagementApplication in 21.847 seconds (JVM running for 22.542)
2023-12-12 11:24:56,961 INFO o.s.w.s.FrameworkServlet [RMI TCP Connection(1)-192.168.1.8] Initializing Servlet 'dispatcherServlet'
2023-12-12 11:24:56,962 INFO o.s.w.s.FrameworkServlet [RMI TCP Connection(1)-192.168.1.8] Completed initialization in 1 ms
2023-12-12 11:31:43,242 INFO o.s.o.j.AbstractEntityManagerFactoryBean [SpringApplicationShutdownHook] Closing JPA EntityManagerFactory for persistence unit 'default'
2023-12-12 11:34:10,110 INFO o.h.v.i.u.Version [background-preinit] HV000001: Hibernate Validator 6.2.0.Final
2023-12-12 11:34:10,137 INFO o.s.b.StartupInfoLogger [main] Starting TimekeepingManagementApplication using Java 17.0.4 on PC-PHONG with PID 22524 (C:\Users\phong\Downloads\rikkeichamcong\TimekeepingManagement\timekeeping-management\target\classes started by phong in C:\Users\phong\Downloads\rikkeichamcong\TimekeepingAuth\timekeeping-auth)
2023-12-12 11:34:10,143 INFO o.s.b.SpringApplication [main] No active profile set, falling back to default profiles: default
2023-12-12 11:34:10,693 INFO o.s.d.r.c.RepositoryConfigurationDelegate [main] Multiple Spring Data modules found, entering strict repository configuration mode!
2023-12-12 11:34:10,693 INFO o.s.d.r.c.RepositoryConfigurationDelegate [main] Bootstrapping Spring Data JPA repositories in DEFAULT mode.
2023-12-12 11:34:10,928 INFO o.s.d.r.c.RepositoryConfigurationDelegate [main] Finished Spring Data repository scanning in 227 ms. Found 7 JPA repository interfaces.
2023-12-12 11:34:11,187 INFO o.s.d.r.c.RepositoryConfigurationDelegate [main] Multiple Spring Data modules found, entering strict repository configuration mode!
2023-12-12 11:34:11,188 INFO o.s.d.r.c.RepositoryConfigurationDelegate [main] Bootstrapping Spring Data Redis repositories in DEFAULT mode.
2023-12-12 11:34:11,200 INFO o.s.d.r.c.RepositoryConfigurationDelegate [main] Finished Spring Data repository scanning in 6 ms. Found 0 Redis repository interfaces.
2023-12-12 11:34:11,443 INFO o.s.c.s.PostProcessorRegistrationDelegate$BeanPostProcessorChecker [main] Bean 'org.springframework.security.access.expression.method.DefaultMethodSecurityExpressionHandler@6f96dd64' of type [org.springframework.security.access.expression.method.DefaultMethodSecurityExpressionHandler] is not eligible for getting processed by all BeanPostProcessors (for example: not eligible for auto-proxying)
2023-12-12 11:34:11,446 INFO o.s.c.s.PostProcessorRegistrationDelegate$BeanPostProcessorChecker [main] Bean 'methodSecurityMetadataSource' of type [org.springframework.security.access.method.DelegatingMethodSecurityMetadataSource] is not eligible for getting processed by all BeanPostProcessors (for example: not eligible for auto-proxying)
2023-12-12 11:34:11,621 INFO o.s.b.w.e.t.TomcatWebServer [main] Tomcat initialized with port(s): 8083 (http)
2023-12-12 11:34:11,727 INFO o.s.b.w.s.c.ServletWebServerApplicationContext [main] Root WebApplicationContext: initialization completed in 1555 ms
2023-12-12 11:34:11,849 WARN o.s.b.a.o.j.JpaBaseConfiguration$JpaWebConfiguration [main] spring.jpa.open-in-view is enabled by default. Therefore, database queries may be performed during view rendering. Explicitly configure spring.jpa.open-in-view to disable this warning
2023-12-12 11:34:21,213 INFO o.h.j.i.u.LogHelper [main] HHH000204: Processing PersistenceUnitInfo [name: default]
2023-12-12 11:34:21,318 INFO o.h.Version [main] HHH000412: Hibernate ORM core version 5.4.32.Final
2023-12-12 11:34:21,570 INFO o.h.a.c.r.j.JavaReflectionManager [main] HCANN000001: Hibernate Commons Annotations {5.1.2.Final}
2023-12-12 11:34:21,824 INFO o.h.d.Dialect [main] HHH000400: Using dialect: org.hibernate.dialect.SQLServer2012Dialect
2023-12-12 11:34:23,110 INFO o.h.e.t.j.p.i.JtaPlatformInitiator [main] HHH000490: Using JtaPlatform implementation: [org.hibernate.engine.transaction.jta.platform.internal.NoJtaPlatform]
2023-12-12 11:34:23,129 INFO o.s.o.j.AbstractEntityManagerFactoryBean [main] Initialized JPA EntityManagerFactory for persistence unit 'default'
2023-12-12 11:34:27,292 INFO o.s.s.w.DefaultSecurityFilterChain [main] Will secure Ant [pattern='/api-docs/**'] with []
2023-12-12 11:34:27,292 INFO o.s.s.w.DefaultSecurityFilterChain [main] Will secure Ant [pattern='/swagger-ui/**'] with []
2023-12-12 11:34:27,293 INFO o.s.s.w.DefaultSecurityFilterChain [main] Will secure Ant [pattern='/swagger-ui.html'] with []
2023-12-12 11:34:27,293 INFO o.s.s.w.DefaultSecurityFilterChain [main] Will secure Ant [pattern='/account-managers/login'] with []
2023-12-12 11:34:27,293 INFO o.s.s.w.DefaultSecurityFilterChain [main] Will secure Ant [pattern='/account-managers/login-facebook'] with []
2023-12-12 11:34:27,294 INFO o.s.s.w.DefaultSecurityFilterChain [main] Will secure Ant [pattern='/account-managers/login-google'] with []
2023-12-12 11:34:27,294 INFO o.s.s.w.DefaultSecurityFilterChain [main] Will secure Ant [pattern='/users/authorization'] with []
2023-12-12 11:34:27,294 INFO o.s.s.w.DefaultSecurityFilterChain [main] Will secure Ant [pattern='/users/login-facebook'] with []
2023-12-12 11:34:27,294 INFO o.s.s.w.DefaultSecurityFilterChain [main] Will secure Ant [pattern='/users/login-google'] with []
2023-12-12 11:34:27,295 INFO o.s.s.w.DefaultSecurityFilterChain [main] Will secure Ant [pattern='/users/login-apple'] with []
2023-12-12 11:34:27,295 INFO o.s.s.w.DefaultSecurityFilterChain [main] Will secure Ant [pattern='/users/change-password'] with []
2023-12-12 11:34:27,295 INFO o.s.s.w.DefaultSecurityFilterChain [main] Will secure Ant [pattern='/browser-setting'] with []
2023-12-12 11:34:27,296 INFO o.s.s.w.DefaultSecurityFilterChain [main] Will secure Ant [pattern='/get-file-types'] with []
2023-12-12 11:34:27,296 INFO o.s.s.w.DefaultSecurityFilterChain [main] Will secure Ant [pattern='/forget/pass'] with []
2023-12-12 11:34:27,395 INFO o.s.s.w.DefaultSecurityFilterChain [main] Will secure any request with [org.springframework.security.web.context.request.async.WebAsyncManagerIntegrationFilter@3f36d387, org.springframework.security.web.context.SecurityContextPersistenceFilter@63813085, org.springframework.security.web.header.HeaderWriterFilter@4a8afff2, org.springframework.security.web.authentication.logout.LogoutFilter@47690183, com.timekeeping.management.filter.JwtAuthenticationFilter@1199ac5, org.springframework.security.web.savedrequest.RequestCacheAwareFilter@5a3783e4, org.springframework.security.web.servletapi.SecurityContextHolderAwareRequestFilter@a64a147, org.springframework.security.web.authentication.AnonymousAuthenticationFilter@52999774, org.springframework.security.web.session.SessionManagementFilter@2ca50ae3, org.springframework.security.web.access.ExceptionTranslationFilter@861bc5f, org.springframework.security.web.access.intercept.FilterSecurityInterceptor@1cce2194]
2023-12-12 11:34:29,914 INFO o.s.b.a.e.w.EndpointLinksResolver [main] Exposing 1 endpoint(s) beneath base path '/actuator'
2023-12-12 11:34:30,044 INFO o.s.b.w.e.t.TomcatWebServer [main] Tomcat started on port(s): 8083 (http) with context path '/api/management'
2023-12-12 11:34:30,076 INFO o.s.b.StartupInfoLogger [main] Started TimekeepingManagementApplication in 20.2 seconds (JVM running for 20.884)
2023-12-12 11:34:30,640 INFO o.s.w.s.FrameworkServlet [RMI TCP Connection(1)-192.168.1.8] Initializing Servlet 'dispatcherServlet'
2023-12-12 11:34:30,642 INFO o.s.w.s.FrameworkServlet [RMI TCP Connection(1)-192.168.1.8] Completed initialization in 1 ms
2023-12-12 11:42:31,247 INFO o.s.o.j.AbstractEntityManagerFactoryBean [SpringApplicationShutdownHook] Closing JPA EntityManagerFactory for persistence unit 'default'
